#
# There is insufficient memory for the Java Runtime Environment to continue.
# Native memory allocation (malloc) failed to allocate 85458944 bytes for committing reserved memory.
# Possible reasons:
#   The system is out of physical RAM or swap space
#   In 32 bit mode, the process size limit was hit
# Possible solutions:
#   Reduce memory load on the system
#   Increase physical memory or swap space
#   Check if swap backing store is full
#   Use 64 bit Java on a 64 bit OS
#   Decrease Java heap size (-Xmx/-Xms)
#   Decrease number of Java threads
#   Decrease Java thread stack sizes (-Xss)
#   Set larger code cache with -XX:ReservedCodeCacheSize=
# This output file may be truncated or incomplete.
#
#  Out of Memory Error (os_linux.cpp:2809), pid=4737, tid=1741482816
#
# JRE version: OpenJDK Runtime Environment (7.0_79-b14) (build 1.7.0_79-b14)
# Java VM: OpenJDK Server VM (24.79-b02 mixed mode linux-x86 )
# Derivative: IcedTea 2.5.6
# Distribution: Ubuntu 14.04 LTS, package 7u79-2.5.6-0ubuntu1.14.04.1
# Failed to write core dump. Core dumps have been disabled. To enable core dumping, try "ulimit -c unlimited" before starting Java again
#

---------------  T H R E A D  ---------------

Current thread (0x67b80400):  VMThread [stack: 0x67c4e000,0x67ccf000] [id=4771]

Stack: [0x67c4e000,0x67ccf000]
VM_Operation (0x6701bb28): ParallelGCFailedAllocation, mode: safepoint, requested by thread 0x6735ac00


---------------  P R O C E S S  ---------------

Java Threads: ( => current thread )
  0x6735f400 JavaThread "pool-1-thread-4" [_thread_blocked, id=4821, stack(0x66e88000,0x66ed9000)]
  0x6735e000 JavaThread "pool-1-thread-3" [_thread_blocked, id=4816, stack(0x66ed9000,0x66f2a000)]
  0x6735c800 JavaThread "pool-1-thread-2" [_thread_blocked, id=4812, stack(0x66f2a000,0x66f7b000)]
  0x6735b800 JavaThread "pool-2-thread-1" [_thread_blocked, id=4808, stack(0x66f7b000,0x66fcc000)]
  0x6735ac00 JavaThread "pool-1-thread-1" [_thread_blocked, id=4807, stack(0x66fcc000,0x6701d000)]
  0x67b9c000 JavaThread "Service Thread" daemon [_thread_blocked, id=4796, stack(0x6750b000,0x6755c000)]
  0x67b9a400 JavaThread "C2 CompilerThread1" daemon [_thread_blocked, id=4793, stack(0x6755c000,0x675dd000)]
  0x67b98400 JavaThread "C2 CompilerThread0" daemon [_thread_blocked, id=4792, stack(0x675dd000,0x6765e000)]
  0x67b96c00 JavaThread "Signal Dispatcher" daemon [_thread_blocked, id=4787, stack(0x6765e000,0x676af000)]
  0x67b84800 JavaThread "Finalizer" daemon [_thread_blocked, id=4781, stack(0x678af000,0x67900000)]
  0x67b83000 JavaThread "Reference Handler" daemon [_thread_blocked, id=4776, stack(0x6a82e000,0x6a87f000)]
  0xb6307c00 JavaThread "main" [_thread_blocked, id=4753, stack(0xb64be000,0xb650f000)]

Other Threads:
=>0x67b80400 VMThread [stack: 0x67c4e000,0x67ccf000] [id=4771]
  0x67b9e000 WatcherThread [stack: 0x6748a000,0x6750b000] [id=4799]

VM state:at safepoint (normal execution)

VM Mutex/Monitor currently owned by a thread:  ([mutex/lock_event])
[0xb6305360] Threads_lock - owner thread: 0x67b80400
[0xb6305770] Heap_lock - owner thread: 0x6735ac00

Heap
 PSYoungGen      total 66048K, used 2554K [0x9dcc0000, 0xa1fc0000, 0xb3240000)
  eden space 63488K, 0% used [0x9dcc0000,0x9dcc0000,0xa1ac0000)
  from space 2560K, 99% used [0xa1ac0000,0xa1d3eaa8,0xa1d40000)
  to   space 2560K, 0% used [0xa1d40000,0xa1d40000,0xa1fc0000)
 ParOldGen       total 41728K, used 23398K [0x73240000, 0x75b00000, 0x9dcc0000)
  object space 41728K, 56% used [0x73240000,0x74919880,0x75b00000)
 PSPermGen       total 16384K, used 4153K [0x6b240000, 0x6c240000, 0x73240000)
  object space 16384K, 25% used [0x6b240000,0x6b64e700,0x6c240000)

Card table byte_map: [0x6afff000,0x6b240000] byte_map_base: 0x6aca5e00

Polling page: 0xb76bf000

Code Cache  [0xb3300000, 0xb3540000, 0xb6300000)
 total_blobs=389 nmethods=265 adapters=76 free_code_cache=48166Kb largest_free_block=49272128

Compilation events (10 events):
Event: 17.822 Thread 0x67b9a400 nmethod 261 0xb3358548 code [0xb3358660, 0xb3358850]
Event: 17.822 Thread 0x67b9a400  262   !         com.android.dx.ssa.LocalVariableInfo::getStarts0 (18 bytes)
Event: 17.823 Thread 0x67b9a400 nmethod 262 0xb33c9908 code [0xb33c9a00, 0xb33c9a70]
Event: 17.823 Thread 0x67b9a400  263             com.android.dx.rop.code.RegisterSpecSet::size (49 bytes)
Event: 17.849 Thread 0x67b9a400 nmethod 263 0xb3358248 code [0xb3358340, 0xb3358490]
Event: 17.849 Thread 0x67b9a400  264             java.lang.String::<init> (67 bytes)
Event: 17.855 Thread 0x67b9a400 nmethod 264 0xb33ccac8 code [0xb33ccbe0, 0xb33cce50]
Event: 17.871 Thread 0x67b9a400  265             com.android.dx.ssa.back.SsaToRop::convertInsns (53 bytes)
Event: 17.931 Thread 0x67b9a400 nmethod 265 0xb33cc188 code [0xb33cc2c0, 0xb33cc630]
Event: 17.931 Thread 0x67b9a400  266             com.android.dx.ssa.SCCP::simulateStmt (481 bytes)

GC Heap History (9 events):
Event: 2.418 GC heap before
{Heap before GC invocations=1 (full 0):
 PSYoungGen      total 18432K, used 15872K [0x9dcc0000, 0x9f140000, 0xb3240000)
  eden space 15872K, 100% used [0x9dcc0000,0x9ec40000,0x9ec40000)
  from space 2560K, 0% used [0x9eec0000,0x9eec0000,0x9f140000)
  to   space 2560K, 0% used [0x9ec40000,0x9ec40000,0x9eec0000)
 ParOldGen       total 41728K, used 0K [0x73240000, 0x75b00000, 0x9dcc0000)
  object space 41728K, 0% used [0x73240000,0x73240000,0x75b00000)
 PSPermGen       total 16384K, used 3975K [0x6b240000, 0x6c240000, 0x73240000)
  object space 16384K, 24% used [0x6b240000,0x6b621e28,0x6c240000)
Event: 2.449 GC heap after
Heap after GC invocations=1 (full 0):
 PSYoungGen      total 18432K, used 2556K [0x9dcc0000, 0xa00c0000, 0xb3240000)
  eden space 15872K, 0% used [0x9dcc0000,0x9dcc0000,0x9ec40000)
  from space 2560K, 99% used [0x9ec40000,0x9eebf348,0x9eec0000)
  to   space 2560K, 0% used [0x9fe40000,0x9fe40000,0xa00c0000)
 ParOldGen       total 41728K, used 1588K [0x73240000, 0x75b00000, 0x9dcc0000)
  object space 41728K, 3% used [0x73240000,0x733cd398,0x75b00000)
 PSPermGen       total 16384K, used 3975K [0x6b240000, 0x6c240000, 0x73240000)
  object space 16384K, 24% used [0x6b240000,0x6b621e28,0x6c240000)
}
Event: 3.942 GC heap before
{Heap before GC invocations=2 (full 0):
 PSYoungGen      total 18432K, used 18428K [0x9dcc0000, 0xa00c0000, 0xb3240000)
  eden space 15872K, 100% used [0x9dcc0000,0x9ec40000,0x9ec40000)
  from space 2560K, 99% used [0x9ec40000,0x9eebf348,0x9eec0000)
  to   space 2560K, 0% used [0x9fe40000,0x9fe40000,0xa00c0000)
 ParOldGen       total 41728K, used 1588K [0x73240000, 0x75b00000, 0x9dcc0000)
  object space 41728K, 3% used [0x73240000,0x733cd398,0x75b00000)
 PSPermGen       total 16384K, used 4066K [0x6b240000, 0x6c240000, 0x73240000)
  object space 16384K, 24% used [0x6b240000,0x6b638b60,0x6c240000)
Event: 3.991 GC heap after
Heap after GC invocations=2 (full 0):
 PSYoungGen      total 34304K, used 2550K [0x9dcc0000, 0xa00c0000, 0xb3240000)
  eden space 31744K, 0% used [0x9dcc0000,0x9dcc0000,0x9fbc0000)
  from space 2560K, 99% used [0x9fe40000,0xa00bd9e8,0xa00c0000)
  to   space 2560K, 0% used [0x9fbc0000,0x9fbc0000,0x9fe40000)
 ParOldGen       total 41728K, used 4009K [0x73240000, 0x75b00000, 0x9dcc0000)
  object space 41728K, 9% used [0x73240000,0x7362a548,0x75b00000)
 PSPermGen       total 16384K, used 4066K [0x6b240000, 0x6c240000, 0x73240000)
  object space 16384K, 24% used [0x6b240000,0x6b638b60,0x6c240000)
}
Event: 8.447 GC heap before
{Heap before GC invocations=3 (full 0):
 PSYoungGen      total 34304K, used 34294K [0x9dcc0000, 0xa00c0000, 0xb3240000)
  eden space 31744K, 100% used [0x9dcc0000,0x9fbc0000,0x9fbc0000)
  from space 2560K, 99% used [0x9fe40000,0xa00bd9e8,0xa00c0000)
  to   space 2560K, 0% used [0x9fbc0000,0x9fbc0000,0x9fe40000)
 ParOldGen       total 41728K, used 4009K [0x73240000, 0x75b00000, 0x9dcc0000)
  object space 41728K, 9% used [0x73240000,0x7362a548,0x75b00000)
 PSPermGen       total 16384K, used 4109K [0x6b240000, 0x6c240000, 0x73240000)
  object space 16384K, 25% used [0x6b240000,0x6b6436a8,0x6c240000)
Event: 8.560 GC heap after
Heap after GC invocations=3 (full 0):
 PSYoungGen      total 34304K, used 2548K [0x9dcc0000, 0xa1fc0000, 0xb3240000)
  eden space 31744K, 0% used [0x9dcc0000,0x9dcc0000,0x9fbc0000)
  from space 2560K, 99% used [0x9fbc0000,0x9fe3d0f8,0x9fe40000)
  to   space 2560K, 0% used [0xa1d40000,0xa1d40000,0xa1fc0000)
 ParOldGen       total 41728K, used 9030K [0x73240000, 0x75b00000, 0x9dcc0000)
  object space 41728K, 21% used [0x73240000,0x73b11918,0x75b00000)
 PSPermGen       total 16384K, used 4109K [0x6b240000, 0x6c240000, 0x73240000)
  object space 16384K, 25% used [0x6b240000,0x6b6436a8,0x6c240000)
}
Event: 12.477 GC heap before
{Heap before GC invocations=4 (full 0):
 PSYoungGen      total 34304K, used 34292K [0x9dcc0000, 0xa1fc0000, 0xb3240000)
  eden space 31744K, 100% used [0x9dcc0000,0x9fbc0000,0x9fbc0000)
  from space 2560K, 99% used [0x9fbc0000,0x9fe3d0f8,0x9fe40000)
  to   space 2560K, 0% used [0xa1d40000,0xa1d40000,0xa1fc0000)
 ParOldGen       total 41728K, used 9030K [0x73240000, 0x75b00000, 0x9dcc0000)
  object space 41728K, 21% used [0x73240000,0x73b11918,0x75b00000)
 PSPermGen       total 16384K, used 4124K [0x6b240000, 0x6c240000, 0x73240000)
  object space 16384K, 25% used [0x6b240000,0x6b647110,0x6c240000)
Event: 12.604 GC heap after
Heap after GC invocations=4 (full 0):
 PSYoungGen      total 66048K, used 2558K [0x9dcc0000, 0xa1fc0000, 0xb3240000)
  eden space 63488K, 0% used [0x9dcc0000,0x9dcc0000,0xa1ac0000)
  from space 2560K, 99% used [0xa1d40000,0xa1fbf8c8,0xa1fc0000)
  to   space 2560K, 0% used [0xa1ac0000,0xa1ac0000,0xa1d40000)
 ParOldGen       total 41728K, used 13610K [0x73240000, 0x75b00000, 0x9dcc0000)
  object space 41728K, 32% used [0x73240000,0x73f8a868,0x75b00000)
 PSPermGen       total 16384K, used 4124K [0x6b240000, 0x6c240000, 0x73240000)
  object space 16384K, 25% used [0x6b240000,0x6b647110,0x6c240000)
}
Event: 20.907 GC heap before
{Heap before GC invocations=5 (full 0):
 PSYoungGen      total 66048K, used 66046K [0x9dcc0000, 0xa1fc0000, 0xb3240000)
  eden space 63488K, 100% used [0x9dcc0000,0xa1ac0000,0xa1ac0000)
  from space 2560K, 99% used [0xa1d40000,0xa1fbf8c8,0xa1fc0000)
  to   space 2560K, 0% used [0xa1ac0000,0xa1ac0000,0xa1d40000)
 ParOldGen       total 41728K, used 13610K [0x73240000, 0x75b00000, 0x9dcc0000)
  object space 41728K, 32% used [0x73240000,0x73f8a868,0x75b00000)
 PSPermGen       total 16384K, used 4153K [0x6b240000, 0x6c240000, 0x73240000)
  object space 16384K, 25% used [0x6b240000,0x6b64e700,0x6c240000)

Deoptimization events (5 events):
Event: 1.739 Thread 0x6735ac00 Uncommon trap: reason=null_check action=make_not_entrant pc=0xb335842c method=com.android.dx.rop.code.LocalItem.equals(Ljava/lang/Object;)Z @ 1
Event: 6.555 Thread 0x6735f400 Uncommon trap: reason=null_check action=make_not_entrant pc=0xb33a1644 method=com.android.dx.ssa.SsaRenamer.getLocalForNewReg(I)Lcom/android/dx/rop/code/LocalItem; @ 19
Event: 6.585 Thread 0x6735e000 Uncommon trap: reason=unreached action=reinterpret pc=0xb33a7150 method=com.android.dx.rop.code.RegisterSpec.intersect(Lcom/android/dx/rop/code/RegisterSpec;Z)Lcom/android/dx/rop/code/RegisterSpec; @ 8
Event: 18.098 Thread 0x6735c800 Uncommon trap: reason=unreached action=reinterpret pc=0xb33c3d60 method=com.android.dx.ssa.SCCP.simulateBranch(Lcom/android/dx/ssa/SsaInsn;)V @ 132
Event: 20.548 Thread 0x6735e000 Uncommon trap: reason=null_check action=make_not_entrant pc=0xb33f9914 method=com.android.dx.cf.code.Ropper$CatchInfo.getSetup(Lcom/android/dx/rop/type/Type;)Lcom/android/dx/cf/code/Ropper$ExceptionHandlerSetup; @ 10

Internal exceptions (10 events):
Event: 1.739 Thread 0x6735ac00 Implicit null exception at 0xb335823c to 0xb335840d
Event: 2.156 Thread 0x6735e000 Threw 0x9e7f32e8 at /build/openjdk-7-OXg_HK/openjdk-7-7u79-2.5.6/build/openjdk/hotspot/src/share/vm/prims/jvm.cpp:1284
Event: 2.211 Thread 0xb6307c00 Threw 0x9ea42688 at /build/openjdk-7-OXg_HK/openjdk-7-7u79-2.5.6/build/openjdk/hotspot/src/share/vm/prims/jvm.cpp:1284
Event: 2.212 Thread 0xb6307c00 Threw 0x9ea45100 at /build/openjdk-7-OXg_HK/openjdk-7-7u79-2.5.6/build/openjdk/hotspot/src/share/vm/prims/jvm.cpp:1284
Event: 2.257 Thread 0xb6307c00 Threw 0x9ea67a80 at /build/openjdk-7-OXg_HK/openjdk-7-7u79-2.5.6/build/openjdk/hotspot/src/share/vm/prims/jvm.cpp:1284
Event: 2.472 Thread 0x6735f400 Threw 0x9dd08c58 at /build/openjdk-7-OXg_HK/openjdk-7-7u79-2.5.6/build/openjdk/hotspot/src/share/vm/prims/jvm.cpp:1284
Event: 6.555 Thread 0x6735f400 Implicit null exception at 0xb33a0385 to 0xb33a1635
Event: 6.725 Thread 0xb6307c00 Threw 0x9eed3638 at /build/openjdk-7-OXg_HK/openjdk-7-7u79-2.5.6/build/openjdk/hotspot/src/share/vm/prims/jvm.cpp:1284
Event: 9.888 Thread 0x6735e000 Threw 0x9e7a0cb0 at /build/openjdk-7-OXg_HK/openjdk-7-7u79-2.5.6/build/openjdk/hotspot/src/share/vm/prims/jvm.cpp:1284
Event: 20.548 Thread 0x6735e000 Implicit null exception at 0xb33f6850 to 0xb33f98e9

Events (10 events):
Event: 18.098 Thread 0x6735c800 DEOPT PACKING pc=0xb33c3d60 sp=0x66f79af0
Event: 18.098 Thread 0x6735c800 DEOPT UNPACKING pc=0xb332cbc8 sp=0x66f79aec mode 2
Event: 20.346 loading class 0x67957d58
Event: 20.547 loading class 0x67957d58 done
Event: 20.547 Executing VM operation: RevokeBias
Event: 20.548 Executing VM operation: RevokeBias done
Event: 20.548 Thread 0x6735e000 Uncommon trap: trap_request=0xfffffff4 fr.pc=0xb33f9914
Event: 20.548 Thread 0x6735e000 DEOPT PACKING pc=0xb33f9914 sp=0x66f28c10
Event: 20.548 Thread 0x6735e000 DEOPT UNPACKING pc=0xb332cbc8 sp=0x66f28bdc mode 2
Event: 20.801 Executing VM operation: ParallelGCFailedAllocation


Dynamic libraries:
08048000-08049000 r-xp 00000000 08:01 3412725    /usr/lib/jvm/java-7-openjdk-i386/jre/bin/java
08049000-0804a000 r--p 00000000 08:01 3412725    /usr/lib/jvm/java-7-openjdk-i386/jre/bin/java
0804a000-0804b000 rw-p 00001000 08:01 3412725    /usr/lib/jvm/java-7-openjdk-i386/jre/bin/java
0844f000-08513000 rw-p 00000000 00:00 0          [heap]
65400000-654db000 rw-p 00000000 00:00 0 
654db000-65500000 ---p 00000000 00:00 0 
65500000-655ed000 rw-p 00000000 00:00 0 
655ed000-65600000 ---p 00000000 00:00 0 
65600000-656ef000 rw-p 00000000 00:00 0 
656ef000-65700000 ---p 00000000 00:00 0 
65700000-657e5000 rw-p 00000000 00:00 0 
657e5000-65800000 ---p 00000000 00:00 0 
65900000-659fc000 rw-p 00000000 00:00 0 
659fc000-65a00000 ---p 00000000 00:00 0 
65b00000-65bfe000 rw-p 00000000 00:00 0 
65bfe000-65c00000 ---p 00000000 00:00 0 
65d00000-65dfb000 rw-p 00000000 00:00 0 
65dfb000-65e00000 ---p 00000000 00:00 0 
65f00000-65ff1000 rw-p 00000000 00:00 0 
65ff1000-66000000 ---p 00000000 00:00 0 
66000000-660f9000 rw-p 00000000 00:00 0 
660f9000-66100000 ---p 00000000 00:00 0 
66100000-661fd000 rw-p 00000000 00:00 0 
661fd000-66200000 ---p 00000000 00:00 0 
6620f000-66300000 rw-p 00000000 00:00 0 
66300000-663f6000 rw-p 00000000 00:00 0 
663f6000-66400000 ---p 00000000 00:00 0 
66400000-664f2000 rw-p 00000000 00:00 0 
664f2000-66500000 ---p 00000000 00:00 0 
66500000-66600000 rw-p 00000000 00:00 0 
66600000-666fe000 rw-p 00000000 00:00 0 
666fe000-66700000 ---p 00000000 00:00 0 
66700000-667f8000 rw-p 00000000 00:00 0 
667f8000-66800000 ---p 00000000 00:00 0 
66800000-668ec000 rw-p 00000000 00:00 0 
668ec000-66900000 ---p 00000000 00:00 0 
66900000-669d5000 rw-p 00000000 00:00 0 
669d5000-66a00000 ---p 00000000 00:00 0 
66b00000-66bf6000 rw-p 00000000 00:00 0 
66bf6000-66c00000 ---p 00000000 00:00 0 
66c00000-66cc2000 rw-p 00000000 00:00 0 
66cc2000-66d00000 ---p 00000000 00:00 0 
66d00000-66df9000 rw-p 00000000 00:00 0 
66df9000-66e00000 ---p 00000000 00:00 0 
66e88000-66e8b000 ---p 00000000 00:00 0 
66e8b000-66ed9000 rw-p 00000000 00:00 0          [stack:4821]
66ed9000-66edc000 ---p 00000000 00:00 0 
66edc000-66f2a000 rw-p 00000000 00:00 0          [stack:4816]
66f2a000-66f2d000 ---p 00000000 00:00 0 
66f2d000-66f7b000 rw-p 00000000 00:00 0          [stack:4812]
66f7b000-66f7e000 ---p 00000000 00:00 0 
66f7e000-66fcc000 rw-p 00000000 00:00 0          [stack:4808]
66fcc000-66fcf000 ---p 00000000 00:00 0 
66fcf000-6701d000 rw-p 00000000 00:00 0          [stack:4807]
6701d000-67059000 r-xp 00000000 08:01 25035843   /lib/i386-linux-gnu/libpcre.so.3.13.1
67059000-6705a000 r--p 0003b000 08:01 25035843   /lib/i386-linux-gnu/libpcre.so.3.13.1
6705a000-6705b000 rw-p 0003c000 08:01 25035843   /lib/i386-linux-gnu/libpcre.so.3.13.1
6705b000-6706e000 r-xp 00000000 08:01 25035866   /lib/i386-linux-gnu/libresolv-2.19.so
6706e000-6706f000 ---p 00013000 08:01 25035866   /lib/i386-linux-gnu/libresolv-2.19.so
6706f000-67070000 r--p 00013000 08:01 25035866   /lib/i386-linux-gnu/libresolv-2.19.so
67070000-67071000 rw-p 00014000 08:01 25035866   /lib/i386-linux-gnu/libresolv-2.19.so
67071000-67073000 rw-p 00000000 00:00 0 
67073000-6717d000 r-xp 00000000 08:01 25035771   /lib/i386-linux-gnu/libglib-2.0.so.0.4000.0
6717d000-6717e000 r--p 00109000 08:01 25035771   /lib/i386-linux-gnu/libglib-2.0.so.0.4000.0
6717e000-6717f000 rw-p 0010a000 08:01 25035771   /lib/i386-linux-gnu/libglib-2.0.so.0.4000.0
6717f000-672fc000 r-xp 00000000 08:01 3020350    /usr/lib/i386-linux-gnu/libgio-2.0.so.0.4000.0
672fc000-672fe000 r--p 0017c000 08:01 3020350    /usr/lib/i386-linux-gnu/libgio-2.0.so.0.4000.0
672fe000-672ff000 rw-p 0017e000 08:01 3020350    /usr/lib/i386-linux-gnu/libgio-2.0.so.0.4000.0
672ff000-67300000 rw-p 00000000 00:00 0 
67300000-67376000 rw-p 00000000 00:00 0 
67376000-67400000 ---p 00000000 00:00 0 
67415000-67435000 r-xp 00000000 08:01 25035870   /lib/i386-linux-gnu/libselinux.so.1
67435000-67436000 r--p 0001f000 08:01 25035870   /lib/i386-linux-gnu/libselinux.so.1
67436000-67437000 rw-p 00020000 08:01 25035870   /lib/i386-linux-gnu/libselinux.so.1
67437000-67438000 rw-p 00000000 00:00 0 
67438000-67488000 r-xp 00000000 08:01 3020380    /usr/lib/i386-linux-gnu/libgobject-2.0.so.0.4000.0
67488000-67489000 r--p 0004f000 08:01 3020380    /usr/lib/i386-linux-gnu/libgobject-2.0.so.0.4000.0
67489000-6748a000 rw-p 00050000 08:01 3020380    /usr/lib/i386-linux-gnu/libgobject-2.0.so.0.4000.0
6748a000-6748b000 ---p 00000000 00:00 0 
6748b000-6750b000 rw-p 00000000 00:00 0          [stack:4799]
6750b000-6750e000 ---p 00000000 00:00 0 
6750e000-6755c000 rw-p 00000000 00:00 0          [stack:4796]
6755c000-6755f000 ---p 00000000 00:00 0 
6755f000-675dd000 rw-p 00000000 00:00 0          [stack:4793]
675dd000-675e0000 ---p 00000000 00:00 0 
675e0000-6765e000 rw-p 00000000 00:00 0          [stack:4792]
6765e000-67661000 ---p 00000000 00:00 0 
67661000-676af000 rw-p 00000000 00:00 0          [stack:4787]
676af000-678af000 r--p 00000000 08:01 3022988    /usr/lib/locale/locale-archive
678af000-678b2000 ---p 00000000 00:00 0 
678b2000-67900000 rw-p 00000000 00:00 0          [stack:4781]
67900000-679eb000 rw-p 00000000 00:00 0 
679eb000-67a00000 ---p 00000000 00:00 0 
67a00000-67a21000 rw-p 00000000 00:00 0 
67a21000-67b00000 ---p 00000000 00:00 0 
67b00000-67c00000 rw-p 00000000 00:00 0 
67c0c000-67c4e000 r--p 00858000 08:01 3022988    /usr/lib/locale/locale-archive
67c4e000-67c4f000 ---p 00000000 00:00 0 
67c4f000-67ccf000 rw-p 00000000 00:00 0          [stack:4771]
67ccf000-67e80000 r--s 01d29000 08:01 3283391    /usr/lib/jvm/java-7-openjdk-i386/jre/lib/rt.jar
67e80000-6a700000 rw-p 00000000 00:00 0 
6a700000-6a7f5000 rw-p 00000000 00:00 0 
6a7f5000-6a800000 ---p 00000000 00:00 0 
6a82e000-6a831000 ---p 00000000 00:00 0 
6a831000-6a87f000 rw-p 00000000 00:00 0          [stack:4776]
6a87f000-6a880000 ---p 00000000 00:00 0 
6a880000-6a900000 rw-p 00000000 00:00 0          [stack:4769]
6a900000-6a921000 rw-p 00000000 00:00 0 
6a921000-6aa00000 ---p 00000000 00:00 0 
6aa00000-6aa21000 rw-p 00000000 00:00 0 
6aa21000-6ab00000 ---p 00000000 00:00 0 
6ab03000-6ab08000 r-xp 00000000 08:01 3020247    /usr/lib/i386-linux-gnu/libffi.so.6.0.1
6ab08000-6ab09000 r--p 00005000 08:01 3020247    /usr/lib/i386-linux-gnu/libffi.so.6.0.1
6ab09000-6ab0a000 rw-p 00006000 08:01 3020247    /usr/lib/i386-linux-gnu/libffi.so.6.0.1
6ab0a000-6ab21000 r-xp 00000000 08:01 3283427    /usr/lib/jvm/java-7-openjdk-i386/jre/lib/i386/libnet.so
6ab21000-6ab22000 r--p 00017000 08:01 3283427    /usr/lib/jvm/java-7-openjdk-i386/jre/lib/i386/libnet.so
6ab22000-6ab23000 rw-p 00018000 08:01 3283427    /usr/lib/jvm/java-7-openjdk-i386/jre/lib/i386/libnet.so
6ab23000-6ab34000 r-xp 00000000 08:01 3283432    /usr/lib/jvm/java-7-openjdk-i386/jre/lib/i386/libnio.so
6ab34000-6ab35000 r--p 00010000 08:01 3283432    /usr/lib/jvm/java-7-openjdk-i386/jre/lib/i386/libnio.so
6ab35000-6ab36000 rw-p 00011000 08:01 3283432    /usr/lib/jvm/java-7-openjdk-i386/jre/lib/i386/libnio.so
6ab36000-6ab7f000 rw-p 00000000 00:00 0 
6ab7f000-6ab80000 ---p 00000000 00:00 0 
6ab80000-6ac00000 rw-p 00000000 00:00 0          [stack:4766]
6ac00000-6ac2e000 rw-p 00000000 00:00 0 
6ac2e000-6ad00000 ---p 00000000 00:00 0 
6ad03000-6ad0c000 r--s 00083000 08:01 26870345   /home/rafiqul/Documents/Software Engineering Project/spring2016_s1_cse404/AssetTrackingSystem__Android_Platform/app/build/intermediates/exploded-aar/com.android.support/appcompat-v7/23.0.0/jars/classes.jar
6ad0c000-6ad67000 rw-p 00000000 00:00 0 
6ad67000-6ad68000 ---p 00000000 00:00 0 
6ad68000-6ade8000 rw-p 00000000 00:00 0          [stack:4763]
6ade8000-6ade9000 ---p 00000000 00:00 0 
6ade9000-6ae71000 rw-p 00000000 00:00 0          [stack:4757]
6ae71000-6aea9000 rw-p 00000000 00:00 0 
6aea9000-6aebe000 rw-p 00000000 00:00 0 
6aebe000-6afff000 rw-p 00000000 00:00 0 
6afff000-6b007000 rw-p 00000000 00:00 0 
6b007000-6b03f000 rw-p 00000000 00:00 0 
6b03f000-6b054000 rw-p 00000000 00:00 0 
6b054000-6b194000 rw-p 00000000 00:00 0 
6b194000-6b1b6000 rw-p 00000000 00:00 0 
6b1b6000-6b23f000 rw-p 00000000 00:00 0 
6b23f000-6c240000 rw-p 00000000 00:00 0 
6c240000-73240000 rw-p 00000000 00:00 0 
73240000-75b00000 rw-p 00000000 00:00 0 
75b00000-9dcc0000 rw-p 00000000 00:00 0 
9dcc0000-a1fc0000 rw-p 00000000 00:00 0 
a7140000-b3240000 rw-p 00000000 00:00 0 
b3240000-b3249000 rw-p 00000000 00:00 0 
b3249000-b3300000 rw-p 00000000 00:00 0 
b3300000-b3540000 rwxp 00000000 00:00 0 
b3540000-b6400000 rw-p 00000000 00:00 0 
b6402000-b6405000 r-xp 00000000 08:01 3020364    /usr/lib/i386-linux-gnu/libgmodule-2.0.so.0.4000.0
b6405000-b6406000 r--p 00002000 08:01 3020364    /usr/lib/i386-linux-gnu/libgmodule-2.0.so.0.4000.0
b6406000-b6407000 rw-p 00003000 08:01 3020364    /usr/lib/i386-linux-gnu/libgmodule-2.0.so.0.4000.0
b6407000-b6416000 r--s 000df000 08:01 9175179    /home/rafiqul/Android/Sdk/build-tools/23.0.1/lib/dx.jar
b6416000-b6417000 r--s 00002000 08:01 3412674    /usr/lib/jvm/java-7-openjdk-i386/jre/lib/ext/dnsns.jar
b6417000-b6419000 r--s 00006000 08:01 3412779    /usr/share/java/java-atk-wrapper.jar
b6419000-b641d000 r--s 00034000 08:01 3412675    /usr/lib/jvm/java-7-openjdk-i386/jre/lib/ext/sunjce_provider.jar
b641d000-b6438000 rw-p 00000000 00:00 0 
b6438000-b6443000 r-xp 00000000 08:01 25035815   /lib/i386-linux-gnu/libnss_files-2.19.so
b6443000-b6444000 r--p 0000a000 08:01 25035815   /lib/i386-linux-gnu/libnss_files-2.19.so
b6444000-b6445000 rw-p 0000b000 08:01 25035815   /lib/i386-linux-gnu/libnss_files-2.19.so
b6445000-b644f000 r-xp 00000000 08:01 25035825   /lib/i386-linux-gnu/libnss_nis-2.19.so
b644f000-b6450000 r--p 00009000 08:01 25035825   /lib/i386-linux-gnu/libnss_nis-2.19.so
b6450000-b6451000 rw-p 0000a000 08:01 25035825   /lib/i386-linux-gnu/libnss_nis-2.19.so
b6451000-b6466000 r-xp 00000000 08:01 25035809   /lib/i386-linux-gnu/libnsl-2.19.so
b6466000-b6467000 r--p 00015000 08:01 25035809   /lib/i386-linux-gnu/libnsl-2.19.so
b6467000-b6468000 rw-p 00016000 08:01 25035809   /lib/i386-linux-gnu/libnsl-2.19.so
b6468000-b646a000 rw-p 00000000 00:00 0 
b646a000-b6471000 r-xp 00000000 08:01 25035811   /lib/i386-linux-gnu/libnss_compat-2.19.so
b6471000-b6472000 r--p 00006000 08:01 25035811   /lib/i386-linux-gnu/libnss_compat-2.19.so
b6472000-b6473000 rw-p 00007000 08:01 25035811   /lib/i386-linux-gnu/libnss_compat-2.19.so
b6473000-b6476000 r--s 0000f000 08:01 3412677    /usr/lib/jvm/java-7-openjdk-i386/jre/lib/ext/icedtea-sound.jar
b6476000-b647a000 r--s 00085000 08:01 3412673    /usr/lib/jvm/java-7-openjdk-i386/jre/lib/ext/localedata.jar
b647a000-b6482000 r-xp 00000000 08:01 3283403    /usr/lib/jvm/java-7-openjdk-i386/jre/lib/i386/libzip.so
b6482000-b6483000 r--p 00007000 08:01 3283403    /usr/lib/jvm/java-7-openjdk-i386/jre/lib/i386/libzip.so
b6483000-b6484000 rw-p 00008000 08:01 3283403    /usr/lib/jvm/java-7-openjdk-i386/jre/lib/i386/libzip.so
b6484000-b648c000 rw-s 00000000 08:01 16777241   /tmp/hsperfdata_rafiqul/4737
b648c000-b64b3000 r-xp 00000000 08:01 3283435    /usr/lib/jvm/java-7-openjdk-i386/jre/lib/i386/libjava.so
b64b3000-b64b4000 r--p 00026000 08:01 3283435    /usr/lib/jvm/java-7-openjdk-i386/jre/lib/i386/libjava.so
b64b4000-b64b5000 rw-p 00027000 08:01 3283435    /usr/lib/jvm/java-7-openjdk-i386/jre/lib/i386/libjava.so
b64b5000-b64bc000 r-xp 00000000 08:01 25035868   /lib/i386-linux-gnu/librt-2.19.so
b64bc000-b64bd000 r--p 00006000 08:01 25035868   /lib/i386-linux-gnu/librt-2.19.so
b64bd000-b64be000 rw-p 00007000 08:01 25035868   /lib/i386-linux-gnu/librt-2.19.so
b64be000-b64c1000 ---p 00000000 00:00 0 
b64c1000-b650f000 rw-p 00000000 00:00 0          [stack:4753]
b650f000-b652b000 r-xp 00000000 08:01 25035767   /lib/i386-linux-gnu/libgcc_s.so.1
b652b000-b652c000 rw-p 0001b000 08:01 25035767   /lib/i386-linux-gnu/libgcc_s.so.1
b652c000-b6570000 r-xp 00000000 08:01 25035790   /lib/i386-linux-gnu/libm-2.19.so
b6570000-b6571000 r--p 00043000 08:01 25035790   /lib/i386-linux-gnu/libm-2.19.so
b6571000-b6572000 rw-p 00044000 08:01 25035790   /lib/i386-linux-gnu/libm-2.19.so
b6572000-b664e000 r-xp 00000000 08:01 3018897    /usr/lib/i386-linux-gnu/libstdc++.so.6.0.19
b664e000-b6652000 r--p 000dc000 08:01 3018897    /usr/lib/i386-linux-gnu/libstdc++.so.6.0.19
b6652000-b6653000 rw-p 000e0000 08:01 3018897    /usr/lib/i386-linux-gnu/libstdc++.so.6.0.19
b6653000-b665a000 rw-p 00000000 00:00 0 
b665a000-b7049000 r-xp 00000000 08:01 3412663    /usr/lib/jvm/java-7-openjdk-i386/jre/lib/i386/server/libjvm.so
b7049000-b709b000 r--p 009ee000 08:01 3412663    /usr/lib/jvm/java-7-openjdk-i386/jre/lib/i386/server/libjvm.so
b709b000-b70af000 rw-p 00a40000 08:01 3412663    /usr/lib/jvm/java-7-openjdk-i386/jre/lib/i386/server/libjvm.so
b70af000-b74cd000 rw-p 00000000 00:00 0 
b74cd000-b74e5000 r-xp 00000000 08:01 25035903   /lib/i386-linux-gnu/libz.so.1.2.8
b74e5000-b74e6000 r--p 00017000 08:01 25035903   /lib/i386-linux-gnu/libz.so.1.2.8
b74e6000-b74e7000 rw-p 00018000 08:01 25035903   /lib/i386-linux-gnu/libz.so.1.2.8
b74e7000-b74ff000 r-xp 00000000 08:01 25035860   /lib/i386-linux-gnu/libpthread-2.19.so
b74ff000-b7500000 r--p 00017000 08:01 25035860   /lib/i386-linux-gnu/libpthread-2.19.so
b7500000-b7501000 rw-p 00018000 08:01 25035860   /lib/i386-linux-gnu/libpthread-2.19.so
b7501000-b7503000 rw-p 00000000 00:00 0 
b7503000-b7506000 r-xp 00000000 08:01 25035757   /lib/i386-linux-gnu/libdl-2.19.so
b7506000-b7507000 r--p 00002000 08:01 25035757   /lib/i386-linux-gnu/libdl-2.19.so
b7507000-b7508000 rw-p 00003000 08:01 25035757   /lib/i386-linux-gnu/libdl-2.19.so
b7508000-b76b1000 r-xp 00000000 08:01 25035740   /lib/i386-linux-gnu/libc-2.19.so
b76b1000-b76b3000 r--p 001a9000 08:01 25035740   /lib/i386-linux-gnu/libc-2.19.so
b76b3000-b76b4000 rw-p 001ab000 08:01 25035740   /lib/i386-linux-gnu/libc-2.19.so
b76b4000-b76b7000 rw-p 00000000 00:00 0 
b76b7000-b76b9000 r--s 00012000 08:01 3412678    /usr/lib/jvm/java-7-openjdk-i386/jre/lib/ext/zipfs.jar
b76b9000-b76bd000 r--s 0003c000 08:01 3412676    /usr/lib/jvm/java-7-openjdk-i386/jre/lib/ext/sunpkcs11.jar
b76bd000-b76be000 r--p 00855000 08:01 3022988    /usr/lib/locale/locale-archive
b76be000-b76bf000 rw-p 00000000 00:00 0 
b76bf000-b76c0000 ---p 00000000 00:00 0 
b76c0000-b76ce000 r-xp 00000000 08:01 3283418    /usr/lib/jvm/java-7-openjdk-i386/jre/lib/i386/libverify.so
b76ce000-b76cf000 r--p 0000d000 08:01 3283418    /usr/lib/jvm/java-7-openjdk-i386/jre/lib/i386/libverify.so
b76cf000-b76d0000 rw-p 0000e000 08:01 3283418    /usr/lib/jvm/java-7-openjdk-i386/jre/lib/i386/libverify.so
b76d0000-b76dc000 r-xp 00000000 08:01 3283406    /usr/lib/jvm/java-7-openjdk-i386/jre/lib/i386/jli/libjli.so
b76dc000-b76dd000 r--p 0000c000 08:01 3283406    /usr/lib/jvm/java-7-openjdk-i386/jre/lib/i386/jli/libjli.so
b76dd000-b76de000 rw-p 0000d000 08:01 3283406    /usr/lib/jvm/java-7-openjdk-i386/jre/lib/i386/jli/libjli.so
b76de000-b76e1000 rw-p 00000000 00:00 0 
b76e1000-b76e2000 r-xp 00000000 00:00 0          [vdso]
b76e2000-b7702000 r-xp 00000000 08:01 25035716   /lib/i386-linux-gnu/ld-2.19.so
b7702000-b7703000 r--p 0001f000 08:01 25035716   /lib/i386-linux-gnu/ld-2.19.so
b7703000-b7704000 rw-p 00020000 08:01 25035716   /lib/i386-linux-gnu/ld-2.19.so
bff0d000-bff0e000 rwxp 00000000 00:00 0 
bff40000-bff61000 rw-p 00000000 00:00 0          [stack]

VM Arguments:
jvm_args: -Xmx1024M -Dfile.encoding=UTF-8 -Duser.country=US -Duser.language=en -Duser.variant 
java_command: com.android.dx.command.Main --dex --num-threads=4 --output /home/rafiqul/Documents/Software Engineering Project/spring2016_s1_cse404/AssetTrackingSystem__Android_Platform/app/build/intermediates/pre-dexed/debug/classes-0d0159894010126437216df70887e76fc319c96b.jar /home/rafiqul/Documents/Software Engineering Project/spring2016_s1_cse404/AssetTrackingSystem__Android_Platform/app/build/intermediates/exploded-aar/com.android.support/appcompat-v7/23.0.0/jars/classes.jar
Launcher Type: SUN_STANDARD

Environment Variables:
JAVA_HOME=/usr/lib/jvm/java-8-oracle
PATH=/usr/local/sbin:/usr/local/bin:/usr/sbin:/usr/bin:/sbin:/bin:/usr/games:/usr/local/games:/usr/lib/jvm/java-8-oracle/bin:/usr/lib/jvm/java-8-oracle/db/bin:/usr/lib/jvm/java-8-oracle/jre/bin
LD_LIBRARY_PATH=/home/rafiqul/android-studio/bin:
SHELL=/bin/bash
DISPLAY=:0

Signal Handlers:
SIGSEGV: [libjvm.so+0x80cb90], sa_mask[0]=0x7ffbfeff, sa_flags=0x10000004
SIGBUS: [libjvm.so+0x80cb90], sa_mask[0]=0x7ffbfeff, sa_flags=0x10000004
SIGFPE: [libjvm.so+0x684e30], sa_mask[0]=0x7ffbfeff, sa_flags=0x10000004
SIGPIPE: [libjvm.so+0x684e30], sa_mask[0]=0x7ffbfeff, sa_flags=0x10000004
SIGXFSZ: [libjvm.so+0x684e30], sa_mask[0]=0x7ffbfeff, sa_flags=0x10000004
SIGILL: [libjvm.so+0x684e30], sa_mask[0]=0x7ffbfeff, sa_flags=0x10000004
SIGUSR1: SIG_DFL, sa_mask[0]=0x00000000, sa_flags=0x00000000
SIGUSR2: [libjvm.so+0x684cc0], sa_mask[0]=0x00000004, sa_flags=0x10000004
SIGHUP: [libjvm.so+0x684ef0], sa_mask[0]=0x7ffbfeff, sa_flags=0x10000004
SIGINT: [libjvm.so+0x684ef0], sa_mask[0]=0x7ffbfeff, sa_flags=0x10000004
SIGTERM: [libjvm.so+0x684ef0], sa_mask[0]=0x7ffbfeff, sa_flags=0x10000004
SIGQUIT: [libjvm.so+0x684ef0], sa_mask[0]=0x7ffbfeff, sa_flags=0x10000004
SIGTRAP: SIG_DFL, sa_mask[0]=0x00000000, sa_flags=0x00000000


---------------  S Y S T E M  ---------------

OS:Ubuntu 14.04 (trusty)
uname:Linux 3.13.0-24-generic #46-Ubuntu SMP Thu Apr 10 19:08:14 UTC 2014 i686
libc:glibc 2.19 NPTL 2.19 
rlimit: STACK 8192k, CORE 0k, NPROC 31106, NOFILE 4096, AS infinity
load average:18.30 5.52 2.39

/proc/meminfo:
MemTotal:        4000684 kB
MemFree:          213580 kB
Buffers:             236 kB
Cached:           324660 kB
SwapCached:            0 kB
Active:          3357064 kB
Inactive:         316528 kB
Active(anon):    3354296 kB
Inactive(anon):   313136 kB
Active(file):       2768 kB
Inactive(file):     3392 kB
Unevictable:          48 kB
Mlocked:              48 kB
HighTotal:       3155716 kB
HighFree:          39524 kB
LowTotal:         844968 kB
LowFree:          174056 kB
SwapTotal:             0 kB
SwapFree:              0 kB
Dirty:               100 kB
Writeback:             0 kB
AnonPages:       3349408 kB
Mapped:           123624 kB
Shmem:            318072 kB
Slab:              50600 kB
SReclaimable:      25376 kB
SUnreclaim:        25224 kB
KernelStack:        5800 kB
PageTables:        19388 kB
NFS_Unstable:          0 kB
Bounce:              340 kB
WritebackTmp:          0 kB
CommitLimit:     2000340 kB
Committed_AS:    8909732 kB
VmallocTotal:     122880 kB
VmallocUsed:       17028 kB
VmallocChunk:      98472 kB
HardwareCorrupted:     0 kB
AnonHugePages:   1304576 kB
HugePages_Total:       0
HugePages_Free:        0
HugePages_Rsvd:        0
HugePages_Surp:        0
Hugepagesize:       2048 kB
DirectMap4k:       36856 kB
DirectMap2M:      874496 kB


CPU:total 4 (2 cores per cpu, 2 threads per core) family 6 model 58 stepping 9, cmov, cx8, fxsr, mmx, sse, sse2, sse3, ssse3, sse4.1, sse4.2, popcnt, avx, erms, ht, tsc, tscinvbit, tscinv

/proc/cpuinfo:
processor	: 0
vendor_id	: GenuineIntel
cpu family	: 6
model		: 58
model name	: Intel(R) Core(TM) i3-3217U CPU @ 1.80GHz
stepping	: 9
microcode	: 0x15
cpu MHz		: 1801.000
cache size	: 3072 KB
physical id	: 0
siblings	: 4
core id		: 0
cpu cores	: 2
apicid		: 0
initial apicid	: 0
fdiv_bug	: no
f00f_bug	: no
coma_bug	: no
fpu		: yes
fpu_exception	: yes
cpuid level	: 13
wp		: yes
flags		: fpu vme de pse tsc msr pae mce cx8 apic sep mtrr pge mca cmov pat pse36 clflush dts acpi mmx fxsr sse sse2 ss ht tm pbe nx rdtscp lm constant_tsc arch_perfmon pebs bts xtopology nonstop_tsc aperfmperf eagerfpu pni pclmulqdq dtes64 monitor ds_cpl vmx est tm2 ssse3 cx16 xtpr pdcm pcid sse4_1 sse4_2 x2apic popcnt tsc_deadline_timer xsave avx f16c lahf_lm ida arat epb xsaveopt pln pts dtherm tpr_shadow vnmi flexpriority ept vpid fsgsbase smep erms
bogomips	: 3591.74
clflush size	: 64
cache_alignment	: 64
address sizes	: 36 bits physical, 48 bits virtual
power management:

processor	: 1
vendor_id	: GenuineIntel
cpu family	: 6
model		: 58
model name	: Intel(R) Core(TM) i3-3217U CPU @ 1.80GHz
stepping	: 9
microcode	: 0x15
cpu MHz		: 1801.000
cache size	: 3072 KB
physical id	: 0
siblings	: 4
core id		: 0
cpu cores	: 2
apicid		: 1
initial apicid	: 1
fdiv_bug	: no
f00f_bug	: no
coma_bug	: no
fpu		: yes
fpu_exception	: yes
cpuid level	: 13
wp		: yes
flags		: fpu vme de pse tsc msr pae mce cx8 apic sep mtrr pge mca cmov pat pse36 clflush dts acpi mmx fxsr sse sse2 ss ht tm pbe nx rdtscp lm constant_tsc arch_perfmon pebs bts xtopology nonstop_tsc aperfmperf eagerfpu pni pclmulqdq dtes64 monitor ds_cpl vmx est tm2 ssse3 cx16 xtpr pdcm pcid sse4_1 sse4_2 x2apic popcnt tsc_deadline_timer xsave avx f16c lahf_lm ida arat epb xsaveopt pln pts dtherm tpr_shadow vnmi flexpriority ept vpid fsgsbase smep erms
bogomips	: 3591.74
clflush size	: 64
cache_alignment	: 64
address sizes	: 36 bits physical, 48 bits virtual
power management:

processor	: 2
vendor_id	: GenuineIntel
cpu family	: 6
model		: 58
model name	: Intel(R) Core(TM) i3-3217U CPU @ 1.80GHz
stepping	: 9
microcode	: 0x15
cpu MHz		: 1801.000
cache size	: 3072 KB
physical id	: 0
siblings	: 4
core id		: 1
cpu cores	: 2
apicid		: 2
initial apicid	: 2
fdiv_bug	: no
f00f_bug	: no
coma_bug	: no
fpu		: yes
fpu_exception	: yes
cpuid level	: 13
wp		: yes
flags		: fpu vme de pse tsc msr pae mce cx8 apic sep mtrr pge mca cmov pat pse36 clflush dts acpi mmx fxsr sse sse2 ss ht tm pbe nx rdtscp lm constant_tsc arch_perfmon pebs bts xtopology nonstop_tsc aperfmperf eagerfpu pni pclmulqdq dtes64 monitor ds_cpl vmx est tm2 ssse3 cx16 xtpr pdcm pcid sse4_1 sse4_2 x2apic popcnt tsc_deadline_timer xsave avx f16c lahf_lm ida arat epb xsaveopt pln pts dtherm tpr_shadow vnmi flexpriority ept vpid fsgsbase smep erms
bogomips	: 3591.74
clflush size	: 64
cache_alignment	: 64
address sizes	: 36 bits physical, 48 bits virtual
power management:

processor	: 3
vendor_id	: GenuineIntel
cpu family	: 6
model		: 58
model name	: Intel(R) Core(TM) i3-3217U CPU @ 1.80GHz
stepping	: 9
microcode	: 0x15
cpu MHz		: 1801.000
cache size	: 3072 KB
physical id	: 0
siblings	: 4
core id		: 1
cpu cores	: 2
apicid		: 3
initial apicid	: 3
fdiv_bug	: no
f00f_bug	: no
coma_bug	: no
fpu		: yes
fpu_exception	: yes
cpuid level	: 13
wp		: yes
flags		: fpu vme de pse tsc msr pae mce cx8 apic sep mtrr pge mca cmov pat pse36 clflush dts acpi mmx fxsr sse sse2 ss ht tm pbe nx rdtscp lm constant_tsc arch_perfmon pebs bts xtopology nonstop_tsc aperfmperf eagerfpu pni pclmulqdq dtes64 monitor ds_cpl vmx est tm2 ssse3 cx16 xtpr pdcm pcid sse4_1 sse4_2 x2apic popcnt tsc_deadline_timer xsave avx f16c lahf_lm ida arat epb xsaveopt pln pts dtherm tpr_shadow vnmi flexpriority ept vpid fsgsbase smep erms
bogomips	: 3591.74
clflush size	: 64
cache_alignment	: 64
address sizes	: 36 bits physical, 48 bits virtual
power management:



Memory: 4k page, physical 4000684k(213664k free), swap 0k(0k free)

vm_info: OpenJDK Server VM (24.79-b02) for linux-x86 JRE (1.7.0_79-b14), built on Jul 24 2015 08:25:15 by "buildd" with gcc 4.8.2

time: Sat Apr 16 09:41:54 2016
elapsed time: 56 seconds

