#
# There is insufficient memory for the Java Runtime Environment to continue.
# Native memory allocation (malloc) failed to allocate 147324928 bytes for committing reserved memory.
# Possible reasons:
#   The system is out of physical RAM or swap space
#   In 32 bit mode, the process size limit was hit
# Possible solutions:
#   Reduce memory load on the system
#   Increase physical memory or swap space
#   Check if swap backing store is full
#   Use 64 bit Java on a 64 bit OS
#   Decrease Java heap size (-Xmx/-Xms)
#   Decrease number of Java threads
#   Decrease Java thread stack sizes (-Xss)
#   Set larger code cache with -XX:ReservedCodeCacheSize=
# This output file may be truncated or incomplete.
#
#  Out of Memory Error (os_linux.cpp:2809), pid=7345, tid=1742531392
#
# JRE version: OpenJDK Runtime Environment (7.0_79-b14) (build 1.7.0_79-b14)
# Java VM: OpenJDK Server VM (24.79-b02 mixed mode linux-x86 )
# Derivative: IcedTea 2.5.6
# Distribution: Ubuntu 14.04 LTS, package 7u79-2.5.6-0ubuntu1.14.04.1
# Failed to write core dump. Core dumps have been disabled. To enable core dumping, try "ulimit -c unlimited" before starting Java again
#

---------------  T H R E A D  ---------------

Current thread (0x67c80400):  VMThread [stack: 0x67d4e000,0x67dcf000] [id=7372]

Stack: [0x67d4e000,0x67dcf000]
VM_Operation (0x67110ab8): ParallelGCFailedAllocation, mode: safepoint, requested by thread 0x67453800


---------------  P R O C E S S  ---------------

Java Threads: ( => current thread )
  0x67458c00 JavaThread "pool-1-thread-4" [_thread_blocked, id=7420, stack(0x66f7d000,0x66fce000)]
  0x67458000 JavaThread "pool-1-thread-3" [_thread_blocked, id=7419, stack(0x66fce000,0x6701f000)]
  0x67456800 JavaThread "pool-1-thread-2" [_thread_blocked, id=7412, stack(0x6701f000,0x67070000)]
  0x67454c00 JavaThread "pool-2-thread-1" [_thread_blocked, id=7403, stack(0x67070000,0x670c1000)]
  0x67453800 JavaThread "pool-1-thread-1" [_thread_blocked, id=7401, stack(0x670c1000,0x67112000)]
  0x67c9c000 JavaThread "Service Thread" daemon [_thread_blocked, id=7387, stack(0x6760b000,0x6765c000)]
  0x67c9a400 JavaThread "C2 CompilerThread1" daemon [_thread_blocked, id=7384, stack(0x6765c000,0x676dd000)]
  0x67c98400 JavaThread "C2 CompilerThread0" daemon [_thread_in_native, id=7383, stack(0x676dd000,0x6775e000)]
  0x67c96c00 JavaThread "Signal Dispatcher" daemon [_thread_blocked, id=7382, stack(0x6775e000,0x677af000)]
  0x67c84800 JavaThread "Finalizer" daemon [_thread_blocked, id=7378, stack(0x679af000,0x67a00000)]
  0x67c83000 JavaThread "Reference Handler" daemon [_thread_blocked, id=7375, stack(0x6a92e000,0x6a97f000)]
  0xb6407c00 JavaThread "main" [_thread_blocked, id=7349, stack(0xb65ad000,0xb65fe000)]

Other Threads:
=>0x67c80400 VMThread [stack: 0x67d4e000,0x67dcf000] [id=7372]
  0x67c9dc00 WatcherThread [stack: 0x6758a000,0x6760b000] [id=7389]

VM state:at safepoint (normal execution)

VM Mutex/Monitor currently owned by a thread:  ([mutex/lock_event])
[0xb6405350] Threads_lock - owner thread: 0x67c80400
[0xb6405760] Heap_lock - owner thread: 0x67453800

Heap
 PSYoungGen      total 140800K, used 15103K [0x9ddc0000, 0xa7740000, 0xb3340000)
  eden space 125696K, 0% used [0x9ddc0000,0x9ddc0000,0xa5880000)
  from space 15104K, 99% used [0xa5880000,0xa673fc78,0xa6740000)
  to   space 13824K, 0% used [0xa6740000,0xa6740000,0xa74c0000)
 ParOldGen       total 41728K, used 40763K [0x73340000, 0x75c00000, 0x9ddc0000)
  object space 41728K, 97% used [0x73340000,0x75b0ee08,0x75c00000)
 PSPermGen       total 16384K, used 4219K [0x6b340000, 0x6c340000, 0x73340000)
  object space 16384K, 25% used [0x6b340000,0x6b75ed20,0x6c340000)

Card table byte_map: [0x6b0ff000,0x6b340000] byte_map_base: 0x6ada5600

Polling page: 0xb77ae000

Code Cache  [0xb3400000, 0xb3640000, 0xb6400000)
 total_blobs=508 nmethods=385 adapters=76 free_code_cache=47684Kb largest_free_block=48804160

Compilation events (10 events):
Event: 28.398 Thread 0x67c9a400 nmethod 386 0xb3571ac8 code [0xb3571da0, 0xb357344c]
Event: 28.398 Thread 0x67c9a400  387             com.android.dx.rop.code.BasicBlock::getLastInsn (8 bytes)
Event: 28.400 Thread 0x67c9a400 nmethod 387 0xb356ffc8 code [0xb35700c0, 0xb3570190]
Event: 28.400 Thread 0x67c9a400  388             com.android.dx.ssa.RegisterMapper::<init> (5 bytes)
Event: 28.400 Thread 0x67c9a400 nmethod 388 0xb3566a08 code [0xb3566ae0, 0xb3566b30]
Event: 28.400 Thread 0x67c9a400  389             com.android.dx.ssa.SsaRenamer::setNameForSsaReg (54 bytes)
Event: 28.466 Thread 0x67c9a400 nmethod 389 0xb3571088 code [0xb35711e0, 0xb3571598]
Event: 28.466 Thread 0x67c9a400  390             com.android.dx.ssa.SsaRenamer$BlockRenamer$RenamingMapper::map (28 bytes)
Event: 28.479 Thread 0x67c9a400 nmethod 390 0xb3570d08 code [0xb3570e20, 0xb3570f1c]
Event: 28.479 Thread 0x67c9a400  391             com.android.dx.ssa.SsaMethod::makeExitBlock (134 bytes)

GC Heap History (10 events):
Event: 4.430 GC heap after
Heap after GC invocations=2 (full 0):
 PSYoungGen      total 34304K, used 2545K [0x9ddc0000, 0xa01c0000, 0xb3340000)
  eden space 31744K, 0% used [0x9ddc0000,0x9ddc0000,0x9fcc0000)
  from space 2560K, 99% used [0x9ff40000,0xa01bc578,0xa01c0000)
  to   space 2560K, 0% used [0x9fcc0000,0x9fcc0000,0x9ff40000)
 ParOldGen       total 41728K, used 4443K [0x73340000, 0x75c00000, 0x9ddc0000)
  object space 41728K, 10% used [0x73340000,0x73796fe0,0x75c00000)
 PSPermGen       total 16384K, used 4066K [0x6b340000, 0x6c340000, 0x73340000)
  object space 16384K, 24% used [0x6b340000,0x6b738990,0x6c340000)
}
Event: 7.785 GC heap before
{Heap before GC invocations=3 (full 0):
 PSYoungGen      total 34304K, used 34289K [0x9ddc0000, 0xa01c0000, 0xb3340000)
  eden space 31744K, 100% used [0x9ddc0000,0x9fcc0000,0x9fcc0000)
  from space 2560K, 99% used [0x9ff40000,0xa01bc578,0xa01c0000)
  to   space 2560K, 0% used [0x9fcc0000,0x9fcc0000,0x9ff40000)
 ParOldGen       total 41728K, used 4443K [0x73340000, 0x75c00000, 0x9ddc0000)
  object space 41728K, 10% used [0x73340000,0x73796fe0,0x75c00000)
 PSPermGen       total 16384K, used 4108K [0x6b340000, 0x6c340000, 0x73340000)
  object space 16384K, 25% used [0x6b340000,0x6b7430c0,0x6c340000)
Event: 7.856 GC heap after
Heap after GC invocations=3 (full 0):
 PSYoungGen      total 34304K, used 2558K [0x9ddc0000, 0xa20c0000, 0xb3340000)
  eden space 31744K, 0% used [0x9ddc0000,0x9ddc0000,0x9fcc0000)
  from space 2560K, 99% used [0x9fcc0000,0x9ff3f8f0,0x9ff40000)
  to   space 2560K, 0% used [0xa1e40000,0xa1e40000,0xa20c0000)
 ParOldGen       total 41728K, used 10115K [0x73340000, 0x75c00000, 0x9ddc0000)
  object space 41728K, 24% used [0x73340000,0x73d20e10,0x75c00000)
 PSPermGen       total 16384K, used 4108K [0x6b340000, 0x6c340000, 0x73340000)
  object space 16384K, 25% used [0x6b340000,0x6b7430c0,0x6c340000)
}
Event: 11.211 GC heap before
{Heap before GC invocations=4 (full 0):
 PSYoungGen      total 34304K, used 34302K [0x9ddc0000, 0xa20c0000, 0xb3340000)
  eden space 31744K, 100% used [0x9ddc0000,0x9fcc0000,0x9fcc0000)
  from space 2560K, 99% used [0x9fcc0000,0x9ff3f8f0,0x9ff40000)
  to   space 2560K, 0% used [0xa1e40000,0xa1e40000,0xa20c0000)
 ParOldGen       total 41728K, used 10115K [0x73340000, 0x75c00000, 0x9ddc0000)
  object space 41728K, 24% used [0x73340000,0x73d20e10,0x75c00000)
 PSPermGen       total 16384K, used 4124K [0x6b340000, 0x6c340000, 0x73340000)
  object space 16384K, 25% used [0x6b340000,0x6b747178,0x6c340000)
Event: 11.310 GC heap after
Heap after GC invocations=4 (full 0):
 PSYoungGen      total 66048K, used 2547K [0x9ddc0000, 0xa20c0000, 0xb3340000)
  eden space 63488K, 0% used [0x9ddc0000,0x9ddc0000,0xa1bc0000)
  from space 2560K, 99% used [0xa1e40000,0xa20bce80,0xa20c0000)
  to   space 2560K, 0% used [0xa1bc0000,0xa1bc0000,0xa1e40000)
 ParOldGen       total 41728K, used 15620K [0x73340000, 0x75c00000, 0x9ddc0000)
  object space 41728K, 37% used [0x73340000,0x74281078,0x75c00000)
 PSPermGen       total 16384K, used 4124K [0x6b340000, 0x6c340000, 0x73340000)
  object space 16384K, 25% used [0x6b340000,0x6b747178,0x6c340000)
}
Event: 17.453 GC heap before
{Heap before GC invocations=5 (full 0):
 PSYoungGen      total 66048K, used 66035K [0x9ddc0000, 0xa20c0000, 0xb3340000)
  eden space 63488K, 100% used [0x9ddc0000,0xa1bc0000,0xa1bc0000)
  from space 2560K, 99% used [0xa1e40000,0xa20bce80,0xa20c0000)
  to   space 2560K, 0% used [0xa1bc0000,0xa1bc0000,0xa1e40000)
 ParOldGen       total 41728K, used 15620K [0x73340000, 0x75c00000, 0x9ddc0000)
  object space 41728K, 37% used [0x73340000,0x74281078,0x75c00000)
 PSPermGen       total 16384K, used 4159K [0x6b340000, 0x6c340000, 0x73340000)
  object space 16384K, 25% used [0x6b340000,0x6b74fc38,0x6c340000)
Event: 17.642 GC heap after
Heap after GC invocations=5 (full 0):
 PSYoungGen      total 66048K, used 2546K [0x9ddc0000, 0xa74c0000, 0xb3340000)
  eden space 63488K, 0% used [0x9ddc0000,0x9ddc0000,0xa1bc0000)
  from space 2560K, 99% used [0xa1bc0000,0xa1e3ca28,0xa1e40000)
  to   space 13824K, 0% used [0xa6740000,0xa6740000,0xa74c0000)
 ParOldGen       total 41728K, used 26160K [0x73340000, 0x75c00000, 0x9ddc0000)
  object space 41728K, 62% used [0x73340000,0x74ccc210,0x75c00000)
 PSPermGen       total 16384K, used 4159K [0x6b340000, 0x6c340000, 0x73340000)
  object space 16384K, 25% used [0x6b340000,0x6b74fc38,0x6c340000)
}
Event: 22.886 GC heap before
{Heap before GC invocations=6 (full 0):
 PSYoungGen      total 66048K, used 66034K [0x9ddc0000, 0xa74c0000, 0xb3340000)
  eden space 63488K, 100% used [0x9ddc0000,0xa1bc0000,0xa1bc0000)
  from space 2560K, 99% used [0xa1bc0000,0xa1e3ca28,0xa1e40000)
  to   space 13824K, 0% used [0xa6740000,0xa6740000,0xa74c0000)
 ParOldGen       total 41728K, used 26160K [0x73340000, 0x75c00000, 0x9ddc0000)
  object space 41728K, 62% used [0x73340000,0x74ccc210,0x75c00000)
 PSPermGen       total 16384K, used 4172K [0x6b340000, 0x6c340000, 0x73340000)
  object space 16384K, 25% used [0x6b340000,0x6b7531e8,0x6c340000)
Event: 23.039 GC heap after
Heap after GC invocations=6 (full 0):
 PSYoungGen      total 139520K, used 11716K [0x9ddc0000, 0xa7740000, 0xb3340000)
  eden space 125696K, 0% used [0x9ddc0000,0x9ddc0000,0xa5880000)
  from space 13824K, 84% used [0xa6740000,0xa72b11a8,0xa74c0000)
  to   space 15104K, 0% used [0xa5880000,0xa5880000,0xa6740000)
 ParOldGen       total 41728K, used 26160K [0x73340000, 0x75c00000, 0x9ddc0000)
  object space 41728K, 62% used [0x73340000,0x74ccc210,0x75c00000)
 PSPermGen       total 16384K, used 4172K [0x6b340000, 0x6c340000, 0x73340000)
  object space 16384K, 25% used [0x6b340000,0x6b7531e8,0x6c340000)
}
Event: 28.528 GC heap before
{Heap before GC invocations=7 (full 0):
 PSYoungGen      total 139520K, used 137412K [0x9ddc0000, 0xa7740000, 0xb3340000)
  eden space 125696K, 100% used [0x9ddc0000,0xa5880000,0xa5880000)
  from space 13824K, 84% used [0xa6740000,0xa72b11a8,0xa74c0000)
  to   space 15104K, 0% used [0xa5880000,0xa5880000,0xa6740000)
 ParOldGen       total 41728K, used 26160K [0x73340000, 0x75c00000, 0x9ddc0000)
  object space 41728K, 62% used [0x73340000,0x74ccc210,0x75c00000)
 PSPermGen       total 16384K, used 4219K [0x6b340000, 0x6c340000, 0x73340000)
  object space 16384K, 25% used [0x6b340000,0x6b75ed20,0x6c340000)

Deoptimization events (10 events):
Event: 7.883 Thread 0x67458000 Uncommon trap: reason=null_check action=make_not_entrant pc=0xb3498250 method=com.android.dx.ssa.SsaRenamer.getLocalForNewReg(I)Lcom/android/dx/rop/code/LocalItem; @ 19
Event: 11.597 Thread 0xb6407c00 Uncommon trap: reason=unreached action=reinterpret pc=0xb34c91ac method=com.android.dx.ssa.SCCP.simulateBranch(Lcom/android/dx/ssa/SsaInsn;)V @ 132
Event: 11.628 Thread 0xb6407c00 Uncommon trap: reason=unreached action=reinterpret pc=0xb34b98bc method=com.android.dx.ssa.SsaMethod.updateOneDefinition(Lcom/android/dx/ssa/SsaInsn;Lcom/android/dx/rop/code/RegisterSpec;)V @ 4
Event: 11.661 Thread 0x67458c00 Uncommon trap: reason=null_check action=make_not_entrant pc=0xb347ce50 method=com.android.dx.rop.type.Type.equals(Ljava/lang/Object;)Z @ 8
Event: 20.473 Thread 0x67453800 Uncommon trap: reason=class_check action=maybe_recompile pc=0xb350a940 method=com.android.dx.ssa.SCCP.replaceConstants()V @ 127
Event: 23.125 Thread 0x67458c00 Uncommon trap: reason=null_check action=make_not_entrant pc=0xb34f3640 method=com.android.dx.cf.code.Ropper$CatchInfo.getSetup(Lcom/android/dx/rop/type/Type;)Lcom/android/dx/cf/code/Ropper$ExceptionHandlerSetup; @ 10
Event: 24.676 Thread 0x67456800 Uncommon trap: reason=bimorphic action=maybe_recompile pc=0xb35415bc method=com.android.dx.cf.code.BytecodeArray.parseInstruction(ILcom/android/dx/cf/code/BytecodeArray$Visitor;)I @ 1357
Event: 24.681 Thread 0x67456800 Uncommon trap: reason=bimorphic action=maybe_recompile pc=0xb35415bc method=com.android.dx.cf.code.BytecodeArray.parseInstruction(ILcom/android/dx/cf/code/BytecodeArray$Visitor;)I @ 1357
Event: 24.684 Thread 0xb6407c00 Uncommon trap: reason=bimorphic action=maybe_recompile pc=0xb35415bc method=com.android.dx.cf.code.BytecodeArray.parseInstruction(ILcom/android/dx/cf/code/BytecodeArray$Visitor;)I @ 1357
Event: 24.687 Thread 0xb6407c00 Uncommon trap: reason=bimorphic action=maybe_recompile pc=0xb35415bc method=com.android.dx.cf.code.BytecodeArray.parseInstruction(ILcom/android/dx/cf/code/BytecodeArray$Visitor;)I @ 1357

Internal exceptions (10 events):
Event: 2.246 Thread 0xb6407c00 Threw 0x9e890bd8 at /build/openjdk-7-OXg_HK/openjdk-7-7u79-2.5.6/build/openjdk/hotspot/src/share/vm/prims/jvm.cpp:1284
Event: 2.263 Thread 0xb6407c00 Threw 0x9e9e6f10 at /build/openjdk-7-OXg_HK/openjdk-7-7u79-2.5.6/build/openjdk/hotspot/src/share/vm/prims/jvm.cpp:1284
Event: 2.639 Thread 0x67458000 Threw 0x9eccd980 at /build/openjdk-7-OXg_HK/openjdk-7-7u79-2.5.6/build/openjdk/hotspot/src/share/vm/prims/jvm.cpp:1284
Event: 2.936 Thread 0x67453800 Threw 0x9dfc9148 at /build/openjdk-7-OXg_HK/openjdk-7-7u79-2.5.6/build/openjdk/hotspot/src/share/vm/prims/jvm.cpp:1284
Event: 7.883 Thread 0x67458000 Implicit null exception at 0xb3496f33 to 0xb3498241
Event: 8.588 Thread 0xb6407c00 Threw 0x9e406b00 at /build/openjdk-7-OXg_HK/openjdk-7-7u79-2.5.6/build/openjdk/hotspot/src/share/vm/prims/jvm.cpp:1284
Event: 11.627 Thread 0xb6407c00 Threw 0x9e174af8 at /build/openjdk-7-OXg_HK/openjdk-7-7u79-2.5.6/build/openjdk/hotspot/src/share/vm/prims/jvm.cpp:1284
Event: 11.661 Thread 0x67458c00 Implicit null exception at 0xb347cd6b to 0xb347ce42
Event: 16.373 Thread 0xb6407c00 Threw 0xa0f7ed00 at /build/openjdk-7-OXg_HK/openjdk-7-7u79-2.5.6/build/openjdk/hotspot/src/share/vm/prims/jvm.cpp:1284
Event: 23.125 Thread 0x67458c00 Implicit null exception at 0xb34f01f0 to 0xb34f35fd

Events (10 events):
Event: 24.684 Thread 0xb6407c00 Uncommon trap: trap_request=0xffffffc6 fr.pc=0xb35415bc
Event: 24.684 Thread 0xb6407c00 DEOPT PACKING pc=0xb35415bc sp=0xb65fc710
Event: 24.684 Thread 0xb6407c00 DEOPT UNPACKING pc=0xb342cbc8 sp=0xb65fc710 mode 2
Event: 24.687 Thread 0xb6407c00 Uncommon trap: trap_request=0xffffffc6 fr.pc=0xb35415bc
Event: 24.687 Thread 0xb6407c00 DEOPT PACKING pc=0xb35415bc sp=0xb65fc6f0
Event: 24.687 Thread 0xb6407c00 DEOPT UNPACKING pc=0xb342cbc8 sp=0xb65fc6f0 mode 2
Event: 25.241 Thread 0x67c9a400 flushing nmethod 0xb347cc48
Event: 25.458 Thread 0x67c9a400 flushing nmethod 0xb34b9788
Event: 25.458 Thread 0x67c9a400 flushing nmethod 0xb34c6c08
Event: 28.518 Executing VM operation: ParallelGCFailedAllocation


Dynamic libraries:
08048000-08049000 r-xp 00000000 08:01 3412725    /usr/lib/jvm/java-7-openjdk-i386/jre/bin/java
08049000-0804a000 r--p 00000000 08:01 3412725    /usr/lib/jvm/java-7-openjdk-i386/jre/bin/java
0804a000-0804b000 rw-p 00001000 08:01 3412725    /usr/lib/jvm/java-7-openjdk-i386/jre/bin/java
09a0b000-09a2c000 rw-p 00000000 00:00 0          [heap]
65800000-658ed000 rw-p 00000000 00:00 0 
658ed000-65900000 ---p 00000000 00:00 0 
65a00000-65aef000 rw-p 00000000 00:00 0 
65aef000-65b00000 ---p 00000000 00:00 0 
65b00000-65bd7000 rw-p 00000000 00:00 0 
65bd7000-65c00000 ---p 00000000 00:00 0 
65c00000-65cf9000 rw-p 00000000 00:00 0 
65cf9000-65d00000 ---p 00000000 00:00 0 
65d00000-65dfb000 rw-p 00000000 00:00 0 
65dfb000-65e00000 ---p 00000000 00:00 0 
65e00000-65efe000 rw-p 00000000 00:00 0 
65efe000-65f00000 ---p 00000000 00:00 0 
65f00000-66000000 rw-p 00000000 00:00 0 
66000000-66200000 rw-p 00000000 00:00 0 
66200000-662f9000 rw-p 00000000 00:00 0 
662f9000-66300000 ---p 00000000 00:00 0 
66300000-663fa000 rw-p 00000000 00:00 0 
663fa000-66400000 ---p 00000000 00:00 0 
66400000-664fc000 rw-p 00000000 00:00 0 
664fc000-66500000 ---p 00000000 00:00 0 
66600000-666ff000 rw-p 00000000 00:00 0 
666ff000-66700000 ---p 00000000 00:00 0 
66800000-668f9000 rw-p 00000000 00:00 0 
668f9000-66900000 ---p 00000000 00:00 0 
66900000-669f6000 rw-p 00000000 00:00 0 
669f6000-66a00000 ---p 00000000 00:00 0 
66a00000-66afe000 rw-p 00000000 00:00 0 
66afe000-66b00000 ---p 00000000 00:00 0 
66b00000-66bfc000 rw-p 00000000 00:00 0 
66bfc000-66c00000 ---p 00000000 00:00 0 
66c00000-66cfa000 rw-p 00000000 00:00 0 
66cfa000-66d00000 ---p 00000000 00:00 0 
66d51000-66e00000 rw-p 00000000 00:00 0 
66e00000-66f00000 rw-p 00000000 00:00 0 
66f7d000-66f80000 ---p 00000000 00:00 0 
66f80000-66fce000 rw-p 00000000 00:00 0          [stack:7420]
66fce000-66fd1000 ---p 00000000 00:00 0 
66fd1000-6701f000 rw-p 00000000 00:00 0          [stack:7419]
6701f000-67022000 ---p 00000000 00:00 0 
67022000-67070000 rw-p 00000000 00:00 0          [stack:7412]
67070000-67073000 ---p 00000000 00:00 0 
67073000-670c1000 rw-p 00000000 00:00 0          [stack:7403]
670c1000-670c4000 ---p 00000000 00:00 0 
670c4000-67112000 rw-p 00000000 00:00 0          [stack:7401]
67112000-6714e000 r-xp 00000000 08:01 25035843   /lib/i386-linux-gnu/libpcre.so.3.13.1
6714e000-6714f000 r--p 0003b000 08:01 25035843   /lib/i386-linux-gnu/libpcre.so.3.13.1
6714f000-67150000 rw-p 0003c000 08:01 25035843   /lib/i386-linux-gnu/libpcre.so.3.13.1
67150000-67170000 r-xp 00000000 08:01 25035870   /lib/i386-linux-gnu/libselinux.so.1
67170000-67171000 r--p 0001f000 08:01 25035870   /lib/i386-linux-gnu/libselinux.so.1
67171000-67172000 rw-p 00020000 08:01 25035870   /lib/i386-linux-gnu/libselinux.so.1
67172000-67173000 rw-p 00000000 00:00 0 
67173000-6727d000 r-xp 00000000 08:01 25035771   /lib/i386-linux-gnu/libglib-2.0.so.0.4000.0
6727d000-6727e000 r--p 00109000 08:01 25035771   /lib/i386-linux-gnu/libglib-2.0.so.0.4000.0
6727e000-6727f000 rw-p 0010a000 08:01 25035771   /lib/i386-linux-gnu/libglib-2.0.so.0.4000.0
6727f000-673fc000 r-xp 00000000 08:01 3020350    /usr/lib/i386-linux-gnu/libgio-2.0.so.0.4000.0
673fc000-673fe000 r--p 0017c000 08:01 3020350    /usr/lib/i386-linux-gnu/libgio-2.0.so.0.4000.0
673fe000-673ff000 rw-p 0017e000 08:01 3020350    /usr/lib/i386-linux-gnu/libgio-2.0.so.0.4000.0
673ff000-67400000 rw-p 00000000 00:00 0 
67400000-67475000 rw-p 00000000 00:00 0 
67475000-67500000 ---p 00000000 00:00 0 
67507000-6751a000 r-xp 00000000 08:01 25035866   /lib/i386-linux-gnu/libresolv-2.19.so
6751a000-6751b000 ---p 00013000 08:01 25035866   /lib/i386-linux-gnu/libresolv-2.19.so
6751b000-6751c000 r--p 00013000 08:01 25035866   /lib/i386-linux-gnu/libresolv-2.19.so
6751c000-6751d000 rw-p 00014000 08:01 25035866   /lib/i386-linux-gnu/libresolv-2.19.so
6751d000-6751f000 rw-p 00000000 00:00 0 
6751f000-6756f000 r-xp 00000000 08:01 3020380    /usr/lib/i386-linux-gnu/libgobject-2.0.so.0.4000.0
6756f000-67570000 r--p 0004f000 08:01 3020380    /usr/lib/i386-linux-gnu/libgobject-2.0.so.0.4000.0
67570000-67571000 rw-p 00050000 08:01 3020380    /usr/lib/i386-linux-gnu/libgobject-2.0.so.0.4000.0
6758a000-6758b000 ---p 00000000 00:00 0 
6758b000-6760b000 rw-p 00000000 00:00 0          [stack:7389]
6760b000-6760e000 ---p 00000000 00:00 0 
6760e000-6765c000 rw-p 00000000 00:00 0          [stack:7387]
6765c000-6765f000 ---p 00000000 00:00 0 
6765f000-676dd000 rw-p 00000000 00:00 0          [stack:7384]
676dd000-676e0000 ---p 00000000 00:00 0 
676e0000-6775e000 rw-p 00000000 00:00 0          [stack:7383]
6775e000-67761000 ---p 00000000 00:00 0 
67761000-677af000 rw-p 00000000 00:00 0          [stack:7382]
677af000-679af000 r--p 00000000 08:01 3022988    /usr/lib/locale/locale-archive
679af000-679b2000 ---p 00000000 00:00 0 
679b2000-67a00000 rw-p 00000000 00:00 0          [stack:7378]
67a00000-67af7000 rw-p 00000000 00:00 0 
67af7000-67b00000 ---p 00000000 00:00 0 
67b00000-67b26000 rw-p 00000000 00:00 0 
67b26000-67c00000 ---p 00000000 00:00 0 
67c00000-67d00000 rw-p 00000000 00:00 0 
67d0c000-67d4e000 r--p 00858000 08:01 3022988    /usr/lib/locale/locale-archive
67d4e000-67d4f000 ---p 00000000 00:00 0 
67d4f000-67dcf000 rw-p 00000000 00:00 0          [stack:7372]
67dcf000-67f80000 r--s 01d29000 08:01 3283391    /usr/lib/jvm/java-7-openjdk-i386/jre/lib/rt.jar
67f80000-6a800000 rw-p 00000000 00:00 0 
6a800000-6a8fa000 rw-p 00000000 00:00 0 
6a8fa000-6a900000 ---p 00000000 00:00 0 
6a915000-6a92c000 r-xp 00000000 08:01 3283427    /usr/lib/jvm/java-7-openjdk-i386/jre/lib/i386/libnet.so
6a92c000-6a92d000 r--p 00017000 08:01 3283427    /usr/lib/jvm/java-7-openjdk-i386/jre/lib/i386/libnet.so
6a92d000-6a92e000 rw-p 00018000 08:01 3283427    /usr/lib/jvm/java-7-openjdk-i386/jre/lib/i386/libnet.so
6a92e000-6a931000 ---p 00000000 00:00 0 
6a931000-6a97f000 rw-p 00000000 00:00 0          [stack:7375]
6a97f000-6a980000 ---p 00000000 00:00 0 
6a980000-6aa00000 rw-p 00000000 00:00 0          [stack:7367]
6aa00000-6aa21000 rw-p 00000000 00:00 0 
6aa21000-6ab00000 ---p 00000000 00:00 0 
6ab00000-6ab21000 rw-p 00000000 00:00 0 
6ab21000-6ac00000 ---p 00000000 00:00 0 
6ac00000-6ac11000 r-xp 00000000 08:01 3283432    /usr/lib/jvm/java-7-openjdk-i386/jre/lib/i386/libnio.so
6ac11000-6ac12000 r--p 00010000 08:01 3283432    /usr/lib/jvm/java-7-openjdk-i386/jre/lib/i386/libnio.so
6ac12000-6ac13000 rw-p 00011000 08:01 3283432    /usr/lib/jvm/java-7-openjdk-i386/jre/lib/i386/libnio.so
6ac13000-6ac27000 r--s 000d6000 08:01 28710906   /home/rafiqul/Documents/Software Engineering Project/spring2016_s1_cse404/AssetTrackingSystem__Android_Platform/app/build/intermediates/exploded-aar/com.android.support/support-v4/23.0.0/jars/classes.jar
6ac27000-6ac36000 r--s 000df000 08:01 9175179    /home/rafiqul/Android/Sdk/build-tools/23.0.1/lib/dx.jar
6ac36000-6ac7f000 rw-p 00000000 00:00 0 
6ac7f000-6ac80000 ---p 00000000 00:00 0 
6ac80000-6ad00000 rw-p 00000000 00:00 0          [stack:7366]
6ad00000-6ad4e000 rw-p 00000000 00:00 0 
6ad4e000-6ae00000 ---p 00000000 00:00 0 
6ae05000-6ae0a000 r-xp 00000000 08:01 3020247    /usr/lib/i386-linux-gnu/libffi.so.6.0.1
6ae0a000-6ae0b000 r--p 00005000 08:01 3020247    /usr/lib/i386-linux-gnu/libffi.so.6.0.1
6ae0b000-6ae0c000 rw-p 00006000 08:01 3020247    /usr/lib/i386-linux-gnu/libffi.so.6.0.1
6ae0c000-6ae67000 rw-p 00000000 00:00 0 
6ae67000-6ae68000 ---p 00000000 00:00 0 
6ae68000-6aee8000 rw-p 00000000 00:00 0          [stack:7363]
6aee8000-6aee9000 ---p 00000000 00:00 0 
6aee9000-6af71000 rw-p 00000000 00:00 0          [stack:7354]
6af71000-6afa9000 rw-p 00000000 00:00 0 
6afa9000-6afbe000 rw-p 00000000 00:00 0 
6afbe000-6b0ff000 rw-p 00000000 00:00 0 
6b0ff000-6b107000 rw-p 00000000 00:00 0 
6b107000-6b13f000 rw-p 00000000 00:00 0 
6b13f000-6b154000 rw-p 00000000 00:00 0 
6b154000-6b294000 rw-p 00000000 00:00 0 
6b294000-6b2e1000 rw-p 00000000 00:00 0 
6b2e1000-6b33f000 rw-p 00000000 00:00 0 
6b33f000-6c340000 rw-p 00000000 00:00 0 
6c340000-73340000 rw-p 00000000 00:00 0 
73340000-75c00000 rw-p 00000000 00:00 0 
75c00000-9ddc0000 rw-p 00000000 00:00 0 
9ddc0000-a7740000 rw-p 00000000 00:00 0 
b03c0000-b3340000 rw-p 00000000 00:00 0 
b3340000-b3349000 rw-p 00000000 00:00 0 
b3349000-b3400000 rw-p 00000000 00:00 0 
b3400000-b3640000 rwxp 00000000 00:00 0 
b3640000-b6500000 rw-p 00000000 00:00 0 
b6500000-b6503000 r-xp 00000000 08:01 3020364    /usr/lib/i386-linux-gnu/libgmodule-2.0.so.0.4000.0
b6503000-b6504000 r--p 00002000 08:01 3020364    /usr/lib/i386-linux-gnu/libgmodule-2.0.so.0.4000.0
b6504000-b6505000 rw-p 00003000 08:01 3020364    /usr/lib/i386-linux-gnu/libgmodule-2.0.so.0.4000.0
b6505000-b6506000 r--s 00002000 08:01 3412674    /usr/lib/jvm/java-7-openjdk-i386/jre/lib/ext/dnsns.jar
b6506000-b6508000 r--s 00006000 08:01 3412779    /usr/share/java/java-atk-wrapper.jar
b6508000-b650c000 r--s 00034000 08:01 3412675    /usr/lib/jvm/java-7-openjdk-i386/jre/lib/ext/sunjce_provider.jar
b650c000-b6527000 rw-p 00000000 00:00 0 
b6527000-b6532000 r-xp 00000000 08:01 25035815   /lib/i386-linux-gnu/libnss_files-2.19.so
b6532000-b6533000 r--p 0000a000 08:01 25035815   /lib/i386-linux-gnu/libnss_files-2.19.so
b6533000-b6534000 rw-p 0000b000 08:01 25035815   /lib/i386-linux-gnu/libnss_files-2.19.so
b6534000-b653e000 r-xp 00000000 08:01 25035825   /lib/i386-linux-gnu/libnss_nis-2.19.so
b653e000-b653f000 r--p 00009000 08:01 25035825   /lib/i386-linux-gnu/libnss_nis-2.19.so
b653f000-b6540000 rw-p 0000a000 08:01 25035825   /lib/i386-linux-gnu/libnss_nis-2.19.so
b6540000-b6555000 r-xp 00000000 08:01 25035809   /lib/i386-linux-gnu/libnsl-2.19.so
b6555000-b6556000 r--p 00015000 08:01 25035809   /lib/i386-linux-gnu/libnsl-2.19.so
b6556000-b6557000 rw-p 00016000 08:01 25035809   /lib/i386-linux-gnu/libnsl-2.19.so
b6557000-b6559000 rw-p 00000000 00:00 0 
b6559000-b6560000 r-xp 00000000 08:01 25035811   /lib/i386-linux-gnu/libnss_compat-2.19.so
b6560000-b6561000 r--p 00006000 08:01 25035811   /lib/i386-linux-gnu/libnss_compat-2.19.so
b6561000-b6562000 rw-p 00007000 08:01 25035811   /lib/i386-linux-gnu/libnss_compat-2.19.so
b6562000-b6565000 r--s 0000f000 08:01 3412677    /usr/lib/jvm/java-7-openjdk-i386/jre/lib/ext/icedtea-sound.jar
b6565000-b6569000 r--s 00085000 08:01 3412673    /usr/lib/jvm/java-7-openjdk-i386/jre/lib/ext/localedata.jar
b6569000-b6571000 r-xp 00000000 08:01 3283403    /usr/lib/jvm/java-7-openjdk-i386/jre/lib/i386/libzip.so
b6571000-b6572000 r--p 00007000 08:01 3283403    /usr/lib/jvm/java-7-openjdk-i386/jre/lib/i386/libzip.so
b6572000-b6573000 rw-p 00008000 08:01 3283403    /usr/lib/jvm/java-7-openjdk-i386/jre/lib/i386/libzip.so
b6573000-b657b000 rw-s 00000000 08:01 16777240   /tmp/hsperfdata_rafiqul/7345
b657b000-b65a2000 r-xp 00000000 08:01 3283435    /usr/lib/jvm/java-7-openjdk-i386/jre/lib/i386/libjava.so
b65a2000-b65a3000 r--p 00026000 08:01 3283435    /usr/lib/jvm/java-7-openjdk-i386/jre/lib/i386/libjava.so
b65a3000-b65a4000 rw-p 00027000 08:01 3283435    /usr/lib/jvm/java-7-openjdk-i386/jre/lib/i386/libjava.so
b65a4000-b65ab000 r-xp 00000000 08:01 25035868   /lib/i386-linux-gnu/librt-2.19.so
b65ab000-b65ac000 r--p 00006000 08:01 25035868   /lib/i386-linux-gnu/librt-2.19.so
b65ac000-b65ad000 rw-p 00007000 08:01 25035868   /lib/i386-linux-gnu/librt-2.19.so
b65ad000-b65b0000 ---p 00000000 00:00 0 
b65b0000-b65fe000 rw-p 00000000 00:00 0          [stack:7349]
b65fe000-b661a000 r-xp 00000000 08:01 25035767   /lib/i386-linux-gnu/libgcc_s.so.1
b661a000-b661b000 rw-p 0001b000 08:01 25035767   /lib/i386-linux-gnu/libgcc_s.so.1
b661b000-b665f000 r-xp 00000000 08:01 25035790   /lib/i386-linux-gnu/libm-2.19.so
b665f000-b6660000 r--p 00043000 08:01 25035790   /lib/i386-linux-gnu/libm-2.19.so
b6660000-b6661000 rw-p 00044000 08:01 25035790   /lib/i386-linux-gnu/libm-2.19.so
b6661000-b673d000 r-xp 00000000 08:01 3018897    /usr/lib/i386-linux-gnu/libstdc++.so.6.0.19
b673d000-b6741000 r--p 000dc000 08:01 3018897    /usr/lib/i386-linux-gnu/libstdc++.so.6.0.19
b6741000-b6742000 rw-p 000e0000 08:01 3018897    /usr/lib/i386-linux-gnu/libstdc++.so.6.0.19
b6742000-b6749000 rw-p 00000000 00:00 0 
b6749000-b7138000 r-xp 00000000 08:01 3412663    /usr/lib/jvm/java-7-openjdk-i386/jre/lib/i386/server/libjvm.so
b7138000-b718a000 r--p 009ee000 08:01 3412663    /usr/lib/jvm/java-7-openjdk-i386/jre/lib/i386/server/libjvm.so
b718a000-b719e000 rw-p 00a40000 08:01 3412663    /usr/lib/jvm/java-7-openjdk-i386/jre/lib/i386/server/libjvm.so
b719e000-b75bc000 rw-p 00000000 00:00 0 
b75bc000-b75d4000 r-xp 00000000 08:01 25035903   /lib/i386-linux-gnu/libz.so.1.2.8
b75d4000-b75d5000 r--p 00017000 08:01 25035903   /lib/i386-linux-gnu/libz.so.1.2.8
b75d5000-b75d6000 rw-p 00018000 08:01 25035903   /lib/i386-linux-gnu/libz.so.1.2.8
b75d6000-b75ee000 r-xp 00000000 08:01 25035860   /lib/i386-linux-gnu/libpthread-2.19.so
b75ee000-b75ef000 r--p 00017000 08:01 25035860   /lib/i386-linux-gnu/libpthread-2.19.so
b75ef000-b75f0000 rw-p 00018000 08:01 25035860   /lib/i386-linux-gnu/libpthread-2.19.so
b75f0000-b75f2000 rw-p 00000000 00:00 0 
b75f2000-b75f5000 r-xp 00000000 08:01 25035757   /lib/i386-linux-gnu/libdl-2.19.so
b75f5000-b75f6000 r--p 00002000 08:01 25035757   /lib/i386-linux-gnu/libdl-2.19.so
b75f6000-b75f7000 rw-p 00003000 08:01 25035757   /lib/i386-linux-gnu/libdl-2.19.so
b75f7000-b77a0000 r-xp 00000000 08:01 25035740   /lib/i386-linux-gnu/libc-2.19.so
b77a0000-b77a2000 r--p 001a9000 08:01 25035740   /lib/i386-linux-gnu/libc-2.19.so
b77a2000-b77a3000 rw-p 001ab000 08:01 25035740   /lib/i386-linux-gnu/libc-2.19.so
b77a3000-b77a6000 rw-p 00000000 00:00 0 
b77a6000-b77a8000 r--s 00012000 08:01 3412678    /usr/lib/jvm/java-7-openjdk-i386/jre/lib/ext/zipfs.jar
b77a8000-b77ac000 r--s 0003c000 08:01 3412676    /usr/lib/jvm/java-7-openjdk-i386/jre/lib/ext/sunpkcs11.jar
b77ac000-b77ad000 r--p 00855000 08:01 3022988    /usr/lib/locale/locale-archive
b77ad000-b77ae000 rw-p 00000000 00:00 0 
b77ae000-b77af000 ---p 00000000 00:00 0 
b77af000-b77bd000 r-xp 00000000 08:01 3283418    /usr/lib/jvm/java-7-openjdk-i386/jre/lib/i386/libverify.so
b77bd000-b77be000 r--p 0000d000 08:01 3283418    /usr/lib/jvm/java-7-openjdk-i386/jre/lib/i386/libverify.so
b77be000-b77bf000 rw-p 0000e000 08:01 3283418    /usr/lib/jvm/java-7-openjdk-i386/jre/lib/i386/libverify.so
b77bf000-b77cb000 r-xp 00000000 08:01 3283406    /usr/lib/jvm/java-7-openjdk-i386/jre/lib/i386/jli/libjli.so
b77cb000-b77cc000 r--p 0000c000 08:01 3283406    /usr/lib/jvm/java-7-openjdk-i386/jre/lib/i386/jli/libjli.so
b77cc000-b77cd000 rw-p 0000d000 08:01 3283406    /usr/lib/jvm/java-7-openjdk-i386/jre/lib/i386/jli/libjli.so
b77cd000-b77d0000 rw-p 00000000 00:00 0 
b77d0000-b77d1000 r-xp 00000000 00:00 0          [vdso]
b77d1000-b77f1000 r-xp 00000000 08:01 25035716   /lib/i386-linux-gnu/ld-2.19.so
b77f1000-b77f2000 r--p 0001f000 08:01 25035716   /lib/i386-linux-gnu/ld-2.19.so
b77f2000-b77f3000 rw-p 00020000 08:01 25035716   /lib/i386-linux-gnu/ld-2.19.so
bffa7000-bffa8000 rwxp 00000000 00:00 0 
bffda000-bfffb000 rw-p 00000000 00:00 0          [stack]

VM Arguments:
jvm_args: -Xmx1024M -Dfile.encoding=UTF-8 -Duser.country=US -Duser.language=en -Duser.variant 
java_command: com.android.dx.command.Main --dex --num-threads=4 --output /home/rafiqul/Documents/Software Engineering Project/spring2016_s1_cse404/AssetTrackingSystem__Android_Platform/app/build/intermediates/pre-dexed/debug/classes-4f0c7eb904846bd1a6235e70f11da521d97d6b6d.jar /home/rafiqul/Documents/Software Engineering Project/spring2016_s1_cse404/AssetTrackingSystem__Android_Platform/app/build/intermediates/exploded-aar/com.android.support/support-v4/23.0.0/jars/classes.jar
Launcher Type: SUN_STANDARD

Environment Variables:
JAVA_HOME=/usr/lib/jvm/java-8-oracle
PATH=/usr/local/sbin:/usr/local/bin:/usr/sbin:/usr/bin:/sbin:/bin:/usr/games:/usr/local/games:/usr/lib/jvm/java-8-oracle/bin:/usr/lib/jvm/java-8-oracle/db/bin:/usr/lib/jvm/java-8-oracle/jre/bin
LD_LIBRARY_PATH=/home/rafiqul/android-studio/bin:
SHELL=/bin/bash
DISPLAY=:0

Signal Handlers:
SIGSEGV: [libjvm.so+0x80cb90], sa_mask[0]=0x7ffbfeff, sa_flags=0x10000004
SIGBUS: [libjvm.so+0x80cb90], sa_mask[0]=0x7ffbfeff, sa_flags=0x10000004
SIGFPE: [libjvm.so+0x684e30], sa_mask[0]=0x7ffbfeff, sa_flags=0x10000004
SIGPIPE: [libjvm.so+0x684e30], sa_mask[0]=0x7ffbfeff, sa_flags=0x10000004
SIGXFSZ: [libjvm.so+0x684e30], sa_mask[0]=0x7ffbfeff, sa_flags=0x10000004
SIGILL: [libjvm.so+0x684e30], sa_mask[0]=0x7ffbfeff, sa_flags=0x10000004
SIGUSR1: SIG_DFL, sa_mask[0]=0x00000000, sa_flags=0x00000000
SIGUSR2: [libjvm.so+0x684cc0], sa_mask[0]=0x00000004, sa_flags=0x10000004
SIGHUP: [libjvm.so+0x684ef0], sa_mask[0]=0x7ffbfeff, sa_flags=0x10000004
SIGINT: [libjvm.so+0x684ef0], sa_mask[0]=0x7ffbfeff, sa_flags=0x10000004
SIGTERM: [libjvm.so+0x684ef0], sa_mask[0]=0x7ffbfeff, sa_flags=0x10000004
SIGQUIT: [libjvm.so+0x684ef0], sa_mask[0]=0x7ffbfeff, sa_flags=0x10000004
SIGTRAP: SIG_DFL, sa_mask[0]=0x00000000, sa_flags=0x00000000


---------------  S Y S T E M  ---------------

OS:Ubuntu 14.04 (trusty)
uname:Linux 3.13.0-24-generic #46-Ubuntu SMP Thu Apr 10 19:08:14 UTC 2014 i686
libc:glibc 2.19 NPTL 2.19 
rlimit: STACK 8192k, CORE 0k, NPROC 31106, NOFILE 4096, AS infinity
load average:12.45 4.63 2.21

/proc/meminfo:
MemTotal:        4000684 kB
MemFree:          250880 kB
Buffers:           15324 kB
Cached:           346908 kB
SwapCached:            0 kB
Active:          3350488 kB
Inactive:         289788 kB
Active(anon):    3284780 kB
Inactive(anon):   229168 kB
Active(file):      65708 kB
Inactive(file):    60620 kB
Unevictable:          48 kB
Mlocked:              48 kB
HighTotal:       3155716 kB
HighFree:          84340 kB
LowTotal:         844968 kB
LowFree:          166540 kB
SwapTotal:             0 kB
SwapFree:              0 kB
Dirty:               804 kB
Writeback:             0 kB
AnonPages:       3278172 kB
Mapped:           102768 kB
Shmem:            235636 kB
Slab:              53164 kB
SReclaimable:      28992 kB
SUnreclaim:        24172 kB
KernelStack:        5456 kB
PageTables:        16944 kB
NFS_Unstable:          0 kB
Bounce:                0 kB
WritebackTmp:          0 kB
CommitLimit:     2000340 kB
Committed_AS:    7972976 kB
VmallocTotal:     122880 kB
VmallocUsed:       17028 kB
VmallocChunk:      99624 kB
HardwareCorrupted:     0 kB
AnonHugePages:   1728512 kB
HugePages_Total:       0
HugePages_Free:        0
HugePages_Rsvd:        0
HugePages_Surp:        0
Hugepagesize:       2048 kB
DirectMap4k:       36856 kB
DirectMap2M:      874496 kB


CPU:total 4 (2 cores per cpu, 2 threads per core) family 6 model 58 stepping 9, cmov, cx8, fxsr, mmx, sse, sse2, sse3, ssse3, sse4.1, sse4.2, popcnt, avx, erms, ht, tsc, tscinvbit, tscinv

/proc/cpuinfo:
processor	: 0
vendor_id	: GenuineIntel
cpu family	: 6
model		: 58
model name	: Intel(R) Core(TM) i3-3217U CPU @ 1.80GHz
stepping	: 9
microcode	: 0x15
cpu MHz		: 1801.000
cache size	: 3072 KB
physical id	: 0
siblings	: 4
core id		: 0
cpu cores	: 2
apicid		: 0
initial apicid	: 0
fdiv_bug	: no
f00f_bug	: no
coma_bug	: no
fpu		: yes
fpu_exception	: yes
cpuid level	: 13
wp		: yes
flags		: fpu vme de pse tsc msr pae mce cx8 apic sep mtrr pge mca cmov pat pse36 clflush dts acpi mmx fxsr sse sse2 ss ht tm pbe nx rdtscp lm constant_tsc arch_perfmon pebs bts xtopology nonstop_tsc aperfmperf eagerfpu pni pclmulqdq dtes64 monitor ds_cpl vmx est tm2 ssse3 cx16 xtpr pdcm pcid sse4_1 sse4_2 x2apic popcnt tsc_deadline_timer xsave avx f16c lahf_lm ida arat epb xsaveopt pln pts dtherm tpr_shadow vnmi flexpriority ept vpid fsgsbase smep erms
bogomips	: 3591.68
clflush size	: 64
cache_alignment	: 64
address sizes	: 36 bits physical, 48 bits virtual
power management:

processor	: 1
vendor_id	: GenuineIntel
cpu family	: 6
model		: 58
model name	: Intel(R) Core(TM) i3-3217U CPU @ 1.80GHz
stepping	: 9
microcode	: 0x15
cpu MHz		: 1801.000
cache size	: 3072 KB
physical id	: 0
siblings	: 4
core id		: 0
cpu cores	: 2
apicid		: 1
initial apicid	: 1
fdiv_bug	: no
f00f_bug	: no
coma_bug	: no
fpu		: yes
fpu_exception	: yes
cpuid level	: 13
wp		: yes
flags		: fpu vme de pse tsc msr pae mce cx8 apic sep mtrr pge mca cmov pat pse36 clflush dts acpi mmx fxsr sse sse2 ss ht tm pbe nx rdtscp lm constant_tsc arch_perfmon pebs bts xtopology nonstop_tsc aperfmperf eagerfpu pni pclmulqdq dtes64 monitor ds_cpl vmx est tm2 ssse3 cx16 xtpr pdcm pcid sse4_1 sse4_2 x2apic popcnt tsc_deadline_timer xsave avx f16c lahf_lm ida arat epb xsaveopt pln pts dtherm tpr_shadow vnmi flexpriority ept vpid fsgsbase smep erms
bogomips	: 3591.68
clflush size	: 64
cache_alignment	: 64
address sizes	: 36 bits physical, 48 bits virtual
power management:

processor	: 2
vendor_id	: GenuineIntel
cpu family	: 6
model		: 58
model name	: Intel(R) Core(TM) i3-3217U CPU @ 1.80GHz
stepping	: 9
microcode	: 0x15
cpu MHz		: 1801.000
cache size	: 3072 KB
physical id	: 0
siblings	: 4
core id		: 1
cpu cores	: 2
apicid		: 2
initial apicid	: 2
fdiv_bug	: no
f00f_bug	: no
coma_bug	: no
fpu		: yes
fpu_exception	: yes
cpuid level	: 13
wp		: yes
flags		: fpu vme de pse tsc msr pae mce cx8 apic sep mtrr pge mca cmov pat pse36 clflush dts acpi mmx fxsr sse sse2 ss ht tm pbe nx rdtscp lm constant_tsc arch_perfmon pebs bts xtopology nonstop_tsc aperfmperf eagerfpu pni pclmulqdq dtes64 monitor ds_cpl vmx est tm2 ssse3 cx16 xtpr pdcm pcid sse4_1 sse4_2 x2apic popcnt tsc_deadline_timer xsave avx f16c lahf_lm ida arat epb xsaveopt pln pts dtherm tpr_shadow vnmi flexpriority ept vpid fsgsbase smep erms
bogomips	: 3591.68
clflush size	: 64
cache_alignment	: 64
address sizes	: 36 bits physical, 48 bits virtual
power management:

processor	: 3
vendor_id	: GenuineIntel
cpu family	: 6
model		: 58
model name	: Intel(R) Core(TM) i3-3217U CPU @ 1.80GHz
stepping	: 9
microcode	: 0x15
cpu MHz		: 1801.000
cache size	: 3072 KB
physical id	: 0
siblings	: 4
core id		: 1
cpu cores	: 2
apicid		: 3
initial apicid	: 3
fdiv_bug	: no
f00f_bug	: no
coma_bug	: no
fpu		: yes
fpu_exception	: yes
cpuid level	: 13
wp		: yes
flags		: fpu vme de pse tsc msr pae mce cx8 apic sep mtrr pge mca cmov pat pse36 clflush dts acpi mmx fxsr sse sse2 ss ht tm pbe nx rdtscp lm constant_tsc arch_perfmon pebs bts xtopology nonstop_tsc aperfmperf eagerfpu pni pclmulqdq dtes64 monitor ds_cpl vmx est tm2 ssse3 cx16 xtpr pdcm pcid sse4_1 sse4_2 x2apic popcnt tsc_deadline_timer xsave avx f16c lahf_lm ida arat epb xsaveopt pln pts dtherm tpr_shadow vnmi flexpriority ept vpid fsgsbase smep erms
bogomips	: 3591.68
clflush size	: 64
cache_alignment	: 64
address sizes	: 36 bits physical, 48 bits virtual
power management:



Memory: 4k page, physical 4000684k(250880k free), swap 0k(0k free)

vm_info: OpenJDK Server VM (24.79-b02) for linux-x86 JRE (1.7.0_79-b14), built on Jul 24 2015 08:25:15 by "buildd" with gcc 4.8.2

time: Sat Apr 16 12:39:07 2016
elapsed time: 28 seconds

