#
# There is insufficient memory for the Java Runtime Environment to continue.
# Native memory allocation (malloc) failed to allocate 88604672 bytes for committing reserved memory.
# Possible reasons:
#   The system is out of physical RAM or swap space
#   In 32 bit mode, the process size limit was hit
# Possible solutions:
#   Reduce memory load on the system
#   Increase physical memory or swap space
#   Check if swap backing store is full
#   Use 64 bit Java on a 64 bit OS
#   Decrease Java heap size (-Xmx/-Xms)
#   Decrease number of Java threads
#   Decrease Java thread stack sizes (-Xss)
#   Set larger code cache with -XX:ReservedCodeCacheSize=
# This output file may be truncated or incomplete.
#
#  Out of Memory Error (os_linux.cpp:2809), pid=9352, tid=1741482816
#
# JRE version: OpenJDK Runtime Environment (7.0_79-b14) (build 1.7.0_79-b14)
# Java VM: OpenJDK Server VM (24.79-b02 mixed mode linux-x86 )
# Derivative: IcedTea 2.5.6
# Distribution: Ubuntu 14.04 LTS, package 7u79-2.5.6-0ubuntu1.14.04.1
# Failed to write core dump. Core dumps have been disabled. To enable core dumping, try "ulimit -c unlimited" before starting Java again
#

---------------  T H R E A D  ---------------

Current thread (0x67b80400):  VMThread [stack: 0x67c4e000,0x67ccf000] [id=9394]

Stack: [0x67c4e000,0x67ccf000]
VM_Operation (0x66f2d994): ParallelGCFailedAllocation, mode: safepoint, requested by thread 0x6737cc00


---------------  P R O C E S S  ---------------

Java Threads: ( => current thread )
  0x6737cc00 JavaThread "pool-1-thread-4" [_thread_blocked, id=9433, stack(0x66ede000,0x66f2f000)]
  0x67379000 JavaThread "pool-1-thread-3" [_thread_blocked, id=9432, stack(0x66f2f000,0x66f80000)]
  0x67377800 JavaThread "pool-1-thread-2" [_thread_blocked, id=9431, stack(0x66f80000,0x66fd1000)]
  0x67375c00 JavaThread "pool-2-thread-1" [_thread_blocked, id=9430, stack(0x66fd1000,0x67022000)]
  0x67374800 JavaThread "pool-1-thread-1" [_thread_blocked, id=9429, stack(0x67022000,0x67073000)]
  0x67b9d000 JavaThread "Service Thread" daemon [_thread_blocked, id=9412, stack(0x6755c000,0x675ad000)]
  0x67b9b400 JavaThread "C2 CompilerThread1" daemon [_thread_blocked, id=9411, stack(0x675ad000,0x6762e000)]
  0x67b99400 JavaThread "C2 CompilerThread0" daemon [_thread_blocked, id=9410, stack(0x6762e000,0x676af000)]
  0x67b97c00 JavaThread "Signal Dispatcher" daemon [_thread_blocked, id=9409, stack(0x676af000,0x67700000)]
  0x67b84800 JavaThread "Finalizer" daemon [_thread_blocked, id=9398, stack(0x6a82e000,0x6a87f000)]
  0x67b83000 JavaThread "Reference Handler" daemon [_thread_blocked, id=9397, stack(0x6aa2e000,0x6aa7f000)]
  0xb6407c00 JavaThread "main" [_thread_blocked, id=9364, stack(0xb6512000,0xb6563000)]

Other Threads:
=>0x67b80400 VMThread [stack: 0x67c4e000,0x67ccf000] [id=9394]
  0x67b9ec00 WatcherThread [stack: 0x674db000,0x6755c000] [id=9413]

VM state:at safepoint (normal execution)

VM Mutex/Monitor currently owned by a thread:  ([mutex/lock_event])
[0xb6405350] Threads_lock - owner thread: 0x67b80400
[0xb6405760] Heap_lock - owner thread: 0x6737cc00

Heap
 PSYoungGen      total 66048K, used 2545K [0x9dd40000, 0xa2040000, 0xb32c0000)
  eden space 63488K, 0% used [0x9dd40000,0x9dd40000,0xa1b40000)
  from space 2560K, 99% used [0xa1b40000,0xa1dbc668,0xa1dc0000)
  to   space 2560K, 0% used [0xa1dc0000,0xa1dc0000,0xa2040000)
 ParOldGen       total 41728K, used 26604K [0x732c0000, 0x75b80000, 0x9dd40000)
  object space 41728K, 63% used [0x732c0000,0x74cbb3f8,0x75b80000)
 PSPermGen       total 16384K, used 4157K [0x6b2c0000, 0x6c2c0000, 0x732c0000)
  object space 16384K, 25% used [0x6b2c0000,0x6b6cf738,0x6c2c0000)

Card table byte_map: [0x6b07f000,0x6b2c0000] byte_map_base: 0x6ad25a00

Polling page: 0xb7714000

Code Cache  [0xb338b000, 0xb35cb000, 0xb638b000)
 total_blobs=363 nmethods=240 adapters=76 free_code_cache=48313Kb largest_free_block=49424448

Compilation events (10 events):
Event: 10.263 Thread 0x67b9b400 nmethod 234 0xb343c588 code [0xb343c680, 0xb343c710]
Event: 10.263 Thread 0x67b9b400  235             java.util.ArrayList::ensureCapacity (28 bytes)
Event: 10.265 Thread 0x67b9b400 nmethod 235 0xb343b008 code [0xb343b100, 0xb343b1e4]
Event: 10.265 Thread 0x67b9b400  236             java.util.HashMap::<init> (9 bytes)
Event: 10.267 Thread 0x67b9b400 nmethod 236 0xb3437088 code [0xb3437180, 0xb3437230]
Event: 10.267 Thread 0x67b9b400  237             com.android.dx.rop.code.BasicBlockList::forEachInsn (39 bytes)
Event: 10.288 Thread 0x67b9b400 nmethod 237 0xb3436988 code [0xb3436aa0, 0xb3436cb0]
Event: 10.288 Thread 0x67b9b400  238             com.android.dx.ssa.SsaBasicBlock::newFromRop (183 bytes)
Event: 141.616 Thread 0x67b9b400 nmethod 238 0xb3464988 code [0xb3464c60, 0xb3466518]
Event: 142.525 Thread 0x67b9b400  239             java.util.HashMap::containsKey (14 bytes)

GC Heap History (9 events):
Event: 1.742 GC heap before
{Heap before GC invocations=1 (full 0):
 PSYoungGen      total 18432K, used 15872K [0x9dd40000, 0x9f1c0000, 0xb32c0000)
  eden space 15872K, 100% used [0x9dd40000,0x9ecc0000,0x9ecc0000)
  from space 2560K, 0% used [0x9ef40000,0x9ef40000,0x9f1c0000)
  to   space 2560K, 0% used [0x9ecc0000,0x9ecc0000,0x9ef40000)
 ParOldGen       total 41728K, used 0K [0x732c0000, 0x75b80000, 0x9dd40000)
  object space 41728K, 0% used [0x732c0000,0x732c0000,0x75b80000)
 PSPermGen       total 16384K, used 3968K [0x6b2c0000, 0x6c2c0000, 0x732c0000)
  object space 16384K, 24% used [0x6b2c0000,0x6b6a00e0,0x6c2c0000)
Event: 1.761 GC heap after
Heap after GC invocations=1 (full 0):
 PSYoungGen      total 18432K, used 2558K [0x9dd40000, 0xa0140000, 0xb32c0000)
  eden space 15872K, 0% used [0x9dd40000,0x9dd40000,0x9ecc0000)
  from space 2560K, 99% used [0x9ecc0000,0x9ef3fb18,0x9ef40000)
  to   space 2560K, 0% used [0x9fec0000,0x9fec0000,0xa0140000)
 ParOldGen       total 41728K, used 1671K [0x732c0000, 0x75b80000, 0x9dd40000)
  object space 41728K, 4% used [0x732c0000,0x73461f88,0x75b80000)
 PSPermGen       total 16384K, used 3968K [0x6b2c0000, 0x6c2c0000, 0x732c0000)
  object space 16384K, 24% used [0x6b2c0000,0x6b6a00e0,0x6c2c0000)
}
Event: 3.251 GC heap before
{Heap before GC invocations=2 (full 0):
 PSYoungGen      total 18432K, used 18430K [0x9dd40000, 0xa0140000, 0xb32c0000)
  eden space 15872K, 100% used [0x9dd40000,0x9ecc0000,0x9ecc0000)
  from space 2560K, 99% used [0x9ecc0000,0x9ef3fb18,0x9ef40000)
  to   space 2560K, 0% used [0x9fec0000,0x9fec0000,0xa0140000)
 ParOldGen       total 41728K, used 1671K [0x732c0000, 0x75b80000, 0x9dd40000)
  object space 41728K, 4% used [0x732c0000,0x73461f88,0x75b80000)
 PSPermGen       total 16384K, used 4067K [0x6b2c0000, 0x6c2c0000, 0x732c0000)
  object space 16384K, 24% used [0x6b2c0000,0x6b6b8f20,0x6c2c0000)
Event: 3.289 GC heap after
Heap after GC invocations=2 (full 0):
 PSYoungGen      total 34304K, used 2545K [0x9dd40000, 0xa0140000, 0xb32c0000)
  eden space 31744K, 0% used [0x9dd40000,0x9dd40000,0x9fc40000)
  from space 2560K, 99% used [0x9fec0000,0xa013c778,0xa0140000)
  to   space 2560K, 0% used [0x9fc40000,0x9fc40000,0x9fec0000)
 ParOldGen       total 41728K, used 4633K [0x732c0000, 0x75b80000, 0x9dd40000)
  object space 41728K, 11% used [0x732c0000,0x73746448,0x75b80000)
 PSPermGen       total 16384K, used 4067K [0x6b2c0000, 0x6c2c0000, 0x732c0000)
  object space 16384K, 24% used [0x6b2c0000,0x6b6b8f20,0x6c2c0000)
}
Event: 6.054 GC heap before
{Heap before GC invocations=3 (full 0):
 PSYoungGen      total 34304K, used 34289K [0x9dd40000, 0xa0140000, 0xb32c0000)
  eden space 31744K, 100% used [0x9dd40000,0x9fc40000,0x9fc40000)
  from space 2560K, 99% used [0x9fec0000,0xa013c778,0xa0140000)
  to   space 2560K, 0% used [0x9fc40000,0x9fc40000,0x9fec0000)
 ParOldGen       total 41728K, used 4633K [0x732c0000, 0x75b80000, 0x9dd40000)
  object space 41728K, 11% used [0x732c0000,0x73746448,0x75b80000)
 PSPermGen       total 16384K, used 4108K [0x6b2c0000, 0x6c2c0000, 0x732c0000)
  object space 16384K, 25% used [0x6b2c0000,0x6b6c33a0,0x6c2c0000)
Event: 6.129 GC heap after
Heap after GC invocations=3 (full 0):
 PSYoungGen      total 34304K, used 2554K [0x9dd40000, 0xa2040000, 0xb32c0000)
  eden space 31744K, 0% used [0x9dd40000,0x9dd40000,0x9fc40000)
  from space 2560K, 99% used [0x9fc40000,0x9febebe8,0x9fec0000)
  to   space 2560K, 0% used [0xa1dc0000,0xa1dc0000,0xa2040000)
 ParOldGen       total 41728K, used 10208K [0x732c0000, 0x75b80000, 0x9dd40000)
  object space 41728K, 24% used [0x732c0000,0x73cb8190,0x75b80000)
 PSPermGen       total 16384K, used 4108K [0x6b2c0000, 0x6c2c0000, 0x732c0000)
  object space 16384K, 25% used [0x6b2c0000,0x6b6c33a0,0x6c2c0000)
}
Event: 8.731 GC heap before
{Heap before GC invocations=4 (full 0):
 PSYoungGen      total 34304K, used 34298K [0x9dd40000, 0xa2040000, 0xb32c0000)
  eden space 31744K, 100% used [0x9dd40000,0x9fc40000,0x9fc40000)
  from space 2560K, 99% used [0x9fc40000,0x9febebe8,0x9fec0000)
  to   space 2560K, 0% used [0xa1dc0000,0xa1dc0000,0xa2040000)
 ParOldGen       total 41728K, used 10208K [0x732c0000, 0x75b80000, 0x9dd40000)
  object space 41728K, 24% used [0x732c0000,0x73cb8190,0x75b80000)
 PSPermGen       total 16384K, used 4122K [0x6b2c0000, 0x6c2c0000, 0x732c0000)
  object space 16384K, 25% used [0x6b2c0000,0x6b6c6ba8,0x6c2c0000)
Event: 9.278 GC heap after
Heap after GC invocations=4 (full 0):
 PSYoungGen      total 66048K, used 2556K [0x9dd40000, 0xa2040000, 0xb32c0000)
  eden space 63488K, 0% used [0x9dd40000,0x9dd40000,0xa1b40000)
  from space 2560K, 99% used [0xa1dc0000,0xa203f2e8,0xa2040000)
  to   space 2560K, 0% used [0xa1b40000,0xa1b40000,0xa1dc0000)
 ParOldGen       total 41728K, used 15641K [0x732c0000, 0x75b80000, 0x9dd40000)
  object space 41728K, 37% used [0x732c0000,0x74206648,0x75b80000)
 PSPermGen       total 16384K, used 4122K [0x6b2c0000, 0x6c2c0000, 0x732c0000)
  object space 16384K, 25% used [0x6b2c0000,0x6b6c6ba8,0x6c2c0000)
}
Event: 142.621 GC heap before
{Heap before GC invocations=5 (full 0):
 PSYoungGen      total 66048K, used 66044K [0x9dd40000, 0xa2040000, 0xb32c0000)
  eden space 63488K, 100% used [0x9dd40000,0xa1b40000,0xa1b40000)
  from space 2560K, 99% used [0xa1dc0000,0xa203f2e8,0xa2040000)
  to   space 2560K, 0% used [0xa1b40000,0xa1b40000,0xa1dc0000)
 ParOldGen       total 41728K, used 15641K [0x732c0000, 0x75b80000, 0x9dd40000)
  object space 41728K, 37% used [0x732c0000,0x74206648,0x75b80000)
 PSPermGen       total 16384K, used 4157K [0x6b2c0000, 0x6c2c0000, 0x732c0000)
  object space 16384K, 25% used [0x6b2c0000,0x6b6cf738,0x6c2c0000)

Deoptimization events (10 events):
Event: 4.305 Thread 0xb6407c00 Uncommon trap: reason=class_check action=maybe_recompile pc=0xb340f500 method=java.util.HashMap.put(Ljava/lang/Object;Ljava/lang/Object;)Ljava/lang/Object; @ 83
Event: 4.305 Thread 0xb6407c00 Uncommon trap: reason=class_check action=maybe_recompile pc=0xb340f500 method=java.util.HashMap.put(Ljava/lang/Object;Ljava/lang/Object;)Ljava/lang/Object; @ 83
Event: 4.306 Thread 0xb6407c00 Uncommon trap: reason=class_check action=maybe_recompile pc=0xb340f500 method=java.util.HashMap.put(Ljava/lang/Object;Ljava/lang/Object;)Ljava/lang/Object; @ 83
Event: 5.750 Thread 0x67374800 Uncommon trap: reason=unreached action=reinterpret pc=0xb3431084 method=com.android.dx.rop.code.RegisterSpec.intersect(Lcom/android/dx/rop/code/RegisterSpec;Z)Lcom/android/dx/rop/code/RegisterSpec; @ 8
Event: 5.894 Thread 0x6737cc00 Uncommon trap: reason=null_check action=make_not_entrant pc=0xb3425750 method=com.android.dx.ssa.SsaRenamer.getLocalForNewReg(I)Lcom/android/dx/rop/code/LocalItem; @ 19
Event: 9.600 Thread 0x67379000 Uncommon trap: reason=null_check action=make_not_entrant pc=0xb3409790 method=com.android.dx.rop.type.Type.equals(Ljava/lang/Object;)Z @ 8
Event: 9.600 Thread 0x67374800 Uncommon trap: reason=null_check action=make_not_entrant pc=0xb3409790 method=com.android.dx.rop.type.Type.equals(Ljava/lang/Object;)Z @ 8
Event: 9.600 Thread 0xb6407c00 Uncommon trap: reason=unreached action=reinterpret pc=0xb344ee20 method=com.android.dx.ssa.SCCP.simulateBranch(Lcom/android/dx/ssa/SsaInsn;)V @ 132
Event: 9.679 Thread 0xb6407c00 Uncommon trap: reason=unreached action=reinterpret pc=0xb34373fc method=com.android.dx.ssa.SsaMethod.updateOneDefinition(Lcom/android/dx/ssa/SsaInsn;Lcom/android/dx/rop/code/RegisterSpec;)V @ 4
Event: 141.579 Thread 0xb6407c00 Uncommon trap: reason=unloaded action=reinterpret pc=0xb34579b8 method=com.android.dx.cf.cst.ConstantPoolParser.parse0(ILjava/util/BitSet;)Lcom/android/dx/rop/cst/Constant; @ 220

Internal exceptions (10 events):
Event: 1.226 Thread 0xb6407c00 Threw 0x9e910ee0 at /build/openjdk-7-OXg_HK/openjdk-7-7u79-2.5.6/build/openjdk/hotspot/src/share/vm/prims/jvm.cpp:1284
Event: 1.686 Thread 0x6737cc00 Threw 0x9eadfa58 at /build/openjdk-7-OXg_HK/openjdk-7-7u79-2.5.6/build/openjdk/hotspot/src/share/vm/prims/jvm.cpp:1284
Event: 1.889 Thread 0x67379000 Threw 0x9df2bb30 at /build/openjdk-7-OXg_HK/openjdk-7-7u79-2.5.6/build/openjdk/hotspot/src/share/vm/prims/jvm.cpp:1284
Event: 2.502 Thread 0xb6407c00 Implicit null exception at 0xb33ef8a2 to 0xb33efe91
Event: 5.894 Thread 0x6737cc00 Implicit null exception at 0xb3424433 to 0xb3425741
Event: 6.834 Thread 0x67374800 Threw 0x9e294538 at /build/openjdk-7-OXg_HK/openjdk-7-7u79-2.5.6/build/openjdk/hotspot/src/share/vm/prims/jvm.cpp:1284
Event: 9.525 Thread 0x67374800 Implicit null exception at 0xb34096ab to 0xb3409782
Event: 9.579 Thread 0x67379000 Implicit null exception at 0xb34096ab to 0xb3409782
Event: 9.678 Thread 0xb6407c00 Threw 0x9e3cf460 at /build/openjdk-7-OXg_HK/openjdk-7-7u79-2.5.6/build/openjdk/hotspot/src/share/vm/prims/jvm.cpp:1284
Event: 141.646 Thread 0xb6407c00 Threw 0xa0d78c50 at /build/openjdk-7-OXg_HK/openjdk-7-7u79-2.5.6/build/openjdk/hotspot/src/share/vm/prims/jvm.cpp:1284

Events (10 events):
Event: 9.679 Thread 0xb6407c00 Uncommon trap: trap_request=0xffffffad fr.pc=0xb34373fc
Event: 9.679 Thread 0xb6407c00 DEOPT PACKING pc=0xb34373fc sp=0xb65616e0
Event: 9.679 Thread 0xb6407c00 DEOPT UNPACKING pc=0xb33b7bc8 sp=0xb65616bc mode 2
Event: 9.681 Thread 0x67374800 DEOPT UNPACKING pc=0xb33b7bc8 sp=0x67071a84 mode 2
Event: 141.579 Thread 0xb6407c00 Uncommon trap: trap_request=0x000000d2 fr.pc=0xb34579b8
Event: 141.579 Thread 0xb6407c00 DEOPT PACKING pc=0xb34579b8 sp=0xb6561ab0
Event: 141.579 Thread 0xb6407c00 DEOPT UNPACKING pc=0xb33b7bc8 sp=0xb6561ab4 mode 2
Event: 141.646 loading class 0x67bf7d38
Event: 141.646 loading class 0x67bf7d38 done
Event: 142.616 Executing VM operation: ParallelGCFailedAllocation


Dynamic libraries:
08048000-08049000 r-xp 00000000 08:01 3412725    /usr/lib/jvm/java-7-openjdk-i386/jre/bin/java
08049000-0804a000 r--p 00000000 08:01 3412725    /usr/lib/jvm/java-7-openjdk-i386/jre/bin/java
0804a000-0804b000 rw-p 00001000 08:01 3412725    /usr/lib/jvm/java-7-openjdk-i386/jre/bin/java
08ca7000-08d23000 rw-p 00000000 00:00 0          [heap]
65900000-659c6000 rw-p 00000000 00:00 0 
659c6000-65a00000 ---p 00000000 00:00 0 
65b00000-65b9d000 rw-p 00000000 00:00 0 
65b9d000-65c00000 ---p 00000000 00:00 0 
65c00000-65ce2000 rw-p 00000000 00:00 0 
65ce2000-65d00000 ---p 00000000 00:00 0 
65d00000-65de4000 rw-p 00000000 00:00 0 
65de4000-65e00000 ---p 00000000 00:00 0 
65f00000-65ffe000 rw-p 00000000 00:00 0 
65ffe000-66000000 ---p 00000000 00:00 0 
66000000-660e1000 rw-p 00000000 00:00 0 
660e1000-66100000 ---p 00000000 00:00 0 
66100000-661fe000 rw-p 00000000 00:00 0 
661fe000-66200000 ---p 00000000 00:00 0 
66200000-662fb000 rw-p 00000000 00:00 0 
662fb000-66300000 ---p 00000000 00:00 0 
66300000-663f1000 rw-p 00000000 00:00 0 
663f1000-66400000 ---p 00000000 00:00 0 
66400000-664ee000 rw-p 00000000 00:00 0 
664ee000-66500000 ---p 00000000 00:00 0 
66500000-665fe000 rw-p 00000000 00:00 0 
665fe000-66600000 ---p 00000000 00:00 0 
66700000-667ef000 rw-p 00000000 00:00 0 
667ef000-66800000 ---p 00000000 00:00 0 
6681d000-66900000 rw-p 00000000 00:00 0 
66900000-669ff000 rw-p 00000000 00:00 0 
669ff000-66a00000 ---p 00000000 00:00 0 
66a00000-66af9000 rw-p 00000000 00:00 0 
66af9000-66b00000 ---p 00000000 00:00 0 
66b00000-66bfa000 rw-p 00000000 00:00 0 
66bfa000-66c00000 ---p 00000000 00:00 0 
66c00000-66cf3000 rw-p 00000000 00:00 0 
66cf3000-66d00000 ---p 00000000 00:00 0 
66d00000-66ded000 rw-p 00000000 00:00 0 
66ded000-66e00000 ---p 00000000 00:00 0 
66ede000-66ee1000 ---p 00000000 00:00 0 
66ee1000-66f2f000 rw-p 00000000 00:00 0          [stack:9433]
66f2f000-66f32000 ---p 00000000 00:00 0 
66f32000-66f80000 rw-p 00000000 00:00 0          [stack:9432]
66f80000-66f83000 ---p 00000000 00:00 0 
66f83000-66fd1000 rw-p 00000000 00:00 0          [stack:9431]
66fd1000-66fd4000 ---p 00000000 00:00 0 
66fd4000-67022000 rw-p 00000000 00:00 0          [stack:9430]
67022000-67025000 ---p 00000000 00:00 0 
67025000-67073000 rw-p 00000000 00:00 0          [stack:9429]
67073000-6717d000 r-xp 00000000 08:01 25035771   /lib/i386-linux-gnu/libglib-2.0.so.0.4000.0
6717d000-6717e000 r--p 00109000 08:01 25035771   /lib/i386-linux-gnu/libglib-2.0.so.0.4000.0
6717e000-6717f000 rw-p 0010a000 08:01 25035771   /lib/i386-linux-gnu/libglib-2.0.so.0.4000.0
6717f000-672fc000 r-xp 00000000 08:01 3020350    /usr/lib/i386-linux-gnu/libgio-2.0.so.0.4000.0
672fc000-672fe000 r--p 0017c000 08:01 3020350    /usr/lib/i386-linux-gnu/libgio-2.0.so.0.4000.0
672fe000-672ff000 rw-p 0017e000 08:01 3020350    /usr/lib/i386-linux-gnu/libgio-2.0.so.0.4000.0
672ff000-67300000 rw-p 00000000 00:00 0 
67300000-67395000 rw-p 00000000 00:00 0 
67395000-67400000 ---p 00000000 00:00 0 
67410000-6744c000 r-xp 00000000 08:01 25035843   /lib/i386-linux-gnu/libpcre.so.3.13.1
6744c000-6744d000 r--p 0003b000 08:01 25035843   /lib/i386-linux-gnu/libpcre.so.3.13.1
6744d000-6744e000 rw-p 0003c000 08:01 25035843   /lib/i386-linux-gnu/libpcre.so.3.13.1
6744e000-67461000 r-xp 00000000 08:01 25035866   /lib/i386-linux-gnu/libresolv-2.19.so
67461000-67462000 ---p 00013000 08:01 25035866   /lib/i386-linux-gnu/libresolv-2.19.so
67462000-67463000 r--p 00013000 08:01 25035866   /lib/i386-linux-gnu/libresolv-2.19.so
67463000-67464000 rw-p 00014000 08:01 25035866   /lib/i386-linux-gnu/libresolv-2.19.so
67464000-67466000 rw-p 00000000 00:00 0 
67466000-67486000 r-xp 00000000 08:01 25035870   /lib/i386-linux-gnu/libselinux.so.1
67486000-67487000 r--p 0001f000 08:01 25035870   /lib/i386-linux-gnu/libselinux.so.1
67487000-67488000 rw-p 00020000 08:01 25035870   /lib/i386-linux-gnu/libselinux.so.1
67488000-67489000 rw-p 00000000 00:00 0 
67489000-674d9000 r-xp 00000000 08:01 3020380    /usr/lib/i386-linux-gnu/libgobject-2.0.so.0.4000.0
674d9000-674da000 r--p 0004f000 08:01 3020380    /usr/lib/i386-linux-gnu/libgobject-2.0.so.0.4000.0
674da000-674db000 rw-p 00050000 08:01 3020380    /usr/lib/i386-linux-gnu/libgobject-2.0.so.0.4000.0
674db000-674dc000 ---p 00000000 00:00 0 
674dc000-6755c000 rw-p 00000000 00:00 0          [stack:9413]
6755c000-6755f000 ---p 00000000 00:00 0 
6755f000-675ad000 rw-p 00000000 00:00 0          [stack:9412]
675ad000-675b0000 ---p 00000000 00:00 0 
675b0000-6762e000 rw-p 00000000 00:00 0          [stack:9411]
6762e000-67631000 ---p 00000000 00:00 0 
67631000-676af000 rw-p 00000000 00:00 0          [stack:9410]
676af000-676b2000 ---p 00000000 00:00 0 
676b2000-67700000 rw-p 00000000 00:00 0          [stack:9409]
67700000-67900000 r--p 00000000 08:01 3022988    /usr/lib/locale/locale-archive
67900000-67a00000 rw-p 00000000 00:00 0 
67a00000-67a28000 rw-p 00000000 00:00 0 
67a28000-67b00000 ---p 00000000 00:00 0 
67b00000-67c00000 rw-p 00000000 00:00 0 
67c0c000-67c4e000 r--p 00858000 08:01 3022988    /usr/lib/locale/locale-archive
67c4e000-67c4f000 ---p 00000000 00:00 0 
67c4f000-67ccf000 rw-p 00000000 00:00 0          [stack:9394]
67ccf000-67e80000 r--s 01d29000 08:01 3283391    /usr/lib/jvm/java-7-openjdk-i386/jre/lib/rt.jar
67e80000-6a700000 rw-p 00000000 00:00 0 
6a700000-6a7fd000 rw-p 00000000 00:00 0 
6a7fd000-6a800000 ---p 00000000 00:00 0 
6a80d000-6a812000 r-xp 00000000 08:01 3020247    /usr/lib/i386-linux-gnu/libffi.so.6.0.1
6a812000-6a813000 r--p 00005000 08:01 3020247    /usr/lib/i386-linux-gnu/libffi.so.6.0.1
6a813000-6a814000 rw-p 00006000 08:01 3020247    /usr/lib/i386-linux-gnu/libffi.so.6.0.1
6a82e000-6a831000 ---p 00000000 00:00 0 
6a831000-6a87f000 rw-p 00000000 00:00 0          [stack:9398]
6a87f000-6a880000 ---p 00000000 00:00 0 
6a880000-6a900000 rw-p 00000000 00:00 0          [stack:9389]
6a900000-6a921000 rw-p 00000000 00:00 0 
6a921000-6aa00000 ---p 00000000 00:00 0 
6aa02000-6aa19000 r-xp 00000000 08:01 3283427    /usr/lib/jvm/java-7-openjdk-i386/jre/lib/i386/libnet.so
6aa19000-6aa1a000 r--p 00017000 08:01 3283427    /usr/lib/jvm/java-7-openjdk-i386/jre/lib/i386/libnet.so
6aa1a000-6aa1b000 rw-p 00018000 08:01 3283427    /usr/lib/jvm/java-7-openjdk-i386/jre/lib/i386/libnet.so
6aa1b000-6aa2c000 r-xp 00000000 08:01 3283432    /usr/lib/jvm/java-7-openjdk-i386/jre/lib/i386/libnio.so
6aa2c000-6aa2d000 r--p 00010000 08:01 3283432    /usr/lib/jvm/java-7-openjdk-i386/jre/lib/i386/libnio.so
6aa2d000-6aa2e000 rw-p 00011000 08:01 3283432    /usr/lib/jvm/java-7-openjdk-i386/jre/lib/i386/libnio.so
6aa2e000-6aa31000 ---p 00000000 00:00 0 
6aa31000-6aa7f000 rw-p 00000000 00:00 0          [stack:9397]
6aa7f000-6aa80000 ---p 00000000 00:00 0 
6aa80000-6ab00000 rw-p 00000000 00:00 0          [stack:9388]
6ab00000-6ab21000 rw-p 00000000 00:00 0 
6ab21000-6ac00000 ---p 00000000 00:00 0 
6ac01000-6ac15000 r--s 000d6000 08:01 26870748   /home/rafiqul/Documents/Software Engineering Project/spring2016_s1_cse404/AssetTrackingSystem__Android_Platform/app/build/intermediates/exploded-aar/com.android.support/support-v4/23.0.0/jars/classes.jar
6ac15000-6ac24000 r--s 000df000 08:01 9175179    /home/rafiqul/Android/Sdk/build-tools/23.0.1/lib/dx.jar
6ac24000-6ac7f000 rw-p 00000000 00:00 0 
6ac7f000-6ac80000 ---p 00000000 00:00 0 
6ac80000-6ad00000 rw-p 00000000 00:00 0          [stack:9387]
6ad00000-6ad22000 rw-p 00000000 00:00 0 
6ad22000-6ae00000 ---p 00000000 00:00 0 
6ae04000-6ae68000 rw-p 00000000 00:00 0 
6ae68000-6ae69000 ---p 00000000 00:00 0 
6ae69000-6aef1000 rw-p 00000000 00:00 0          [stack:9386]
6aef1000-6af29000 rw-p 00000000 00:00 0 
6af29000-6af3e000 rw-p 00000000 00:00 0 
6af3e000-6b07f000 rw-p 00000000 00:00 0 
6b07f000-6b087000 rw-p 00000000 00:00 0 
6b087000-6b0bf000 rw-p 00000000 00:00 0 
6b0bf000-6b0d4000 rw-p 00000000 00:00 0 
6b0d4000-6b214000 rw-p 00000000 00:00 0 
6b214000-6b236000 rw-p 00000000 00:00 0 
6b236000-6b2bf000 rw-p 00000000 00:00 0 
6b2bf000-6c2c0000 rw-p 00000000 00:00 0 
6c2c0000-732c0000 rw-p 00000000 00:00 0 
732c0000-75b80000 rw-p 00000000 00:00 0 
75b80000-9dd40000 rw-p 00000000 00:00 0 
9dd40000-a2040000 rw-p 00000000 00:00 0 
a74c0000-b32c0000 rw-p 00000000 00:00 0 
b32c1000-b32c4000 r-xp 00000000 08:01 3020364    /usr/lib/i386-linux-gnu/libgmodule-2.0.so.0.4000.0
b32c4000-b32c5000 r--p 00002000 08:01 3020364    /usr/lib/i386-linux-gnu/libgmodule-2.0.so.0.4000.0
b32c5000-b32c6000 rw-p 00003000 08:01 3020364    /usr/lib/i386-linux-gnu/libgmodule-2.0.so.0.4000.0
b32c6000-b32c8000 r--s 00006000 08:01 3412779    /usr/share/java/java-atk-wrapper.jar
b32c8000-b32cb000 r--s 0000f000 08:01 3412677    /usr/lib/jvm/java-7-openjdk-i386/jre/lib/ext/icedtea-sound.jar
b32cb000-b32d4000 rw-p 00000000 00:00 0 
b32d4000-b338b000 rw-p 00000000 00:00 0 
b338b000-b35cb000 rwxp 00000000 00:00 0 
b35cb000-b638b000 rw-p 00000000 00:00 0 
b638b000-b6396000 r-xp 00000000 08:01 25035815   /lib/i386-linux-gnu/libnss_files-2.19.so
b6396000-b6397000 r--p 0000a000 08:01 25035815   /lib/i386-linux-gnu/libnss_files-2.19.so
b6397000-b6398000 rw-p 0000b000 08:01 25035815   /lib/i386-linux-gnu/libnss_files-2.19.so
b6398000-b63a2000 r-xp 00000000 08:01 25035825   /lib/i386-linux-gnu/libnss_nis-2.19.so
b63a2000-b63a3000 r--p 00009000 08:01 25035825   /lib/i386-linux-gnu/libnss_nis-2.19.so
b63a3000-b63a4000 rw-p 0000a000 08:01 25035825   /lib/i386-linux-gnu/libnss_nis-2.19.so
b63a4000-b63b9000 r-xp 00000000 08:01 25035809   /lib/i386-linux-gnu/libnsl-2.19.so
b63b9000-b63ba000 r--p 00015000 08:01 25035809   /lib/i386-linux-gnu/libnsl-2.19.so
b63ba000-b63bb000 rw-p 00016000 08:01 25035809   /lib/i386-linux-gnu/libnsl-2.19.so
b63bb000-b63bd000 rw-p 00000000 00:00 0 
b63bd000-b63be000 r--s 00002000 08:01 3412674    /usr/lib/jvm/java-7-openjdk-i386/jre/lib/ext/dnsns.jar
b63be000-b63c0000 r--s 00012000 08:01 3412678    /usr/lib/jvm/java-7-openjdk-i386/jre/lib/ext/zipfs.jar
b63c0000-b63c4000 r--s 00034000 08:01 3412675    /usr/lib/jvm/java-7-openjdk-i386/jre/lib/ext/sunjce_provider.jar
b63c4000-b63c8000 r--s 00085000 08:01 3412673    /usr/lib/jvm/java-7-openjdk-i386/jre/lib/ext/localedata.jar
b63c8000-b63cc000 r--s 0003c000 08:01 3412676    /usr/lib/jvm/java-7-openjdk-i386/jre/lib/ext/sunpkcs11.jar
b63cc000-b63cd000 r--p 00855000 08:01 3022988    /usr/lib/locale/locale-archive
b63cd000-b63d5000 r-xp 00000000 08:01 3283403    /usr/lib/jvm/java-7-openjdk-i386/jre/lib/i386/libzip.so
b63d5000-b63d6000 r--p 00007000 08:01 3283403    /usr/lib/jvm/java-7-openjdk-i386/jre/lib/i386/libzip.so
b63d6000-b63d7000 rw-p 00008000 08:01 3283403    /usr/lib/jvm/java-7-openjdk-i386/jre/lib/i386/libzip.so
b63d7000-b63fe000 r-xp 00000000 08:01 3283435    /usr/lib/jvm/java-7-openjdk-i386/jre/lib/i386/libjava.so
b63fe000-b63ff000 r--p 00026000 08:01 3283435    /usr/lib/jvm/java-7-openjdk-i386/jre/lib/i386/libjava.so
b63ff000-b6400000 rw-p 00027000 08:01 3283435    /usr/lib/jvm/java-7-openjdk-i386/jre/lib/i386/libjava.so
b6400000-b6500000 rw-p 00000000 00:00 0 
b6500000-b6507000 r-xp 00000000 08:01 25035811   /lib/i386-linux-gnu/libnss_compat-2.19.so
b6507000-b6508000 r--p 00006000 08:01 25035811   /lib/i386-linux-gnu/libnss_compat-2.19.so
b6508000-b6509000 rw-p 00007000 08:01 25035811   /lib/i386-linux-gnu/libnss_compat-2.19.so
b6509000-b6510000 r-xp 00000000 08:01 25035868   /lib/i386-linux-gnu/librt-2.19.so
b6510000-b6511000 r--p 00006000 08:01 25035868   /lib/i386-linux-gnu/librt-2.19.so
b6511000-b6512000 rw-p 00007000 08:01 25035868   /lib/i386-linux-gnu/librt-2.19.so
b6512000-b6515000 ---p 00000000 00:00 0 
b6515000-b6563000 rw-p 00000000 00:00 0          [stack:9364]
b6563000-b657f000 r-xp 00000000 08:01 25035767   /lib/i386-linux-gnu/libgcc_s.so.1
b657f000-b6580000 rw-p 0001b000 08:01 25035767   /lib/i386-linux-gnu/libgcc_s.so.1
b6580000-b65c4000 r-xp 00000000 08:01 25035790   /lib/i386-linux-gnu/libm-2.19.so
b65c4000-b65c5000 r--p 00043000 08:01 25035790   /lib/i386-linux-gnu/libm-2.19.so
b65c5000-b65c6000 rw-p 00044000 08:01 25035790   /lib/i386-linux-gnu/libm-2.19.so
b65c6000-b66a2000 r-xp 00000000 08:01 3018897    /usr/lib/i386-linux-gnu/libstdc++.so.6.0.19
b66a2000-b66a6000 r--p 000dc000 08:01 3018897    /usr/lib/i386-linux-gnu/libstdc++.so.6.0.19
b66a6000-b66a7000 rw-p 000e0000 08:01 3018897    /usr/lib/i386-linux-gnu/libstdc++.so.6.0.19
b66a7000-b66ae000 rw-p 00000000 00:00 0 
b66ae000-b709d000 r-xp 00000000 08:01 3412663    /usr/lib/jvm/java-7-openjdk-i386/jre/lib/i386/server/libjvm.so
b709d000-b70ef000 r--p 009ee000 08:01 3412663    /usr/lib/jvm/java-7-openjdk-i386/jre/lib/i386/server/libjvm.so
b70ef000-b7103000 rw-p 00a40000 08:01 3412663    /usr/lib/jvm/java-7-openjdk-i386/jre/lib/i386/server/libjvm.so
b7103000-b7521000 rw-p 00000000 00:00 0 
b7521000-b7539000 r-xp 00000000 08:01 25035903   /lib/i386-linux-gnu/libz.so.1.2.8
b7539000-b753a000 r--p 00017000 08:01 25035903   /lib/i386-linux-gnu/libz.so.1.2.8
b753a000-b753b000 rw-p 00018000 08:01 25035903   /lib/i386-linux-gnu/libz.so.1.2.8
b753b000-b7553000 r-xp 00000000 08:01 25035860   /lib/i386-linux-gnu/libpthread-2.19.so
b7553000-b7554000 r--p 00017000 08:01 25035860   /lib/i386-linux-gnu/libpthread-2.19.so
b7554000-b7555000 rw-p 00018000 08:01 25035860   /lib/i386-linux-gnu/libpthread-2.19.so
b7555000-b7557000 rw-p 00000000 00:00 0 
b7557000-b755a000 r-xp 00000000 08:01 25035757   /lib/i386-linux-gnu/libdl-2.19.so
b755a000-b755b000 r--p 00002000 08:01 25035757   /lib/i386-linux-gnu/libdl-2.19.so
b755b000-b755c000 rw-p 00003000 08:01 25035757   /lib/i386-linux-gnu/libdl-2.19.so
b755c000-b7705000 r-xp 00000000 08:01 25035740   /lib/i386-linux-gnu/libc-2.19.so
b7705000-b7707000 r--p 001a9000 08:01 25035740   /lib/i386-linux-gnu/libc-2.19.so
b7707000-b7708000 rw-p 001ab000 08:01 25035740   /lib/i386-linux-gnu/libc-2.19.so
b7708000-b770b000 rw-p 00000000 00:00 0 
b770b000-b7713000 rw-s 00000000 08:01 16646320   /tmp/hsperfdata_rafiqul/9352
b7713000-b7714000 rw-p 00000000 00:00 0 
b7714000-b7715000 ---p 00000000 00:00 0 
b7715000-b7723000 r-xp 00000000 08:01 3283418    /usr/lib/jvm/java-7-openjdk-i386/jre/lib/i386/libverify.so
b7723000-b7724000 r--p 0000d000 08:01 3283418    /usr/lib/jvm/java-7-openjdk-i386/jre/lib/i386/libverify.so
b7724000-b7725000 rw-p 0000e000 08:01 3283418    /usr/lib/jvm/java-7-openjdk-i386/jre/lib/i386/libverify.so
b7725000-b7731000 r-xp 00000000 08:01 3283406    /usr/lib/jvm/java-7-openjdk-i386/jre/lib/i386/jli/libjli.so
b7731000-b7732000 r--p 0000c000 08:01 3283406    /usr/lib/jvm/java-7-openjdk-i386/jre/lib/i386/jli/libjli.so
b7732000-b7733000 rw-p 0000d000 08:01 3283406    /usr/lib/jvm/java-7-openjdk-i386/jre/lib/i386/jli/libjli.so
b7733000-b7736000 rw-p 00000000 00:00 0 
b7736000-b7737000 r-xp 00000000 00:00 0          [vdso]
b7737000-b7757000 r-xp 00000000 08:01 25035716   /lib/i386-linux-gnu/ld-2.19.so
b7757000-b7758000 r--p 0001f000 08:01 25035716   /lib/i386-linux-gnu/ld-2.19.so
b7758000-b7759000 rw-p 00020000 08:01 25035716   /lib/i386-linux-gnu/ld-2.19.so
bfa3c000-bfa3d000 rwxp 00000000 00:00 0 
bfa6f000-bfa90000 rw-p 00000000 00:00 0          [stack]

VM Arguments:
jvm_args: -Xmx1024M -Dfile.encoding=UTF-8 -Duser.country=US -Duser.language=en -Duser.variant 
java_command: com.android.dx.command.Main --dex --num-threads=4 --output /home/rafiqul/Documents/Software Engineering Project/spring2016_s1_cse404/AssetTrackingSystem__Android_Platform/app/build/intermediates/pre-dexed/debug/classes-4f0c7eb904846bd1a6235e70f11da521d97d6b6d.jar /home/rafiqul/Documents/Software Engineering Project/spring2016_s1_cse404/AssetTrackingSystem__Android_Platform/app/build/intermediates/exploded-aar/com.android.support/support-v4/23.0.0/jars/classes.jar
Launcher Type: SUN_STANDARD

Environment Variables:
JAVA_HOME=/usr/lib/jvm/java-8-oracle
PATH=/usr/local/sbin:/usr/local/bin:/usr/sbin:/usr/bin:/sbin:/bin:/usr/games:/usr/local/games:/usr/lib/jvm/java-8-oracle/bin:/usr/lib/jvm/java-8-oracle/db/bin:/usr/lib/jvm/java-8-oracle/jre/bin
LD_LIBRARY_PATH=/home/rafiqul/android-studio/bin:
SHELL=/bin/bash
DISPLAY=:0

Signal Handlers:
SIGSEGV: [libjvm.so+0x80cb90], sa_mask[0]=0x7ffbfeff, sa_flags=0x10000004
SIGBUS: [libjvm.so+0x80cb90], sa_mask[0]=0x7ffbfeff, sa_flags=0x10000004
SIGFPE: [libjvm.so+0x684e30], sa_mask[0]=0x7ffbfeff, sa_flags=0x10000004
SIGPIPE: [libjvm.so+0x684e30], sa_mask[0]=0x7ffbfeff, sa_flags=0x10000004
SIGXFSZ: [libjvm.so+0x684e30], sa_mask[0]=0x7ffbfeff, sa_flags=0x10000004
SIGILL: [libjvm.so+0x684e30], sa_mask[0]=0x7ffbfeff, sa_flags=0x10000004
SIGUSR1: SIG_DFL, sa_mask[0]=0x00000000, sa_flags=0x00000000
SIGUSR2: [libjvm.so+0x684cc0], sa_mask[0]=0x00000004, sa_flags=0x10000004
SIGHUP: [libjvm.so+0x684ef0], sa_mask[0]=0x7ffbfeff, sa_flags=0x10000004
SIGINT: [libjvm.so+0x684ef0], sa_mask[0]=0x7ffbfeff, sa_flags=0x10000004
SIGTERM: [libjvm.so+0x684ef0], sa_mask[0]=0x7ffbfeff, sa_flags=0x10000004
SIGQUIT: 