#
# There is insufficient memory for the Java Runtime Environment to continue.
# Native memory allocation (malloc) failed to allocate 32505856 bytes for committing reserved memory.
# Possible reasons:
#   The system is out of physical RAM or swap space
#   In 32 bit mode, the process size limit was hit
# Possible solutions:
#   Reduce memory load on the system
#   Increase physical memory or swap space
#   Check if swap backing store is full
#   Use 64 bit Java on a 64 bit OS
#   Decrease Java heap size (-Xmx/-Xms)
#   Decrease number of Java threads
#   Decrease Java thread stack sizes (-Xss)
#   Set larger code cache with -XX:ReservedCodeCacheSize=
# This output file may be truncated or incomplete.
#
#  Out of Memory Error (os_linux.cpp:2809), pid=5804, tid=1742531392
#
# JRE version: OpenJDK Runtime Environment (7.0_79-b14) (build 1.7.0_79-b14)
# Java VM: OpenJDK Server VM (24.79-b02 mixed mode linux-x86 )
# Derivative: IcedTea 2.5.6
# Distribution: Ubuntu 14.04 LTS, package 7u79-2.5.6-0ubuntu1.14.04.1
# Failed to write core dump. Core dumps have been disabled. To enable core dumping, try "ulimit -c unlimited" before starting Java again
#

---------------  T H R E A D  ---------------

Current thread (0x67c80400):  VMThread [stack: 0x67d4e000,0x67dcf000] [id=5838]

Stack: [0x67d4e000,0x67dcf000]
VM_Operation (0x67079ab8): ParallelGCFailedAllocation, mode: safepoint, requested by thread 0x67455c00


---------------  P R O C E S S  ---------------

Java Threads: ( => current thread )
  0x67459c00 JavaThread "pool-1-thread-4" [_thread_blocked, id=5876, stack(0x66f88000,0x66fd9000)]
  0x67457800 JavaThread "pool-1-thread-3" [_thread_blocked, id=5875, stack(0x66fd9000,0x6702a000)]
  0x67455c00 JavaThread "pool-1-thread-2" [_thread_blocked, id=5874, stack(0x6702a000,0x6707b000)]
  0x67454400 JavaThread "pool-2-thread-1" [_thread_blocked, id=5873, stack(0x6707b000,0x670cc000)]
  0x67453c00 JavaThread "pool-1-thread-1" [_thread_blocked, id=5872, stack(0x670cc000,0x6711d000)]
  0x67c9d000 JavaThread "Service Thread" daemon [_thread_blocked, id=5855, stack(0x6760b000,0x6765c000)]
  0x67c9b400 JavaThread "C2 CompilerThread1" daemon [_thread_blocked, id=5854, stack(0x6765c000,0x676dd000)]
  0x67c99400 JavaThread "C2 CompilerThread0" daemon [_thread_blocked, id=5853, stack(0x676dd000,0x6775e000)]
  0x67c97c00 JavaThread "Signal Dispatcher" daemon [_thread_blocked, id=5852, stack(0x6775e000,0x677af000)]
  0x67c84800 JavaThread "Finalizer" daemon [_thread_blocked, id=5841, stack(0x679af000,0x67a00000)]
  0x67c83000 JavaThread "Reference Handler" daemon [_thread_blocked, id=5840, stack(0x6a92e000,0x6a97f000)]
  0xb6407c00 JavaThread "main" [_thread_blocked, id=5818, stack(0xb65bb000,0xb660c000)]

Other Threads:
=>0x67c80400 VMThread [stack: 0x67d4e000,0x67dcf000] [id=5838]
  0x67c9ec00 WatcherThread [stack: 0x6758a000,0x6760b000] [id=5856]

VM state:at safepoint (normal execution)

VM Mutex/Monitor currently owned by a thread:  ([mutex/lock_event])
[0xb6405360] Threads_lock - owner thread: 0x67c80400
[0xb6405770] Heap_lock - owner thread: 0x67455c00

Heap
 PSYoungGen      total 34304K, used 2552K [0x9ddc0000, 0xa01c0000, 0xb3340000)
  eden space 31744K, 0% used [0x9ddc0000,0x9ddc0000,0x9fcc0000)
  from space 2560K, 99% used [0x9fcc0000,0x9ff3e0b0,0x9ff40000)
  to   space 2560K, 0% used [0x9ff40000,0x9ff40000,0xa01c0000)
 ParOldGen       total 41728K, used 8584K [0x73340000, 0x75c00000, 0x9ddc0000)
  object space 41728K, 20% used [0x73340000,0x73ba21d8,0x75c00000)
 PSPermGen       total 16384K, used 4107K [0x6b340000, 0x6c340000, 0x73340000)
  object space 16384K, 25% used [0x6b340000,0x6b742c08,0x6c340000)

Card table byte_map: [0x6b0ff000,0x6b340000] byte_map_base: 0x6ada5600

Polling page: 0xb77bc000

Code Cache  [0xb3400000, 0xb3640000, 0xb6400000)
 total_blobs=344 nmethods=221 adapters=76 free_code_cache=48396Kb largest_free_block=49505536

Compilation events (10 events):
Event: 9.052 Thread 0x67c9b400 nmethod 206 0xb34c1b88 code [0xb34c2060, 0xb34c5120]
Event: 9.052 Thread 0x67c9b400  219             java.util.ArrayList$SubList::checkForComodification (23 bytes)
Event: 9.144 Thread 0x67c9b400 nmethod 219 0xb34a9208 code [0xb34a9300, 0xb34a9370]
Event: 9.145 Thread 0x67c9b400  220             com.android.dx.ssa.SsaRenamer::access$000 (5 bytes)
Event: 9.145 Thread 0x67c9b400 nmethod 220 0xb34a9048 code [0xb34a9140, 0xb34a9190]
Event: 9.145 Thread 0x67c9b400  221             java.util.HashMap::containsKey (14 bytes)
Event: 9.172 Thread 0x67c9b400 nmethod 221 0xb34a0608 code [0xb34a0720, 0xb34a08dc]
Event: 9.172 Thread 0x67c9b400  222             com.android.dx.rop.code.PlainInsn::<init> (73 bytes)
Event: 9.218 Thread 0x67c9b400 nmethod 222 0xb34aa808 code [0xb34aa900, 0xb34aaa10]
Event: 9.218 Thread 0x67c9b400  223             com.android.dx.util.IntList::mutableCopy (39 bytes)

GC Heap History (5 events):
Event: 1.816 GC heap before
{Heap before GC invocations=1 (full 0):
 PSYoungGen      total 18432K, used 15872K [0x9ddc0000, 0x9f240000, 0xb3340000)
  eden space 15872K, 100% used [0x9ddc0000,0x9ed40000,0x9ed40000)
  from space 2560K, 0% used [0x9efc0000,0x9efc0000,0x9f240000)
  to   space 2560K, 0% used [0x9ed40000,0x9ed40000,0x9efc0000)
 ParOldGen       total 41728K, used 0K [0x73340000, 0x75c00000, 0x9ddc0000)
  object space 41728K, 0% used [0x73340000,0x73340000,0x75c00000)
 PSPermGen       total 16384K, used 3978K [0x6b340000, 0x6c340000, 0x73340000)
  object space 16384K, 24% used [0x6b340000,0x6b722bf0,0x6c340000)
Event: 1.968 GC heap after
Heap after GC invocations=1 (full 0):
 PSYoungGen      total 18432K, used 2553K [0x9ddc0000, 0xa01c0000, 0xb3340000)
  eden space 15872K, 0% used [0x9ddc0000,0x9ddc0000,0x9ed40000)
  from space 2560K, 99% used [0x9ed40000,0x9efbe5b0,0x9efc0000)
  to   space 2560K, 0% used [0x9ff40000,0x9ff40000,0xa01c0000)
 ParOldGen       total 41728K, used 1374K [0x73340000, 0x75c00000, 0x9ddc0000)
  object space 41728K, 3% used [0x73340000,0x73497be0,0x75c00000)
 PSPermGen       total 16384K, used 3978K [0x6b340000, 0x6c340000, 0x73340000)
  object space 16384K, 24% used [0x6b340000,0x6b722bf0,0x6c340000)
}
Event: 3.690 GC heap before
{Heap before GC invocations=2 (full 0):
 PSYoungGen      total 18432K, used 18425K [0x9ddc0000, 0xa01c0000, 0xb3340000)
  eden space 15872K, 100% used [0x9ddc0000,0x9ed40000,0x9ed40000)
  from space 2560K, 99% used [0x9ed40000,0x9efbe5b0,0x9efc0000)
  to   space 2560K, 0% used [0x9ff40000,0x9ff40000,0xa01c0000)
 ParOldGen       total 41728K, used 1374K [0x73340000, 0x75c00000, 0x9ddc0000)
  object space 41728K, 3% used [0x73340000,0x73497be0,0x75c00000)
 PSPermGen       total 16384K, used 4068K [0x6b340000, 0x6c340000, 0x73340000)
  object space 16384K, 24% used [0x6b340000,0x6b7391a0,0x6c340000)
Event: 3.849 GC heap after
Heap after GC invocations=2 (full 0):
 PSYoungGen      total 34304K, used 2558K [0x9ddc0000, 0xa01c0000, 0xb3340000)
  eden space 31744K, 0% used [0x9ddc0000,0x9ddc0000,0x9fcc0000)
  from space 2560K, 99% used [0x9ff40000,0xa01bf9c8,0xa01c0000)
  to   space 2560K, 0% used [0x9fcc0000,0x9fcc0000,0x9ff40000)
 ParOldGen       total 41728K, used 3766K [0x73340000, 0x75c00000, 0x9ddc0000)
  object space 41728K, 9% used [0x73340000,0x736edb78,0x75c00000)
 PSPermGen       total 16384K, used 4068K [0x6b340000, 0x6c340000, 0x73340000)
  object space 16384K, 24% used [0x6b340000,0x6b7391a0,0x6c340000)
}
Event: 12.485 GC heap before
{Heap before GC invocations=3 (full 0):
 PSYoungGen      total 34304K, used 34302K [0x9ddc0000, 0xa01c0000, 0xb3340000)
  eden space 31744K, 100% used [0x9ddc0000,0x9fcc0000,0x9fcc0000)
  from space 2560K, 99% used [0x9ff40000,0xa01bf9c8,0xa01c0000)
  to   space 2560K, 0% used [0x9fcc0000,0x9fcc0000,0x9ff40000)
 ParOldGen       total 41728K, used 3766K [0x73340000, 0x75c00000, 0x9ddc0000)
  object space 41728K, 9% used [0x73340000,0x736edb78,0x75c00000)
 PSPermGen       total 16384K, used 4107K [0x6b340000, 0x6c340000, 0x73340000)
  object space 16384K, 25% used [0x6b340000,0x6b742c08,0x6c340000)

Deoptimization events (3 events):
Event: 1.156 Thread 0x67455c00 Uncommon trap: reason=null_check action=make_not_entrant pc=0xb3458cec method=com.android.dx.rop.code.LocalItem.equals(Ljava/lang/Object;)Z @ 1
Event: 2.962 Thread 0x67455c00 Uncommon trap: reason=null_check action=make_not_entrant pc=0xb346de50 method=com.android.dx.rop.type.Type.equals(Ljava/lang/Object;)Z @ 8
Event: 7.138 Thread 0xb6407c00 Uncommon trap: reason=unreached action=reinterpret pc=0xb34a2a24 method=com.android.dx.ssa.SsaRenamer$BlockRenamer.process()V @ 90

Internal exceptions (10 events):
Event: 1.005 Thread 0x67455c00 Threw 0x9e6be5c0 at /build/openjdk-7-OXg_HK/openjdk-7-7u79-2.5.6/build/openjdk/hotspot/src/share/vm/prims/jvm.cpp:1284
Event: 1.006 Thread 0x67455c00 Threw 0x9e6c4478 at /build/openjdk-7-OXg_HK/openjdk-7-7u79-2.5.6/build/openjdk/hotspot/src/share/vm/prims/jvm.cpp:1284
Event: 1.007 Thread 0x67455c00 Threw 0x9e6ca060 at /build/openjdk-7-OXg_HK/openjdk-7-7u79-2.5.6/build/openjdk/hotspot/src/share/vm/prims/jvm.cpp:1284
Event: 1.156 Thread 0x67455c00 Implicit null exception at 0xb3458afc to 0xb3458ccd
Event: 1.241 Thread 0x67455c00 Threw 0x9ea4bce0 at /build/openjdk-7-OXg_HK/openjdk-7-7u79-2.5.6/build/openjdk/hotspot/src/share/vm/prims/jvm.cpp:1284
Event: 1.376 Thread 0xb6407c00 Threw 0x9e9ed0d0 at /build/openjdk-7-OXg_HK/openjdk-7-7u79-2.5.6/build/openjdk/hotspot/src/share/vm/prims/jvm.cpp:1284
Event: 1.709 Thread 0xb6407c00 Threw 0x9ec1e090 at /build/openjdk-7-OXg_HK/openjdk-7-7u79-2.5.6/build/openjdk/hotspot/src/share/vm/prims/jvm.cpp:1284
Event: 1.709 Thread 0xb6407c00 Threw 0x9ec20b08 at /build/openjdk-7-OXg_HK/openjdk-7-7u79-2.5.6/build/openjdk/hotspot/src/share/vm/prims/jvm.cpp:1284
Event: 1.750 Thread 0xb6407c00 Threw 0x9ec434a8 at /build/openjdk-7-OXg_HK/openjdk-7-7u79-2.5.6/build/openjdk/hotspot/src/share/vm/prims/jvm.cpp:1284
Event: 2.962 Thread 0x67455c00 Implicit null exception at 0xb346dd6b to 0xb346de42

Events (10 events):
Event: 4.178 Executing VM operation: EnableBiasedLocking
Event: 4.191 Executing VM operation: EnableBiasedLocking done
Event: 5.916 Thread 0x67c99400 flushing nmethod 0xb3458748
Event: 7.138 Thread 0xb6407c00 Uncommon trap: trap_request=0xffffffad fr.pc=0xb34a2a24
Event: 7.138 Thread 0xb6407c00 DEOPT PACKING pc=0xb34a2a24 sp=0xb660a7e0
Event: 7.138 Thread 0xb6407c00 DEOPT UNPACKING pc=0xb342cbc8 sp=0xb660a7ec mode 2
Event: 7.713 Thread 0x67c99400 flushing nmethod 0xb346dc48
Event: 10.574 Executing VM operation: ParallelGCFailedAllocation
Event: 10.574 loading class 0x67cf8f80
Event: 11.424 loading class 0x67cf8f80 done


Dynamic libraries:
08048000-08049000 r-xp 00000000 08:01 3412725    /usr/lib/jvm/java-7-openjdk-i386/jre/bin/java
08049000-0804a000 r--p 00000000 08:01 3412725    /usr/lib/jvm/java-7-openjdk-i386/jre/bin/java
0804a000-0804b000 rw-p 00001000 08:01 3412725    /usr/lib/jvm/java-7-openjdk-i386/jre/bin/java
08bcf000-08c4d000 rw-p 00000000 00:00 0          [heap]
65d00000-65d29000 rw-p 00000000 00:00 0 
65d29000-65e00000 ---p 00000000 00:00 0 
65f00000-65ffc000 rw-p 00000000 00:00 0 
65ffc000-66000000 ---p 00000000 00:00 0 
66000000-660fc000 rw-p 00000000 00:00 0 
660fc000-66100000 ---p 00000000 00:00 0 
66100000-661f8000 rw-p 00000000 00:00 0 
661f8000-66200000 ---p 00000000 00:00 0 
66200000-662fb000 rw-p 00000000 00:00 0 
662fb000-66300000 ---p 00000000 00:00 0 
66400000-664f9000 rw-p 00000000 00:00 0 
664f9000-66500000 ---p 00000000 00:00 0 
66500000-665f3000 rw-p 00000000 00:00 0 
665f3000-66600000 ---p 00000000 00:00 0 
66600000-666f8000 rw-p 00000000 00:00 0 
666f8000-66700000 ---p 00000000 00:00 0 
66700000-667f2000 rw-p 00000000 00:00 0 
667f2000-66800000 ---p 00000000 00:00 0 
66800000-668fd000 rw-p 00000000 00:00 0 
668fd000-66900000 ---p 00000000 00:00 0 
66a00000-66af9000 rw-p 00000000 00:00 0 
66af9000-66b00000 ---p 00000000 00:00 0 
66b00000-66bb6000 rw-p 00000000 00:00 0 
66bb6000-66c00000 ---p 00000000 00:00 0 
66c00000-66cfb000 rw-p 00000000 00:00 0 
66cfb000-66d00000 ---p 00000000 00:00 0 
66e00000-66efa000 rw-p 00000000 00:00 0 
66efa000-66f00000 ---p 00000000 00:00 0 
66f88000-66f8b000 ---p 00000000 00:00 0 
66f8b000-66fd9000 rw-p 00000000 00:00 0          [stack:5876]
66fd9000-66fdc000 ---p 00000000 00:00 0 
66fdc000-6702a000 rw-p 00000000 00:00 0          [stack:5875]
6702a000-6702d000 ---p 00000000 00:00 0 
6702d000-6707b000 rw-p 00000000 00:00 0          [stack:5874]
6707b000-6707e000 ---p 00000000 00:00 0 
6707e000-670cc000 rw-p 00000000 00:00 0          [stack:5873]
670cc000-670cf000 ---p 00000000 00:00 0 
670cf000-6711d000 rw-p 00000000 00:00 0          [stack:5872]
6711d000-67159000 r-xp 00000000 08:01 25035843   /lib/i386-linux-gnu/libpcre.so.3.13.1
67159000-6715a000 r--p 0003b000 08:01 25035843   /lib/i386-linux-gnu/libpcre.so.3.13.1
6715a000-6715b000 rw-p 0003c000 08:01 25035843   /lib/i386-linux-gnu/libpcre.so.3.13.1
6715b000-6716e000 r-xp 00000000 08:01 25035866   /lib/i386-linux-gnu/libresolv-2.19.so
6716e000-6716f000 ---p 00013000 08:01 25035866   /lib/i386-linux-gnu/libresolv-2.19.so
6716f000-67170000 r--p 00013000 08:01 25035866   /lib/i386-linux-gnu/libresolv-2.19.so
67170000-67171000 rw-p 00014000 08:01 25035866   /lib/i386-linux-gnu/libresolv-2.19.so
67171000-67173000 rw-p 00000000 00:00 0 
67173000-6727d000 r-xp 00000000 08:01 25035771   /lib/i386-linux-gnu/libglib-2.0.so.0.4000.0
6727d000-6727e000 r--p 00109000 08:01 25035771   /lib/i386-linux-gnu/libglib-2.0.so.0.4000.0
6727e000-6727f000 rw-p 0010a000 08:01 25035771   /lib/i386-linux-gnu/libglib-2.0.so.0.4000.0
6727f000-673fc000 r-xp 00000000 08:01 3020350    /usr/lib/i386-linux-gnu/libgio-2.0.so.0.4000.0
673fc000-673fe000 r--p 0017c000 08:01 3020350    /usr/lib/i386-linux-gnu/libgio-2.0.so.0.4000.0
673fe000-673ff000 rw-p 0017e000 08:01 3020350    /usr/lib/i386-linux-gnu/libgio-2.0.so.0.4000.0
673ff000-67400000 rw-p 00000000 00:00 0 
67400000-6747e000 rw-p 00000000 00:00 0 
6747e000-67500000 ---p 00000000 00:00 0 
67515000-67535000 r-xp 00000000 08:01 25035870   /lib/i386-linux-gnu/libselinux.so.1
67535000-67536000 r--p 0001f000 08:01 25035870   /lib/i386-linux-gnu/libselinux.so.1
67536000-67537000 rw-p 00020000 08:01 25035870   /lib/i386-linux-gnu/libselinux.so.1
67537000-67538000 rw-p 00000000 00:00 0 
67538000-67588000 r-xp 00000000 08:01 3020380    /usr/lib/i386-linux-gnu/libgobject-2.0.so.0.4000.0
67588000-67589000 r--p 0004f000 08:01 3020380    /usr/lib/i386-linux-gnu/libgobject-2.0.so.0.4000.0
67589000-6758a000 rw-p 00050000 08:01 3020380    /usr/lib/i386-linux-gnu/libgobject-2.0.so.0.4000.0
6758a000-6758b000 ---p 00000000 00:00 0 
6758b000-6760b000 rw-p 00000000 00:00 0          [stack:5856]
6760b000-6760e000 ---p 00000000 00:00 0 
6760e000-6765c000 rw-p 00000000 00:00 0          [stack:5855]
6765c000-6765f000 ---p 00000000 00:00 0 
6765f000-676dd000 rw-p 00000000 00:00 0          [stack:5854]
676dd000-676e0000 ---p 00000000 00:00 0 
676e0000-6775e000 rw-p 00000000 00:00 0          [stack:5853]
6775e000-67761000 ---p 00000000 00:00 0 
67761000-677af000 rw-p 00000000 00:00 0          [stack:5852]
677af000-679af000 r--p 00000000 08:01 3022988    /usr/lib/locale/locale-archive
679af000-679b2000 ---p 00000000 00:00 0 
679b2000-67a00000 rw-p 00000000 00:00 0          [stack:5841]
67a00000-67afd000 rw-p 00000000 00:00 0 
67afd000-67b00000 ---p 00000000 00:00 0 
67b00000-67b21000 rw-p 00000000 00:00 0 
67b21000-67c00000 ---p 00000000 00:00 0 
67c00000-67d00000 rw-p 00000000 00:00 0 
67d0c000-67d4e000 r--p 00858000 08:01 3022988    /usr/lib/locale/locale-archive
67d4e000-67d4f000 ---p 00000000 00:00 0 
67d4f000-67dcf000 rw-p 00000000 00:00 0          [stack:5838]
67dcf000-67f80000 r--s 01d29000 08:01 3283391    /usr/lib/jvm/java-7-openjdk-i386/jre/lib/rt.jar
67f80000-6a800000 rw-p 00000000 00:00 0 
6a800000-6a8ff000 rw-p 00000000 00:00 0 
6a8ff000-6a900000 ---p 00000000 00:00 0 
6a90e000-6a913000 r-xp 00000000 08:01 3020247    /usr/lib/i386-linux-gnu/libffi.so.6.0.1
6a913000-6a914000 r--p 00005000 08:01 3020247    /usr/lib/i386-linux-gnu/libffi.so.6.0.1
6a914000-6a915000 rw-p 00006000 08:01 3020247    /usr/lib/i386-linux-gnu/libffi.so.6.0.1
6a92e000-6a931000 ---p 00000000 00:00 0 
6a931000-6a97f000 rw-p 00000000 00:00 0          [stack:5840]
6a97f000-6a980000 ---p 00000000 00:00 0 
6a980000-6aa00000 rw-p 00000000 00:00 0          [stack:5827]
6aa00000-6aa21000 rw-p 00000000 00:00 0 
6aa21000-6ab00000 ---p 00000000 00:00 0 
6ab00000-6ab21000 rw-p 00000000 00:00 0 
6ab21000-6ac00000 ---p 00000000 00:00 0 
6ac05000-6ac08000 r-xp 00000000 08:01 3020364    /usr/lib/i386-linux-gnu/libgmodule-2.0.so.0.4000.0
6ac08000-6ac09000 r--p 00002000 08:01 3020364    /usr/lib/i386-linux-gnu/libgmodule-2.0.so.0.4000.0
6ac09000-6ac0a000 rw-p 00003000 08:01 3020364    /usr/lib/i386-linux-gnu/libgmodule-2.0.so.0.4000.0
6ac0a000-6ac21000 r-xp 00000000 08:01 3283427    /usr/lib/jvm/java-7-openjdk-i386/jre/lib/i386/libnet.so
6ac21000-6ac22000 r--p 00017000 08:01 3283427    /usr/lib/jvm/java-7-openjdk-i386/jre/lib/i386/libnet.so
6ac22000-6ac23000 rw-p 00018000 08:01 3283427    /usr/lib/jvm/java-7-openjdk-i386/jre/lib/i386/libnet.so
6ac23000-6ac34000 r-xp 00000000 08:01 3283432    /usr/lib/jvm/java-7-openjdk-i386/jre/lib/i386/libnio.so
6ac34000-6ac35000 r--p 00010000 08:01 3283432    /usr/lib/jvm/java-7-openjdk-i386/jre/lib/i386/libnio.so
6ac35000-6ac36000 rw-p 00011000 08:01 3283432    /usr/lib/jvm/java-7-openjdk-i386/jre/lib/i386/libnio.so
6ac36000-6ac7f000 rw-p 00000000 00:00 0 
6ac7f000-6ac80000 ---p 00000000 00:00 0 
6ac80000-6ad00000 rw-p 00000000 00:00 0          [stack:5826]
6ad00000-6ad36000 rw-p 00000000 00:00 0 
6ad36000-6ae00000 ---p 00000000 00:00 0 
6ae03000-6ae0c000 r--s 00083000 08:01 26870344   /home/rafiqul/Documents/Software Engineering Project/spring2016_s1_cse404/AssetTrackingSystem__Android_Platform/app/build/intermediates/exploded-aar/com.android.support/appcompat-v7/23.0.0/jars/classes.jar
6ae0c000-6ae67000 rw-p 00000000 00:00 0 
6ae67000-6ae68000 ---p 00000000 00:00 0 
6ae68000-6aee8000 rw-p 00000000 00:00 0          [stack:5825]
6aee8000-6aee9000 ---p 00000000 00:00 0 
6aee9000-6af71000 rw-p 00000000 00:00 0          [stack:5824]
6af71000-6afa9000 rw-p 00000000 00:00 0 
6afa9000-6afbe000 rw-p 00000000 00:00 0 
6afbe000-6b0ff000 rw-p 00000000 00:00 0 
6b0ff000-6b107000 rw-p 00000000 00:00 0 
6b107000-6b13f000 rw-p 00000000 00:00 0 
6b13f000-6b154000 rw-p 00000000 00:00 0 
6b154000-6b294000 rw-p 00000000 00:00 0 
6b294000-6b2a7000 rw-p 00000000 00:00 0 
6b2a7000-6b33f000 rw-p 00000000 00:00 0 
6b33f000-6c340000 rw-p 00000000 00:00 0 
6c340000-73340000 rw-p 00000000 00:00 0 
73340000-75c00000 rw-p 00000000 00:00 0 
75c00000-9ddc0000 rw-p 00000000 00:00 0 
9ddc0000-a01c0000 rw-p 00000000 00:00 0 
a20c0000-b3340000 rw-p 00000000 00:00 0 
b3340000-b3349000 rw-p 00000000 00:00 0 
b3349000-b3400000 rw-p 00000000 00:00 0 
b3400000-b3640000 rwxp 00000000 00:00 0 
b3640000-b6500000 rw-p 00000000 00:00 0 
b6504000-b6513000 r--s 000df000 08:01 9175179    /home/rafiqul/Android/Sdk/build-tools/23.0.1/lib/dx.jar
b6513000-b6514000 r--s 00002000 08:01 3412674    /usr/lib/jvm/java-7-openjdk-i386/jre/lib/ext/dnsns.jar
b6514000-b6516000 r--s 00006000 08:01 3412779    /usr/share/java/java-atk-wrapper.jar
b6516000-b651a000 r--s 00034000 08:01 3412675    /usr/lib/jvm/java-7-openjdk-i386/jre/lib/ext/sunjce_provider.jar
b651a000-b6535000 rw-p 00000000 00:00 0 
b6535000-b6540000 r-xp 00000000 08:01 25035815   /lib/i386-linux-gnu/libnss_files-2.19.so
b6540000-b6541000 r--p 0000a000 08:01 25035815   /lib/i386-linux-gnu/libnss_files-2.19.so
b6541000-b6542000 rw-p 0000b000 08:01 25035815   /lib/i386-linux-gnu/libnss_files-2.19.so
b6542000-b654c000 r-xp 00000000 08:01 25035825   /lib/i386-linux-gnu/libnss_nis-2.19.so
b654c000-b654d000 r--p 00009000 08:01 25035825   /lib/i386-linux-gnu/libnss_nis-2.19.so
b654d000-b654e000 rw-p 0000a000 08:01 25035825   /lib/i386-linux-gnu/libnss_nis-2.19.so
b654e000-b6563000 r-xp 00000000 08:01 25035809   /lib/i386-linux-gnu/libnsl-2.19.so
b6563000-b6564000 r--p 00015000 08:01 25035809   /lib/i386-linux-gnu/libnsl-2.19.so
b6564000-b6565000 rw-p 00016000 08:01 25035809   /lib/i386-linux-gnu/libnsl-2.19.so
b6565000-b6567000 rw-p 00000000 00:00 0 
b6567000-b656e000 r-xp 00000000 08:01 25035811   /lib/i386-linux-gnu/libnss_compat-2.19.so
b656e000-b656f000 r--p 00006000 08:01 25035811   /lib/i386-linux-gnu/libnss_compat-2.19.so
b656f000-b6570000 rw-p 00007000 08:01 25035811   /lib/i386-linux-gnu/libnss_compat-2.19.so
b6570000-b6573000 r--s 0000f000 08:01 3412677    /usr/lib/jvm/java-7-openjdk-i386/jre/lib/ext/icedtea-sound.jar
b6573000-b6577000 r--s 00085000 08:01 3412673    /usr/lib/jvm/java-7-openjdk-i386/jre/lib/ext/localedata.jar
b6577000-b657f000 r-xp 00000000 08:01 3283403    /usr/lib/jvm/java-7-openjdk-i386/jre/lib/i386/libzip.so
b657f000-b6580000 r--p 00007000 08:01 3283403    /usr/lib/jvm/java-7-openjdk-i386/jre/lib/i386/libzip.so
b6580000-b6581000 rw-p 00008000 08:01 3283403    /usr/lib/jvm/java-7-openjdk-i386/jre/lib/i386/libzip.so
b6581000-b6589000 rw-s 00000000 08:01 16777241   /tmp/hsperfdata_rafiqul/5804
b6589000-b65b0000 r-xp 00000000 08:01 3283435    /usr/lib/jvm/java-7-openjdk-i386/jre/lib/i386/libjava.so
b65b0000-b65b1000 r--p 00026000 08:01 3283435    /usr/lib/jvm/java-7-openjdk-i386/jre/lib/i386/libjava.so
b65b1000-b65b2000 rw-p 00027000 08:01 3283435    /usr/lib/jvm/java-7-openjdk-i386/jre/lib/i386/libjava.so
b65b2000-b65b9000 r-xp 00000000 08:01 25035868   /lib/i386-linux-gnu/librt-2.19.so
b65b9000-b65ba000 r--p 00006000 08:01 25035868   /lib/i386-linux-gnu/librt-2.19.so
b65ba000-b65bb000 rw-p 00007000 08:01 25035868   /lib/i386-linux-gnu/librt-2.19.so
b65bb000-b65be000 ---p 00000000 00:00 0 
b65be000-b660c000 rw-p 00000000 00:00 0          [stack:5818]
b660c000-b6628000 r-xp 00000000 08:01 25035767   /lib/i386-linux-gnu/libgcc_s.so.1
b6628000-b6629000 rw-p 0001b000 08:01 25035767   /lib/i386-linux-gnu/libgcc_s.so.1
b6629000-b666d000 r-xp 00000000 08:01 25035790   /lib/i386-linux-gnu/libm-2.19.so
b666d000-b666e000 r--p 00043000 08:01 25035790   /lib/i386-linux-gnu/libm-2.19.so
b666e000-b666f000 rw-p 00044000 08:01 25035790   /lib/i386-linux-gnu/libm-2.19.so
b666f000-b674b000 r-xp 00000000 08:01 3018897    /usr/lib/i386-linux-gnu/libstdc++.so.6.0.19
b674b000-b674f000 r--p 000dc000 08:01 3018897    /usr/lib/i386-linux-gnu/libstdc++.so.6.0.19
b674f000-b6750000 rw-p 000e0000 08:01 3018897    /usr/lib/i386-linux-gnu/libstdc++.so.6.0.19
b6750000-b6757000 rw-p 00000000 00:00 0 
b6757000-b7146000 r-xp 00000000 08:01 3412663    /usr/lib/jvm/java-7-openjdk-i386/jre/lib/i386/server/libjvm.so
b7146000-b7198000 r--p 009ee000 08:01 3412663    /usr/lib/jvm/java-7-openjdk-i386/jre/lib/i386/server/libjvm.so
b7198000-b71ac000 rw-p 00a40000 08:01 3412663    /usr/lib/jvm/java-7-openjdk-i386/jre/lib/i386/server/libjvm.so
b71ac000-b75ca000 rw-p 00000000 00:00 0 
b75ca000-b75e2000 r-xp 00000000 08:01 25035903   /lib/i386-linux-gnu/libz.so.1.2.8
b75e2000-b75e3000 r--p 00017000 08:01 25035903   /lib/i386-linux-gnu/libz.so.1.2.8
b75e3000-b75e4000 rw-p 00018000 08:01 25035903   /lib/i386-linux-gnu/libz.so.1.2.8
b75e4000-b75fc000 r-xp 00000000 08:01 25035860   /lib/i386-linux-gnu/libpthread-2.19.so
b75fc000-b75fd000 r--p 00017000 08:01 25035860   /lib/i386-linux-gnu/libpthread-2.19.so
b75fd000-b75fe000 rw-p 00018000 08:01 25035860   /lib/i386-linux-gnu/libpthread-2.19.so
b75fe000-b7600000 rw-p 00000000 00:00 0 
b7600000-b7603000 r-xp 00000000 08:01 25035757   /lib/i386-linux-gnu/libdl-2.19.so
b7603000-b7604000 r--p 00002000 08:01 25035757   /lib/i386-linux-gnu/libdl-2.19.so
b7604000-b7605000 rw-p 00003000 08:01 25035757   /lib/i386-linux-gnu/libdl-2.19.so
b7605000-b77ae000 r-xp 00000000 08:01 25035740   /lib/i386-linux-gnu/libc-2.19.so
b77ae000-b77b0000 r--p 001a9000 08:01 25035740   /lib/i386-linux-gnu/libc-2.19.so
b77b0000-b77b1000 rw-p 001ab000 08:01 25035740   /lib/i386-linux-gnu/libc-2.19.so
b77b1000-b77b4000 rw-p 00000000 00:00 0 
b77b4000-b77b6000 r--s 00012000 08:01 3412678    /usr/lib/jvm/java-7-openjdk-i386/jre/lib/ext/zipfs.jar
b77b6000-b77ba000 r--s 0003c000 08:01 3412676    /usr/lib/jvm/java-7-openjdk-i386/jre/lib/ext/sunpkcs11.jar
b77ba000-b77bb000 r--p 00855000 08:01 3022988    /usr/lib/locale/locale-archive
b77bb000-b77bc000 rw-p 00000000 00:00 0 
b77bc000-b77bd000 ---p 00000000 00:00 0 
b77bd000-b77cb000 r-xp 00000000 08:01 3283418    /usr/lib/jvm/java-7-openjdk-i386/jre/lib/i386/libverify.so
b77cb000-b77cc000 r--p 0000d000 08:01 3283418    /usr/lib/jvm/java-7-openjdk-i386/jre/lib/i386/libverify.so
b77cc000-b77cd000 rw-p 0000e000 08:01 3283418    /usr/lib/jvm/java-7-openjdk-i386/jre/lib/i386/libverify.so
b77cd000-b77d9000 r-xp 00000000 08:01 3283406    /usr/lib/jvm/java-7-openjdk-i386/jre/lib/i386/jli/libjli.so
b77d9000-b77da000 r--p 0000c000 08:01 3283406    /usr/lib/jvm/java-7-openjdk-i386/jre/lib/i386/jli/libjli.so
b77da000-b77db000 rw-p 0000d000 08:01 3283406    /usr/lib/jvm/java-7-openjdk-i386/jre/lib/i386/jli/libjli.so
b77db000-b77de000 rw-p 00000000 00:00 0 
b77de000-b77df000 r-xp 00000000 00:00 0          [vdso]
b77df000-b77ff000 r-xp 00000000 08:01 25035716   /lib/i386-linux-gnu/ld-2.19.so
b77ff000-b7800000 r--p 0001f000 08:01 25035716   /lib/i386-linux-gnu/ld-2.19.so
b7800000-b7801000 rw-p 00020000 08:01 25035716   /lib/i386-linux-gnu/ld-2.19.so
bfcb3000-bfcb4000 rwxp 00000000 00:00 0 
bfce6000-bfd07000 rw-p 00000000 00:00 0          [stack]

VM Arguments:
jvm_args: -Xmx1024M -Dfile.encoding=UTF-8 -Duser.country=US -Duser.language=en -Duser.variant 
java_command: com.android.dx.command.Main --dex --num-threads=4 --output /home/rafiqul/Documents/Software Engineering Project/spring2016_s1_cse404/AssetTrackingSystem__Android_Platform/app/build/intermediates/pre-dexed/debug/classes-0d0159894010126437216df70887e76fc319c96b.jar /home/rafiqul/Documents/Software Engineering Project/spring2016_s1_cse404/AssetTrackingSystem__Android_Platform/app/build/intermediates/exploded-aar/com.android.support/appcompat-v7/23.0.0/jars/classes.jar
Launcher Type: SUN_STANDARD

Environment Variables:
JAVA_HOME=/usr/lib/jvm/java-8-oracle
PATH=/usr/local/sbin:/usr/local/bin:/usr/sbin:/usr/bin:/sbin:/bin:/usr/games:/usr/local/games:/usr/lib/jvm/java-8-oracle/bin:/usr/lib/jvm/java-8-oracle/db/bin:/usr/lib/jvm/java-8-oracle/jre/bin
LD_LIBRARY_PATH=/home/rafiqul/android-studio/bin:
SHELL=/bin/bash
DISPLAY=:0

Signal Handlers:
SIGSEGV: [libjvm.so+0x80cb90], sa_mask[0]=0x7ffbfeff, sa_flags=0x10000004
SIGBUS: [libjvm.so+0x80cb90], sa_mask[0]=0x7ffbfeff, sa_flags=0x10000004
SIGFPE: [libjvm.so+0x684e30], sa_mask[0]=0x7ffbfeff, sa_flags=0x10000004
SIGPIPE: [libjvm.so+0x684e30], sa_mask[0]=0x7ffbfeff, sa_flags=0x10000004
SIGXFSZ: [libjvm.so+0x684e30], sa_mask[0]=0x7ffbfeff, sa_flags=0x10000004
SIGILL: [libjvm.so+0x684e30], sa_mask[0]=0x7ffbfeff, sa_flags=0x10000004
SIGUSR1: SIG_DFL, sa_mask[0]=0x00000000, sa_flags=0x00000000
SIGUSR2: [libjvm.so+0x684cc0], sa_mask[0]=0x00000004, sa_flags=0x10000004
SIGHUP: [libjvm.so+0x684ef0], sa_mask[0]=0x7ffbfeff, sa_flags=0x10000004
SIGINT: [libjvm.so+0x684ef0], sa_mask[0]=0x7ffbfeff, sa_flags=0x10000004
SIGTERM: [libjvm.so+0x684ef0], sa_mask[0]=0x7ffbfeff, sa_flags=0x10000004
SIGQUIT: [libjvm.so+0x684ef0], sa_mask[0]=0x7ffbfeff, sa_flags=0x10000004
SIGTRAP: SIG_DFL, sa_mask[0]=0x00000000, sa_flags=0x00000000


---------------  S Y S T E M  ---------------

OS:Ubuntu 14.04 (trusty)
uname:Linux 3.13.0-24-generic #46-Ubuntu SMP Thu Apr 10 19:08:14 UTC 2014 i686
libc:glibc 2.19 NPTL 2.19 
rlimit: STACK 8192k, CORE 0k, NPROC 31106, NOFILE 4096, AS infinity
load average:12.71 10.76 8.73

/proc/meminfo:
MemTotal:        4000684 kB
MemFree:          207792 kB
Buffers:             200 kB
Cached:           376400 kB
SwapCached:            0 kB
Active:          3311148 kB
Inactive:         367372 kB
Active(anon):    3308460 kB
Inactive(anon):   363488 kB
Active(file):       2688 kB
Inactive(file):     3884 kB
Unevictable:          48 kB
Mlocked:              48 kB
HighTotal:       3155716 kB
HighFree:          32500 kB
LowTotal:         844968 kB
LowFree:          175292 kB
SwapTotal:             0 kB
SwapFree:              0 kB
Dirty:                48 kB
Writeback:             0 kB
AnonPages:       3302088 kB
Mapped:           121036 kB
Shmem:            369908 kB
Slab:              51460 kB
SReclaimable:      25356 kB
SUnreclaim:        26104 kB
KernelStack:        5984 kB
PageTables:        19844 kB
NFS_Unstable:          0 kB
Bounce:                0 kB
WritebackTmp:          0 kB
CommitLimit:     2000340 kB
Committed_AS:    9096584 kB
VmallocTotal:     122880 kB
VmallocUsed:       17028 kB
VmallocChunk:      98472 kB
HardwareCorrupted:     0 kB
AnonHugePages:   1325056 kB
HugePages_Total:       0
HugePages_Free:        0
HugePages_Rsvd:        0
HugePages_Surp:        0
Hugepagesize:       2048 kB
DirectMap4k:       36856 kB
DirectMap2M:      874496 kB


CPU:total 4 (2 cores per cpu, 2 threads per core) family 6 model 58 stepping 9, cmov, cx8, fxsr, mmx, sse, sse2, sse3, ssse3, sse4.1, sse4.2, popcnt, avx, erms, ht, tsc, tscinvbit, tscinv

/proc/cpuinfo:
processor	: 0
vendor_id	: GenuineIntel
cpu family	: 6
model		: 58
model name	: Intel(R) Core(TM) i3-3217U CPU @ 1.80GHz
stepping	: 9
microcode	: 0x15
cpu MHz		: 1801.000
cache size	: 3072 KB
physical id	: 0
siblings	: 4
core id		: 0
cpu cores	: 2
apicid		: 0
initial apicid	: 0
fdiv_bug	: no
f00f_bug	: no
coma_bug	: no
fpu		: yes
fpu_exception	: yes
cpuid level	: 13
wp		: yes
flags		: fpu vme de pse tsc msr pae mce cx8 apic sep mtrr pge mca cmov pat pse36 clflush dts acpi mmx fxsr sse sse2 ss ht tm pbe nx rdtscp lm constant_tsc arch_perfmon pebs bts xtopology nonstop_tsc aperfmperf eagerfpu pni pclmulqdq dtes64 monitor ds_cpl vmx est tm2 ssse3 cx16 xtpr pdcm pcid sse4_1 sse4_2 x2apic popcnt tsc_deadline_timer xsave avx f16c lahf_lm ida arat epb xsaveopt pln pts dtherm tpr_shadow vnmi flexpriority ept vpid fsgsbase smep erms
bogomips	: 3591.74
clflush size	: 64
cache_alignment	: 64
address sizes	: 36 bits physical, 48 bits virtual
power management:

processor	: 1
vendor_id	: GenuineIntel
cpu family	: 6
model		: 58
model name	: Intel(R) Core(TM) i3-3217U CPU @ 1.80GHz
stepping	: 9
microcode	: 0x15
cpu MHz		: 1801.000
cache size	: 3072 KB
physical id	: 0
siblings	: 4
core id		: 0
cpu cores	: 2
apicid		: 1
initial apicid	: 1
fdiv_bug	: no
f00f_bug	: no
coma_bug	: no
fpu		: yes
fpu_exception	: yes
cpuid level	: 13
wp		: yes
flags		: fpu vme de pse tsc msr pae mce cx8 apic sep mtrr pge mca cmov pat pse36 clflush dts acpi mmx fxsr sse sse2 ss ht tm pbe nx rdtscp lm constant_tsc arch_perfmon pebs bts xtopology nonstop_tsc aperfmperf eagerfpu pni pclmulqdq dtes64 monitor ds_cpl vmx est tm2 ssse3 cx16 xtpr pdcm pcid sse4_1 sse4_2 x2apic popcnt tsc_deadline_timer xsave avx f16c lahf_lm ida arat epb xsaveopt pln pts dtherm tpr_shadow vnmi flexpriority ept vpid fsgsbase smep erms
bogomips	: 3591.74
clflush size	: 64
cache_alignment	: 64
address sizes	: 36 bits physical, 48 bits virtual
power management:

processor	: 2
vendor_id	: GenuineIntel
cpu family	: 6
model		: 58
model name	: Intel(R) Core(TM) i3-3217U CPU @ 1.80GHz
stepping	: 9
microcode	: 0x15
cpu MHz		: 1801.000
cache size	: 3072 KB
physical id	: 0
siblings	: 4
core id		: 1
cpu cores	: 2
apicid		: 2
initial apicid	: 2
fdiv_bug	: no
f00f_bug	: no
coma_bug	: no
fpu		: yes
fpu_exception	: yes
cpuid level	: 13
wp		: yes
flags		: fpu vme de pse tsc msr pae mce cx8 apic sep mtrr pge mca cmov pat pse36 clflush dts acpi mmx fxsr sse sse2 ss ht tm pbe nx rdtscp lm constant_tsc arch_perfmon pebs bts xtopology nonstop_tsc aperfmperf eagerfpu pni pclmulqdq dtes64 monitor ds_cpl vmx est tm2 ssse3 cx16 xtpr pdcm pcid sse4_1 sse4_2 x2apic popcnt tsc_deadline_timer xsave avx f16c lahf_lm ida arat epb xsaveopt pln pts dtherm tpr_shadow vnmi flexpriority ept vpid fsgsbase smep erms
bogomips	: 3591.74
clflush size	: 64
cache_alignment	: 64
address sizes	: 36 bits physical, 48 bits virtual
power management:

processor	: 3
vendor_id	: GenuineIntel
cpu family	: 6
model		: 58
model name	: Intel(R) Core(TM) i3-3217U CPU @ 1.80GHz
stepping	: 9
microcode	: 0x15
cpu MHz		: 1801.000
cache size	: 3072 KB
physical id	: 0
siblings	: 4
core id		: 1
cpu cores	: 2
apicid		: 3
initial apicid	: 3
fdiv_bug	: no
f00f_bug	: no
coma_bug	: no
fpu		: yes
fpu_exception	: yes
cpuid level	: 13
wp		: yes
flags		: fpu vme de pse tsc msr pae mce cx8 apic sep mtrr pge mca cmov pat pse36 clflush dts acpi mmx fxsr sse sse2 ss ht tm pbe nx rdtscp lm constant_tsc arch_perfmon pebs bts xtopology nonstop_tsc aperfmperf eagerfpu pni pclmulqdq dtes64 monitor ds_cpl vmx est tm2 ssse3 cx16 xtpr pdcm pcid sse4_1 sse4_2 x2apic popcnt tsc_deadline_timer xsave avx f16c lahf_lm ida arat epb xsaveopt pln pts dtherm tpr_shadow vnmi flexpriority ept vpid fsgsbase smep erms
bogomips	: 3591.74
clflush size	: 64
cache_alignment	: 64
address sizes	: 36 bits physical, 48 bits virtual
power management:



Memory: 4k page, physical 4000684k(207828k free), swap 0k(0k free)

vm_info: OpenJDK Server VM (24.79-b02) for linux-x86 JRE (1.7.0_79-b14), built on Jul 24 2015 08:25:15 by "buildd" with gcc 4.8.2

time: Sat Apr 16 09:57:21 2016
elapsed time: 33 seconds

