#
# There is insufficient memory for the Java Runtime Environment to continue.
# Native memory allocation (malloc) failed to allocate 1572864 bytes for committing reserved memory.
# Possible reasons:
#   The system is out of physical RAM or swap space
#   In 32 bit mode, the process size limit was hit
# Possible solutions:
#   Reduce memory load on the system
#   Increase physical memory or swap space
#   Check if swap backing store is full
#   Use 64 bit Java on a 64 bit OS
#   Decrease Java heap size (-Xmx/-Xms)
#   Decrease number of Java threads
#   Decrease Java thread stack sizes (-Xss)
#   Set larger code cache with -XX:ReservedCodeCacheSize=
# This output file may be truncated or incomplete.
#
#  Out of Memory Error (os_linux.cpp:2809), pid=5154, tid=1741482816
#
# JRE version: OpenJDK Runtime Environment (7.0_79-b14) (build 1.7.0_79-b14)
# Java VM: OpenJDK Server VM (24.79-b02 mixed mode linux-x86 )
# Derivative: IcedTea 2.5.6
# Distribution: Ubuntu 14.04 LTS, package 7u79-2.5.6-0ubuntu1.14.04.1
# Failed to write core dump. Core dumps have been disabled. To enable core dumping, try "ulimit -c unlimited" before starting Java again
#

---------------  T H R E A D  ---------------

Current thread (0x67b80400):  VMThread [stack: 0x67c4e000,0x67ccf000] [id=5197]

Stack: [0x67c4e000,0x67ccf000]
VM_Operation (0x6701bb24): ParallelGCFailedAllocation, mode: safepoint, requested by thread 0x6736ac00


---------------  P R O C E S S  ---------------

Java Threads: ( => current thread )
  0x67370800 JavaThread "pool-1-thread-4" [_thread_blocked, id=5240, stack(0x66e88000,0x66ed9000)]
  0x6736e400 JavaThread "pool-1-thread-3" [_thread_blocked, id=5239, stack(0x66ed9000,0x66f2a000)]
  0x6736d000 JavaThread "pool-1-thread-2" [_thread_blocked, id=5238, stack(0x66f2a000,0x66f7b000)]
  0x6736b400 JavaThread "pool-2-thread-1" [_thread_blocked, id=5234, stack(0x66f7b000,0x66fcc000)]
  0x6736ac00 JavaThread "pool-1-thread-1" [_thread_blocked, id=5233, stack(0x66fcc000,0x6701d000)]
  0x67b9c000 JavaThread "Service Thread" daemon [_thread_blocked, id=5224, stack(0x6750b000,0x6755c000)]
  0x67b9a400 JavaThread "C2 CompilerThread1" daemon [_thread_blocked, id=5222, stack(0x6755c000,0x675dd000)]
  0x67b98400 JavaThread "C2 CompilerThread0" daemon [_thread_blocked, id=5221, stack(0x675dd000,0x6765e000)]
  0x67b96800 JavaThread "Signal Dispatcher" daemon [_thread_blocked, id=5219, stack(0x6765e000,0x676af000)]
  0x67b84800 JavaThread "Finalizer" daemon [_thread_blocked, id=5202, stack(0x678af000,0x67900000)]
  0x67b83000 JavaThread "Reference Handler" daemon [_thread_blocked, id=5200, stack(0x6a82e000,0x6a87f000)]
  0xb6307c00 JavaThread "main" [_thread_blocked, id=5175, stack(0xb64c1000,0xb6512000)]

Other Threads:
=>0x67b80400 VMThread [stack: 0x67c4e000,0x67ccf000] [id=5197]
  0x67b9e000 WatcherThread [stack: 0x6748a000,0x6750b000] [id=5225]

VM state:at safepoint (normal execution)

VM Mutex/Monitor currently owned by a thread:  ([mutex/lock_event])
[0xb6305360] Threads_lock - owner thread: 0x67b80400
[0xb6305770] Heap_lock - owner thread: 0x6736ac00

Heap
 PSYoungGen      total 39424K, used 7296K [0x9dcc0000, 0xa29c0000, 0xb3240000)
  eden space 31744K, 0% used [0x9dcc0000,0x9dcc0000,0x9fbc0000)
  from space 7680K, 95% used [0xa2240000,0xa2960010,0xa29c0000)
  to   space 2560K, 0% used [0x9fbc0000,0x9fbc0000,0x9fe40000)
 ParOldGen       total 41728K, used 14488K [0x73240000, 0x75b00000, 0x9dcc0000)
  object space 41728K, 34% used [0x73240000,0x74066390,0x75b00000)
 PSPermGen       total 16384K, used 4139K [0x6b240000, 0x6c240000, 0x73240000)
  object space 16384K, 25% used [0x6b240000,0x6b64af38,0x6c240000)

Card table byte_map: [0x6afff000,0x6b240000] byte_map_base: 0x6aca5e00

Polling page: 0xb76c2000

Code Cache  [0xb3300000, 0xb3540000, 0xb6300000)
 total_blobs=364 nmethods=241 adapters=76 free_code_cache=48300Kb largest_free_block=49418560

Compilation events (10 events):
Event: 9.775 Thread 0x67b98400 nmethod 237 0xb336c788 code [0xb336c8a0, 0xb336ca5c]
Event: 9.775 Thread 0x67b98400  238             java.util.HashSet::contains (9 bytes)
Event: 9.822 Thread 0x67b98400 nmethod 238 0xb336c208 code [0xb336c320, 0xb336c4dc]
Event: 9.822 Thread 0x67b98400  239             com.android.dx.ssa.SCCP::simulateBlock (54 bytes)
Event: 11.875 Thread 0x67b98400 nmethod 239 0xb33d0548 code [0xb33d09c0, 0xb33d3318]
Event: 11.895 Thread 0x67b98400  240             com.android.dx.rop.code.BasicBlockList::forEachInsn (39 bytes)
Event: 11.926 Thread 0x67b98400 nmethod 240 0xb33c0d48 code [0xb33c0e60, 0xb33c1070]
Event: 11.926 Thread 0x67b98400  241             com.android.dx.ssa.SsaBasicBlock::newFromRop (183 bytes)
Event: 21.260 Thread 0x67b98400 nmethod 241 0xb33db088 code [0xb33db360, 0xb33dcc18]
Event: 21.840 Thread 0x67b98400  242             com.android.dx.ssa.back.IdenticalBlockCombiner::process (323 bytes)

GC Heap History (10 events):
Event: 2.499 GC heap after
Heap after GC invocations=1 (full 0):
 PSYoungGen      total 18432K, used 2547K [0x9dcc0000, 0x9f140000, 0xb3240000)
  eden space 15872K, 0% used [0x9dcc0000,0x9dcc0000,0x9ec40000)
  from space 2560K, 99% used [0x9ec40000,0x9eebcf10,0x9eec0000)
  to   space 2560K, 0% used [0x9eec0000,0x9eec0000,0x9f140000)
 ParOldGen       total 41728K, used 1518K [0x73240000, 0x75b00000, 0x9dcc0000)
  object space 41728K, 3% used [0x73240000,0x733bbb48,0x75b00000)
 PSPermGen       total 16384K, used 3946K [0x6b240000, 0x6c240000, 0x73240000)
  object space 16384K, 24% used [0x6b240000,0x6b61a960,0x6c240000)
}
Event: 3.826 GC heap before
{Heap before GC invocations=2 (full 0):
 PSYoungGen      total 18432K, used 18419K [0x9dcc0000, 0x9f140000, 0xb3240000)
  eden space 15872K, 100% used [0x9dcc0000,0x9ec40000,0x9ec40000)
  from space 2560K, 99% used [0x9ec40000,0x9eebcf10,0x9eec0000)
  to   space 2560K, 0% used [0x9eec0000,0x9eec0000,0x9f140000)
 ParOldGen       total 41728K, used 1518K [0x73240000, 0x75b00000, 0x9dcc0000)
  object space 41728K, 3% used [0x73240000,0x733bbb48,0x75b00000)
 PSPermGen       total 16384K, used 4067K [0x6b240000, 0x6c240000, 0x73240000)
  object space 16384K, 24% used [0x6b240000,0x6b638f78,0x6c240000)
Event: 3.860 GC heap after
Heap after GC invocations=2 (full 0):
 PSYoungGen      total 18432K, used 2552K [0x9dcc0000, 0xa00c0000, 0xb3240000)
  eden space 15872K, 0% used [0x9dcc0000,0x9dcc0000,0x9ec40000)
  from space 2560K, 99% used [0x9eec0000,0x9f13e018,0x9f140000)
  to   space 2560K, 0% used [0x9ec40000,0x9ec40000,0x9eec0000)
 ParOldGen       total 41728K, used 3854K [0x73240000, 0x75b00000, 0x9dcc0000)
  object space 41728K, 9% used [0x73240000,0x73603a88,0x75b00000)
 PSPermGen       total 16384K, used 4067K [0x6b240000, 0x6c240000, 0x73240000)
  object space 16384K, 24% used [0x6b240000,0x6b638f78,0x6c240000)
}
Event: 5.347 GC heap before
{Heap before GC invocations=3 (full 0):
 PSYoungGen      total 18432K, used 18424K [0x9dcc0000, 0xa00c0000, 0xb3240000)
  eden space 15872K, 100% used [0x9dcc0000,0x9ec40000,0x9ec40000)
  from space 2560K, 99% used [0x9eec0000,0x9f13e018,0x9f140000)
  to   space 2560K, 0% used [0x9ec40000,0x9ec40000,0x9eec0000)
 ParOldGen       total 41728K, used 3854K [0x73240000, 0x75b00000, 0x9dcc0000)
  object space 41728K, 9% used [0x73240000,0x73603a88,0x75b00000)
 PSPermGen       total 16384K, used 4092K [0x6b240000, 0x6c240000, 0x73240000)
  object space 16384K, 24% used [0x6b240000,0x6b63f0d8,0x6c240000)
Event: 5.412 GC heap after
Heap after GC invocations=3 (full 0):
 PSYoungGen      total 18432K, used 2552K [0x9dcc0000, 0xa00c0000, 0xb3240000)
  eden space 15872K, 0% used [0x9dcc0000,0x9dcc0000,0x9ec40000)
  from space 2560K, 99% used [0x9ec40000,0x9eebe040,0x9eec0000)
  to   space 2560K, 0% used [0x9fe40000,0x9fe40000,0xa00c0000)
 ParOldGen       total 41728K, used 6788K [0x73240000, 0x75b00000, 0x9dcc0000)
  object space 41728K, 16% used [0x73240000,0x738e1330,0x75b00000)
 PSPermGen       total 16384K, used 4092K [0x6b240000, 0x6c240000, 0x73240000)
  object space 16384K, 24% used [0x6b240000,0x6b63f0d8,0x6c240000)
}
Event: 7.408 GC heap before
{Heap before GC invocations=4 (full 0):
 PSYoungGen      total 18432K, used 18424K [0x9dcc0000, 0xa00c0000, 0xb3240000)
  eden space 15872K, 100% used [0x9dcc0000,0x9ec40000,0x9ec40000)
  from space 2560K, 99% used [0x9ec40000,0x9eebe040,0x9eec0000)
  to   space 2560K, 0% used [0x9fe40000,0x9fe40000,0xa00c0000)
 ParOldGen       total 41728K, used 6788K [0x73240000, 0x75b00000, 0x9dcc0000)
  object space 41728K, 16% used [0x73240000,0x738e1330,0x75b00000)
 PSPermGen       total 16384K, used 4112K [0x6b240000, 0x6c240000, 0x73240000)
  object space 16384K, 25% used [0x6b240000,0x6b6442e0,0x6c240000)
Event: 7.472 GC heap after
Heap after GC invocations=4 (full 0):
 PSYoungGen      total 34304K, used 2559K [0x9dcc0000, 0xa00c0000, 0xb3240000)
  eden space 31744K, 0% used [0x9dcc0000,0x9dcc0000,0x9fbc0000)
  from space 2560K, 99% used [0x9fe40000,0xa00bfde0,0xa00c0000)
  to   space 2560K, 0% used [0x9fbc0000,0x9fbc0000,0x9fe40000)
 ParOldGen       total 41728K, used 9630K [0x73240000, 0x75b00000, 0x9dcc0000)
  object space 41728K, 23% used [0x73240000,0x73ba7ab0,0x75b00000)
 PSPermGen       total 16384K, used 4112K [0x6b240000, 0x6c240000, 0x73240000)
  object space 16384K, 25% used [0x6b240000,0x6b6442e0,0x6c240000)
}
Event: 10.964 GC heap before
{Heap before GC invocations=5 (full 0):
 PSYoungGen      total 34304K, used 34303K [0x9dcc0000, 0xa00c0000, 0xb3240000)
  eden space 31744K, 100% used [0x9dcc0000,0x9fbc0000,0x9fbc0000)
  from space 2560K, 99% used [0x9fe40000,0xa00bfde0,0xa00c0000)
  to   space 2560K, 0% used [0x9fbc0000,0x9fbc0000,0x9fe40000)
 ParOldGen       total 41728K, used 9630K [0x73240000, 0x75b00000, 0x9dcc0000)
  object space 41728K, 23% used [0x73240000,0x73ba7ab0,0x75b00000)
 PSPermGen       total 16384K, used 4126K [0x6b240000, 0x6c240000, 0x73240000)
  object space 16384K, 25% used [0x6b240000,0x6b647980,0x6c240000)
Event: 11.070 GC heap after
Heap after GC invocations=5 (full 0):
 PSYoungGen      total 34304K, used 2554K [0x9dcc0000, 0xa29c0000, 0xb3240000)
  eden space 31744K, 0% used [0x9dcc0000,0x9dcc0000,0x9fbc0000)
  from space 2560K, 99% used [0x9fbc0000,0x9fe3eab0,0x9fe40000)
  to   space 7680K, 0% used [0xa2240000,0xa2240000,0xa29c0000)
 ParOldGen       total 41728K, used 14488K [0x73240000, 0x75b00000, 0x9dcc0000)
  object space 41728K, 34% used [0x73240000,0x74066390,0x75b00000)
 PSPermGen       total 16384K, used 4126K [0x6b240000, 0x6c240000, 0x73240000)
  object space 16384K, 25% used [0x6b240000,0x6b647980,0x6c240000)
}
Event: 24.176 GC heap before
{Heap before GC invocations=6 (full 0):
 PSYoungGen      total 34304K, used 34298K [0x9dcc0000, 0xa29c0000, 0xb3240000)
  eden space 31744K, 100% used [0x9dcc0000,0x9fbc0000,0x9fbc0000)
  from space 2560K, 99% used [0x9fbc0000,0x9fe3eab0,0x9fe40000)
  to   space 7680K, 0% used [0xa2240000,0xa2240000,0xa29c0000)
 ParOldGen       total 41728K, used 14488K [0x73240000, 0x75b00000, 0x9dcc0000)
  object space 41728K, 34% used [0x73240000,0x74066390,0x75b00000)
 PSPermGen       total 16384K, used 4139K [0x6b240000, 0x6c240000, 0x73240000)
  object space 16384K, 25% used [0x6b240000,0x6b64af38,0x6c240000)

Deoptimization events (3 events):
Event: 2.033 Thread 0x67370800 Uncommon trap: reason=null_check action=make_not_entrant pc=0xb3359330 method=com.android.dx.rop.code.LocalItem.equals(Ljava/lang/Object;)Z @ 1
Event: 3.145 Thread 0xb6307c00 Uncommon trap: reason=null_check action=make_not_entrant pc=0xb336c73c method=com.android.dx.rop.type.Type.putIntern(Lcom/android/dx/rop/type/Type;)Lcom/android/dx/rop/type/Type; @ 18
Event: 5.791 Thread 0x6736d000 Uncommon trap: reason=null_check action=make_not_entrant pc=0xb33a6154 method=com.android.dx.ssa.SsaRenamer.getLocalForNewReg(I)Lcom/android/dx/rop/code/LocalItem; @ 19

Internal exceptions (10 events):
Event: 2.033 Thread 0x67370800 Implicit null exception at 0xb335913c to 0xb3359311
Event: 2.240 Thread 0x67370800 Threw 0x9e82d6a8 at /build/openjdk-7-OXg_HK/openjdk-7-7u79-2.5.6/build/openjdk/hotspot/src/share/vm/prims/jvm.cpp:1284
Event: 2.281 Thread 0xb6307c00 Threw 0x9e9704b8 at /build/openjdk-7-OXg_HK/openjdk-7-7u79-2.5.6/build/openjdk/hotspot/src/share/vm/prims/jvm.cpp:1284
Event: 2.281 Thread 0xb6307c00 Threw 0x9e972f30 at /build/openjdk-7-OXg_HK/openjdk-7-7u79-2.5.6/build/openjdk/hotspot/src/share/vm/prims/jvm.cpp:1284
Event: 2.356 Thread 0xb6307c00 Threw 0x9ea83ab0 at /build/openjdk-7-OXg_HK/openjdk-7-7u79-2.5.6/build/openjdk/hotspot/src/share/vm/prims/jvm.cpp:1284
Event: 2.584 Thread 0x6736d000 Threw 0x9de688b8 at /build/openjdk-7-OXg_HK/openjdk-7-7u79-2.5.6/build/openjdk/hotspot/src/share/vm/prims/jvm.cpp:1284
Event: 3.145 Thread 0xb6307c00 Implicit null exception at 0xb336c116 to 0xb336c72d
Event: 5.666 Thread 0xb6307c00 Threw 0x9df15380 at /build/openjdk-7-OXg_HK/openjdk-7-7u79-2.5.6/build/openjdk/hotspot/src/share/vm/prims/jvm.cpp:1284
Event: 5.791 Thread 0x6736d000 Implicit null exception at 0xb33a4e75 to 0xb33a6145
Event: 8.411 Thread 0x6736e400 Threw 0x9e5363c8 at /build/openjdk-7-OXg_HK/openjdk-7-7u79-2.5.6/build/openjdk/hotspot/src/share/vm/prims/jvm.cpp:1284

Events (10 events):
Event: 5.791 Thread 0x6736d000 DEOPT UNPACKING pc=0xb332cbc8 sp=0x66f79a54 mode 2
Event: 7.384 Executing VM operation: ParallelGCFailedAllocation
Event: 7.472 Executing VM operation: ParallelGCFailedAllocation done
Event: 7.814 Thread 0x67b98400 flushing nmethod 0xb3358d88
Event: 8.410 loading class 0x6794c420
Event: 8.410 loading class 0x6794c420 done
Event: 9.717 Thread 0x67b98400 flushing nmethod 0xb336bac8
Event: 10.934 Executing VM operation: ParallelGCFailedAllocation
Event: 11.070 Executing VM operation: ParallelGCFailedAllocation done
Event: 23.714 Executing VM operation: ParallelGCFailedAllocation


Dynamic libraries:
08048000-08049000 r-xp 00000000 08:01 3412725    /usr/lib/jvm/java-7-openjdk-i386/jre/bin/java
08049000-0804a000 r--p 00000000 08:01 3412725    /usr/lib/jvm/java-7-openjdk-i386/jre/bin/java
0804a000-0804b000 rw-p 00001000 08:01 3412725    /usr/lib/jvm/java-7-openjdk-i386/jre/bin/java
09559000-09606000 rw-p 00000000 00:00 0          [heap]
65900000-659c3000 rw-p 00000000 00:00 0 
659c3000-65a00000 ---p 00000000 00:00 0 
65b00000-65bfc000 rw-p 00000000 00:00 0 
65bfc000-65c00000 ---p 00000000 00:00 0 
65c00000-65ced000 rw-p 00000000 00:00 0 
65ced000-65d00000 ---p 00000000 00:00 0 
65d00000-65dec000 rw-p 00000000 00:00 0 
65dec000-65e00000 ---p 00000000 00:00 0 
65e00000-65efc000 rw-p 00000000 00:00 0 
65efc000-65f00000 ---p 00000000 00:00 0 
65f00000-65fdd000 rw-p 00000000 00:00 0 
65fdd000-66000000 ---p 00000000 00:00 0 
66000000-660ff000 rw-p 00000000 00:00 0 
660ff000-66100000 ---p 00000000 00:00 0 
66100000-661f6000 rw-p 00000000 00:00 0 
661f6000-66200000 ---p 00000000 00:00 0 
66200000-662ff000 rw-p 00000000 00:00 0 
662ff000-66300000 ---p 00000000 00:00 0 
66300000-663fa000 rw-p 00000000 00:00 0 
663fa000-66400000 ---p 00000000 00:00 0 
66400000-664f9000 rw-p 00000000 00:00 0 
664f9000-66500000 ---p 00000000 00:00 0 
66500000-665ff000 rw-p 00000000 00:00 0 
665ff000-66600000 ---p 00000000 00:00 0 
66600000-66700000 rw-p 00000000 00:00 0 
66700000-667f2000 rw-p 00000000 00:00 0 
667f2000-66800000 ---p 00000000 00:00 0 
66900000-669ea000 rw-p 00000000 00:00 0 
669ea000-66a00000 ---p 00000000 00:00 0 
66a00000-66afe000 rw-p 00000000 00:00 0 
66afe000-66b00000 ---p 00000000 00:00 0 
66b00000-66bfa000 rw-p 00000000 00:00 0 
66bfa000-66c00000 ---p 00000000 00:00 0 
66c1b000-66d00000 rw-p 00000000 00:00 0 
66d00000-66e00000 rw-p 00000000 00:00 0 
66e88000-66e8b000 ---p 00000000 00:00 0 
66e8b000-66ed9000 rw-p 00000000 00:00 0          [stack:5240]
66ed9000-66edc000 ---p 00000000 00:00 0 
66edc000-66f2a000 rw-p 00000000 00:00 0          [stack:5239]
66f2a000-66f2d000 ---p 00000000 00:00 0 
66f2d000-66f7b000 rw-p 00000000 00:00 0          [stack:5238]
66f7b000-66f7e000 ---p 00000000 00:00 0 
66f7e000-66fcc000 rw-p 00000000 00:00 0          [stack:5234]
66fcc000-66fcf000 ---p 00000000 00:00 0 
66fcf000-6701d000 rw-p 00000000 00:00 0          [stack:5233]
6701d000-67059000 r-xp 00000000 08:01 25035843   /lib/i386-linux-gnu/libpcre.so.3.13.1
67059000-6705a000 r--p 0003b000 08:01 25035843   /lib/i386-linux-gnu/libpcre.so.3.13.1
6705a000-6705b000 rw-p 0003c000 08:01 25035843   /lib/i386-linux-gnu/libpcre.so.3.13.1
6705b000-6706e000 r-xp 00000000 08:01 25035866   /lib/i386-linux-gnu/libresolv-2.19.so
6706e000-6706f000 ---p 00013000 08:01 25035866   /lib/i386-linux-gnu/libresolv-2.19.so
6706f000-67070000 r--p 00013000 08:01 25035866   /lib/i386-linux-gnu/libresolv-2.19.so
67070000-67071000 rw-p 00014000 08:01 25035866   /lib/i386-linux-gnu/libresolv-2.19.so
67071000-67073000 rw-p 00000000 00:00 0 
67073000-6717d000 r-xp 00000000 08:01 25035771   /lib/i386-linux-gnu/libglib-2.0.so.0.4000.0
6717d000-6717e000 r--p 00109000 08:01 25035771   /lib/i386-linux-gnu/libglib-2.0.so.0.4000.0
6717e000-6717f000 rw-p 0010a000 08:01 25035771   /lib/i386-linux-gnu/libglib-2.0.so.0.4000.0
6717f000-672fc000 r-xp 00000000 08:01 3020350    /usr/lib/i386-linux-gnu/libgio-2.0.so.0.4000.0
672fc000-672fe000 r--p 0017c000 08:01 3020350    /usr/lib/i386-linux-gnu/libgio-2.0.so.0.4000.0
672fe000-672ff000 rw-p 0017e000 08:01 3020350    /usr/lib/i386-linux-gnu/libgio-2.0.so.0.4000.0
672ff000-67300000 rw-p 00000000 00:00 0 
67300000-67391000 rw-p 00000000 00:00 0 
67391000-67400000 ---p 00000000 00:00 0 
67415000-67435000 r-xp 00000000 08:01 25035870   /lib/i386-linux-gnu/libselinux.so.1
67435000-67436000 r--p 0001f000 08:01 25035870   /lib/i386-linux-gnu/libselinux.so.1
67436000-67437000 rw-p 00020000 08:01 25035870   /lib/i386-linux-gnu/libselinux.so.1
67437000-67438000 rw-p 00000000 00:00 0 
67438000-67488000 r-xp 00000000 08:01 3020380    /usr/lib/i386-linux-gnu/libgobject-2.0.so.0.4000.0
67488000-67489000 r--p 0004f000 08:01 3020380    /usr/lib/i386-linux-gnu/libgobject-2.0.so.0.4000.0
67489000-6748a000 rw-p 00050000 08:01 3020380    /usr/lib/i386-linux-gnu/libgobject-2.0.so.0.4000.0
6748a000-6748b000 ---p 00000000 00:00 0 
6748b000-6750b000 rw-p 00000000 00:00 0          [stack:5225]
6750b000-6750e000 ---p 00000000 00:00 0 
6750e000-6755c000 rw-p 00000000 00:00 0          [stack:5224]
6755c000-6755f000 ---p 00000000 00:00 0 
6755f000-675dd000 rw-p 00000000 00:00 0          [stack:5222]
675dd000-675e0000 ---p 00000000 00:00 0 
675e0000-6765e000 rw-p 00000000 00:00 0          [stack:5221]
6765e000-67661000 ---p 00000000 00:00 0 
67661000-676af000 rw-p 00000000 00:00 0          [stack:5219]
676af000-678af000 r--p 00000000 08:01 3022988    /usr/lib/locale/locale-archive
678af000-678b2000 ---p 00000000 00:00 0 
678b2000-67900000 rw-p 00000000 00:00 0          [stack:5202]
67900000-679ff000 rw-p 00000000 00:00 0 
679ff000-67a00000 ---p 00000000 00:00 0 
67a00000-67a23000 rw-p 00000000 00:00 0 
67a23000-67b00000 ---p 00000000 00:00 0 
67b00000-67c00000 rw-p 00000000 00:00 0 
67c0c000-67c4e000 r--p 00858000 08:01 3022988    /usr/lib/locale/locale-archive
67c4e000-67c4f000 ---p 00000000 00:00 0 
67c4f000-67ccf000 rw-p 00000000 00:00 0          [stack:5197]
67ccf000-67e80000 r--s 01d29000 08:01 3283391    /usr/lib/jvm/java-7-openjdk-i386/jre/lib/rt.jar
67e80000-6a700000 rw-p 00000000 00:00 0 
6a700000-6a7ee000 rw-p 00000000 00:00 0 
6a7ee000-6a800000 ---p 00000000 00:00 0 
6a82e000-6a831000 ---p 00000000 00:00 0 
6a831000-6a87f000 rw-p 00000000 00:00 0          [stack:5200]
6a87f000-6a880000 ---p 00000000 00:00 0 
6a880000-6a900000 rw-p 00000000 00:00 0          [stack:5191]
6a900000-6a921000 rw-p 00000000 00:00 0 
6a921000-6aa00000 ---p 00000000 00:00 0 
6aa00000-6aa21000 rw-p 00000000 00:00 0 
6aa21000-6ab00000 ---p 00000000 00:00 0 
6ab0a000-6ab21000 r-xp 00000000 08:01 3283427    /usr/lib/jvm/java-7-openjdk-i386/jre/lib/i386/libnet.so
6ab21000-6ab22000 r--p 00017000 08:01 3283427    /usr/lib/jvm/java-7-openjdk-i386/jre/lib/i386/libnet.so
6ab22000-6ab23000 rw-p 00018000 08:01 3283427    /usr/lib/jvm/java-7-openjdk-i386/jre/lib/i386/libnet.so
6ab23000-6ab34000 r-xp 00000000 08:01 3283432    /usr/lib/jvm/java-7-openjdk-i386/jre/lib/i386/libnio.so
6ab34000-6ab35000 r--p 00010000 08:01 3283432    /usr/lib/jvm/java-7-openjdk-i386/jre/lib/i386/libnio.so
6ab35000-6ab36000 rw-p 00011000 08:01 3283432    /usr/lib/jvm/java-7-openjdk-i386/jre/lib/i386/libnio.so
6ab36000-6ab7f000 rw-p 00000000 00:00 0 
6ab7f000-6ab80000 ---p 00000000 00:00 0 
6ab80000-6ac00000 rw-p 00000000 00:00 0          [stack:5188]
6ac00000-6ac21000 rw-p 00000000 00:00 0 
6ac21000-6ad00000 ---p 00000000 00:00 0 
6ad00000-6ad05000 r-xp 00000000 08:01 3020247    /usr/lib/i386-linux-gnu/libffi.so.6.0.1
6ad05000-6ad06000 r--p 00005000 08:01 3020247    /usr/lib/i386-linux-gnu/libffi.so.6.0.1
6ad06000-6ad07000 rw-p 00006000 08:01 3020247    /usr/lib/i386-linux-gnu/libffi.so.6.0.1
6ad07000-6ad0a000 r-xp 00000000 08:01 3020364    /usr/lib/i386-linux-gnu/libgmodule-2.0.so.0.4000.0
6ad0a000-6ad0b000 r--p 00002000 08:01 3020364    /usr/lib/i386-linux-gnu/libgmodule-2.0.so.0.4000.0
6ad0b000-6ad0c000 rw-p 00003000 08:01 3020364    /usr/lib/i386-linux-gnu/libgmodule-2.0.so.0.4000.0
6ad0c000-6ad67000 rw-p 00000000 00:00 0 
6ad67000-6ad68000 ---p 00000000 00:00 0 
6ad68000-6ade8000 rw-p 00000000 00:00 0          [stack:5184]
6ade8000-6ade9000 ---p 00000000 00:00 0 
6ade9000-6ae71000 rw-p 00000000 00:00 0          [stack:5179]
6ae71000-6aea9000 rw-p 00000000 00:00 0 
6aea9000-6aebe000 rw-p 00000000 00:00 0 
6aebe000-6afff000 rw-p 00000000 00:00 0 
6afff000-6b007000 rw-p 00000000 00:00 0 
6b007000-6b03f000 rw-p 00000000 00:00 0 
6b03f000-6b054000 rw-p 00000000 00:00 0 
6b054000-6b194000 rw-p 00000000 00:00 0 
6b194000-6b1bb000 rw-p 00000000 00:00 0 
6b1bb000-6b23f000 rw-p 00000000 00:00 0 
6b23f000-6c240000 rw-p 00000000 00:00 0 
6c240000-73240000 rw-p 00000000 00:00 0 
73240000-75b00000 rw-p 00000000 00:00 0 
75b00000-9dcc0000 rw-p 00000000 00:00 0 
9dcc0000-a29c0000 rw-p 00000000 00:00 0 
a2b40000-b3240000 rw-p 00000000 00:00 0 
b3240000-b3249000 rw-p 00000000 00:00 0 
b3249000-b3300000 rw-p 00000000 00:00 0 
b3300000-b3540000 rwxp 00000000 00:00 0 
b3540000-b6400000 rw-p 00000000 00:00 0 
b6401000-b640a000 r--s 00083000 08:01 26870345   /home/rafiqul/Documents/Software Engineering Project/spring2016_s1_cse404/AssetTrackingSystem__Android_Platform/app/build/intermediates/exploded-aar/com.android.support/appcompat-v7/23.0.0/jars/classes.jar
b640a000-b6419000 r--s 000df000 08:01 9175179    /home/rafiqul/Android/Sdk/build-tools/23.0.1/lib/dx.jar
b6419000-b641a000 r--s 00002000 08:01 3412674    /usr/lib/jvm/java-7-openjdk-i386/jre/lib/ext/dnsns.jar
b641a000-b641c000 r--s 00006000 08:01 3412779    /usr/share/java/java-atk-wrapper.jar
b641c000-b6420000 r--s 00034000 08:01 3412675    /usr/lib/jvm/java-7-openjdk-i386/jre/lib/ext/sunjce_provider.jar
b6420000-b643b000 rw-p 00000000 00:00 0 
b643b000-b6446000 r-xp 00000000 08:01 25035815   /lib/i386-linux-gnu/libnss_files-2.19.so
b6446000-b6447000 r--p 0000a000 08:01 25035815   /lib/i386-linux-gnu/libnss_files-2.19.so
b6447000-b6448000 rw-p 0000b000 08:01 25035815   /lib/i386-linux-gnu/libnss_files-2.19.so
b6448000-b6452000 r-xp 00000000 08:01 25035825   /lib/i386-linux-gnu/libnss_nis-2.19.so
b6452000-b6453000 r--p 00009000 08:01 25035825   /lib/i386-linux-gnu/libnss_nis-2.19.so
b6453000-b6454000 rw-p 0000a000 08:01 25035825   /lib/i386-linux-gnu/libnss_nis-2.19.so
b6454000-b6469000 r-xp 00000000 08:01 25035809   /lib/i386-linux-gnu/libnsl-2.19.so
b6469000-b646a000 r--p 00015000 08:01 25035809   /lib/i386-linux-gnu/libnsl-2.19.so
b646a000-b646b000 rw-p 00016000 08:01 25035809   /lib/i386-linux-gnu/libnsl-2.19.so
b646b000-b646d000 rw-p 00000000 00:00 0 
b646d000-b6474000 r-xp 00000000 08:01 25035811   /lib/i386-linux-gnu/libnss_compat-2.19.so
b6474000-b6475000 r--p 00006000 08:01 25035811   /lib/i386-linux-gnu/libnss_compat-2.19.so
b6475000-b6476000 rw-p 00007000 08:01 25035811   /lib/i386-linux-gnu/libnss_compat-2.19.so
b6476000-b6479000 r--s 0000f000 08:01 3412677    /usr/lib/jvm/java-7-openjdk-i386/jre/lib/ext/icedtea-sound.jar
b6479000-b647d000 r--s 00085000 08:01 3412673    /usr/lib/jvm/java-7-openjdk-i386/jre/lib/ext/localedata.jar
b647d000-b6485000 r-xp 00000000 08:01 3283403    /usr/lib/jvm/java-7-openjdk-i386/jre/lib/i386/libzip.so
b6485000-b6486000 r--p 00007000 08:01 3283403    /usr/lib/jvm/java-7-openjdk-i386/jre/lib/i386/libzip.so
b6486000-b6487000 rw-p 00008000 08:01 3283403    /usr/lib/jvm/java-7-openjdk-i386/jre/lib/i386/libzip.so
b6487000-b648f000 rw-s 00000000 08:01 16777239   /tmp/hsperfdata_rafiqul/5154
b648f000-b64b6000 r-xp 00000000 08:01 3283435    /usr/lib/jvm/java-7-openjdk-i386/jre/lib/i386/libjava.so
b64b6000-b64b7000 r--p 00026000 08:01 3283435    /usr/lib/jvm/java-7-openjdk-i386/jre/lib/i386/libjava.so
b64b7000-b64b8000 rw-p 00027000 08:01 3283435    /usr/lib/jvm/java-7-openjdk-i386/jre/lib/i386/libjava.so
b64b8000-b64bf000 r-xp 00000000 08:01 25035868   /lib/i386-linux-gnu/librt-2.19.so
b64bf000-b64c0000 r--p 00006000 08:01 25035868   /lib/i386-linux-gnu/librt-2.19.so
b64c0000-b64c1000 rw-p 00007000 08:01 25035868   /lib/i386-linux-gnu/librt-2.19.so
b64c1000-b64c4000 ---p 00000000 00:00 0 
b64c4000-b6512000 rw-p 00000000 00:00 0          [stack:5175]
b6512000-b652e000 r-xp 00000000 08:01 25035767   /lib/i386-linux-gnu/libgcc_s.so.1
b652e000-b652f000 rw-p 0001b000 08:01 25035767   /lib/i386-linux-gnu/libgcc_s.so.1
b652f000-b6573000 r-xp 00000000 08:01 25035790   /lib/i386-linux-gnu/libm-2.19.so
b6573000-b6574000 r--p 00043000 08:01 25035790   /lib/i386-linux-gnu/libm-2.19.so
b6574000-b6575000 rw-p 00044000 08:01 25035790   /lib/i386-linux-gnu/libm-2.19.so
b6575000-b6651000 r-xp 00000000 08:01 3018897    /usr/lib/i386-linux-gnu/libstdc++.so.6.0.19
b6651000-b6655000 r--p 000dc000 08:01 3018897    /usr/lib/i386-linux-gnu/libstdc++.so.6.0.19
b6655000-b6656000 rw-p 000e0000 08:01 3018897    /usr/lib/i386-linux-gnu/libstdc++.so.6.0.19
b6656000-b665d000 rw-p 00000000 00:00 0 
b665d000-b704c000 r-xp 00000000 08:01 3412663    /usr/lib/jvm/java-7-openjdk-i386/jre/lib/i386/server/libjvm.so
b704c000-b709e000 r--p 009ee000 08:01 3412663    /usr/lib/jvm/java-7-openjdk-i386/jre/lib/i386/server/libjvm.so
b709e000-b70b2000 rw-p 00a40000 08:01 3412663    /usr/lib/jvm/java-7-openjdk-i386/jre/lib/i386/server/libjvm.so
b70b2000-b74d0000 rw-p 00000000 00:00 0 
b74d0000-b74e8000 r-xp 00000000 08:01 25035903   /lib/i386-linux-gnu/libz.so.1.2.8
b74e8000-b74e9000 r--p 00017000 08:01 25035903   /lib/i386-linux-gnu/libz.so.1.2.8
b74e9000-b74ea000 rw-p 00018000 08:01 25035903   /lib/i386-linux-gnu/libz.so.1.2.8
b74ea000-b7502000 r-xp 00000000 08:01 25035860   /lib/i386-linux-gnu/libpthread-2.19.so
b7502000-b7503000 r--p 00017000 08:01 25035860   /lib/i386-linux-gnu/libpthread-2.19.so
b7503000-b7504000 rw-p 00018000 08:01 25035860   /lib/i386-linux-gnu/libpthread-2.19.so
b7504000-b7506000 rw-p 00000000 00:00 0 
b7506000-b7509000 r-xp 00000000 08:01 25035757   /lib/i386-linux-gnu/libdl-2.19.so
b7509000-b750a000 r--p 00002000 08:01 25035757   /lib/i386-linux-gnu/libdl-2.19.so
b750a000-b750b000 rw-p 00003000 08:01 25035757   /lib/i386-linux-gnu/libdl-2.19.so
b750b000-b76b4000 r-xp 00000000 08:01 25035740   /lib/i386-linux-gnu/libc-2.19.so
b76b4000-b76b6000 r--p 001a9000 08:01 25035740   /lib/i386-linux-gnu/libc-2.19.so
b76b6000-b76b7000 rw-p 001ab000 08:01 25035740   /lib/i386-linux-gnu/libc-2.19.so
b76b7000-b76ba000 rw-p 00000000 00:00 0 
b76ba000-b76bc000 r--s 00012000 08:01 3412678    /usr/lib/jvm/java-7-openjdk-i386/jre/lib/ext/zipfs.jar
b76bc000-b76c0000 r--s 0003c000 08:01 3412676    /usr/lib/jvm/java-7-openjdk-i386/jre/lib/ext/sunpkcs11.jar
b76c0000-b76c1000 r--p 00855000 08:01 3022988    /usr/lib/locale/locale-archive
b76c1000-b76c2000 rw-p 00000000 00:00 0 
b76c2000-b76c3000 ---p 00000000 00:00 0 
b76c3000-b76d1000 r-xp 00000000 08:01 3283418    /usr/lib/jvm/java-7-openjdk-i386/jre/lib/i386/libverify.so
b76d1000-b76d2000 r--p 0000d000 08:01 3283418    /usr/lib/jvm/java-7-openjdk-i386/jre/lib/i386/libverify.so
b76d2000-b76d3000 rw-p 0000e000 08:01 3283418    /usr/lib/jvm/java-7-openjdk-i386/jre/lib/i386/libverify.so
b76d3000-b76df000 r-xp 00000000 08:01 3283406    /usr/lib/jvm/java-7-openjdk-i386/jre/lib/i386/jli/libjli.so
b76df000-b76e0000 r--p 0000c000 08:01 3283406    /usr/lib/jvm/java-7-openjdk-i386/jre/lib/i386/jli/libjli.so
b76e0000-b76e1000 rw-p 0000d000 08:01 3283406    /usr/lib/jvm/java-7-openjdk-i386/jre/lib/i386/jli/libjli.so
b76e1000-b76e4000 rw-p 00000000 00:00 0 
b76e4000-b76e5000 r-xp 00000000 00:00 0          [vdso]
b76e5000-b7705000 r-xp 00000000 08:01 25035716   /lib/i386-linux-gnu/ld-2.19.so
b7705000-b7706000 r--p 0001f000 08:01 25035716   /lib/i386-linux-gnu/ld-2.19.so
b7706000-b7707000 rw-p 00020000 08:01 25035716   /lib/i386-linux-gnu/ld-2.19.so
bf9fb000-bf9fc000 rwxp 00000000 00:00 0 
bfa2e000-bfa4f000 rw-p 00000000 00:00 0          [stack]

VM Arguments:
jvm_args: -Xmx1024M -Dfile.encoding=UTF-8 -Duser.country=US -Duser.language=en -Duser.variant 
java_command: com.android.dx.command.Main --dex --num-threads=4 --output /home/rafiqul/Documents/Software Engineering Project/spring2016_s1_cse404/AssetTrackingSystem__Android_Platform/app/build/intermediates/pre-dexed/debug/classes-0d0159894010126437216df70887e76fc319c96b.jar /home/rafiqul/Documents/Software Engineering Project/spring2016_s1_cse404/AssetTrackingSystem__Android_Platform/app/build/intermediates/exploded-aar/com.android.support/appcompat-v7/23.0.0/jars/classes.jar
Launcher Type: SUN_STANDARD

Environment Variables:
JAVA_HOME=/usr/lib/jvm/java-8-oracle
PATH=/usr/local/sbin:/usr/local/bin:/usr/sbin:/usr/bin:/sbin:/bin:/usr/games:/usr/local/games:/usr/lib/jvm/java-8-oracle/bin:/usr/lib/jvm/java-8-oracle/db/bin:/usr/lib/jvm/java-8-oracle/jre/bin
LD_LIBRARY_PATH=/home/rafiqul/android-studio/bin:
SHELL=/bin/bash
DISPLAY=:0

Signal Handlers:
SIGSEGV: [libjvm.so+0x80cb90], sa_mask[0]=0x7ffbfeff, sa_flags=0x10000004
SIGBUS: [libjvm.so+0x80cb90], sa_mask[0]=0x7ffbfeff, sa_flags=0x10000004
SIGFPE: [libjvm.so+0x684e30], sa_mask[0]=0x7ffbfeff, sa_flags=0x10000004
SIGPIPE: [libjvm.so+0x684e30], sa_mask[0]=0x7ffbfeff, sa_flags=0x10000004
SIGXFSZ: [libjvm.so+0x684e30], sa_mask[0]=0x7ffbfeff, sa_flags=0x10000004
SIGILL: [libjvm.so+0x684e30], sa_mask[0]=0x7ffbfeff, sa_flags=0x10000004
SIGUSR1: SIG_DFL, sa_mask[0]=0x00000000, sa_flags=0x00000000
SIGUSR2: [libjvm.so+0x684cc0], sa_mask[0]=0x00000004, sa_flags=0x10000004
SIGHUP: [libjvm.so+0x684ef0], sa_mask[0]=0x7ffbfeff, sa_flags=0x10000004
SIGINT: [libjvm.so+0x684ef0], sa_mask[0]=0x7ffbfeff, sa_flags=0x10000004
SIGTERM: [libjvm.so+0x684ef0], sa_mask[0]=0x7ffbfeff, sa_flags=0x10000004
SIGQUIT: [libjvm.so+0x684ef0], sa_mask[0]=0x7ffbfeff, sa_flags=0x10000004
SIGTRAP: SIG_DFL, sa_mask[0]=0x00000000, sa_flags=0x00000000


---------------  S Y S T E M  ---------------

OS:Ubuntu 14.04 (trusty)
uname:Linux 3.13.0-24-generic #46-Ubuntu SMP Thu Apr 10 19:08:14 UTC 2014 i686
libc:glibc 2.19 NPTL 2.19 
rlimit: STACK 8192k, CORE 0k, NPROC 31106, NOFILE 4096, AS infinity
load average:16.23 12.61 8.03

/proc/meminfo:
MemTotal:        4000684 kB
MemFree:          214856 kB
Buffers:             236 kB
Cached:           383980 kB
SwapCached:            0 kB
Active:          3294764 kB
Inactive:         376588 kB
Active(anon):    3292580 kB
Inactive(anon):   374472 kB
Active(file):       2184 kB
Inactive(file):     2116 kB
Unevictable:          48 kB
Mlocked:              48 kB
HighTotal:       3155716 kB
HighFree:          40156 kB
LowTotal:         844968 kB
LowFree:          174700 kB
SwapTotal:             0 kB
SwapFree:              0 kB
Dirty:                92 kB
Writeback:             0 kB
AnonPages:       3287596 kB
Mapped:           119548 kB
Shmem:            379504 kB
Slab:              50964 kB
SReclaimable:      25548 kB
SUnreclaim:        25416 kB
KernelStack:        5912 kB
PageTables:        19720 kB
NFS_Unstable:          0 kB
Bounce:              212 kB
WritebackTmp:          0 kB
CommitLimit:     2000340 kB
Committed_AS:    9096656 kB
VmallocTotal:     122880 kB
VmallocUsed:       17028 kB
VmallocChunk:      98472 kB
HardwareCorrupted:     0 kB
AnonHugePages:   1298432 kB
HugePages_Total:       0
HugePages_Free:        0
HugePages_Rsvd:        0
HugePages_Surp:        0
Hugepagesize:       2048 kB
DirectMap4k:       36856 kB
DirectMap2M:      874496 kB


CPU:total 4 (2 cores per cpu, 2 threads per core) family 6 model 58 stepping 9, cmov, cx8, fxsr, mmx, sse, sse2, sse3, ssse3, sse4.1, sse4.2, popcnt, avx, erms, ht, tsc, tscinvbit, tscinv

/proc/cpuinfo:
processor	: 0
vendor_id	: GenuineIntel
cpu family	: 6
model		: 58
model name	: Intel(R) Core(TM) i3-3217U CPU @ 1.80GHz
stepping	: 9
microcode	: 0x15
cpu MHz		: 1801.000
cache size	: 3072 KB
physical id	: 0
siblings	: 4
core id		: 0
cpu cores	: 2
apicid		: 0
initial apicid	: 0
fdiv_bug	: no
f00f_bug	: no
coma_bug	: no
fpu		: yes
fpu_exception	: yes
cpuid level	: 13
wp		: yes
flags		: fpu vme de pse tsc msr pae mce cx8 apic sep mtrr pge mca cmov pat pse36 clflush dts acpi mmx fxsr sse sse2 ss ht tm pbe nx rdtscp lm constant_tsc arch_perfmon pebs bts xtopology nonstop_tsc aperfmperf eagerfpu pni pclmulqdq dtes64 monitor ds_cpl vmx est tm2 ssse3 cx16 xtpr pdcm pcid sse4_1 sse4_2 x2apic popcnt tsc_deadline_timer xsave avx f16c lahf_lm ida arat epb xsaveopt pln pts dtherm tpr_shadow vnmi flexpriority ept vpid fsgsbase smep erms
bogomips	: 3591.74
clflush size	: 64
cache_alignment	: 64
address sizes	: 36 bits physical, 48 bits virtual
power management:

processor	: 1
vendor_id	: GenuineIntel
cpu family	: 6
model		: 58
model name	: Intel(R) Core(TM) i3-3217U CPU @ 1.80GHz
stepping	: 9
microcode	: 0x15
cpu MHz		: 1801.000
cache size	: 3072 KB
physical id	: 0
siblings	: 4
core id		: 0
cpu cores	: 2
apicid		: 1
initial apicid	: 1
fdiv_bug	: no
f00f_bug	: no
coma_bug	: no
fpu		: yes
fpu_exception	: yes
cpuid level	: 13
wp		: yes
flags		: fpu vme de pse tsc msr pae mce cx8 apic sep mtrr pge mca cmov pat pse36 clflush dts acpi mmx fxsr sse sse2 ss ht tm pbe nx rdtscp lm constant_tsc arch_perfmon pebs bts xtopology nonstop_tsc aperfmperf eagerfpu pni pclmulqdq dtes64 monitor ds_cpl vmx est tm2 ssse3 cx16 xtpr pdcm pcid sse4_1 sse4_2 x2apic popcnt tsc_deadline_timer xsave avx f16c lahf_lm ida arat epb xsaveopt pln pts dtherm tpr_shadow vnmi flexpriority ept vpid fsgsbase smep erms
bogomips	: 3591.74
clflush size	: 64
cache_alignment	: 64
address sizes	: 36 bits physical, 48 bits virtual
power management:

processor	: 2
vendor_id	: GenuineIntel
cpu family	: 6
model		: 58
model name	: Intel(R) Core(TM) i3-3217U CPU @ 1.80GHz
stepping	: 9
microcode	: 0x15
cpu MHz		: 1801.000
cache size	: 3072 KB
physical id	: 0
siblings	: 4
core id		: 1
cpu cores	: 2
apicid		: 2
initial apicid	: 2
fdiv_bug	: no
f00f_bug	: no
coma_bug	: no
fpu		: yes
fpu_exception	: yes
cpuid level	: 13
wp		: yes
flags		: fpu vme de pse tsc msr pae mce cx8 apic sep mtrr pge mca cmov pat pse36 clflush dts acpi mmx fxsr sse sse2 ss ht tm pbe nx rdtscp lm constant_tsc arch_perfmon pebs bts xtopology nonstop_tsc aperfmperf eagerfpu pni pclmulqdq dtes64 monitor ds_cpl vmx est tm2 ssse3 cx16 xtpr pdcm pcid sse4_1 sse4_2 x2apic popcnt tsc_deadline_timer xsave avx f16c lahf_lm ida arat epb xsaveopt pln pts dtherm tpr_shadow vnmi flexpriority ept vpid fsgsbase smep erms
bogomips	: 3591.74
clflush size	: 64
cache_alignment	: 64
address sizes	: 36 bits physical, 48 bits virtual
power management:

processor	: 3
vendor_id	: GenuineIntel
cpu family	: 6
model		: 58
model name	: Intel(R) Core(TM) i3-3217U CPU @ 1.80GHz
stepping	: 9
microcode	: 0x15
cpu MHz		: 1801.000
cache size	: 3072 KB
physical id	: 0
siblings	: 4
core id		: 1
cpu cores	: 2
apicid		: 3
initial apicid	: 3
fdiv_bug	: no
f00f_bug	: no
coma_bug	: no
fpu		: yes
fpu_exception	: yes
cpuid level	: 13
wp		: yes
flags		: fpu vme de pse tsc msr pae mce cx8 apic sep mtrr pge mca cmov pat pse36 clflush dts acpi mmx fxsr sse sse2 ss ht tm pbe nx rdtscp lm constant_tsc arch_perfmon pebs bts xtopology nonstop_tsc aperfmperf eagerfpu pni pclmulqdq dtes64 monitor ds_cpl vmx est tm2 ssse3 cx16 xtpr pdcm pcid sse4_1 sse4_2 x2apic popcnt tsc_deadline_timer xsave avx f16c lahf_lm ida arat epb xsaveopt pln pts dtherm tpr_shadow vnmi flexpriority ept vpid fsgsbase smep erms
bogomips	: 3591.74
clflush size	: 64
cache_alignment	: 64
address sizes	: 36 bits physical, 48 bits virtual
power management:



Memory: 4k page, physical 4000684k(212876k free), swap 0k(0k free)

vm_info: OpenJDK Server VM (24.79-b02) for linux-x86 JRE (1.7.0_79-b14), built on Jul 24 2015 08:25:15 by "buildd" with gcc 4.8.2

time: Sat Apr 16 09:50:13 2016
elapsed time: 46 seconds

