#
# There is insufficient memory for the Java Runtime Environment to continue.
# Native memory allocation (malloc) failed to allocate 148373504 bytes for committing reserved memory.
# Possible reasons:
#   The system is out of physical RAM or swap space
#   In 32 bit mode, the process size limit was hit
# Possible solutions:
#   Reduce memory load on the system
#   Increase physical memory or swap space
#   Check if swap backing store is full
#   Use 64 bit Java on a 64 bit OS
#   Decrease Java heap size (-Xmx/-Xms)
#   Decrease number of Java threads
#   Decrease Java thread stack sizes (-Xss)
#   Set larger code cache with -XX:ReservedCodeCacheSize=
# This output file may be truncated or incomplete.
#
#  Out of Memory Error (os_linux.cpp:2809), pid=6309, tid=1742531392
#
# JRE version: OpenJDK Runtime Environment (7.0_79-b14) (build 1.7.0_79-b14)
# Java VM: OpenJDK Server VM (24.79-b02 mixed mode linux-x86 )
# Derivative: IcedTea 2.5.6
# Distribution: Ubuntu 14.04 LTS, package 7u79-2.5.6-0ubuntu1.14.04.1
# Failed to write core dump. Core dumps have been disabled. To enable core dumping, try "ulimit -c unlimited" before starting Java again
#

---------------  T H R E A D  ---------------

Current thread (0x67c80400):  VMThread [stack: 0x67d4e000,0x67dcf000] [id=6336]

Stack: [0x67d4e000,0x67dcf000]
VM_Operation (0x6701dad8): ParallelGCFailedAllocation, mode: safepoint, requested by thread 0x67488c00


---------------  P R O C E S S  ---------------

Java Threads: ( => current thread )
  0x67489800 JavaThread "pool-1-thread-4" [_thread_blocked, id=6378, stack(0x66f7d000,0x66fce000)]
  0x67488c00 JavaThread "pool-1-thread-3" [_thread_blocked, id=6377, stack(0x66fce000,0x6701f000)]
  0x67487800 JavaThread "pool-1-thread-2" [_thread_blocked, id=6374, stack(0x6701f000,0x67070000)]
  0x67485c00 JavaThread "pool-2-thread-1" [_thread_blocked, id=6372, stack(0x67070000,0x670c1000)]
  0x67484c00 JavaThread "pool-1-thread-1" [_thread_blocked, id=6371, stack(0x670c1000,0x67112000)]
  0x67c9d000 JavaThread "Service Thread" daemon [_thread_blocked, id=6357, stack(0x6760b000,0x6765c000)]
  0x67c9b400 JavaThread "C2 CompilerThread1" daemon [_thread_blocked, id=6356, stack(0x6765c000,0x676dd000)]
  0x67c99400 JavaThread "C2 CompilerThread0" daemon [_thread_blocked, id=6355, stack(0x676dd000,0x6775e000)]
  0x67c97c00 JavaThread "Signal Dispatcher" daemon [_thread_blocked, id=6354, stack(0x6775e000,0x677af000)]
  0x67c84800 JavaThread "Finalizer" daemon [_thread_blocked, id=6342, stack(0x679af000,0x67a00000)]
  0x67c83000 JavaThread "Reference Handler" daemon [_thread_blocked, id=6341, stack(0x6a92e000,0x6a97f000)]
  0xb6407c00 JavaThread "main" [_thread_blocked, id=6318, stack(0xb65ae000,0xb65ff000)]

Other Threads:
=>0x67c80400 VMThread [stack: 0x67d4e000,0x67dcf000] [id=6336]
  0x67c9ec00 WatcherThread [stack: 0x6758a000,0x6760b000] [id=6358]

VM state:at safepoint (normal execution)

VM Mutex/Monitor currently owned by a thread:  ([mutex/lock_event])
[0xb6405350] Threads_lock - owner thread: 0x67c80400
[0xb6405760] Heap_lock - owner thread: 0x67488c00

Heap
 PSYoungGen      total 140800K, used 14836K [0x9ddc0000, 0xa76c0000, 0xb3340000)
  eden space 125952K, 0% used [0x9ddc0000,0x9ddc0000,0xa58c0000)
  from space 14848K, 99% used [0xa58c0000,0xa673d268,0xa6740000)
  to   space 13824K, 0% used [0xa6740000,0xa6740000,0xa74c0000)
 ParOldGen       total 41728K, used 41288K [0x73340000, 0x75c00000, 0x9ddc0000)
  object space 41728K, 98% used [0x73340000,0x75b92278,0x75c00000)
 PSPermGen       total 16384K, used 4217K [0x6b340000, 0x6c340000, 0x73340000)
  object space 16384K, 25% used [0x6b340000,0x6b75e5a0,0x6c340000)

Card table byte_map: [0x6b0ff000,0x6b340000] byte_map_base: 0x6ada5600

Polling page: 0xb77b0000

Code Cache  [0xb3400000, 0xb3640000, 0xb6400000)
 total_blobs=464 nmethods=341 adapters=76 free_code_cache=47810Kb largest_free_block=48919552

Compilation events (10 events):
Event: 31.840 Thread 0x67c99400 nmethod 341 0xb34c6b48 code [0xb34c6d60, 0xb34c7578]
Event: 31.841 Thread 0x67c99400  342             com.android.dx.cf.iface.StdAttributeList::findFirst (44 bytes)
Event: 31.885 Thread 0x67c99400 nmethod 342 0xb34bfb48 code [0xb34bfc60, 0xb34bfeb0]
Event: 31.885 Thread 0x67c99400  343             com.android.dx.ssa.SsaRenamer$BlockRenamer::visitNonMoveInsn (14 bytes)
Event: 31.907 Thread 0x67c99400 nmethod 343 0xb34bf708 code [0xb34bf820, 0xb34bf950]
Event: 31.907 Thread 0x67c99400  344             com.android.dx.ssa.LiteralOpUpgrader::access$000 (6 bytes)
Event: 32.158 Thread 0x67c99400 nmethod 344 0xb3550d88 code [0xb3551000, 0xb3551cb8]
Event: 32.159 Thread 0x67c99400  345             com.android.dx.ssa.LiteralOpUpgrader::tryReplacingWithConstant (161 bytes)
Event: 32.439 Thread 0x67c99400 nmethod 345 0xb35560c8 code [0xb3556340, 0xb3557078]
Event: 32.439 Thread 0x67c99400  346             com.android.dx.ssa.LiteralOpUpgrader$1::visitNonMoveInsn (203 bytes)

GC Heap History (10 events):
Event: 3.626 GC heap after
Heap after GC invocations=2 (full 0):
 PSYoungGen      total 34304K, used 2551K [0x9ddc0000, 0xa01c0000, 0xb3340000)
  eden space 31744K, 0% used [0x9ddc0000,0x9ddc0000,0x9fcc0000)
  from space 2560K, 99% used [0x9ff40000,0xa01bdcf0,0xa01c0000)
  to   space 2560K, 0% used [0x9fcc0000,0x9fcc0000,0x9ff40000)
 ParOldGen       total 41728K, used 4571K [0x73340000, 0x75c00000, 0x9ddc0000)
  object space 41728K, 10% used [0x73340000,0x737b6e68,0x75c00000)
 PSPermGen       total 16384K, used 4069K [0x6b340000, 0x6c340000, 0x73340000)
  object space 16384K, 24% used [0x6b340000,0x6b739558,0x6c340000)
}
Event: 7.615 GC heap before
{Heap before GC invocations=3 (full 0):
 PSYoungGen      total 34304K, used 34295K [0x9ddc0000, 0xa01c0000, 0xb3340000)
  eden space 31744K, 100% used [0x9ddc0000,0x9fcc0000,0x9fcc0000)
  from space 2560K, 99% used [0x9ff40000,0xa01bdcf0,0xa01c0000)
  to   space 2560K, 0% used [0x9fcc0000,0x9fcc0000,0x9ff40000)
 ParOldGen       total 41728K, used 4571K [0x73340000, 0x75c00000, 0x9ddc0000)
  object space 41728K, 10% used [0x73340000,0x737b6e68,0x75c00000)
 PSPermGen       total 16384K, used 4108K [0x6b340000, 0x6c340000, 0x73340000)
  object space 16384K, 25% used [0x6b340000,0x6b743148,0x6c340000)
Event: 7.709 GC heap after
Heap after GC invocations=3 (full 0):
 PSYoungGen      total 34304K, used 2545K [0x9ddc0000, 0xa20c0000, 0xb3340000)
  eden space 31744K, 0% used [0x9ddc0000,0x9ddc0000,0x9fcc0000)
  from space 2560K, 99% used [0x9fcc0000,0x9ff3c468,0x9ff40000)
  to   space 2560K, 0% used [0xa1e40000,0xa1e40000,0xa20c0000)
 ParOldGen       total 41728K, used 10270K [0x73340000, 0x75c00000, 0x9ddc0000)
  object space 41728K, 24% used [0x73340000,0x73d478f8,0x75c00000)
 PSPermGen       total 16384K, used 4108K [0x6b340000, 0x6c340000, 0x73340000)
  object space 16384K, 25% used [0x6b340000,0x6b743148,0x6c340000)
}
Event: 11.350 GC heap before
{Heap before GC invocations=4 (full 0):
 PSYoungGen      total 34304K, used 34289K [0x9ddc0000, 0xa20c0000, 0xb3340000)
  eden space 31744K, 100% used [0x9ddc0000,0x9fcc0000,0x9fcc0000)
  from space 2560K, 99% used [0x9fcc0000,0x9ff3c468,0x9ff40000)
  to   space 2560K, 0% used [0xa1e40000,0xa1e40000,0xa20c0000)
 ParOldGen       total 41728K, used 10270K [0x73340000, 0x75c00000, 0x9ddc0000)
  object space 41728K, 24% used [0x73340000,0x73d478f8,0x75c00000)
 PSPermGen       total 16384K, used 4123K [0x6b340000, 0x6c340000, 0x73340000)
  object space 16384K, 25% used [0x6b340000,0x6b746fc8,0x6c340000)
Event: 11.432 GC heap after
Heap after GC invocations=4 (full 0):
 PSYoungGen      total 66048K, used 2547K [0x9ddc0000, 0xa20c0000, 0xb3340000)
  eden space 63488K, 0% used [0x9ddc0000,0x9ddc0000,0xa1bc0000)
  from space 2560K, 99% used [0xa1e40000,0xa20bcf10,0xa20c0000)
  to   space 2560K, 0% used [0xa1bc0000,0xa1bc0000,0xa1e40000)
 ParOldGen       total 41728K, used 15745K [0x73340000, 0x75c00000, 0x9ddc0000)
  object space 41728K, 37% used [0x73340000,0x742a0778,0x75c00000)
 PSPermGen       total 16384K, used 4123K [0x6b340000, 0x6c340000, 0x73340000)
  object space 16384K, 25% used [0x6b340000,0x6b746fc8,0x6c340000)
}
Event: 18.168 GC heap before
{Heap before GC invocations=5 (full 0):
 PSYoungGen      total 66048K, used 66035K [0x9ddc0000, 0xa20c0000, 0xb3340000)
  eden space 63488K, 100% used [0x9ddc0000,0xa1bc0000,0xa1bc0000)
  from space 2560K, 99% used [0xa1e40000,0xa20bcf10,0xa20c0000)
  to   space 2560K, 0% used [0xa1bc0000,0xa1bc0000,0xa1e40000)
 ParOldGen       total 41728K, used 15745K [0x73340000, 0x75c00000, 0x9ddc0000)
  object space 41728K, 37% used [0x73340000,0x742a0778,0x75c00000)
 PSPermGen       total 16384K, used 4159K [0x6b340000, 0x6c340000, 0x73340000)
  object space 16384K, 25% used [0x6b340000,0x6b74fd10,0x6c340000)
Event: 18.331 GC heap after
Heap after GC invocations=5 (full 0):
 PSYoungGen      total 66048K, used 2554K [0x9ddc0000, 0xa74c0000, 0xb3340000)
  eden space 63488K, 0% used [0x9ddc0000,0x9ddc0000,0xa1bc0000)
  from space 2560K, 99% used [0xa1bc0000,0xa1e3e9b0,0xa1e40000)
  to   space 13824K, 0% used [0xa6740000,0xa6740000,0xa74c0000)
 ParOldGen       total 41728K, used 26259K [0x73340000, 0x75c00000, 0x9ddc0000)
  object space 41728K, 62% used [0x73340000,0x74ce4e60,0x75c00000)
 PSPermGen       total 16384K, used 4159K [0x6b340000, 0x6c340000, 0x73340000)
  object space 16384K, 25% used [0x6b340000,0x6b74fd10,0x6c340000)
}
Event: 24.474 GC heap before
{Heap before GC invocations=6 (full 0):
 PSYoungGen      total 66048K, used 66042K [0x9ddc0000, 0xa74c0000, 0xb3340000)
  eden space 63488K, 100% used [0x9ddc0000,0xa1bc0000,0xa1bc0000)
  from space 2560K, 99% used [0xa1bc0000,0xa1e3e9b0,0xa1e40000)
  to   space 13824K, 0% used [0xa6740000,0xa6740000,0xa74c0000)
 ParOldGen       total 41728K, used 26259K [0x73340000, 0x75c00000, 0x9ddc0000)
  object space 41728K, 62% used [0x73340000,0x74ce4e60,0x75c00000)
 PSPermGen       total 16384K, used 4172K [0x6b340000, 0x6c340000, 0x73340000)
  object space 16384K, 25% used [0x6b340000,0x6b7533f0,0x6c340000)
Event: 24.631 GC heap after
Heap after GC invocations=6 (full 0):
 PSYoungGen      total 139776K, used 11493K [0x9ddc0000, 0xa76c0000, 0xb3340000)
  eden space 125952K, 0% used [0x9ddc0000,0x9ddc0000,0xa58c0000)
  from space 13824K, 83% used [0xa6740000,0xa7279598,0xa74c0000)
  to   space 14848K, 0% used [0xa58c0000,0xa58c0000,0xa6740000)
 ParOldGen       total 41728K, used 26259K [0x73340000, 0x75c00000, 0x9ddc0000)
  object space 41728K, 62% used [0x73340000,0x74ce4e60,0x75c00000)
 PSPermGen       total 16384K, used 4172K [0x6b340000, 0x6c340000, 0x73340000)
  object space 16384K, 25% used [0x6b340000,0x6b7533f0,0x6c340000)
}
Event: 32.530 GC heap before
{Heap before GC invocations=7 (full 0):
 PSYoungGen      total 139776K, used 137445K [0x9ddc0000, 0xa76c0000, 0xb3340000)
  eden space 125952K, 100% used [0x9ddc0000,0xa58c0000,0xa58c0000)
  from space 13824K, 83% used [0xa6740000,0xa7279598,0xa74c0000)
  to   space 14848K, 0% used [0xa58c0000,0xa58c0000,0xa6740000)
 ParOldGen       total 41728K, used 26259K [0x73340000, 0x75c00000, 0x9ddc0000)
  object space 41728K, 62% used [0x73340000,0x74ce4e60,0x75c00000)
 PSPermGen       total 16384K, used 4217K [0x6b340000, 0x6c340000, 0x73340000)
  object space 16384K, 25% used [0x6b340000,0x6b75e5a0,0x6c340000)

Deoptimization events (10 events):
Event: 2.808 Thread 0x67487800 Uncommon trap: reason=unreached action=reinterpret pc=0xb3461594 method=com.android.dx.rop.cst.Constant.compareTo(Lcom/android/dx/rop/cst/Constant;)I @ 12
Event: 6.625 Thread 0x67484c00 Uncommon trap: reason=null_check action=make_not_entrant pc=0xb3499950 method=com.android.dx.ssa.SsaRenamer.getLocalForNewReg(I)Lcom/android/dx/rop/code/LocalItem; @ 19
Event: 6.807 Thread 0x67484c00 Uncommon trap: reason=class_check action=maybe_recompile pc=0xb3483374 method=java.util.HashMap.put(Ljava/lang/Object;Ljava/lang/Object;)Ljava/lang/Object; @ 83
Event: 7.297 Thread 0x67484c00 Uncommon trap: reason=class_check action=maybe_recompile pc=0xb3483374 method=java.util.HashMap.put(Ljava/lang/Object;Ljava/lang/Object;)Ljava/lang/Object; @ 83
Event: 7.297 Thread 0x67484c00 Uncommon trap: reason=class_check action=maybe_recompile pc=0xb3483374 method=java.util.HashMap.put(Ljava/lang/Object;Ljava/lang/Object;)Ljava/lang/Object; @ 83
Event: 7.297 Thread 0x67484c00 Uncommon trap: reason=class_check action=maybe_recompile pc=0xb3483374 method=java.util.HashMap.put(Ljava/lang/Object;Ljava/lang/Object;)Ljava/lang/Object; @ 83
Event: 11.212 Thread 0xb6407c00 Uncommon trap: reason=null_check action=make_not_entrant pc=0xb3480dd0 method=com.android.dx.rop.type.Type.equals(Ljava/lang/Object;)Z @ 8
Event: 12.257 Thread 0x67489800 Uncommon trap: reason=unreached action=reinterpret pc=0xb34c275c method=com.android.dx.ssa.SCCP.simulateBranch(Lcom/android/dx/ssa/SsaInsn;)V @ 132
Event: 12.300 Thread 0x67489800 Uncommon trap: reason=unreached action=reinterpret pc=0xb34b153c method=com.android.dx.ssa.SsaMethod.updateOneDefinition(Lcom/android/dx/ssa/SsaInsn;Lcom/android/dx/rop/code/RegisterSpec;)V @ 4
Event: 24.700 Thread 0x67487800 Uncommon trap: reason=null_check action=make_not_entrant pc=0xb34f0a38 method=com.android.dx.cf.code.Ropper$CatchInfo.getSetup(Lcom/android/dx/rop/type/Type;)Lcom/android/dx/cf/code/Ropper$ExceptionHandlerSetup; @ 10

Internal exceptions (10 events):
Event: 1.430 Thread 0x67489800 Threw 0x9e7b2000 at /build/openjdk-7-OXg_HK/openjdk-7-7u79-2.5.6/build/openjdk/hotspot/src/share/vm/prims/jvm.cpp:1284
Event: 1.446 Thread 0xb6407c00 Threw 0x9e94ea20 at /build/openjdk-7-OXg_HK/openjdk-7-7u79-2.5.6/build/openjdk/hotspot/src/share/vm/prims/jvm.cpp:1284
Event: 1.786 Thread 0x67488c00 Threw 0x9ecfef78 at /build/openjdk-7-OXg_HK/openjdk-7-7u79-2.5.6/build/openjdk/hotspot/src/share/vm/prims/jvm.cpp:1284
Event: 1.971 Thread 0x67489800 Threw 0x9dfd6480 at /build/openjdk-7-OXg_HK/openjdk-7-7u79-2.5.6/build/openjdk/hotspot/src/share/vm/prims/jvm.cpp:1284
Event: 6.625 Thread 0x67484c00 Implicit null exception at 0xb349850b to 0xb3499941
Event: 8.476 Thread 0x67489800 Threw 0x9e3a0220 at /build/openjdk-7-OXg_HK/openjdk-7-7u79-2.5.6/build/openjdk/hotspot/src/share/vm/prims/jvm.cpp:1284
Event: 11.212 Thread 0xb6407c00 Implicit null exception at 0xb3480ceb to 0xb3480dc2
Event: 12.299 Thread 0x67489800 Threw 0x9e540870 at /build/openjdk-7-OXg_HK/openjdk-7-7u79-2.5.6/build/openjdk/hotspot/src/share/vm/prims/jvm.cpp:1284
Event: 16.800 Thread 0xb6407c00 Threw 0xa0df2858 at /build/openjdk-7-OXg_HK/openjdk-7-7u79-2.5.6/build/openjdk/hotspot/src/share/vm/prims/jvm.cpp:1284
Event: 24.700 Thread 0x67487800 Implicit null exception at 0xb34ed420 to 0xb34f09fd

Events (10 events):
Event: 24.652 Executing VM operation: BulkRevokeBias done
Event: 24.700 Thread 0x67487800 Uncommon trap: trap_request=0xfffffff4 fr.pc=0xb34f0a38
Event: 24.700 Thread 0x67487800 DEOPT PACKING pc=0xb34f0a38 sp=0x6706ec10
Event: 24.700 Thread 0x67487800 DEOPT UNPACKING pc=0xb342cbc8 sp=0x6706ebdc mode 2
Event: 26.785 Thread 0x67c9b400 flushing nmethod 0xb3482c88
Event: 26.829 Thread 0x67c9b400 flushing nmethod 0xb34977c8
Event: 30.895 Thread 0x67c99400 flushing nmethod 0xb3480bc8
Event: 30.990 Thread 0x67c99400 flushing nmethod 0xb34b1408
Event: 31.062 Thread 0x67c99400 flushing nmethod 0xb34c01c8
Event: 32.519 Executing VM operation: ParallelGCFailedAllocation


Dynamic libraries:
08048000-08049000 r-xp 00000000 08:01 3412725    /usr/lib/jvm/java-7-openjdk-i386/jre/bin/java
08049000-0804a000 r--p 00000000 08:01 3412725    /usr/lib/jvm/java-7-openjdk-i386/jre/bin/java
0804a000-0804b000 rw-p 00001000 08:01 3412725    /usr/lib/jvm/java-7-openjdk-i386/jre/bin/java
083bb000-084c8000 rw-p 00000000 00:00 0          [heap]
64e00000-64e51000 rw-p 00000000 00:00 0 
64e51000-64f00000 ---p 00000000 00:00 0 
64f00000-64ffe000 rw-p 00000000 00:00 0 
64ffe000-65000000 ---p 00000000 00:00 0 
65000000-650f0000 rw-p 00000000 00:00 0 
650f0000-65100000 ---p 00000000 00:00 0 
65200000-652f9000 rw-p 00000000 00:00 0 
652f9000-65300000 ---p 00000000 00:00 0 
65300000-653f8000 rw-p 00000000 00:00 0 
653f8000-65400000 ---p 00000000 00:00 0 
65400000-654f9000 rw-p 00000000 00:00 0 
654f9000-65500000 ---p 00000000 00:00 0 
65500000-655ed000 rw-p 00000000 00:00 0 
655ed000-65600000 ---p 00000000 00:00 0 
65600000-656fc000 rw-p 00000000 00:00 0 
656fc000-65700000 ---p 00000000 00:00 0 
65700000-657ff000 rw-p 00000000 00:00 0 
657ff000-65800000 ---p 00000000 00:00 0 
65800000-658f2000 rw-p 00000000 00:00 0 
658f2000-65900000 ---p 00000000 00:00 0 
65a00000-65aff000 rw-p 00000000 00:00 0 
65aff000-65b00000 ---p 00000000 00:00 0 
65b00000-65bfe000 rw-p 00000000 00:00 0 
65bfe000-65c00000 ---p 00000000 00:00 0 
65c00000-65cf9000 rw-p 00000000 00:00 0 
65cf9000-65d00000 ---p 00000000 00:00 0 
65d00000-65deb000 rw-p 00000000 00:00 0 
65deb000-65e00000 ---p 00000000 00:00 0 
65e00000-65ef8000 rw-p 00000000 00:00 0 
65ef8000-65f00000 ---p 00000000 00:00 0 
66000000-66100000 rw-p 00000000 00:00 0 
66200000-662eb000 rw-p 00000000 00:00 0 
662eb000-66300000 ---p 00000000 00:00 0 
66400000-664fc000 rw-p 00000000 00:00 0 
664fc000-66500000 ---p 00000000 00:00 0 
66600000-66700000 rw-p 00000000 00:00 0 
66800000-668e8000 rw-p 00000000 00:00 0 
668e8000-66900000 ---p 00000000 00:00 0 
66900000-66a00000 rw-p 00000000 00:00 0 
66a00000-66b00000 rw-p 00000000 00:00 0 
66c00000-66cf8000 rw-p 00000000 00:00 0 
66cf8000-66d00000 ---p 00000000 00:00 0 
66e00000-66efa000 rw-p 00000000 00:00 0 
66efa000-66f00000 ---p 00000000 00:00 0 
66f7d000-66f80000 ---p 00000000 00:00 0 
66f80000-66fce000 rw-p 00000000 00:00 0          [stack:6378]
66fce000-66fd1000 ---p 00000000 00:00 0 
66fd1000-6701f000 rw-p 00000000 00:00 0          [stack:6377]
6701f000-67022000 ---p 00000000 00:00 0 
67022000-67070000 rw-p 00000000 00:00 0          [stack:6374]
67070000-67073000 ---p 00000000 00:00 0 
67073000-670c1000 rw-p 00000000 00:00 0          [stack:6372]
670c1000-670c4000 ---p 00000000 00:00 0 
670c4000-67112000 rw-p 00000000 00:00 0          [stack:6371]
67112000-6714e000 r-xp 00000000 08:01 25035843   /lib/i386-linux-gnu/libpcre.so.3.13.1
6714e000-6714f000 r--p 0003b000 08:01 25035843   /lib/i386-linux-gnu/libpcre.so.3.13.1
6714f000-67150000 rw-p 0003c000 08:01 25035843   /lib/i386-linux-gnu/libpcre.so.3.13.1
67150000-67170000 r-xp 00000000 08:01 25035870   /lib/i386-linux-gnu/libselinux.so.1
67170000-67171000 r--p 0001f000 08:01 25035870   /lib/i386-linux-gnu/libselinux.so.1
67171000-67172000 rw-p 00020000 08:01 25035870   /lib/i386-linux-gnu/libselinux.so.1
67172000-67173000 rw-p 00000000 00:00 0 
67173000-6727d000 r-xp 00000000 08:01 25035771   /lib/i386-linux-gnu/libglib-2.0.so.0.4000.0
6727d000-6727e000 r--p 00109000 08:01 25035771   /lib/i386-linux-gnu/libglib-2.0.so.0.4000.0
6727e000-6727f000 rw-p 0010a000 08:01 25035771   /lib/i386-linux-gnu/libglib-2.0.so.0.4000.0
6727f000-673fc000 r-xp 00000000 08:01 3020350    /usr/lib/i386-linux-gnu/libgio-2.0.so.0.4000.0
673fc000-673fe000 r--p 0017c000 08:01 3020350    /usr/lib/i386-linux-gnu/libgio-2.0.so.0.4000.0
673fe000-673ff000 rw-p 0017e000 08:01 3020350    /usr/lib/i386-linux-gnu/libgio-2.0.so.0.4000.0
673ff000-67400000 rw-p 00000000 00:00 0 
67400000-674a5000 rw-p 00000000 00:00 0 
674a5000-67500000 ---p 00000000 00:00 0 
67506000-67519000 r-xp 00000000 08:01 25035866   /lib/i386-linux-gnu/libresolv-2.19.so
67519000-6751a000 ---p 00013000 08:01 25035866   /lib/i386-linux-gnu/libresolv-2.19.so
6751a000-6751b000 r--p 00013000 08:01 25035866   /lib/i386-linux-gnu/libresolv-2.19.so
6751b000-6751c000 rw-p 00014000 08:01 25035866   /lib/i386-linux-gnu/libresolv-2.19.so
6751c000-6751e000 rw-p 00000000 00:00 0 
6751e000-6756e000 r-xp 00000000 08:01 3020380    /usr/lib/i386-linux-gnu/libgobject-2.0.so.0.4000.0
6756e000-6756f000 r--p 0004f000 08:01 3020380    /usr/lib/i386-linux-gnu/libgobject-2.0.so.0.4000.0
6756f000-67570000 rw-p 00050000 08:01 3020380    /usr/lib/i386-linux-gnu/libgobject-2.0.so.0.4000.0
6758a000-6758b000 ---p 00000000 00:00 0 
6758b000-6760b000 rw-p 00000000 00:00 0          [stack:6358]
6760b000-6760e000 ---p 00000000 00:00 0 
6760e000-6765c000 rw-p 00000000 00:00 0          [stack:6357]
6765c000-6765f000 ---p 00000000 00:00 0 
6765f000-676dd000 rw-p 00000000 00:00 0          [stack:6356]
676dd000-676e0000 ---p 00000000 00:00 0 
676e0000-6775e000 rw-p 00000000 00:00 0          [stack:6355]
6775e000-67761000 ---p 00000000 00:00 0 
67761000-677af000 rw-p 00000000 00:00 0          [stack:6354]
677af000-679af000 r--p 00000000 08:01 3022988    /usr/lib/locale/locale-archive
679af000-679b2000 ---p 00000000 00:00 0 
679b2000-67a00000 rw-p 00000000 00:00 0          [stack:6342]
67a00000-67afd000 rw-p 00000000 00:00 0 
67afd000-67b00000 ---p 00000000 00:00 0 
67b00000-67b28000 rw-p 00000000 00:00 0 
67b28000-67c00000 ---p 00000000 00:00 0 
67c00000-67d00000 rw-p 00000000 00:00 0 
67d0c000-67d4e000 r--p 00858000 08:01 3022988    /usr/lib/locale/locale-archive
67d4e000-67d4f000 ---p 00000000 00:00 0 
67d4f000-67dcf000 rw-p 00000000 00:00 0          [stack:6336]
67dcf000-67f80000 r--s 01d29000 08:01 3283391    /usr/lib/jvm/java-7-openjdk-i386/jre/lib/rt.jar
67f80000-6a800000 rw-p 00000000 00:00 0 
6a800000-6a8fd000 rw-p 00000000 00:00 0 
6a8fd000-6a900000 ---p 00000000 00:00 0 
6a915000-6a92c000 r-xp 00000000 08:01 3283427    /usr/lib/jvm/java-7-openjdk-i386/jre/lib/i386/libnet.so
6a92c000-6a92d000 r--p 00017000 08:01 3283427    /usr/lib/jvm/java-7-openjdk-i386/jre/lib/i386/libnet.so
6a92d000-6a92e000 rw-p 00018000 08:01 3283427    /usr/lib/jvm/java-7-openjdk-i386/jre/lib/i386/libnet.so
6a92e000-6a931000 ---p 00000000 00:00 0 
6a931000-6a97f000 rw-p 00000000 00:00 0          [stack:6341]
6a97f000-6a980000 ---p 00000000 00:00 0 
6a980000-6aa00000 rw-p 00000000 00:00 0          [stack:6332]
6aa00000-6aa21000 rw-p 00000000 00:00 0 
6aa21000-6ab00000 ---p 00000000 00:00 0 
6ab00000-6ab21000 rw-p 00000000 00:00 0 
6ab21000-6ac00000 ---p 00000000 00:00 0 
6ac00000-6ac11000 r-xp 00000000 08:01 3283432    /usr/lib/jvm/java-7-openjdk-i386/jre/lib/i386/libnio.so
6ac11000-6ac12000 r--p 00010000 08:01 3283432    /usr/lib/jvm/java-7-openjdk-i386/jre/lib/i386/libnio.so
6ac12000-6ac13000 rw-p 00011000 08:01 3283432    /usr/lib/jvm/java-7-openjdk-i386/jre/lib/i386/libnio.so
6ac13000-6ac27000 r--s 000d6000 08:01 26870748   /home/rafiqul/Documents/Software Engineering Project/spring2016_s1_cse404/AssetTrackingSystem__Android_Platform/app/build/intermediates/exploded-aar/com.android.support/support-v4/23.0.0/jars/classes.jar
6ac27000-6ac36000 r--s 000df000 08:01 9175179    /home/rafiqul/Android/Sdk/build-tools/23.0.1/lib/dx.jar
6ac36000-6ac7f000 rw-p 00000000 00:00 0 
6ac7f000-6ac80000 ---p 00000000 00:00 0 
6ac80000-6ad00000 rw-p 00000000 00:00 0          [stack:6329]
6ad00000-6ad2b000 rw-p 00000000 00:00 0 
6ad2b000-6ae00000 ---p 00000000 00:00 0 
6ae05000-6ae0a000 r-xp 00000000 08:01 3020247    /usr/lib/i386-linux-gnu/libffi.so.6.0.1
6ae0a000-6ae0b000 r--p 00005000 08:01 3020247    /usr/lib/i386-linux-gnu/libffi.so.6.0.1
6ae0b000-6ae0c000 rw-p 00006000 08:01 3020247    /usr/lib/i386-linux-gnu/libffi.so.6.0.1
6ae0c000-6ae67000 rw-p 00000000 00:00 0 
6ae67000-6ae68000 ---p 00000000 00:00 0 
6ae68000-6aee8000 rw-p 00000000 00:00 0          [stack:6326]
6aee8000-6aee9000 ---p 00000000 00:00 0 
6aee9000-6af71000 rw-p 00000000 00:00 0          [stack:6321]
6af71000-6afa9000 rw-p 00000000 00:00 0 
6afa9000-6afbe000 rw-p 00000000 00:00 0 
6afbe000-6b0ff000 rw-p 00000000 00:00 0 
6b0ff000-6b107000 rw-p 00000000 00:00 0 
6b107000-6b13f000 rw-p 00000000 00:00 0 
6b13f000-6b154000 rw-p 00000000 00:00 0 
6b154000-6b294000 rw-p 00000000 00:00 0 
6b294000-6b2e1000 rw-p 00000000 00:00 0 
6b2e1000-6b33f000 rw-p 00000000 00:00 0 
6b33f000-6c340000 rw-p 00000000 00:00 0 
6c340000-73340000 rw-p 00000000 00:00 0 
73340000-75c00000 rw-p 00000000 00:00 0 
75c00000-9ddc0000 rw-p 00000000 00:00 0 
9ddc0000-a76c0000 rw-p 00000000 00:00 0 
b0440000-b3340000 rw-p 00000000 00:00 0 
b3340000-b3349000 rw-p 00000000 00:00 0 
b3349000-b3400000 rw-p 00000000 00:00 0 
b3400000-b3640000 rwxp 00000000 00:00 0 
b3640000-b6500000 rw-p 00000000 00:00 0 
b6502000-b6505000 r-xp 00000000 08:01 3020364    /usr/lib/i386-linux-gnu/libgmodule-2.0.so.0.4000.0
b6505000-b6506000 r--p 00002000 08:01 3020364    /usr/lib/i386-linux-gnu/libgmodule-2.0.so.0.4000.0
b6506000-b6507000 rw-p 00003000 08:01 3020364    /usr/lib/i386-linux-gnu/libgmodule-2.0.so.0.4000.0
b6507000-b6509000 r--s 00006000 08:01 3412779    /usr/share/java/java-atk-wrapper.jar
b6509000-b650c000 r--s 0000f000 08:01 3412677    /usr/lib/jvm/java-7-openjdk-i386/jre/lib/ext/icedtea-sound.jar
b650c000-b6527000 rw-p 00000000 00:00 0 
b6527000-b6532000 r-xp 00000000 08:01 25035815   /lib/i386-linux-gnu/libnss_files-2.19.so
b6532000-b6533000 r--p 0000a000 08:01 25035815   /lib/i386-linux-gnu/libnss_files-2.19.so
b6533000-b6534000 rw-p 0000b000 08:01 25035815   /lib/i386-linux-gnu/libnss_files-2.19.so
b6534000-b653e000 r-xp 00000000 08:01 25035825   /lib/i386-linux-gnu/libnss_nis-2.19.so
b653e000-b653f000 r--p 00009000 08:01 25035825   /lib/i386-linux-gnu/libnss_nis-2.19.so
b653f000-b6540000 rw-p 0000a000 08:01 25035825   /lib/i386-linux-gnu/libnss_nis-2.19.so
b6540000-b6555000 r-xp 00000000 08:01 25035809   /lib/i386-linux-gnu/libnsl-2.19.so
b6555000-b6556000 r--p 00015000 08:01 25035809   /lib/i386-linux-gnu/libnsl-2.19.so
b6556000-b6557000 rw-p 00016000 08:01 25035809   /lib/i386-linux-gnu/libnsl-2.19.so
b6557000-b6559000 rw-p 00000000 00:00 0 
b6559000-b6560000 r-xp 00000000 08:01 25035811   /lib/i386-linux-gnu/libnss_compat-2.19.so
b6560000-b6561000 r--p 00006000 08:01 25035811   /lib/i386-linux-gnu/libnss_compat-2.19.so
b6561000-b6562000 rw-p 00007000 08:01 25035811   /lib/i386-linux-gnu/libnss_compat-2.19.so
b6562000-b6563000 r--s 00002000 08:01 3412674    /usr/lib/jvm/java-7-openjdk-i386/jre/lib/ext/dnsns.jar
b6563000-b6565000 r--s 00012000 08:01 3412678    /usr/lib/jvm/java-7-openjdk-i386/jre/lib/ext/zipfs.jar
b6565000-b6569000 r--s 00034000 08:01 3412675    /usr/lib/jvm/java-7-openjdk-i386/jre/lib/ext/sunjce_provider.jar
b6569000-b656d000 r--s 00085000 08:01 3412673    /usr/lib/jvm/java-7-openjdk-i386/jre/lib/ext/localedata.jar
b656d000-b6571000 r--s 0003c000 08:01 3412676    /usr/lib/jvm/java-7-openjdk-i386/jre/lib/ext/sunpkcs11.jar
b6571000-b6572000 r--p 00855000 08:01 3022988    /usr/lib/locale/locale-archive
b6572000-b657a000 r-xp 00000000 08:01 3283403    /usr/lib/jvm/java-7-openjdk-i386/jre/lib/i386/libzip.so
b657a000-b657b000 r--p 00007000 08:01 3283403    /usr/lib/jvm/java-7-openjdk-i386/jre/lib/i386/libzip.so
b657b000-b657c000 rw-p 00008000 08:01 3283403    /usr/lib/jvm/java-7-openjdk-i386/jre/lib/i386/libzip.so
b657c000-b65a3000 r-xp 00000000 08:01 3283435    /usr/lib/jvm/java-7-openjdk-i386/jre/lib/i386/libjava.so
b65a3000-b65a4000 r--p 00026000 08:01 3283435    /usr/lib/jvm/java-7-openjdk-i386/jre/lib/i386/libjava.so
b65a4000-b65a5000 rw-p 00027000 08:01 3283435    /usr/lib/jvm/java-7-openjdk-i386/jre/lib/i386/libjava.so
b65a5000-b65ac000 r-xp 00000000 08:01 25035868   /lib/i386-linux-gnu/librt-2.19.so
b65ac000-b65ad000 r--p 00006000 08:01 25035868   /lib/i386-linux-gnu/librt-2.19.so
b65ad000-b65ae000 rw-p 00007000 08:01 25035868   /lib/i386-linux-gnu/librt-2.19.so
b65ae000-b65b1000 ---p 00000000 00:00 0 
b65b1000-b65ff000 rw-p 00000000 00:00 0          [stack:6318]
b65ff000-b661b000 r-xp 00000000 08:01 25035767   /lib/i386-linux-gnu/libgcc_s.so.1
b661b000-b661c000 rw-p 0001b000 08:01 25035767   /lib/i386-linux-gnu/libgcc_s.so.1
b661c000-b6660000 r-xp 00000000 08:01 25035790   /lib/i386-linux-gnu/libm-2.19.so
b6660000-b6661000 r--p 00043000 08:01 25035790   /lib/i386-linux-gnu/libm-2.19.so
b6661000-b6662000 rw-p 00044000 08:01 25035790   /lib/i386-linux-gnu/libm-2.19.so
b6662000-b673e000 r-xp 00000000 08:01 3018897    /usr/lib/i386-linux-gnu/libstdc++.so.6.0.19
b673e000-b6742000 r--p 000dc000 08:01 3018897    /usr/lib/i386-linux-gnu/libstdc++.so.6.0.19
b6742000-b6743000 rw-p 000e0000 08:01 3018897    /usr/lib/i386-linux-gnu/libstdc++.so.6.0.19
b6743000-b674a000 rw-p 00000000 00:00 0 
b674a000-b7139000 r-xp 00000000 08:01 3412663    /usr/lib/jvm/java-7-openjdk-i386/jre/lib/i386/server/libjvm.so
b7139000-b718b000 r--p 009ee000 08:01 3412663    /usr/lib/jvm/java-7-openjdk-i386/jre/lib/i386/server/libjvm.so
b718b000-b719f000 rw-p 00a40000 08:01 3412663    /usr/lib/jvm/java-7-openjdk-i386/jre/lib/i386/server/libjvm.so
b719f000-b75bd000 rw-p 00000000 00:00 0 
b75bd000-b75d5000 r-xp 00000000 08:01 25035903   /lib/i386-linux-gnu/libz.so.1.2.8
b75d5000-b75d6000 r--p 00017000 08:01 25035903   /lib/i386-linux-gnu/libz.so.1.2.8
b75d6000-b75d7000 rw-p 00018000 08:01 25035903   /lib/i386-linux-gnu/libz.so.1.2.8
b75d7000-b75ef000 r-xp 00000000 08:01 25035860   /lib/i386-linux-gnu/libpthread-2.19.so
b75ef000-b75f0000 r--p 00017000 08:01 25035860   /lib/i386-linux-gnu/libpthread-2.19.so
b75f0000-b75f1000 rw-p 00018000 08:01 25035860   /lib/i386-linux-gnu/libpthread-2.19.so
b75f1000-b75f3000 rw-p 00000000 00:00 0 
b75f3000-b75f6000 r-xp 00000000 08:01 25035757   /lib/i386-linux-gnu/libdl-2.19.so
b75f6000-b75f7000 r--p 00002000 08:01 25035757   /lib/i386-linux-gnu/libdl-2.19.so
b75f7000-b75f8000 rw-p 00003000 08:01 25035757   /lib/i386-linux-gnu/libdl-2.19.so
b75f8000-b77a1000 r-xp 00000000 08:01 25035740   /lib/i386-linux-gnu/libc-2.19.so
b77a1000-b77a3000 r--p 001a9000 08:01 25035740   /lib/i386-linux-gnu/libc-2.19.so
b77a3000-b77a4000 rw-p 001ab000 08:01 25035740   /lib/i386-linux-gnu/libc-2.19.so
b77a4000-b77a7000 rw-p 00000000 00:00 0 
b77a7000-b77af000 rw-s 00000000 08:01 16646309   /tmp/hsperfdata_rafiqul/6309
b77af000-b77b0000 rw-p 00000000 00:00 0 
b77b0000-b77b1000 ---p 00000000 00:00 0 
b77b1000-b77bf000 r-xp 00000000 08:01 3283418    /usr/lib/jvm/java-7-openjdk-i386/jre/lib/i386/libverify.so
b77bf000-b77c0000 r--p 0000d000 08:01 3283418    /usr/lib/jvm/java-7-openjdk-i386/jre/lib/i386/libverify.so
b77c0000-b77c1000 rw-p 0000e000 08:01 3283418    /usr/lib/jvm/java-7-openjdk-i386/jre/lib/i386/libverify.so
b77c1000-b77cd000 r-xp 00000000 08:01 3283406    /usr/lib/jvm/java-7-openjdk-i386/jre/lib/i386/jli/libjli.so
b77cd000-b77ce000 r--p 0000c000 08:01 3283406    /usr/lib/jvm/java-7-openjdk-i386/jre/lib/i386/jli/libjli.so
b77ce000-b77cf000 rw-p 0000d000 08:01 3283406    /usr/lib/jvm/java-7-openjdk-i386/jre/lib/i386/jli/libjli.so
b77cf000-b77d2000 rw-p 00000000 00:00 0 
b77d2000-b77d3000 r-xp 00000000 00:00 0          [vdso]
b77d3000-b77f3000 r-xp 00000000 08:01 25035716   /lib/i386-linux-gnu/ld-2.19.so
b77f3000-b77f4000 r--p 0001f000 08:01 25035716   /lib/i386-linux-gnu/ld-2.19.so
b77f4000-b77f5000 rw-p 00020000 08:01 25035716   /lib/i386-linux-gnu/ld-2.19.so
bfb98000-bfb99000 rwxp 00000000 00:00 0 
bfbcb000-bfbec000 rw-p 00000000 00:00 0          [stack]

VM Arguments:
jvm_args: -Xmx1024M -Dfile.encoding=UTF-8 -Duser.country=US -Duser.language=en -Duser.variant 
java_command: com.android.dx.command.Main --dex --num-threads=4 --output /home/rafiqul/Documents/Software Engineering Project/spring2016_s1_cse404/AssetTrackingSystem__Android_Platform/app/build/intermediates/pre-dexed/debug/classes-4f0c7eb904846bd1a6235e70f11da521d97d6b6d.jar /home/rafiqul/Documents/Software Engineering Project/spring2016_s1_cse404/AssetTrackingSystem__Android_Platform/app/build/intermediates/exploded-aar/com.android.support/support-v4/23.0.0/jars/classes.jar
Launcher Type: SUN_STANDARD

Environment Variables:
JAVA_HOME=/usr/lib/jvm/java-8-oracle
PATH=/usr/local/sbin:/usr/local/bin:/usr/sbin:/usr/bin:/sbin:/bin:/usr/games:/usr/local/games:/usr/lib/jvm/java-8-oracle/bin:/usr/lib/jvm/java-8-oracle/db/bin:/usr/lib/jvm/java-8-oracle/jre/bin
LD_LIBRARY_PATH=/home/rafiqul/android-studio/bin:
SHELL=/bin/bash
DISPLAY=:0

Signal Handlers:
SIGSEGV: [libjvm.so+0x80cb90], sa_mask[0]=0x7ffbfeff, sa_flags=0x10000004
SIGBUS: [libjvm.so+0x80cb90], sa_mask[0]=0x7ffbfeff, sa_flags=0x10000004
SIGFPE: [libjvm.so+0x684e30], sa_mask[0]=0x7ffbfeff, sa_flags=0x10000004
SIGPIPE: [libjvm.so+0x684e30], sa_mask[0]=0x7ffbfeff, sa_flags=0x10000004
SIGXFSZ: [libjvm.so+0x684e30], sa_mask[0]=0x7ffbfeff, sa_flags=0x10000004
SIGILL: [libjvm.so+0x684e30], sa_mask[0]=0x7ffbfeff, sa_flags=0x10000004
SIGUSR1: SIG_DFL, sa_mask[0]=0x00000000, sa_flags=0x00000000
SIGUSR2: [libjvm.so+0x684cc0], sa_mask[0]=0x00000004, sa_flags=0x10000004
SIGHUP: [libjvm.so+0x684ef0], sa_mask[0]=0x7ffbfeff, sa_flags=0x10000004
SIGINT: [libjvm.so+0x684ef0], sa_mask[0]=0x7ffbfeff, sa_flags=0x10000004
SIGTERM: [libjvm.so+0x684ef0], sa_mask[0]=0x7ffbfeff, sa_flags=0x10000004
SIGQUIT: [libjvm.so+0x684ef0], sa_mask[0]=0x7ffbfeff, sa_flags=0x10000004
SIGTRAP: SIG_DFL, sa_mask[0]=0x00000000, sa_flags=0x00000000


---------------  S Y S T E M  ---------------

OS:Ubuntu 14.04 (trusty)
uname:Linux 3.13.0-24-generic #46-Ubuntu SMP Thu Apr 10 19:08:14 UTC 2014 i686
libc:glibc 2.19 NPTL 2.19 
rlimit: STACK 8192k, CORE 0k, NPROC 31106, NOFILE 4096, AS infinity
load average:16.81 7.39 3.30

/proc/meminfo:
MemTotal:        4000684 kB
MemFree:          282700 kB
Buffers:            5584 kB
Cached:           533280 kB
SwapCached:            0 kB
Active:          3125524 kB
Inactive:         487112 kB
Active(anon):    3079448 kB
Inactive(anon):   441524 kB
Active(file):      46076 kB
Inactive(file):    45588 kB
Unevictable:          64 kB
Mlocked:              64 kB
HighTotal:       3155716 kB
HighFree:         107568 kB
LowTotal:         844968 kB
LowFree:          175132 kB
SwapTotal:             0 kB
SwapFree:              0 kB
Dirty:               324 kB
Writeback:             0 kB
AnonPages:       3073948 kB
Mapped:           250244 kB
Shmem:            447096 kB
Slab:              49240 kB
SReclaimable:      21968 kB
SUnreclaim:        27272 kB
KernelStack:        6040 kB
PageTables:        21576 kB
NFS_Unstable:          0 kB
Bounce:               72 kB
WritebackTmp:          0 kB
CommitLimit:     2000340 kB
Committed_AS:    9676556 kB
VmallocTotal:     122880 kB
VmallocUsed:       16996 kB
VmallocChunk:      98848 kB
HardwareCorrupted:     0 kB
AnonHugePages:   1284096 kB
HugePages_Total:       0
HugePages_Free:        0
HugePages_Rsvd:        0
HugePages_Surp:        0
Hugepagesize:       2048 kB
DirectMap4k:       69624 kB
DirectMap2M:      841728 kB


CPU:total 4 (2 cores per cpu, 2 threads per core) family 6 model 58 stepping 9, cmov, cx8, fxsr, mmx, sse, sse2, sse3, ssse3, sse4.1, sse4.2, popcnt, avx, erms, ht, tsc, tscinvbit, tscinv

/proc/cpuinfo:
processor	: 0
vendor_id	: GenuineIntel
cpu family	: 6
model		: 58
model name	: Intel(R) Core(TM) i3-3217U CPU @ 1.80GHz
stepping	: 9
microcode	: 0x15
cpu MHz		: 1801.000
cache size	: 3072 KB
physical id	: 0
siblings	: 4
core id		: 0
cpu cores	: 2
apicid		: 0
initial apicid	: 0
fdiv_bug	: no
f00f_bug	: no
coma_bug	: no
fpu		: yes
fpu_exception	: yes
cpuid level	: 13
wp		: yes
flags		: fpu vme de pse tsc msr pae mce cx8 apic sep mtrr pge mca cmov pat pse36 clflush dts acpi mmx fxsr sse sse2 ss ht tm pbe nx rdtscp lm constant_tsc arch_perfmon pebs bts xtopology nonstop_tsc aperfmperf eagerfpu pni pclmulqdq dtes64 monitor ds_cpl vmx est tm2 ssse3 cx16 xtpr pdcm pcid sse4_1 sse4_2 x2apic popcnt tsc_deadline_timer xsave avx f16c lahf_lm ida arat epb xsaveopt pln pts dtherm tpr_shadow vnmi flexpriority ept vpid fsgsbase smep erms
bogomips	: 3592.01
clflush size	: 64
cache_alignment	: 64
address sizes	: 36 bits physical, 48 bits virtual
power management:

processor	: 1
vendor_id	: GenuineIntel
cpu family	: 6
model		: 58
model name	: Intel(R) Core(TM) i3-3217U CPU @ 1.80GHz
stepping	: 9
microcode	: 0x15
cpu MHz		: 1801.000
cache size	: 3072 KB
physical id	: 0
siblings	: 4
core id		: 0
cpu cores	: 2
apicid		: 1
initial apicid	: 1
fdiv_bug	: no
f00f_bug	: no
coma_bug	: no
fpu		: yes
fpu_exception	: yes
cpuid level	: 13
wp		: yes
flags		: fpu vme de pse tsc msr pae mce cx8 apic sep mtrr pge mca cmov pat pse36 clflush dts acpi mmx fxsr sse sse2 ss ht tm pbe nx rdtscp lm constant_tsc arch_perfmon pebs bts xtopology nonstop_tsc aperfmperf eagerfpu pni pclmulqdq dtes64 monitor ds_cpl vmx est tm2 ssse3 cx16 xtpr pdcm pcid sse4_1 sse4_2 x2apic popcnt tsc_deadline_timer xsave avx f16c lahf_lm ida arat epb xsaveopt pln pts dtherm tpr_shadow vnmi flexpriority ept vpid fsgsbase smep erms
bogomips	: 3592.01
clflush size	: 64
cache_alignment	: 64
address sizes	: 36 bits physical, 48 bits virtual
power management:

processor	: 2
vendor_id	: GenuineIntel
cpu family	: 6
model		: 58
model name	: Intel(R) Core(TM) i3-3217U CPU @ 1.80GHz
stepping	: 9
microcode	: 0x15
cpu MHz		: 1801.000
cache size	: 3072 KB
physical id	: 0
siblings	: 4
core id		: 1
cpu cores	: 2
apicid		: 2
initial apicid	: 2
fdiv_bug	: no
f00f_bug	: no
coma_bug	: no
fpu		: yes
fpu_exception	: yes
cpuid level	: 13
wp		: yes
flags		: fpu vme de pse tsc msr pae mce cx8 apic sep mtrr pge mca cmov pat pse36 clflush dts acpi mmx fxsr sse sse2 ss ht tm pbe nx rdtscp lm constant_tsc arch_perfmon pebs bts xtopology nonstop_tsc aperfmperf eagerfpu pni pclmulqdq dtes64 monitor ds_cpl vmx est tm2 ssse3 cx16 xtpr pdcm pcid sse4_1 sse4_2 x2apic popcnt tsc_deadline_timer xsave avx f16c lahf_lm ida arat epb xsaveopt pln pts dtherm tpr_shadow vnmi flexpriority ept vpid fsgsbase smep erms
bogomips	: 3592.01
clflush size	: 64
cache_alignment	: 64
address sizes	: 36 bits physical, 48 bits virtual
power management:

processor	: 3
vendor_id	: GenuineIntel
cpu family	: 6
model		: 58
model name	: Intel(R) Core(TM) i3-3217U CPU @ 1.80GHz
stepping	: 9
microcode	: 0x15
cpu MHz		: 1801.000
cache size	: 3072 KB
physical id	: 0
siblings	: 4
core id		: 1
cpu cores	: 2
apicid		: 3
initial apicid	: 3
fdiv_bug	: no
f00f_bug	: no
coma_bug	: no
fpu		: yes
fpu_exception	: yes
cpuid level	: 13
wp		: yes
flags		: fpu vme de pse tsc msr pae mce cx8 apic sep mtrr pge mca cmov pat pse36 clflush dts acpi mmx fxsr sse sse2 ss ht tm pbe nx rdtscp lm constant_tsc arch_perfmon pebs bts xtopology nonstop_tsc aperfmperf eagerfpu pni pclmulqdq dtes64 monitor ds_cpl vmx est tm2 ssse3 cx16 xtpr pdcm pcid sse4_1 sse4_2 x2apic popcnt tsc_deadline_timer xsave avx f16c lahf_lm ida arat epb xsaveopt pln pts dtherm tpr_shadow vnmi flexpriority ept vpid fsgsbase smep erms
bogomips	: 3592.01
clflush size	: 64
cache_alignment	: 64
address sizes	: 36 bits physical, 48 bits virtual
power management:



Memory: 4k page, physical 4000684k(282700k free), swap 0k(0k free)

vm_info: OpenJDK Server VM (24.79-b02) for linux-x86 JRE (1.7.0_79-b14), built on Jul 24 2015 08:25:15 by "buildd" with gcc 4.8.2

time: Tue Apr 19 13:42:45 2016
elapsed time: 32 seconds

