#
# There is insufficient memory for the Java Runtime Environment to continue.
# Native memory allocation (malloc) failed to allocate 44040192 bytes for committing reserved memory.
# Possible reasons:
#   The system is out of physical RAM or swap space
#   In 32 bit mode, the process size limit was hit
# Possible solutions:
#   Reduce memory load on the system
#   Increase physical memory or swap space
#   Check if swap backing store is full
#   Use 64 bit Java on a 64 bit OS
#   Decrease Java heap size (-Xmx/-Xms)
#   Decrease number of Java threads
#   Decrease Java thread stack sizes (-Xss)
#   Set larger code cache with -XX:ReservedCodeCacheSize=
# This output file may be truncated or incomplete.
#
#  Out of Memory Error (os_linux.cpp:2809), pid=5797, tid=1741482816
#
# JRE version: OpenJDK Runtime Environment (7.0_79-b14) (build 1.7.0_79-b14)
# Java VM: OpenJDK Server VM (24.79-b02 mixed mode linux-x86 )
# Derivative: IcedTea 2.5.6
# Distribution: Ubuntu 14.04 LTS, package 7u79-2.5.6-0ubuntu1.14.04.1
# Failed to write core dump. Core dumps have been disabled. To enable core dumping, try "ulimit -c unlimited" before starting Java again
#

---------------  T H R E A D  ---------------

Current thread (0x67b80800):  VMThread [stack: 0x67c4e000,0x67ccf000] [id=5839]

Stack: [0x67c4e000,0x67ccf000]
VM_Operation (0x66f7ea80): ParallelGCFailedAllocation, mode: safepoint, requested by thread 0x6737f800


---------------  P R O C E S S  ---------------

Java Threads: ( => current thread )
  0x6738b400 JavaThread "pool-1-thread-4" [_thread_blocked, id=5881, stack(0x66ede000,0x66f2f000)]
  0x6737f800 JavaThread "pool-1-thread-3" [_thread_blocked, id=5880, stack(0x66f2f000,0x66f80000)]
  0x6737e000 JavaThread "pool-1-thread-2" [_thread_blocked, id=5879, stack(0x66f80000,0x66fd1000)]
  0x6737d000 JavaThread "pool-2-thread-1" [_thread_blocked, id=5878, stack(0x66fd1000,0x67022000)]
  0x6737bc00 JavaThread "pool-1-thread-1" [_thread_blocked, id=5877, stack(0x67022000,0x67073000)]
  0x67b9d400 JavaThread "Service Thread" daemon [_thread_blocked, id=5860, stack(0x6755c000,0x675ad000)]
  0x67b9b400 JavaThread "C2 CompilerThread1" daemon [_thread_blocked, id=5859, stack(0x675ad000,0x6762e000)]
  0x67b99400 JavaThread "C2 CompilerThread0" daemon [_thread_blocked, id=5858, stack(0x6762e000,0x676af000)]
  0x67b97c00 JavaThread "Signal Dispatcher" daemon [_thread_blocked, id=5857, stack(0x676af000,0x67700000)]
  0x67b84800 JavaThread "Finalizer" daemon [_thread_blocked, id=5843, stack(0x6a82e000,0x6a87f000)]
  0x67b83000 JavaThread "Reference Handler" daemon [_thread_blocked, id=5842, stack(0x6aa2e000,0x6aa7f000)]
  0xb6407c00 JavaThread "main" [_thread_blocked, id=5816, stack(0xb6530000,0xb6581000)]

Other Threads:
=>0x67b80800 VMThread [stack: 0x67c4e000,0x67ccf000] [id=5839]
  0x67b9f000 WatcherThread [stack: 0x674db000,0x6755c000] [id=5861]

VM state:at safepoint (normal execution)

VM Mutex/Monitor currently owned by a thread:  ([mutex/lock_event])
[0xb6405410] Threads_lock - owner thread: 0x67b80800
[0xb6405820] Heap_lock - owner thread: 0x6737f800

Heap
 PSYoungGen      total 34304K, used 2551K [0x9dd40000, 0xa0140000, 0xb32c0000)
  eden space 31744K, 0% used [0x9dd40000,0x9dd40000,0x9fc40000)
  from space 2560K, 99% used [0x9fc40000,0x9febde60,0x9fec0000)
  to   space 2560K, 0% used [0x9fec0000,0x9fec0000,0xa0140000)
 ParOldGen       total 41728K, used 15348K [0x732c0000, 0x75b80000, 0x9dd40000)
  object space 41728K, 36% used [0x732c0000,0x741bd078,0x75b80000)
 PSPermGen       total 16384K, used 4105K [0x6b2c0000, 0x6c2c0000, 0x732c0000)
  object space 16384K, 25% used [0x6b2c0000,0x6b6c26e8,0x6c2c0000)

Card table byte_map: [0x6b07f000,0x6b2c0000] byte_map_base: 0x6ad25a00

Polling page: 0xb7731000

Code Cache  [0xb33a5000, 0xb35e5000, 0xb63a5000)
 total_blobs=337 nmethods=212 adapters=76 free_code_cache=48388Kb largest_free_block=49531584

Compilation events (10 events):
Event: 8.815 Thread 0x67b99400 nmethod 202 0xb3445688 code [0xb3445780, 0xb34459f0]
Event: 8.815 Thread 0x67b99400  207             java.lang.Float::isNaN (12 bytes)
Event: 8.815 Thread 0x67b99400 nmethod 207 0xb343d588 code [0xb343d660, 0xb343d6b0]
Event: 8.815 Thread 0x67b99400  208             java.util.HashMap::<init> (119 bytes)
Event: 8.833 Thread 0x67b99400 nmethod 208 0xb3445408 code [0xb3445500, 0xb34455f0]
Event: 8.833 Thread 0x67b99400  209             java.util.HashMap::init (1 bytes)
Event: 8.834 Thread 0x67b99400 nmethod 209 0xb3445288 code [0xb3445360, 0xb34453b0]
Event: 8.834 Thread 0x67b99400  210             com.android.dx.ssa.SsaRenamer::access$000 (5 bytes)
Event: 8.834 Thread 0x67b99400 nmethod 210 0xb345a988 code [0xb345aa80, 0xb345aad0]
Event: 8.834 Thread 0x67b99400  211             com.android.dx.ssa.SCCP::simulateBranch (666 bytes)

GC Heap History (9 events):
Event: 1.943 GC heap before
{Heap before GC invocations=1 (full 0):
 PSYoungGen      total 18432K, used 15872K [0x9dd40000, 0x9f1c0000, 0xb32c0000)
  eden space 15872K, 100% used [0x9dd40000,0x9ecc0000,0x9ecc0000)
  from space 2560K, 0% used [0x9ef40000,0x9ef40000,0x9f1c0000)
  to   space 2560K, 0% used [0x9ecc0000,0x9ecc0000,0x9ef40000)
 ParOldGen       total 41728K, used 0K [0x732c0000, 0x75b80000, 0x9dd40000)
  object space 41728K, 0% used [0x732c0000,0x732c0000,0x75b80000)
 PSPermGen       total 16384K, used 3935K [0x6b2c0000, 0x6c2c0000, 0x732c0000)
  object space 16384K, 24% used [0x6b2c0000,0x6b697ee8,0x6c2c0000)
Event: 1.957 GC heap after
Heap after GC invocations=1 (full 0):
 PSYoungGen      total 18432K, used 2545K [0x9dd40000, 0x9f1c0000, 0xb32c0000)
  eden space 15872K, 0% used [0x9dd40000,0x9dd40000,0x9ecc0000)
  from space 2560K, 99% used [0x9ecc0000,0x9ef3c558,0x9ef40000)
  to   space 2560K, 0% used [0x9ef40000,0x9ef40000,0x9f1c0000)
 ParOldGen       total 41728K, used 1429K [0x732c0000, 0x75b80000, 0x9dd40000)
  object space 41728K, 3% used [0x732c0000,0x734256b0,0x75b80000)
 PSPermGen       total 16384K, used 3935K [0x6b2c0000, 0x6c2c0000, 0x732c0000)
  object space 16384K, 24% used [0x6b2c0000,0x6b697ee8,0x6c2c0000)
}
Event: 4.213 GC heap before
{Heap before GC invocations=2 (full 0):
 PSYoungGen      total 18432K, used 18417K [0x9dd40000, 0x9f1c0000, 0xb32c0000)
  eden space 15872K, 100% used [0x9dd40000,0x9ecc0000,0x9ecc0000)
  from space 2560K, 99% used [0x9ecc0000,0x9ef3c558,0x9ef40000)
  to   space 2560K, 0% used [0x9ef40000,0x9ef40000,0x9f1c0000)
 ParOldGen       total 41728K, used 1429K [0x732c0000, 0x75b80000, 0x9dd40000)
  object space 41728K, 3% used [0x732c0000,0x734256b0,0x75b80000)
 PSPermGen       total 16384K, used 4035K [0x6b2c0000, 0x6c2c0000, 0x732c0000)
  object space 16384K, 24% used [0x6b2c0000,0x6b6b0da0,0x6c2c0000)
Event: 4.246 GC heap after
Heap after GC invocations=2 (full 0):
 PSYoungGen      total 18432K, used 2554K [0x9dd40000, 0xa0140000, 0xb32c0000)
  eden space 15872K, 0% used [0x9dd40000,0x9dd40000,0x9ecc0000)
  from space 2560K, 99% used [0x9ef40000,0x9f1beae0,0x9f1c0000)
  to   space 2560K, 0% used [0x9ecc0000,0x9ecc0000,0x9ef40000)
 ParOldGen       total 41728K, used 4224K [0x732c0000, 0x75b80000, 0x9dd40000)
  object space 41728K, 10% used [0x732c0000,0x736e01f8,0x75b80000)
 PSPermGen       total 16384K, used 4035K [0x6b2c0000, 0x6c2c0000, 0x732c0000)
  object space 16384K, 24% used [0x6b2c0000,0x6b6b0da0,0x6c2c0000)
}
Event: 6.454 GC heap before
{Heap before GC invocations=3 (full 0):
 PSYoungGen      total 18432K, used 18426K [0x9dd40000, 0xa0140000, 0xb32c0000)
  eden space 15872K, 100% used [0x9dd40000,0x9ecc0000,0x9ecc0000)
  from space 2560K, 99% used [0x9ef40000,0x9f1beae0,0x9f1c0000)
  to   space 2560K, 0% used [0x9ecc0000,0x9ecc0000,0x9ef40000)
 ParOldGen       total 41728K, used 4224K [0x732c0000, 0x75b80000, 0x9dd40000)
  object space 41728K, 10% used [0x732c0000,0x736e01f8,0x75b80000)
 PSPermGen       total 16384K, used 4072K [0x6b2c0000, 0x6c2c0000, 0x732c0000)
  object space 16384K, 24% used [0x6b2c0000,0x6b6ba100,0x6c2c0000)
Event: 6.533 GC heap after
Heap after GC invocations=3 (full 0):
 PSYoungGen      total 18432K, used 2554K [0x9dd40000, 0xa0140000, 0xb32c0000)
  eden space 15872K, 0% used [0x9dd40000,0x9dd40000,0x9ecc0000)
  from space 2560K, 99% used [0x9ecc0000,0x9ef3eb40,0x9ef40000)
  to   space 2560K, 0% used [0x9fec0000,0x9fec0000,0xa0140000)
 ParOldGen       total 41728K, used 6782K [0x732c0000, 0x75b80000, 0x9dd40000)
  object space 41728K, 16% used [0x732c0000,0x7395faf0,0x75b80000)
 PSPermGen       total 16384K, used 4072K [0x6b2c0000, 0x6c2c0000, 0x732c0000)
  object space 16384K, 24% used [0x6b2c0000,0x6b6ba100,0x6c2c0000)
}
Event: 8.564 GC heap before
{Heap before GC invocations=4 (full 0):
 PSYoungGen      total 18432K, used 18426K [0x9dd40000, 0xa0140000, 0xb32c0000)
  eden space 15872K, 100% used [0x9dd40000,0x9ecc0000,0x9ecc0000)
  from space 2560K, 99% used [0x9ecc0000,0x9ef3eb40,0x9ef40000)
  to   space 2560K, 0% used [0x9fec0000,0x9fec0000,0xa0140000)
 ParOldGen       total 41728K, used 6782K [0x732c0000, 0x75b80000, 0x9dd40000)
  object space 41728K, 16% used [0x732c0000,0x7395faf0,0x75b80000)
 PSPermGen       total 16384K, used 4091K [0x6b2c0000, 0x6c2c0000, 0x732c0000)
  object space 16384K, 24% used [0x6b2c0000,0x6b6bec30,0x6c2c0000)
Event: 8.625 GC heap after
Heap after GC invocations=4 (full 0):
 PSYoungGen      total 34304K, used 2546K [0x9dd40000, 0xa0140000, 0xb32c0000)
  eden space 31744K, 0% used [0x9dd40000,0x9dd40000,0x9fc40000)
  from space 2560K, 99% used [0x9fec0000,0xa013cb60,0xa0140000)
  to   space 2560K, 0% used [0x9fc40000,0x9fc40000,0x9fec0000)
 ParOldGen       total 41728K, used 9513K [0x732c0000, 0x75b80000, 0x9dd40000)
  object space 41728K, 22% used [0x732c0000,0x73c0a440,0x75b80000)
 PSPermGen       total 16384K, used 4091K [0x6b2c0000, 0x6c2c0000, 0x732c0000)
  object space 16384K, 24% used [0x6b2c0000,0x6b6bec30,0x6c2c0000)
}
Event: 12.885 GC heap before
{Heap before GC invocations=5 (full 0):
 PSYoungGen      total 34304K, used 34290K [0x9dd40000, 0xa0140000, 0xb32c0000)
  eden space 31744K, 100% used [0x9dd40000,0x9fc40000,0x9fc40000)
  from space 2560K, 99% used [0x9fec0000,0xa013cb60,0xa0140000)
  to   space 2560K, 0% used [0x9fc40000,0x9fc40000,0x9fec0000)
 ParOldGen       total 41728K, used 9513K [0x732c0000, 0x75b80000, 0x9dd40000)
  object space 41728K, 22% used [0x732c0000,0x73c0a440,0x75b80000)
 PSPermGen       total 16384K, used 4105K [0x6b2c0000, 0x6c2c0000, 0x732c0000)
  object space 16384K, 25% used [0x6b2c0000,0x6b6c26e8,0x6c2c0000)

Deoptimization events (8 events):
Event: 1.353 Thread 0x6738b400 Uncommon trap: reason=class_check action=maybe_recompile pc=0xb33fa264 method=com.android.dx.ssa.NormalSsaInsn.accept(Lcom/android/dx/ssa/SsaInsn$Visitor;)V @ 9
Event: 1.382 Thread 0x6737bc00 Uncommon trap: reason=class_check action=maybe_recompile pc=0xb33fa264 method=com.android.dx.ssa.NormalSsaInsn.accept(Lcom/android/dx/ssa/SsaInsn$Visitor;)V @ 9
Event: 1.638 Thread 0xb6407c00 Uncommon trap: reason=class_check action=maybe_recompile pc=0xb33fa264 method=com.android.dx.ssa.NormalSsaInsn.accept(Lcom/android/dx/ssa/SsaInsn$Visitor;)V @ 9
Event: 1.703 Thread 0x6737f800 Uncommon trap: reason=class_check action=maybe_recompile pc=0xb33fa264 method=com.android.dx.ssa.NormalSsaInsn.accept(Lcom/android/dx/ssa/SsaInsn$Visitor;)V @ 9
Event: 4.338 Thread 0xb6407c00 Uncommon trap: reason=null_check action=make_not_entrant pc=0xb341b14c method=com.android.dx.ssa.SsaRenamer.getLocalForNewReg(I)Lcom/android/dx/rop/code/LocalItem; @ 19
Event: 4.398 Thread 0xb6407c00 Uncommon trap: reason=null_check action=make_not_entrant pc=0xb342a2cc method=com.android.dx.ssa.SsaRenamer.getLocalForNewReg(I)Lcom/android/dx/rop/code/LocalItem; @ 19
Event: 8.138 Thread 0x6737f800 Uncommon trap: reason=unreached action=reinterpret pc=0xb33f7914 method=com.android.dx.rop.cst.Constant.compareTo(Lcom/android/dx/rop/cst/Constant;)I @ 12
Event: 8.978 Thread 0x6737f800 Uncommon trap: reason=unreached action=reinterpret pc=0xb344961c method=com.android.dx.ssa.LocalVariableExtractor.processBlock(I)V @ 251

Internal exceptions (10 events):
Event: 2.259 Thread 0x6737f800 Threw 0x9df62208 at /build/openjdk-7-OXg_HK/openjdk-7-7u79-2.5.6/build/openjdk/hotspot/src/share/vm/prims/jvm.cpp:1284
Event: 2.319 Thread 0x6737bc00 Threw 0x9dfa23c8 at /build/openjdk-7-OXg_HK/openjdk-7-7u79-2.5.6/build/openjdk/hotspot/src/share/vm/prims/jvm.cpp:1284
Event: 4.338 Thread 0xb6407c00 Implicit null exception at 0xb3419cbd to 0xb341b13d
Event: 4.398 Thread 0xb6407c00 Implicit null exception at 0xb3428d20 to 0xb342a2b1
Event: 4.944 Thread 0xb6407c00 Threw 0x9e1fcb80 at /build/openjdk-7-OXg_HK/openjdk-7-7u79-2.5.6/build/openjdk/hotspot/src/share/vm/prims/jvm.cpp:1284
Event: 4.945 Thread 0xb6407c00 Threw 0x9e1fff18 at /build/openjdk-7-OXg_HK/openjdk-7-7u79-2.5.6/build/openjdk/hotspot/src/share/vm/prims/jvm.cpp:1284
Event: 4.946 Thread 0xb6407c00 Threw 0x9e202f80 at /build/openjdk-7-OXg_HK/openjdk-7-7u79-2.5.6/build/openjdk/hotspot/src/share/vm/prims/jvm.cpp:1284
Event: 4.947 Thread 0xb6407c00 Threw 0x9e2062a8 at /build/openjdk-7-OXg_HK/openjdk-7-7u79-2.5.6/build/openjdk/hotspot/src/share/vm/prims/jvm.cpp:1284
Event: 8.374 Thread 0x6738b400 Threw 0x9eb52c80 at /build/openjdk-7-OXg_HK/openjdk-7-7u79-2.5.6/build/openjdk/hotspot/src/share/vm/prims/jvm.cpp:1284
Event: 8.474 Thread 0xb6407c00 Threw 0x9ec755e8 at /build/openjdk-7-OXg_HK/openjdk-7-7u79-2.5.6/build/openjdk/hotspot/src/share/vm/prims/jvm.cpp:1284

Events (10 events):
Event: 8.635 Executing VM operation: RevokeBias
Event: 8.635 Executing VM operation: RevokeBias done
Event: 8.635 Executing VM operation: RevokeBias
Event: 8.635 Executing VM operation: RevokeBias done
Event: 8.635 Executing VM operation: BulkRevokeBias
Event: 8.636 Executing VM operation: BulkRevokeBias done
Event: 8.978 Thread 0x6737f800 Uncommon trap: trap_request=0xffffffad fr.pc=0xb344961c
Event: 8.978 Thread 0x6737f800 DEOPT PACKING pc=0xb344961c sp=0x66f7eb90
Event: 8.978 Thread 0x6737f800 DEOPT UNPACKING pc=0xb33d1bc8 sp=0x66f7eb98 mode 2
Event: 12.214 Executing VM operation: ParallelGCFailedAllocation


Dynamic libraries:
08048000-08049000 r-xp 00000000 08:01 3412725    /usr/lib/jvm/java-7-openjdk-i386/jre/bin/java
08049000-0804a000 r--p 00000000 08:01 3412725    /usr/lib/jvm/java-7-openjdk-i386/jre/bin/java
0804a000-0804b000 rw-p 00001000 08:01 3412725    /usr/lib/jvm/java-7-openjdk-i386/jre/bin/java
09a24000-09ab3000 rw-p 00000000 00:00 0          [heap]
65f00000-65ffd000 rw-p 00000000 00:00 0 
65ffd000-66000000 ---p 00000000 00:00 0 
66100000-6613d000 rw-p 00000000 00:00 0 
6613d000-66200000 ---p 00000000 00:00 0 
66300000-663fe000 rw-p 00000000 00:00 0 
663fe000-66400000 ---p 00000000 00:00 0 
66500000-665ff000 rw-p 00000000 00:00 0 
665ff000-66600000 ---p 00000000 00:00 0 
66700000-667f2000 rw-p 00000000 00:00 0 
667f2000-66800000 ---p 00000000 00:00 0 
66800000-668ff000 rw-p 00000000 00:00 0 
668ff000-66900000 ---p 00000000 00:00 0 
66900000-66a00000 rw-p 00000000 00:00 0 
66b00000-66bf9000 rw-p 00000000 00:00 0 
66bf9000-66c00000 ---p 00000000 00:00 0 
66c00000-66cec000 rw-p 00000000 00:00 0 
66cec000-66d00000 ---p 00000000 00:00 0 
66d00000-66dfc000 rw-p 00000000 00:00 0 
66dfc000-66e00000 ---p 00000000 00:00 0 
66ede000-66ee1000 ---p 00000000 00:00 0 
66ee1000-66f2f000 rw-p 00000000 00:00 0          [stack:5881]
66f2f000-66f32000 ---p 00000000 00:00 0 
66f32000-66f80000 rw-p 00000000 00:00 0          [stack:5880]
66f80000-66f83000 ---p 00000000 00:00 0 
66f83000-66fd1000 rw-p 00000000 00:00 0          [stack:5879]
66fd1000-66fd4000 ---p 00000000 00:00 0 
66fd4000-67022000 rw-p 00000000 00:00 0          [stack:5878]
67022000-67025000 ---p 00000000 00:00 0 
67025000-67073000 rw-p 00000000 00:00 0          [stack:5877]
67073000-6717d000 r-xp 00000000 08:01 25035771   /lib/i386-linux-gnu/libglib-2.0.so.0.4000.0
6717d000-6717e000 r--p 00109000 08:01 25035771   /lib/i386-linux-gnu/libglib-2.0.so.0.4000.0
6717e000-6717f000 rw-p 0010a000 08:01 25035771   /lib/i386-linux-gnu/libglib-2.0.so.0.4000.0
6717f000-672fc000 r-xp 00000000 08:01 3020350    /usr/lib/i386-linux-gnu/libgio-2.0.so.0.4000.0
672fc000-672fe000 r--p 0017c000 08:01 3020350    /usr/lib/i386-linux-gnu/libgio-2.0.so.0.4000.0
672fe000-672ff000 rw-p 0017e000 08:01 3020350    /usr/lib/i386-linux-gnu/libgio-2.0.so.0.4000.0
672ff000-67300000 rw-p 00000000 00:00 0 
67300000-673c1000 rw-p 00000000 00:00 0 
673c1000-67400000 ---p 00000000 00:00 0 
67410000-6744c000 r-xp 00000000 08:01 25035843   /lib/i386-linux-gnu/libpcre.so.3.13.1
6744c000-6744d000 r--p 0003b000 08:01 25035843   /lib/i386-linux-gnu/libpcre.so.3.13.1
6744d000-6744e000 rw-p 0003c000 08:01 25035843   /lib/i386-linux-gnu/libpcre.so.3.13.1
6744e000-67461000 r-xp 00000000 08:01 25035866   /lib/i386-linux-gnu/libresolv-2.19.so
67461000-67462000 ---p 00013000 08:01 25035866   /lib/i386-linux-gnu/libresolv-2.19.so
67462000-67463000 r--p 00013000 08:01 25035866   /lib/i386-linux-gnu/libresolv-2.19.so
67463000-67464000 rw-p 00014000 08:01 25035866   /lib/i386-linux-gnu/libresolv-2.19.so
67464000-67466000 rw-p 00000000 00:00 0 
67466000-67486000 r-xp 00000000 08:01 25035870   /lib/i386-linux-gnu/libselinux.so.1
67486000-67487000 r--p 0001f000 08:01 25035870   /lib/i386-linux-gnu/libselinux.so.1
67487000-67488000 rw-p 00020000 08:01 25035870   /lib/i386-linux-gnu/libselinux.so.1
67488000-67489000 rw-p 00000000 00:00 0 
67489000-674d9000 r-xp 00000000 08:01 3020380    /usr/lib/i386-linux-gnu/libgobject-2.0.so.0.4000.0
674d9000-674da000 r--p 0004f000 08:01 3020380    /usr/lib/i386-linux-gnu/libgobject-2.0.so.0.4000.0
674da000-674db000 rw-p 00050000 08:01 3020380    /usr/lib/i386-linux-gnu/libgobject-2.0.so.0.4000.0
674db000-674dc000 ---p 00000000 00:00 0 
674dc000-6755c000 rw-p 00000000 00:00 0          [stack:5861]
6755c000-6755f000 ---p 00000000 00:00 0 
6755f000-675ad000 rw-p 00000000 00:00 0          [stack:5860]
675ad000-675b0000 ---p 00000000 00:00 0 
675b0000-6762e000 rw-p 00000000 00:00 0          [stack:5859]
6762e000-67631000 ---p 00000000 00:00 0 
67631000-676af000 rw-p 00000000 00:00 0          [stack:5858]
676af000-676b2000 ---p 00000000 00:00 0 
676b2000-67700000 rw-p 00000000 00:00 0          [stack:5857]
67700000-67900000 r--p 00000000 08:01 3022988    /usr/lib/locale/locale-archive
67900000-679fa000 rw-p 00000000 00:00 0 
679fa000-67a00000 ---p 00000000 00:00 0 
67a00000-67a21000 rw-p 00000000 00:00 0 
67a21000-67b00000 ---p 00000000 00:00 0 
67b00000-67c00000 rw-p 00000000 00:00 0 
67c0c000-67c4e000 r--p 00858000 08:01 3022988    /usr/lib/locale/locale-archive
67c4e000-67c4f000 ---p 00000000 00:00 0 
67c4f000-67ccf000 rw-p 00000000 00:00 0          [stack:5839]
67ccf000-67e80000 r--s 01d29000 08:01 3283391    /usr/lib/jvm/java-7-openjdk-i386/jre/lib/rt.jar
67e80000-6a700000 rw-p 00000000 00:00 0 
6a700000-6a7fb000 rw-p 00000000 00:00 0 
6a7fb000-6a800000 ---p 00000000 00:00 0 
6a82e000-6a831000 ---p 00000000 00:00 0 
6a831000-6a87f000 rw-p 00000000 00:00 0          [stack:5843]
6a87f000-6a880000 ---p 00000000 00:00 0 
6a880000-6a900000 rw-p 00000000 00:00 0          [stack:5832]
6a900000-6a921000 rw-p 00000000 00:00 0 
6a921000-6aa00000 ---p 00000000 00:00 0 
6aa15000-6aa2c000 r-xp 00000000 08:01 3283427    /usr/lib/jvm/java-7-openjdk-i386/jre/lib/i386/libnet.so
6aa2c000-6aa2d000 r--p 00017000 08:01 3283427    /usr/lib/jvm/java-7-openjdk-i386/jre/lib/i386/libnet.so
6aa2d000-6aa2e000 rw-p 00018000 08:01 3283427    /usr/lib/jvm/java-7-openjdk-i386/jre/lib/i386/libnet.so
6aa2e000-6aa31000 ---p 00000000 00:00 0 
6aa31000-6aa7f000 rw-p 00000000 00:00 0          [stack:5842]
6aa7f000-6aa80000 ---p 00000000 00:00 0 
6aa80000-6ab00000 rw-p 00000000 00:00 0          [stack:5831]
6ab00000-6ab21000 rw-p 00000000 00:00 0 
6ab21000-6ac00000 ---p 00000000 00:00 0 
6ac0d000-6ac12000 r-xp 00000000 08:01 3020247    /usr/lib/i386-linux-gnu/libffi.so.6.0.1
6ac12000-6ac13000 r--p 00005000 08:01 3020247    /usr/lib/i386-linux-gnu/libffi.so.6.0.1
6ac13000-6ac14000 rw-p 00006000 08:01 3020247    /usr/lib/i386-linux-gnu/libffi.so.6.0.1
6ac14000-6ac25000 r-xp 00000000 08:01 3283432    /usr/lib/jvm/java-7-openjdk-i386/jre/lib/i386/libnio.so
6ac25000-6ac26000 r--p 00010000 08:01 3283432    /usr/lib/jvm/java-7-openjdk-i386/jre/lib/i386/libnio.so
6ac26000-6ac27000 rw-p 00011000 08:01 3283432    /usr/lib/jvm/java-7-openjdk-i386/jre/lib/i386/libnio.so
6ac27000-6ac36000 r--s 000df000 08:01 9175179    /home/rafiqul/Android/Sdk/build-tools/23.0.1/lib/dx.jar
6ac36000-6ac7f000 rw-p 00000000 00:00 0 
6ac7f000-6ac80000 ---p 00000000 00:00 0 
6ac80000-6ad00000 rw-p 00000000 00:00 0          [stack:5829]
6ad00000-6ad39000 rw-p 00000000 00:00 0 
6ad39000-6ae00000 ---p 00000000 00:00 0 
6ae01000-6ae0d000 r--s 00076000 08:01 13500823   /home/rafiqul/.gradle/caches/modules-2/files-2.1/org.jbundle.util.osgi.wrapped/org.jbundle.util.osgi.wrapped.org.apache.http.client/4.1.2/98c86e42679fe7ac066f6c242e0d14f0bce0bb7c/org.jbundle.util.osgi.wrapped.org.apache.http.client-4.1.2.jar
6ae0d000-6ae68000 rw-p 00000000 00:00 0 
6ae68000-6ae69000 ---p 00000000 00:00 0 
6ae69000-6aef1000 rw-p 00000000 00:00 0          [stack:5828]
6aef1000-6af29000 rw-p 00000000 00:00 0 
6af29000-6af3e000 rw-p 00000000 00:00 0 
6af3e000-6b07f000 rw-p 00000000 00:00 0 
6b07f000-6b087000 rw-p 00000000 00:00 0 
6b087000-6b0bf000 rw-p 00000000 00:00 0 
6b0bf000-6b0d4000 rw-p 00000000 00:00 0 
6b0d4000-6b214000 rw-p 00000000 00:00 0 
6b214000-6b227000 rw-p 00000000 00:00 0 
6b227000-6b2bf000 rw-p 00000000 00:00 0 
6b2bf000-6c2c0000 rw-p 00000000 00:00 0 
6c2c0000-732c0000 rw-p 00000000 00:00 0 
732c0000-75b80000 rw-p 00000000 00:00 0 
75b80000-9dd40000 rw-p 00000000 00:00 0 
9dd40000-a0140000 rw-p 00000000 00:00 0 
a2b40000-b32c0000 rw-p 00000000 00:00 0 
b32c3000-b32c6000 r-xp 00000000 08:01 3020364    /usr/lib/i386-linux-gnu/libgmodule-2.0.so.0.4000.0
b32c6000-b32c7000 r--p 00002000 08:01 3020364    /usr/lib/i386-linux-gnu/libgmodule-2.0.so.0.4000.0
b32c7000-b32c8000 rw-p 00003000 08:01 3020364    /usr/lib/i386-linux-gnu/libgmodule-2.0.so.0.4000.0
b32c8000-b32ca000 r--s 00006000 08:01 3412779    /usr/share/java/java-atk-wrapper.jar
b32ca000-b32ee000 rw-p 00000000 00:00 0 
b32ee000-b33a5000 rw-p 00000000 00:00 0 
b33a5000-b35e5000 rwxp 00000000 00:00 0 
b35e5000-b63a5000 rw-p 00000000 00:00 0 
b63a5000-b63b0000 r-xp 00000000 08:01 25035815   /lib/i386-linux-gnu/libnss_files-2.19.so
b63b0000-b63b1000 r--p 0000a000 08:01 25035815   /lib/i386-linux-gnu/libnss_files-2.19.so
b63b1000-b63b2000 rw-p 0000b000 08:01 25035815   /lib/i386-linux-gnu/libnss_files-2.19.so
b63b2000-b63bc000 r-xp 00000000 08:01 25035825   /lib/i386-linux-gnu/libnss_nis-2.19.so
b63bc000-b63bd000 r--p 00009000 08:01 25035825   /lib/i386-linux-gnu/libnss_nis-2.19.so
b63bd000-b63be000 rw-p 0000a000 08:01 25035825   /lib/i386-linux-gnu/libnss_nis-2.19.so
b63be000-b63d3000 r-xp 00000000 08:01 25035809   /lib/i386-linux-gnu/libnsl-2.19.so
b63d3000-b63d4000 r--p 00015000 08:01 25035809   /lib/i386-linux-gnu/libnsl-2.19.so
b63d4000-b63d5000 rw-p 00016000 08:01 25035809   /lib/i386-linux-gnu/libnsl-2.19.so
b63d5000-b63d7000 rw-p 00000000 00:00 0 
b63d7000-b63fe000 r-xp 00000000 08:01 3283435    /usr/lib/jvm/java-7-openjdk-i386/jre/lib/i386/libjava.so
b63fe000-b63ff000 r--p 00026000 08:01 3283435    /usr/lib/jvm/java-7-openjdk-i386/jre/lib/i386/libjava.so
b63ff000-b6400000 rw-p 00027000 08:01 3283435    /usr/lib/jvm/java-7-openjdk-i386/jre/lib/i386/libjava.so
b6400000-b6500000 rw-p 00000000 00:00 0 
b6500000-b6501000 r--s 00002000 08:01 3412674    /usr/lib/jvm/java-7-openjdk-i386/jre/lib/ext/dnsns.jar
b6501000-b6505000 r--s 00034000 08:01 3412675    /usr/lib/jvm/java-7-openjdk-i386/jre/lib/ext/sunjce_provider.jar
b6505000-b650c000 r-xp 00000000 08:01 25035811   /lib/i386-linux-gnu/libnss_compat-2.19.so
b650c000-b650d000 r--p 00006000 08:01 25035811   /lib/i386-linux-gnu/libnss_compat-2.19.so
b650d000-b650e000 rw-p 00007000 08:01 25035811   /lib/i386-linux-gnu/libnss_compat-2.19.so
b650e000-b6511000 r--s 0000f000 08:01 3412677    /usr/lib/jvm/java-7-openjdk-i386/jre/lib/ext/icedtea-sound.jar
b6511000-b6515000 r--s 00085000 08:01 3412673    /usr/lib/jvm/java-7-openjdk-i386/jre/lib/ext/localedata.jar
b6515000-b651d000 r-xp 00000000 08:01 3283403    /usr/lib/jvm/java-7-openjdk-i386/jre/lib/i386/libzip.so
b651d000-b651e000 r--p 00007000 08:01 3283403    /usr/lib/jvm/java-7-openjdk-i386/jre/lib/i386/libzip.so
b651e000-b651f000 rw-p 00008000 08:01 3283403    /usr/lib/jvm/java-7-openjdk-i386/jre/lib/i386/libzip.so
b651f000-b6527000 rw-s 00000000 08:01 16777242   /tmp/hsperfdata_rafiqul/5797
b6527000-b652e000 r-xp 00000000 08:01 25035868   /lib/i386-linux-gnu/librt-2.19.so
b652e000-b652f000 r--p 00006000 08:01 25035868   /lib/i386-linux-gnu/librt-2.19.so
b652f000-b6530000 rw-p 00007000 08:01 25035868   /lib/i386-linux-gnu/librt-2.19.so
b6530000-b6533000 ---p 00000000 00:00 0 
b6533000-b6581000 rw-p 00000000 00:00 0          [stack:5816]
b6581000-b659d000 r-xp 00000000 08:01 25035767   /lib/i386-linux-gnu/libgcc_s.so.1
b659d000-b659e000 rw-p 0001b000 08:01 25035767   /lib/i386-linux-gnu/libgcc_s.so.1
b659e000-b65e2000 r-xp 00000000 08:01 25035790   /lib/i386-linux-gnu/libm-2.19.so
b65e2000-b65e3000 r--p 00043000 08:01 25035790   /lib/i386-linux-gnu/libm-2.19.so
b65e3000-b65e4000 rw-p 00044000 08:01 25035790   /lib/i386-linux-gnu/libm-2.19.so
b65e4000-b66c0000 r-xp 00000000 08:01 3018897    /usr/lib/i386-linux-gnu/libstdc++.so.6.0.19
b66c0000-b66c4000 r--p 000dc000 08:01 3018897    /usr/lib/i386-linux-gnu/libstdc++.so.6.0.19
b66c4000-b66c5000 rw-p 000e0000 08:01 3018897    /usr/lib/i386-linux-gnu/libstdc++.so.6.0.19
b66c5000-b66cc000 rw-p 00000000 00:00 0 
b66cc000-b70bb000 r-xp 00000000 08:01 3412663    /usr/lib/jvm/java-7-openjdk-i386/jre/lib/i386/server/libjvm.so
b70bb000-b710d000 r--p 009ee000 08:01 3412663    /usr/lib/jvm/java-7-openjdk-i386/jre/lib/i386/server/libjvm.so
b710d000-b7121000 rw-p 00a40000 08:01 3412663    /usr/lib/jvm/java-7-openjdk-i386/jre/lib/i386/server/libjvm.so
b7121000-b753f000 rw-p 00000000 00:00 0 
b753f000-b7557000 r-xp 00000000 08:01 25035903   /lib/i386-linux-gnu/libz.so.1.2.8
b7557000-b7558000 r--p 00017000 08:01 25035903   /lib/i386-linux-gnu/libz.so.1.2.8
b7558000-b7559000 rw-p 00018000 08:01 25035903   /lib/i386-linux-gnu/libz.so.1.2.8
b7559000-b7571000 r-xp 00000000 08:01 25035860   /lib/i386-linux-gnu/libpthread-2.19.so
b7571000-b7572000 r--p 00017000 08:01 25035860   /lib/i386-linux-gnu/libpthread-2.19.so
b7572000-b7573000 rw-p 00018000 08:01 25035860   /lib/i386-linux-gnu/libpthread-2.19.so
b7573000-b7575000 rw-p 00000000 00:00 0 
b7575000-b7578000 r-xp 00000000 08:01 25035757   /lib/i386-linux-gnu/libdl-2.19.so
b7578000-b7579000 r--p 00002000 08:01 25035757   /lib/i386-linux-gnu/libdl-2.19.so
b7579000-b757a000 rw-p 00003000 08:01 25035757   /lib/i386-linux-gnu/libdl-2.19.so
b757a000-b7723000 r-xp 00000000 08:01 25035740   /lib/i386-linux-gnu/libc-2.19.so
b7723000-b7725000 r--p 001a9000 08:01 25035740   /lib/i386-linux-gnu/libc-2.19.so
b7725000-b7726000 rw-p 001ab000 08:01 25035740   /lib/i386-linux-gnu/libc-2.19.so
b7726000-b7729000 rw-p 00000000 00:00 0 
b7729000-b772b000 r--s 00012000 08:01 3412678    /usr/lib/jvm/java-7-openjdk-i386/jre/lib/ext/zipfs.jar
b772b000-b772f000 r--s 0003c000 08:01 3412676    /usr/lib/jvm/java-7-openjdk-i386/jre/lib/ext/sunpkcs11.jar
b772f000-b7730000 r--p 00855000 08:01 3022988    /usr/lib/locale/locale-archive
b7730000-b7731000 rw-p 00000000 00:00 0 
b7731000-b7732000 ---p 00000000 00:00 0 
b7732000-b7740000 r-xp 00000000 08:01 3283418    /usr/lib/jvm/java-7-openjdk-i386/jre/lib/i386/libverify.so
b7740000-b7741000 r--p 0000d000 08:01 3283418    /usr/lib/jvm/java-7-openjdk-i386/jre/lib/i386/libverify.so
b7741000-b7742000 rw-p 0000e000 08:01 3283418    /usr/lib/jvm/java-7-openjdk-i386/jre/lib/i386/libverify.so
b7742000-b774e000 r-xp 00000000 08:01 3283406    /usr/lib/jvm/java-7-openjdk-i386/jre/lib/i386/jli/libjli.so
b774e000-b774f000 r--p 0000c000 08:01 3283406    /usr/lib/jvm/java-7-openjdk-i386/jre/lib/i386/jli/libjli.so
b774f000-b7750000 rw-p 0000d000 08:01 3283406    /usr/lib/jvm/java-7-openjdk-i386/jre/lib/i386/jli/libjli.so
b7750000-b7753000 rw-p 00000000 00:00 0 
b7753000-b7754000 r-xp 00000000 00:00 0          [vdso]
b7754000-b7774000 r-xp 00000000 08:01 25035716   /lib/i386-linux-gnu/ld-2.19.so
b7774000-b7775000 r--p 0001f000 08:01 25035716   /lib/i386-linux-gnu/ld-2.19.so
b7775000-b7776000 rw-p 00020000 08:01 25035716   /lib/i386-linux-gnu/ld-2.19.so
bf831000-bf832000 rwxp 00000000 00:00 0 
bf864000-bf885000 rw-p 00000000 00:00 0          [stack]

VM Arguments:
jvm_args: -Xmx1024M -Dfile.encoding=UTF-8 -Duser.country=US -Duser.language=en -Duser.variant 
java_command: com.android.dx.command.Main --dex --num-threads=4 --output /home/rafiqul/Documents/Software Engineering Project/spring2016_s1_cse404/AssetTrackingSystem__Android_Platform/app/build/intermediates/pre-dexed/debug/org.jbundle.util.osgi.wrapped.org.apache.http.client-4.1.2-1315d138d26fdc949150c66cbf27b7b2c42b54fa.jar /home/rafiqul/.gradle/caches/modules-2/files-2.1/org.jbundle.util.osgi.wrapped/org.jbundle.util.osgi.wrapped.org.apache.http.client/4.1.2/98c86e42679fe7ac066f6c242e0d14f0bce0bb7c/org.jbundle.util.osgi.wrapped.org.apache.http.client-4.1.2.jar
Launcher Type: SUN_STANDARD

Environment Variables:
JAVA_HOME=/usr/lib/jvm/java-8-oracle
PATH=/usr/local/sbin:/usr/local/bin:/usr/sbin:/usr/bin:/sbin:/bin:/usr/games:/usr/local/games:/usr/lib/jvm/java-8-oracle/bin:/usr/lib/jvm/java-8-oracle/db/bin:/usr/lib/jvm/java-8-oracle/jre/bin
LD_LIBRARY_PATH=/home/rafiqul/android-studio/bin:
SHELL=/bin/bash
DISPLAY=:0

Signal Handlers:
SIGSEGV: [libjvm.so+0x80cb90], sa_mask[0]=0x7ffbfeff, sa_flags=0x10000004
SIGBUS: [libjvm.so+0x80cb90], sa_mask[0]=0x7ffbfeff, sa_flags=0x10000004
SIGFPE: [libjvm.so+0x684e30], sa_mask[0]=0x7ffbfeff, sa_flags=0x10000004
SIGPIPE: [libjvm.so+0x684e30], sa_mask[0]=0x7ffbfeff, sa_flags=0x10000004
SIGXFSZ: [libjvm.so+0x684e30], sa_mask[0]=0x7ffbfeff, sa_flags=0x10000004
SIGILL: [libjvm.so+0x684e30], sa_mask[0]=0x7ffbfeff, sa_flags=0x10000004
SIGUSR1: SIG_DFL, sa_mask[0]=0x00000000, sa_flags=0x00000000
SIGUSR2: [libjvm.so+0x684cc0], sa_mask[0]=0x00000004, sa_flags=0x10000004
SIGHUP: [libjvm.so+0x684ef0], sa_mask[0]=0x7ffbfeff, sa_flags=0x10000004
SIGINT: [libjvm.so+0x684ef0], sa_mask[0]=0x7ffbfeff, sa_flags=0x10000004
SIGTERM: [libjvm.so+0x684ef0], sa_mask[0]=0x7ffbfeff, sa_flags=0x10000004
SIGQUIT: [libjvm.so+0x684ef0], sa_mask[0]=0x7ffbfeff, sa_flags=0x10000004
SIGTRAP: SIG_DFL, sa_mask[0]=0x00000000, sa_flags=0x00000000


---------------  S Y S T E M  ---------------

OS:Ubuntu 14.04 (trusty)
uname:Linux 3.13.0-24-generic #46-Ubuntu SMP Thu Apr 10 19:08:14 UTC 2014 i686
libc:glibc 2.19 NPTL 2.19 
rlimit: STACK 8192k, CORE 0k, NPROC 31106, NOFILE 4096, AS infinity
load average:12.71 10.76 8.73

/proc/meminfo:
MemTotal:        4000684 kB
MemFree:          207792 kB
Buffers:             200 kB
Cached:           376400 kB
SwapCached:            0 kB
Active:          3311148 kB
Inactive:         367372 kB
Active(anon):    3308460 kB
Inactive(anon):   363488 kB
Active(file):       2688 kB
Inactive(file):     3884 kB
Unevictable:          48 kB
Mlocked:              48 kB
HighTotal:       3155716 kB
HighFree:          32500 kB
LowTotal:         844968 kB
LowFree:          175292 kB
SwapTotal:             0 kB
SwapFree:              0 kB
Dirty:                48 kB
Writeback:             0 kB
AnonPages:       3302088 kB
Mapped:           121036 kB
Shmem:            369908 kB
Slab:              51460 kB
SReclaimable:      25356 kB
SUnreclaim:        26104 kB
KernelStack:        5984 kB
PageTables:        19844 kB
NFS_Unstable:          0 kB
Bounce:                0 kB
WritebackTmp:          0 kB
CommitLimit:     2000340 kB
Committed_AS:    9096584 kB
VmallocTotal:     122880 kB
VmallocUsed:       17028 kB
VmallocChunk:      98472 kB
HardwareCorrupted:     0 kB
AnonHugePages:   1325056 kB
HugePages_Total:       0
HugePages_Free:        0
HugePages_Rsvd:        0
HugePages_Surp:        0
Hugepagesize:       2048 kB
DirectMap4k:       36856 kB
DirectMap2M:      874496 kB


CPU:total 4 (2 cores per cpu, 2 threads per core) family 6 model 58 stepping 9, cmov, cx8, fxsr, mmx, sse, sse2, sse3, ssse3, sse4.1, sse4.2, popcnt, avx, erms, ht, tsc, tscinvbit, tscinv

/proc/cpuinfo:
processor	: 0
vendor_id	: GenuineIntel
cpu family	: 6
model		: 58
model name	: Intel(R) Core(TM) i3-3217U CPU @ 1.80GHz
stepping	: 9
microcode	: 0x15
cpu MHz		: 1801.000
cache size	: 3072 KB
physical id	: 0
siblings	: 4
core id		: 0
cpu cores	: 2
apicid		: 0
initial apicid	: 0
fdiv_bug	: no
f00f_bug	: no
coma_bug	: no
fpu		: yes
fpu_exception	: yes
cpuid level	: 13
wp		: yes
flags		: fpu vme de pse tsc msr pae mce cx8 apic sep mtrr pge mca cmov pat pse36 clflush dts acpi mmx fxsr sse sse2 ss ht tm pbe nx rdtscp lm constant_tsc arch_perfmon pebs bts xtopology nonstop_tsc aperfmperf eagerfpu pni pclmulqdq dtes64 monitor ds_cpl vmx est tm2 ssse3 cx16 xtpr pdcm pcid sse4_1 sse4_2 x2apic popcnt tsc_deadline_timer xsave avx f16c lahf_lm ida arat epb xsaveopt pln pts dtherm tpr_shadow vnmi flexpriority ept vpid fsgsbase smep erms
bogomips	: 3591.74
clflush size	: 64
cache_alignment	: 64
address sizes	: 36 bits physical, 48 bits virtual
power management:

processor	: 1
vendor_id	: GenuineIntel
cpu family	: 6
model		: 58
model name	: Intel(R) Core(TM) i3-3217U CPU @ 1.80GHz
stepping	: 9
microcode	: 0x15
cpu MHz		: 1801.000
cache size	: 3072 KB
physical id	: 0
siblings	: 4
core id		: 0
cpu cores	: 2
apicid		: 1
initial apicid	: 1
fdiv_bug	: no
f00f_bug	: no
coma_bug	: no
fpu		: yes
fpu_exception	: yes
cpuid level	: 13
wp		: yes
flags		: fpu vme de pse tsc msr pae mce cx8 apic sep mtrr pge mca cmov pat pse36 clflush dts acpi mmx fxsr sse sse2 ss ht tm pbe nx rdtscp lm constant_tsc arch_perfmon pebs bts xtopology nonstop_tsc aperfmperf eagerfpu pni pclmulqdq dtes64 monitor ds_cpl vmx est tm2 ssse3 cx16 xtpr pdcm pcid sse4_1 sse4_2 x2apic popcnt tsc_deadline_timer xsave avx f16c lahf_lm ida arat epb xsaveopt pln pts dtherm tpr_shadow vnmi flexpriority ept vpid fsgsbase smep erms
bogomips	: 3591.74
clflush size	: 64
cache_alignment	: 64
address sizes	: 36 bits physical, 48 bits virtual
power management:

processor	: 2
vendor_id	: GenuineIntel
cpu family	: 6
model		: 58
model name	: Intel(R) Core(TM) i3-3217U CPU @ 1.80GHz
stepping	: 9
microcode	: 0x15
cpu MHz		: 1801.000
cache size	: 3072 KB
physical id	: 0
siblings	: 4
core id		: 1
cpu cores	: 2
apicid		: 2
initial apicid	: 2
fdiv_bug	: no
f00f_bug	: no
coma_bug	: no
fpu		: yes
fpu_exception	: yes
cpuid level	: 13
wp		: yes
flags		: fpu vme de pse tsc msr pae mce cx8 apic sep mtrr pge mca cmov pat pse36 clflush dts acpi mmx fxsr sse sse2 ss ht tm pbe nx rdtscp lm constant_tsc arch_perfmon pebs bts xtopology nonstop_tsc aperfmperf eagerfpu pni pclmulqdq dtes64 monitor ds_cpl vmx est tm2 ssse3 cx16 xtpr pdcm pcid sse4_1 sse4_2 x2apic popcnt tsc_deadline_timer xsave avx f16c lahf_lm ida arat epb xsaveopt pln pts dtherm tpr_shadow vnmi flexpriority ept vpid fsgsbase smep erms
bogomips	: 3591.74
clflush size	: 64
cache_alignment	: 64
address sizes	: 36 bits physical, 48 bits virtual
power management:

processor	: 3
vendor_id	: GenuineIntel
cpu family	: 6
model		: 58
model name	: Intel(R) Core(TM) i3-3217U CPU @ 1.80GHz
stepping	: 9
microcode	: 0x15
cpu MHz		: 1801.000
cache size	: 3072 KB
physical id	: 0
siblings	: 4
core id		: 1
cpu cores	: 2
apicid		: 3
initial apicid	: 3
fdiv_bug	: no
f00f_bug	: no
coma_bug	: no
fpu		: yes
fpu_exception	: yes
cpuid level	: 13
wp		: yes
flags		: fpu vme de pse tsc msr pae mce cx8 apic sep mtrr pge mca cmov pat pse36 clflush dts acpi mmx fxsr sse sse2 ss ht tm pbe nx rdtscp lm constant_tsc arch_perfmon pebs bts xtopology nonstop_tsc aperfmperf eagerfpu pni pclmulqdq dtes64 monitor ds_cpl vmx est tm2 ssse3 cx16 xtpr pdcm pcid sse4_1 sse4_2 x2apic popcnt tsc_deadline_timer xsave avx f16c lahf_lm ida arat epb xsaveopt pln pts dtherm tpr_shadow vnmi flexpriority ept vpid fsgsbase smep erms
bogomips	: 3591.74
clflush size	: 64
cache_alignment	: 64
address sizes	: 36 bits physical, 48 bits virtual
power management:



Memory: 4k page, physical 4000684k(207828k free), swap 0k(0k free)

vm_info: OpenJDK Server VM (24.79-b02) for linux-x86 JRE (1.7.0_79-b14), built on Jul 24 2015 08:25:15 by "buildd" with gcc 4.8.2

time: Sat Apr 16 09:57:21 2016
elapsed time: 33 seconds

