#
# There is insufficient memory for the Java Runtime Environment to continue.
# Native memory allocation (malloc) failed to allocate 88604672 bytes for committing reserved memory.
# Possible reasons:
#   The system is out of physical RAM or swap space
#   In 32 bit mode, the process size limit was hit
# Possible solutions:
#   Reduce memory load on the system
#   Increase physical memory or swap space
#   Check if swap backing store is full
#   Use 64 bit Java on a 64 bit OS
#   Decrease Java heap size (-Xmx/-Xms)
#   Decrease number of Java threads
#   Decrease Java thread stack sizes (-Xss)
#   Set larger code cache with -XX:ReservedCodeCacheSize=
# This output file may be truncated or incomplete.
#
#  Out of Memory Error (os_linux.cpp:2809), pid=5983, tid=1742531392
#
# JRE version: OpenJDK Runtime Environment (7.0_79-b14) (build 1.7.0_79-b14)
# Java VM: OpenJDK Server VM (24.79-b02 mixed mode linux-x86 )
# Derivative: IcedTea 2.5.6
# Distribution: Ubuntu 14.04 LTS, package 7u79-2.5.6-0ubuntu1.14.04.1
# Failed to write core dump. Core dumps have been disabled. To enable core dumping, try "ulimit -c unlimited" before starting Java again
#

---------------  T H R E A D  ---------------

Current thread (0x67c80400):  VMThread [stack: 0x67d4e000,0x67dcf000] [id=6019]

Stack: [0x67d4e000,0x67dcf000]
VM_Operation (0xb6607828): ParallelGCFailedAllocation, mode: safepoint, requested by thread 0xb6407c00


---------------  P R O C E S S  ---------------

Java Threads: ( => current thread )
  0x6746a400 JavaThread "pool-1-thread-4" [_thread_blocked, id=6069, stack(0x66f7d000,0x66fce000)]
  0x67469800 JavaThread "pool-1-thread-3" [_thread_blocked, id=6068, stack(0x66fce000,0x6701f000)]
  0x6745e800 JavaThread "pool-1-thread-2" [_thread_blocked, id=6063, stack(0x6701f000,0x67070000)]
  0x6745cc00 JavaThread "pool-2-thread-1" [_thread_blocked, id=6059, stack(0x67070000,0x670c1000)]
  0x6745b800 JavaThread "pool-1-thread-1" [_thread_blocked, id=6057, stack(0x670c1000,0x67112000)]
  0x67c9c000 JavaThread "Service Thread" daemon [_thread_blocked, id=6039, stack(0x6760b000,0x6765c000)]
  0x67c9a400 JavaThread "C2 CompilerThread1" daemon [_thread_blocked, id=6036, stack(0x6765c000,0x676dd000)]
  0x67c98400 JavaThread "C2 CompilerThread0" daemon [_thread_blocked, id=6034, stack(0x676dd000,0x6775e000)]
  0x67c96c00 JavaThread "Signal Dispatcher" daemon [_thread_blocked, id=6032, stack(0x6775e000,0x677af000)]
  0x67c84800 JavaThread "Finalizer" daemon [_thread_blocked, id=6023, stack(0x679af000,0x67a00000)]
  0x67c83000 JavaThread "Reference Handler" daemon [_thread_blocked, id=6022, stack(0x6a92e000,0x6a97f000)]
  0xb6407c00 JavaThread "main" [_thread_blocked, id=6000, stack(0xb65b8000,0xb6609000)]

Other Threads:
=>0x67c80400 VMThread [stack: 0x67d4e000,0x67dcf000] [id=6019]
  0x67c9dc00 WatcherThread [stack: 0x6758a000,0x6760b000] [id=6047]

VM state:at safepoint (normal execution)

VM Mutex/Monitor currently owned by a thread:  ([mutex/lock_event])
[0xb6405350] Threads_lock - owner thread: 0x67c80400
[0xb6405760] Heap_lock - owner thread: 0xb6407c00

Heap
 PSYoungGen      total 140032K, used 18167K [0x9ddc0000, 0xa7bc0000, 0xb3340000)
  eden space 121856K, 0% used [0x9ddc0000,0x9ddc0000,0xa54c0000)
  from space 18176K, 99% used [0xa54c0000,0xa667dfc0,0xa6680000)
  to   space 14592K, 0% used [0xa6680000,0xa6680000,0xa74c0000)
 ParOldGen       total 42752K, used 42573K [0x73340000, 0x75d00000, 0x9ddc0000)
  object space 42752K, 99% used [0x73340000,0x75cd3788,0x75d00000)
 PSPermGen       total 16384K, used 4220K [0x6b340000, 0x6c340000, 0x73340000)
  object space 16384K, 25% used [0x6b340000,0x6b75f368,0x6c340000)

Card table byte_map: [0x6b0ff000,0x6b340000] byte_map_base: 0x6ada5600

Polling page: 0xb77ba000

Code Cache  [0xb3400000, 0xb3640000, 0xb6400000)
 total_blobs=558 nmethods=435 adapters=76 free_code_cache=47609Kb largest_free_block=48679936

Compilation events (10 events):
Event: 42.022 Thread 0x67c9a400 nmethod 443 0xb3583808 code [0xb35838e0, 0xb3583930]
Event: 42.022 Thread 0x67c9a400  444             com.android.dx.ssa.SsaBasicBlock::isExitBlock (20 bytes)
Event: 42.023 Thread 0x67c9a400 nmethod 444 0xb356a788 code [0xb356a880, 0xb356a8f0]
Event: 42.023 Thread 0x67c9a400  445             com.android.dx.ssa.SsaMethod::isRegALocal (90 bytes)
Event: 42.047 Thread 0x67c9a400 nmethod 445 0xb353fd88 code [0xb353ff80, 0xb3540884]
Event: 42.047 Thread 0x67c9a400  446             com.android.dx.util.FixedSizeList::shrinkToFit (103 bytes)
Event: 42.056 Thread 0x67c9a400 nmethod 446 0xb3569048 code [0xb3569160, 0xb3569590]
Event: 42.056 Thread 0x67c9a400  447             com.android.dx.ssa.SsaMethod::convertRopToSsaBlocks (103 bytes)
Event: 42.138 Thread 0x67c9a400 nmethod 447 0xb3537b08 code [0xb3537e80, 0xb3539c28]
Event: 42.138 Thread 0x67c9a400  448             com.android.dx.dex.code.RopToDop::dopFor (792 bytes)

GC Heap History (10 events):
Event: 14.496 GC heap after
Heap after GC invocations=4 (full 0):
 PSYoungGen      total 34304K, used 2544K [0x9ddc0000, 0xa01c0000, 0xb3340000)
  eden space 31744K, 0% used [0x9ddc0000,0x9ddc0000,0x9fcc0000)
  from space 2560K, 99% used [0x9ff40000,0xa01bc058,0xa01c0000)
  to   space 2560K, 0% used [0x9fcc0000,0x9fcc0000,0x9ff40000)
 ParOldGen       total 41728K, used 10645K [0x73340000, 0x75c00000, 0x9ddc0000)
  object space 41728K, 25% used [0x73340000,0x73da56e0,0x75c00000)
 PSPermGen       total 16384K, used 4104K [0x6b340000, 0x6c340000, 0x73340000)
  object space 16384K, 25% used [0x6b340000,0x6b7420f8,0x6c340000)
}
Event: 18.769 GC heap before
{Heap before GC invocations=5 (full 0):
 PSYoungGen      total 34304K, used 34288K [0x9ddc0000, 0xa01c0000, 0xb3340000)
  eden space 31744K, 100% used [0x9ddc0000,0x9fcc0000,0x9fcc0000)
  from space 2560K, 99% used [0x9ff40000,0xa01bc058,0xa01c0000)
  to   space 2560K, 0% used [0x9fcc0000,0x9fcc0000,0x9ff40000)
 ParOldGen       total 41728K, used 10645K [0x73340000, 0x75c00000, 0x9ddc0000)
  object space 41728K, 25% used [0x73340000,0x73da56e0,0x75c00000)
 PSPermGen       total 16384K, used 4122K [0x6b340000, 0x6c340000, 0x73340000)
  object space 16384K, 25% used [0x6b340000,0x6b746998,0x6c340000)
Event: 18.837 GC heap after
Heap after GC invocations=5 (full 0):
 PSYoungGen      total 34304K, used 2551K [0x9ddc0000, 0xa2c40000, 0xb3340000)
  eden space 31744K, 0% used [0x9ddc0000,0x9ddc0000,0x9fcc0000)
  from space 2560K, 99% used [0x9fcc0000,0x9ff3dc58,0x9ff40000)
  to   space 8448K, 0% used [0xa2400000,0xa2400000,0xa2c40000)
 ParOldGen       total 41728K, used 16425K [0x73340000, 0x75c00000, 0x9ddc0000)
  object space 41728K, 39% used [0x73340000,0x7434a788,0x75c00000)
 PSPermGen       total 16384K, used 4122K [0x6b340000, 0x6c340000, 0x73340000)
  object space 16384K, 25% used [0x6b340000,0x6b746998,0x6c340000)
}
Event: 22.705 GC heap before
{Heap before GC invocations=6 (full 0):
 PSYoungGen      total 34304K, used 34295K [0x9ddc0000, 0xa2c40000, 0xb3340000)
  eden space 31744K, 100% used [0x9ddc0000,0x9fcc0000,0x9fcc0000)
  from space 2560K, 99% used [0x9fcc0000,0x9ff3dc58,0x9ff40000)
  to   space 8448K, 0% used [0xa2400000,0xa2400000,0xa2c40000)
 ParOldGen       total 41728K, used 16425K [0x73340000, 0x75c00000, 0x9ddc0000)
  object space 41728K, 39% used [0x73340000,0x7434a788,0x75c00000)
 PSPermGen       total 16384K, used 4140K [0x6b340000, 0x6c340000, 0x73340000)
  object space 16384K, 25% used [0x6b340000,0x6b74b340,0x6c340000)
Event: 22.806 GC heap after
Heap after GC invocations=6 (full 0):
 PSYoungGen      total 71168K, used 7968K [0x9ddc0000, 0xa2dc0000, 0xb3340000)
  eden space 62720K, 0% used [0x9ddc0000,0x9ddc0000,0xa1b00000)
  from space 8448K, 94% used [0xa2400000,0xa2bc8068,0xa2c40000)
  to   space 9216K, 0% used [0xa1b00000,0xa1b00000,0xa2400000)
 ParOldGen       total 41728K, used 16425K [0x73340000, 0x75c00000, 0x9ddc0000)
  object space 41728K, 39% used [0x73340000,0x7434a788,0x75c00000)
 PSPermGen       total 16384K, used 4140K [0x6b340000, 0x6c340000, 0x73340000)
  object space 16384K, 25% used [0x6b340000,0x6b74b340,0x6c340000)
}
Event: 29.368 GC heap before
{Heap before GC invocations=7 (full 0):
 PSYoungGen      total 71168K, used 70688K [0x9ddc0000, 0xa2dc0000, 0xb3340000)
  eden space 62720K, 100% used [0x9ddc0000,0xa1b00000,0xa1b00000)
  from space 8448K, 94% used [0xa2400000,0xa2bc8068,0xa2c40000)
  to   space 9216K, 0% used [0xa1b00000,0xa1b00000,0xa2400000)
 ParOldGen       total 41728K, used 16425K [0x73340000, 0x75c00000, 0x9ddc0000)
  object space 41728K, 39% used [0x73340000,0x7434a788,0x75c00000)
 PSPermGen       total 16384K, used 4161K [0x6b340000, 0x6c340000, 0x73340000)
  object space 16384K, 25% used [0x6b340000,0x6b750660,0x6c340000)
Event: 29.569 GC heap after
Heap after GC invocations=7 (full 0):
 PSYoungGen      total 71936K, used 9211K [0x9ddc0000, 0xa74c0000, 0xb3340000)
  eden space 62720K, 0% used [0x9ddc0000,0x9ddc0000,0xa1b00000)
  from space 9216K, 99% used [0xa1b00000,0xa23fef10,0xa2400000)
  to   space 14592K, 0% used [0xa6680000,0xa6680000,0xa74c0000)
 ParOldGen       total 41728K, used 24766K [0x73340000, 0x75c00000, 0x9ddc0000)
  object space 41728K, 59% used [0x73340000,0x74b6fbf0,0x75c00000)
 PSPermGen       total 16384K, used 4161K [0x6b340000, 0x6c340000, 0x73340000)
  object space 16384K, 25% used [0x6b340000,0x6b750660,0x6c340000)
}
Event: 35.104 GC heap before
{Heap before GC invocations=8 (full 0):
 PSYoungGen      total 71936K, used 71931K [0x9ddc0000, 0xa74c0000, 0xb3340000)
  eden space 62720K, 100% used [0x9ddc0000,0xa1b00000,0xa1b00000)
  from space 9216K, 99% used [0xa1b00000,0xa23fef10,0xa2400000)
  to   space 14592K, 0% used [0xa6680000,0xa6680000,0xa74c0000)
 ParOldGen       total 41728K, used 24766K [0x73340000, 0x75c00000, 0x9ddc0000)
  object space 41728K, 59% used [0x73340000,0x74b6fbf0,0x75c00000)
 PSPermGen       total 16384K, used 4179K [0x6b340000, 0x6c340000, 0x73340000)
  object space 16384K, 25% used [0x6b340000,0x6b754f50,0x6c340000)
Event: 35.225 GC heap after
Heap after GC invocations=8 (full 0):
 PSYoungGen      total 136448K, used 14579K [0x9ddc0000, 0xa7bc0000, 0xb3340000)
  eden space 121856K, 0% used [0x9ddc0000,0x9ddc0000,0xa54c0000)
  from space 14592K, 99% used [0xa6680000,0xa74bcc68,0xa74c0000)
  to   space 18176K, 0% used [0xa54c0000,0xa54c0000,0xa6680000)
 ParOldGen       total 41728K, used 28360K [0x73340000, 0x75c00000, 0x9ddc0000)
  object space 41728K, 67% used [0x73340000,0x74ef2168,0x75c00000)
 PSPermGen       total 16384K, used 4179K [0x6b340000, 0x6c340000, 0x73340000)
  object space 16384K, 25% used [0x6b340000,0x6b754f50,0x6c340000)
}
Event: 42.185 GC heap before
{Heap before GC invocations=9 (full 0):
 PSYoungGen      total 136448K, used 136435K [0x9ddc0000, 0xa7bc0000, 0xb3340000)
  eden space 121856K, 100% used [0x9ddc0000,0xa54c0000,0xa54c0000)
  from space 14592K, 99% used [0xa6680000,0xa74bcc68,0xa74c0000)
  to   space 18176K, 0% used [0xa54c0000,0xa54c0000,0xa6680000)
 ParOldGen       total 41728K, used 28360K [0x73340000, 0x75c00000, 0x9ddc0000)
  object space 41728K, 67% used [0x73340000,0x74ef2168,0x75c00000)
 PSPermGen       total 16384K, used 4220K [0x6b340000, 0x6c340000, 0x73340000)
  object space 16384K, 25% used [0x6b340000,0x6b75f368,0x6c340000)

Deoptimization events (10 events):
Event: 17.603 Thread 0x67469800 Uncommon trap: reason=unreached action=reinterpret pc=0xb34cc0c0 method=com.android.dx.rop.code.LocalVariableExtractor.processBlock(I)V @ 195
Event: 18.247 Thread 0xb6407c00 Uncommon trap: reason=null_check action=make_not_entrant pc=0xb347a010 method=com.android.dx.rop.type.Type.equals(Ljava/lang/Object;)Z @ 8
Event: 19.834 Thread 0x6746a400 Uncommon trap: reason=unreached action=reinterpret pc=0xb34c4e98 method=com.android.dx.ssa.SCCP.simulateBranch(Lcom/android/dx/ssa/SsaInsn;)V @ 132
Event: 19.861 Thread 0x6746a400 Uncommon trap: reason=unreached action=reinterpret pc=0xb34b36fc method=com.android.dx.ssa.SsaMethod.updateOneDefinition(Lcom/android/dx/ssa/SsaInsn;Lcom/android/dx/rop/code/RegisterSpec;)V @ 4
Event: 25.102 Thread 0x6746a400 Uncommon trap: reason=null_check action=make_not_entrant pc=0xb34f2f9c method=com.android.dx.cf.code.Ropper$CatchInfo.getSetup(Lcom/android/dx/rop/type/Type;)Lcom/android/dx/cf/code/Ropper$ExceptionHandlerSetup; @ 10
Event: 33.317 Thread 0xb6407c00 Uncommon trap: reason=bimorphic action=maybe_recompile pc=0xb3533ba0 method=com.android.dx.cf.code.BytecodeArray.parseInstruction(ILcom/android/dx/cf/code/BytecodeArray$Visitor;)I @ 2281
Event: 33.317 Thread 0xb6407c00 Uncommon trap: reason=bimorphic action=maybe_recompile pc=0xb3533ba0 method=com.android.dx.cf.code.BytecodeArray.parseInstruction(ILcom/android/dx/cf/code/BytecodeArray$Visitor;)I @ 2281
Event: 34.267 Thread 0xb6407c00 Uncommon trap: reason=bimorphic action=maybe_recompile pc=0xb3532810 method=com.android.dx.cf.code.BytecodeArray.parseInstruction(ILcom/android/dx/cf/code/BytecodeArray$Visitor;)I @ 1357
Event: 34.293 Thread 0xb6407c00 Uncommon trap: reason=bimorphic action=maybe_recompile pc=0xb3532810 method=com.android.dx.cf.code.BytecodeArray.parseInstruction(ILcom/android/dx/cf/code/BytecodeArray$Visitor;)I @ 1357
Event: 40.284 Thread 0xb6407c00 Uncommon trap: reason=class_check action=maybe_recompile pc=0xb351517c method=com.android.dx.ssa.SCCP.replaceConstants()V @ 127

Internal exceptions (10 events):
Event: 7.644 Thread 0x6746a400 Threw 0x9de56778 at /build/openjdk-7-OXg_HK/openjdk-7-7u79-2.5.6/build/openjdk/hotspot/src/share/vm/prims/jvm.cpp:1284
Event: 7.904 Thread 0x6745b800 Threw 0x9dfbb388 at /build/openjdk-7-OXg_HK/openjdk-7-7u79-2.5.6/build/openjdk/hotspot/src/share/vm/prims/jvm.cpp:1284
Event: 9.780 Thread 0xb6407c00 Implicit null exception at 0xb346360a to 0xb3463c1d
Event: 13.706 Thread 0x6745b800 Implicit null exception at 0xb34861f3 to 0xb3486c09
Event: 14.082 Thread 0x6746a400 Implicit null exception at 0xb3489568 to 0xb3489f2d
Event: 15.520 Thread 0x6745b800 Threw 0x9e3aed40 at /build/openjdk-7-OXg_HK/openjdk-7-7u79-2.5.6/build/openjdk/hotspot/src/share/vm/prims/jvm.cpp:1284
Event: 18.247 Thread 0xb6407c00 Implicit null exception at 0xb3479f2b to 0xb347a002
Event: 19.860 Thread 0x6746a400 Threw 0x9e5cd8f8 at /build/openjdk-7-OXg_HK/openjdk-7-7u79-2.5.6/build/openjdk/hotspot/src/share/vm/prims/jvm.cpp:1284
Event: 24.450 Thread 0xb6407c00 Threw 0x9ee84808 at /build/openjdk-7-OXg_HK/openjdk-7-7u79-2.5.6/build/openjdk/hotspot/src/share/vm/prims/jvm.cpp:1284
Event: 25.102 Thread 0x6746a400 Implicit null exception at 0xb34efeb8 to 0xb34f2f71

Events (10 events):
Event: 35.312 Thread 0x67c9a400 flushing nmethod 0xb3479e08
Event: 35.619 Thread 0x67c9a400 flushing nmethod 0xb34b35c8
Event: 35.623 Thread 0x67c9a400 flushing nmethod 0xb34c2948
Event: 35.623 Thread 0x67c9a400 flushing nmethod 0xb34ca948
Event: 37.782 Thread 0x67c9a400 flushing nmethod 0xb34ed708
Event: 40.284 Thread 0xb6407c00 Uncommon trap: trap_request=0xffffffde fr.pc=0xb351517c
Event: 40.284 Thread 0xb6407c00 DEOPT PACKING pc=0xb351517c sp=0xb6607860
Event: 40.498 Thread 0xb6407c00 DEOPT UNPACKING pc=0xb342cbc8 sp=0xb660781c mode 2
Event: 41.701 Thread 0x67c9a400 flushing nmethod 0xb352f248
Event: 42.149 Executing VM operation: ParallelGCFailedAllocation


Dynamic libraries:
08048000-08049000 r-xp 00000000 08:01 3412725    /usr/lib/jvm/java-7-openjdk-i386/jre/bin/java
08049000-0804a000 r--p 00000000 08:01 3412725    /usr/lib/jvm/java-7-openjdk-i386/jre/bin/java
0804a000-0804b000 rw-p 00001000 08:01 3412725    /usr/lib/jvm/java-7-openjdk-i386/jre/bin/java
081cc000-08294000 rw-p 00000000 00:00 0          [heap]
65500000-655f6000 rw-p 00000000 00:00 0 
655f6000-65600000 ---p 00000000 00:00 0 
65700000-657f8000 rw-p 00000000 00:00 0 
657f8000-65800000 ---p 00000000 00:00 0 
65900000-659e9000 rw-p 00000000 00:00 0 
659e9000-65a00000 ---p 00000000 00:00 0 
65b00000-65bfd000 rw-p 00000000 00:00 0 
65bfd000-65c00000 ---p 00000000 00:00 0 
65c00000-65d00000 rw-p 00000000 00:00 0 
65d00000-65df9000 rw-p 00000000 00:00 0 
65df9000-65e00000 ---p 00000000 00:00 0 
65e00000-65eee000 rw-p 00000000 00:00 0 
65eee000-65f00000 ---p 00000000 00:00 0 
65f00000-65fc0000 rw-p 00000000 00:00 0 
65fc0000-66000000 ---p 00000000 00:00 0 
66000000-660ff000 rw-p 00000000 00:00 0 
660ff000-66100000 ---p 00000000 00:00 0 
66100000-661f1000 rw-p 00000000 00:00 0 
661f1000-66200000 ---p 00000000 00:00 0 
66200000-662fd000 rw-p 00000000 00:00 0 
662fd000-66300000 ---p 00000000 00:00 0 
66300000-663fa000 rw-p 00000000 00:00 0 
663fa000-66400000 ---p 00000000 00:00 0 
66400000-664ff000 rw-p 00000000 00:00 0 
664ff000-66500000 ---p 00000000 00:00 0 
66500000-665fb000 rw-p 00000000 00:00 0 
665fb000-66600000 ---p 00000000 00:00 0 
66600000-666fe000 rw-p 00000000 00:00 0 
666fe000-66700000 ---p 00000000 00:00 0 
66700000-667ef000 rw-p 00000000 00:00 0 
667ef000-66800000 ---p 00000000 00:00 0 
66800000-668ff000 rw-p 00000000 00:00 0 
668ff000-66900000 ---p 00000000 00:00 0 
66a00000-66afc000 rw-p 00000000 00:00 0 
66afc000-66b00000 ---p 00000000 00:00 0 
66b00000-66bf5000 rw-p 00000000 00:00 0 
66bf5000-66c00000 ---p 00000000 00:00 0 
66c00000-66cf7000 rw-p 00000000 00:00 0 
66cf7000-66d00000 ---p 00000000 00:00 0 
66d00000-66dfe000 rw-p 00000000 00:00 0 
66dfe000-66e00000 ---p 00000000 00:00 0 
66e00000-66eff000 rw-p 00000000 00:00 0 
66eff000-66f00000 ---p 00000000 00:00 0 
66f7d000-66f80000 ---p 00000000 00:00 0 
66f80000-66fce000 rw-p 00000000 00:00 0          [stack:6069]
66fce000-66fd1000 ---p 00000000 00:00 0 
66fd1000-6701f000 rw-p 00000000 00:00 0          [stack:6068]
6701f000-67022000 ---p 00000000 00:00 0 
67022000-67070000 rw-p 00000000 00:00 0          [stack:6063]
67070000-67073000 ---p 00000000 00:00 0 
67073000-670c1000 rw-p 00000000 00:00 0          [stack:6059]
670c1000-670c4000 ---p 00000000 00:00 0 
670c4000-67112000 rw-p 00000000 00:00 0          [stack:6057]
67112000-6714e000 r-xp 00000000 08:01 25035843   /lib/i386-linux-gnu/libpcre.so.3.13.1
6714e000-6714f000 r--p 0003b000 08:01 25035843   /lib/i386-linux-gnu/libpcre.so.3.13.1
6714f000-67150000 rw-p 0003c000 08:01 25035843   /lib/i386-linux-gnu/libpcre.so.3.13.1
67150000-67170000 r-xp 00000000 08:01 25035870   /lib/i386-linux-gnu/libselinux.so.1
67170000-67171000 r--p 0001f000 08:01 25035870   /lib/i386-linux-gnu/libselinux.so.1
67171000-67172000 rw-p 00020000 08:01 25035870   /lib/i386-linux-gnu/libselinux.so.1
67172000-67173000 rw-p 00000000 00:00 0 
67173000-6727d000 r-xp 00000000 08:01 25035771   /lib/i386-linux-gnu/libglib-2.0.so.0.4000.0
6727d000-6727e000 r--p 00109000 08:01 25035771   /lib/i386-linux-gnu/libglib-2.0.so.0.4000.0
6727e000-6727f000 rw-p 0010a000 08:01 25035771   /lib/i386-linux-gnu/libglib-2.0.so.0.4000.0
6727f000-673fc000 r-xp 00000000 08:01 3020350    /usr/lib/i386-linux-gnu/libgio-2.0.so.0.4000.0
673fc000-673fe000 r--p 0017c000 08:01 3020350    /usr/lib/i386-linux-gnu/libgio-2.0.so.0.4000.0
673fe000-673ff000 rw-p 0017e000 08:01 3020350    /usr/lib/i386-linux-gnu/libgio-2.0.so.0.4000.0
673ff000-67400000 rw-p 00000000 00:00 0 
67400000-6747c000 rw-p 00000000 00:00 0 
6747c000-67500000 ---p 00000000 00:00 0 
67506000-67519000 r-xp 00000000 08:01 25035866   /lib/i386-linux-gnu/libresolv-2.19.so
67519000-6751a000 ---p 00013000 08:01 25035866   /lib/i386-linux-gnu/libresolv-2.19.so
6751a000-6751b000 r--p 00013000 08:01 25035866   /lib/i386-linux-gnu/libresolv-2.19.so
6751b000-6751c000 rw-p 00014000 08:01 25035866   /lib/i386-linux-gnu/libresolv-2.19.so
6751c000-6751e000 rw-p 00000000 00:00 0 
6751e000-6756e000 r-xp 00000000 08:01 3020380    /usr/lib/i386-linux-gnu/libgobject-2.0.so.0.4000.0
6756e000-6756f000 r--p 0004f000 08:01 3020380    /usr/lib/i386-linux-gnu/libgobject-2.0.so.0.4000.0
6756f000-67570000 rw-p 00050000 08:01 3020380    /usr/lib/i386-linux-gnu/libgobject-2.0.so.0.4000.0
6758a000-6758b000 ---p 00000000 00:00 0 
6758b000-6760b000 rw-p 00000000 00:00 0          [stack:6047]
6760b000-6760e000 ---p 00000000 00:00 0 
6760e000-6765c000 rw-p 00000000 00:00 0          [stack:6039]
6765c000-6765f000 ---p 00000000 00:00 0 
6765f000-676dd000 rw-p 00000000 00:00 0          [stack:6036]
676dd000-676e0000 ---p 00000000 00:00 0 
676e0000-6775e000 rw-p 00000000 00:00 0          [stack:6034]
6775e000-67761000 ---p 00000000 00:00 0 
67761000-677af000 rw-p 00000000 00:00 0          [stack:6032]
677af000-679af000 r--p 00000000 08:01 3022988    /usr/lib/locale/locale-archive
679af000-679b2000 ---p 00000000 00:00 0 
679b2000-67a00000 rw-p 00000000 00:00 0          [stack:6023]
67a00000-67af9000 rw-p 00000000 00:00 0 
67af9000-67b00000 ---p 00000000 00:00 0 
67b00000-67b21000 rw-p 00000000 00:00 0 
67b21000-67c00000 ---p 00000000 00:00 0 
67c00000-67d00000 rw-p 00000000 00:00 0 
67d0c000-67d4e000 r--p 00858000 08:01 3022988    /usr/lib/locale/locale-archive
67d4e000-67d4f000 ---p 00000000 00:00 0 
67d4f000-67dcf000 rw-p 00000000 00:00 0          [stack:6019]
67dcf000-67f80000 r--s 01d29000 08:01 3283391    /usr/lib/jvm/java-7-openjdk-i386/jre/lib/rt.jar
67f80000-6a800000 rw-p 00000000 00:00 0 
6a800000-6a8fd000 rw-p 00000000 00:00 0 
6a8fd000-6a900000 ---p 00000000 00:00 0 
6a915000-6a92c000 r-xp 00000000 08:01 3283427    /usr/lib/jvm/java-7-openjdk-i386/jre/lib/i386/libnet.so
6a92c000-6a92d000 r--p 00017000 08:01 3283427    /usr/lib/jvm/java-7-openjdk-i386/jre/lib/i386/libnet.so
6a92d000-6a92e000 rw-p 00018000 08:01 3283427    /usr/lib/jvm/java-7-openjdk-i386/jre/lib/i386/libnet.so
6a92e000-6a931000 ---p 00000000 00:00 0 
6a931000-6a97f000 rw-p 00000000 00:00 0          [stack:6022]
6a97f000-6a980000 ---p 00000000 00:00 0 
6a980000-6aa00000 rw-p 00000000 00:00 0          [stack:6014]
6aa00000-6aa21000 rw-p 00000000 00:00 0 
6aa21000-6ab00000 ---p 00000000 00:00 0 
6ab00000-6ab21000 rw-p 00000000 00:00 0 
6ab21000-6ac00000 ---p 00000000 00:00 0 
6ac0f000-6ac20000 r-xp 00000000 08:01 3283432    /usr/lib/jvm/java-7-openjdk-i386/jre/lib/i386/libnio.so
6ac20000-6ac21000 r--p 00010000 08:01 3283432    /usr/lib/jvm/java-7-openjdk-i386/jre/lib/i386/libnio.so
6ac21000-6ac22000 rw-p 00011000 08:01 3283432    /usr/lib/jvm/java-7-openjdk-i386/jre/lib/i386/libnio.so
6ac22000-6ac36000 r--s 000d6000 08:01 26870749   /home/rafiqul/Documents/Software Engineering Project/spring2016_s1_cse404/AssetTrackingSystem__Android_Platform/app/build/intermediates/exploded-aar/com.android.support/support-v4/23.0.0/jars/classes.jar
6ac36000-6ac7f000 rw-p 00000000 00:00 0 
6ac7f000-6ac80000 ---p 00000000 00:00 0 
6ac80000-6ad00000 rw-p 00000000 00:00 0          [stack:6012]
6ad00000-6ad2a000 rw-p 00000000 00:00 0 
6ad2a000-6ae00000 ---p 00000000 00:00 0 
6ae00000-6ae05000 r-xp 00000000 08:01 3020247    /usr/lib/i386-linux-gnu/libffi.so.6.0.1
6ae05000-6ae06000 r--p 00005000 08:01 3020247    /usr/lib/i386-linux-gnu/libffi.so.6.0.1
6ae06000-6ae07000 rw-p 00006000 08:01 3020247    /usr/lib/i386-linux-gnu/libffi.so.6.0.1
6ae07000-6ae0a000 r-xp 00000000 08:01 3020364    /usr/lib/i386-linux-gnu/libgmodule-2.0.so.0.4000.0
6ae0a000-6ae0b000 r--p 00002000 08:01 3020364    /usr/lib/i386-linux-gnu/libgmodule-2.0.so.0.4000.0
6ae0b000-6ae0c000 rw-p 00003000 08:01 3020364    /usr/lib/i386-linux-gnu/libgmodule-2.0.so.0.4000.0
6ae0c000-6ae67000 rw-p 00000000 00:00 0 
6ae67000-6ae68000 ---p 00000000 00:00 0 
6ae68000-6aee8000 rw-p 00000000 00:00 0          [stack:6006]
6aee8000-6aee9000 ---p 00000000 00:00 0 
6aee9000-6af71000 rw-p 00000000 00:00 0          [stack:6005]
6af71000-6afa9000 rw-p 00000000 00:00 0 
6afa9000-6afbe000 rw-p 00000000 00:00 0 
6afbe000-6b0ff000 rw-p 00000000 00:00 0 
6b0ff000-6b107000 rw-p 00000000 00:00 0 
6b107000-6b13f000 rw-p 00000000 00:00 0 
6b13f000-6b154000 rw-p 00000000 00:00 0 
6b154000-6b294000 rw-p 00000000 00:00 0 
6b294000-6b2e4000 rw-p 00000000 00:00 0 
6b2e4000-6b33f000 rw-p 00000000 00:00 0 
6b33f000-6c340000 rw-p 00000000 00:00 0 
6c340000-73340000 rw-p 00000000 00:00 0 
73340000-75d00000 rw-p 00000000 00:00 0 
75d00000-9ddc0000 rw-p 00000000 00:00 0 
9ddc0000-a7bc0000 rw-p 00000000 00:00 0 
ad040000-b3340000 rw-p 00000000 00:00 0 
b3340000-b3349000 rw-p 00000000 00:00 0 
b3349000-b3400000 rw-p 00000000 00:00 0 
b3400000-b3640000 rwxp 00000000 00:00 0 
b3640000-b6500000 rw-p 00000000 00:00 0 
b6502000-b6511000 r--s 000df000 08:01 9175179    /home/rafiqul/Android/Sdk/build-tools/23.0.1/lib/dx.jar
b6511000-b6513000 r--s 00006000 08:01 3412779    /usr/share/java/java-atk-wrapper.jar
b6513000-b6516000 r--s 0000f000 08:01 3412677    /usr/lib/jvm/java-7-openjdk-i386/jre/lib/ext/icedtea-sound.jar
b6516000-b6531000 rw-p 00000000 00:00 0 
b6531000-b653c000 r-xp 00000000 08:01 25035815   /lib/i386-linux-gnu/libnss_files-2.19.so
b653c000-b653d000 r--p 0000a000 08:01 25035815   /lib/i386-linux-gnu/libnss_files-2.19.so
b653d000-b653e000 rw-p 0000b000 08:01 25035815   /lib/i386-linux-gnu/libnss_files-2.19.so
b653e000-b6548000 r-xp 00000000 08:01 25035825   /lib/i386-linux-gnu/libnss_nis-2.19.so
b6548000-b6549000 r--p 00009000 08:01 25035825   /lib/i386-linux-gnu/libnss_nis-2.19.so
b6549000-b654a000 rw-p 0000a000 08:01 25035825   /lib/i386-linux-gnu/libnss_nis-2.19.so
b654a000-b655f000 r-xp 00000000 08:01 25035809   /lib/i386-linux-gnu/libnsl-2.19.so
b655f000-b6560000 r--p 00015000 08:01 25035809   /lib/i386-linux-gnu/libnsl-2.19.so
b6560000-b6561000 rw-p 00016000 08:01 25035809   /lib/i386-linux-gnu/libnsl-2.19.so
b6561000-b6563000 rw-p 00000000 00:00 0 
b6563000-b656a000 r-xp 00000000 08:01 25035811   /lib/i386-linux-gnu/libnss_compat-2.19.so
b656a000-b656b000 r--p 00006000 08:01 25035811   /lib/i386-linux-gnu/libnss_compat-2.19.so
b656b000-b656c000 rw-p 00007000 08:01 25035811   /lib/i386-linux-gnu/libnss_compat-2.19.so
b656c000-b656d000 r--s 00002000 08:01 3412674    /usr/lib/jvm/java-7-openjdk-i386/jre/lib/ext/dnsns.jar
b656d000-b656f000 r--s 00012000 08:01 3412678    /usr/lib/jvm/java-7-openjdk-i386/jre/lib/ext/zipfs.jar
b656f000-b6573000 r--s 00034000 08:01 3412675    /usr/lib/jvm/java-7-openjdk-i386/jre/lib/ext/sunjce_provider.jar
b6573000-b6577000 r--s 00085000 08:01 3412673    /usr/lib/jvm/java-7-openjdk-i386/jre/lib/ext/localedata.jar
b6577000-b657b000 r--s 0003c000 08:01 3412676    /usr/lib/jvm/java-7-openjdk-i386/jre/lib/ext/sunpkcs11.jar
b657b000-b657c000 r--p 00855000 08:01 3022988    /usr/lib/locale/locale-archive
b657c000-b6584000 r-xp 00000000 08:01 3283403    /usr/lib/jvm/java-7-openjdk-i386/jre/lib/i386/libzip.so
b6584000-b6585000 r--p 00007000 08:01 3283403    /usr/lib/jvm/java-7-openjdk-i386/jre/lib/i386/libzip.so
b6585000-b6586000 rw-p 00008000 08:01 3283403    /usr/lib/jvm/java-7-openjdk-i386/jre/lib/i386/libzip.so
b6586000-b65ad000 r-xp 00000000 08:01 3283435    /usr/lib/jvm/java-7-openjdk-i386/jre/lib/i386/libjava.so
b65ad000-b65ae000 r--p 00026000 08:01 3283435    /usr/lib/jvm/java-7-openjdk-i386/jre/lib/i386/libjava.so
b65ae000-b65af000 rw-p 00027000 08:01 3283435    /usr/lib/jvm/java-7-openjdk-i386/jre/lib/i386/libjava.so
b65af000-b65b6000 r-xp 00000000 08:01 25035868   /lib/i386-linux-gnu/librt-2.19.so
b65b6000-b65b7000 r--p 00006000 08:01 25035868   /lib/i386-linux-gnu/librt-2.19.so
b65b7000-b65b8000 rw-p 00007000 08:01 25035868   /lib/i386-linux-gnu/librt-2.19.so
b65b8000-b65bb000 ---p 00000000 00:00 0 
b65bb000-b6609000 rw-p 00000000 00:00 0          [stack:6000]
b6609000-b6625000 r-xp 00000000 08:01 25035767   /lib/i386-linux-gnu/libgcc_s.so.1
b6625000-b6626000 rw-p 0001b000 08:01 25035767   /lib/i386-linux-gnu/libgcc_s.so.1
b6626000-b666a000 r-xp 00000000 08:01 25035790   /lib/i386-linux-gnu/libm-2.19.so
b666a000-b666b000 r--p 00043000 08:01 25035790   /lib/i386-linux-gnu/libm-2.19.so
b666b000-b666c000 rw-p 00044000 08:01 25035790   /lib/i386-linux-gnu/libm-2.19.so
b666c000-b6748000 r-xp 00000000 08:01 3018897    /usr/lib/i386-linux-gnu/libstdc++.so.6.0.19
b6748000-b674c000 r--p 000dc000 08:01 3018897    /usr/lib/i386-linux-gnu/libstdc++.so.6.0.19
b674c000-b674d000 rw-p 000e0000 08:01 3018897    /usr/lib/i386-linux-gnu/libstdc++.so.6.0.19
b674d000-b6754000 rw-p 00000000 00:00 0 
b6754000-b7143000 r-xp 00000000 08:01 3412663    /usr/lib/jvm/java-7-openjdk-i386/jre/lib/i386/server/libjvm.so
b7143000-b7195000 r--p 009ee000 08:01 3412663    /usr/lib/jvm/java-7-openjdk-i386/jre/lib/i386/server/libjvm.so
b7195000-b71a9000 rw-p 00a40000 08:01 3412663    /usr/lib/jvm/java-7-openjdk-i386/jre/lib/i386/server/libjvm.so
b71a9000-b75c7000 rw-p 00000000 00:00 0 
b75c7000-b75df000 r-xp 00000000 08:01 25035903   /lib/i386-linux-gnu/libz.so.1.2.8
b75df000-b75e0000 r--p 00017000 08:01 25035903   /lib/i386-linux-gnu/libz.so.1.2.8
b75e0000-b75e1000 rw-p 00018000 08:01 25035903   /lib/i386-linux-gnu/libz.so.1.2.8
b75e1000-b75f9000 r-xp 00000000 08:01 25035860   /lib/i386-linux-gnu/libpthread-2.19.so
b75f9000-b75fa000 r--p 00017000 08:01 25035860   /lib/i386-linux-gnu/libpthread-2.19.so
b75fa000-b75fb000 rw-p 00018000 08:01 25035860   /lib/i386-linux-gnu/libpthread-2.19.so
b75fb000-b75fd000 rw-p 00000000 00:00 0 
b75fd000-b7600000 r-xp 00000000 08:01 25035757   /lib/i386-linux-gnu/libdl-2.19.so
b7600000-b7601000 r--p 00002000 08:01 25035757   /lib/i386-linux-gnu/libdl-2.19.so
b7601000-b7602000 rw-p 00003000 08:01 25035757   /lib/i386-linux-gnu/libdl-2.19.so
b7602000-b77ab000 r-xp 00000000 08:01 25035740   /lib/i386-linux-gnu/libc-2.19.so
b77ab000-b77ad000 r--p 001a9000 08:01 25035740   /lib/i386-linux-gnu/libc-2.19.so
b77ad000-b77ae000 rw-p 001ab000 08:01 25035740   /lib/i386-linux-gnu/libc-2.19.so
b77ae000-b77b1000 rw-p 00000000 00:00 0 
b77b1000-b77b9000 rw-s 00000000 08:01 16646309   /tmp/hsperfdata_rafiqul/5983
b77b9000-b77ba000 rw-p 00000000 00:00 0 
b77ba000-b77bb000 ---p 00000000 00:00 0 
b77bb000-b77c9000 r-xp 00000000 08:01 3283418    /usr/lib/jvm/java-7-openjdk-i386/jre/lib/i386/libverify.so
b77c9000-b77ca000 r--p 0000d000 08:01 3283418    /usr/lib/jvm/java-7-openjdk-i386/jre/lib/i386/libverify.so
b77ca000-b77cb000 rw-p 0000e000 08:01 3283418    /usr/lib/jvm/java-7-openjdk-i386/jre/lib/i386/libverify.so
b77cb000-b77d7000 r-xp 00000000 08:01 3283406    /usr/lib/jvm/java-7-openjdk-i386/jre/lib/i386/jli/libjli.so
b77d7000-b77d8000 r--p 0000c000 08:01 3283406    /usr/lib/jvm/java-7-openjdk-i386/jre/lib/i386/jli/libjli.so
b77d8000-b77d9000 rw-p 0000d000 08:01 3283406    /usr/lib/jvm/java-7-openjdk-i386/jre/lib/i386/jli/libjli.so
b77d9000-b77dc000 rw-p 00000000 00:00 0 
b77dc000-b77dd000 r-xp 00000000 00:00 0          [vdso]
b77dd000-b77fd000 r-xp 00000000 08:01 25035716   /lib/i386-linux-gnu/ld-2.19.so
b77fd000-b77fe000 r--p 0001f000 08:01 25035716   /lib/i386-linux-gnu/ld-2.19.so
b77fe000-b77ff000 rw-p 00020000 08:01 25035716   /lib/i386-linux-gnu/ld-2.19.so
bfbb3000-bfbb4000 rwxp 00000000 00:00 0 
bfbe6000-bfc07000 rw-p 00000000 00:00 0          [stack]

VM Arguments:
jvm_args: -Xmx1024M -Dfile.encoding=UTF-8 -Duser.country=US -Duser.language=en -Duser.variant 
java_command: com.android.dx.command.Main --dex --num-threads=4 --output /home/rafiqul/Documents/Software Engineering Project/spring2016_s1_cse404/AssetTrackingSystem__Android_Platform/app/build/intermediates/pre-dexed/debug/classes-4f0c7eb904846bd1a6235e70f11da521d97d6b6d.jar /home/rafiqul/Documents/Software Engineering Project/spring2016_s1_cse404/AssetTrackingSystem__Android_Platform/app/build/intermediates/exploded-aar/com.android.support/support-v4/23.0.0/jars/classes.jar
Launcher Type: SUN_STANDARD

Environment Variables:
JAVA_HOME=/usr/lib/jvm/java-8-oracle
PATH=/usr/local/sbin:/usr/local/bin:/usr/sbin:/usr/bin:/sbin:/bin:/usr/games:/usr/local/games:/usr/lib/jvm/java-8-oracle/bin:/usr/lib/jvm/java-8-oracle/db/bin:/usr/lib/jvm/java-8-oracle/jre/bin
LD_LIBRARY_PATH=/home/rafiqul/android-studio/bin:
SHELL=/bin/bash
DISPLAY=:0

Signal Handlers:
SIGSEGV: [libjvm.so+0x80cb90], sa_mask[0]=0x7ffbfeff, sa_flags=0x10000004
SIGBUS: [libjvm.so+0x80cb90], sa_mask[0]=0x7ffbfeff, sa_flags=0x10000004
SIGFPE: [libjvm.so+0x684e30], sa_mask[0]=0x7ffbfeff, sa_flags=0x10000004
SIGPIPE: [libjvm.so+0x684e30], sa_mask[0]=0x7ffbfeff, sa_flags=0x10000004
SIGXFSZ: [libjvm.so+0x684e30], sa_mask[0]=0x7ffbfeff, sa_flags=0x10000004
SIGILL: [libjvm.so+0x684e30], sa_mask[0]=0x7ffbfeff, sa_flags=0x10000004
SIGUSR1: SIG_DFL, sa_mask[0]=0x00000000, sa_flags=0x00000000
SIGUSR2: [libjvm.so+0x684cc0], sa_mask[0]=0x00000004, sa_flags=0x10000004
SIGHUP: [libjvm.so+0x684ef0], sa_mask[0]=0x7ffbfeff, sa_flags=0x10000004
SIGINT: [libjvm.so+0x684ef0], sa_mask[0]=0x7ffbfeff, sa_flags=0x10000004
SIGTERM: [libjvm.so+0x684ef0], sa_mask[0]=0x7ffbfeff, sa_flags=0x10000004
SIGQUIT: [libjvm.so+0x684ef0], sa_mask[0]=0x7ffbfeff, sa_flags=0x10000004
SIGTRAP: SIG_DFL, sa_mask[0]=0x00000000, sa_flags=0x00000000


---------------  S Y S T E M  ---------------

OS:Ubuntu 14.04 (trusty)
uname:Linux 3.13.0-24-generic #46-Ubuntu SMP Thu Apr 10 19:08:14 UTC 2014 i686
libc:glibc 2.19 NPTL 2.19 
rlimit: STACK 8192k, CORE 0k, NPROC 31106, NOFILE 4096, AS infinity
load average:27.51 14.17 7.27

/proc/meminfo:
MemTotal:        4000684 kB
MemFree:          238240 kB
Buffers:             916 kB
Cached:           405396 kB
SwapCached:            0 kB
Active:          3255708 kB
Inactive:         392624 kB
Active(anon):    3245996 kB
Inactive(anon):   385860 kB
Active(file):       9712 kB
Inactive(file):     6764 kB
Unevictable:          48 kB
Mlocked:              48 kB
HighTotal:       3155716 kB
HighFree:          52572 kB
LowTotal:         844968 kB
LowFree:          185668 kB
SwapTotal:             0 kB
SwapFree:              0 kB
Dirty:                 0 kB
Writeback:             0 kB
AnonPages:       3242480 kB
Mapped:           198332 kB
Shmem:            389424 kB
Slab:              46456 kB
SReclaimable:      20304 kB
SUnreclaim:        26152 kB
KernelStack:        6304 kB
PageTables:        22632 kB
NFS_Unstable:          0 kB
Bounce:             1176 kB
WritebackTmp:          0 kB
CommitLimit:     2000340 kB
Committed_AS:   10233688 kB
VmallocTotal:     122880 kB
VmallocUsed:       17028 kB
VmallocChunk:      97504 kB
HardwareCorrupted:     0 kB
AnonHugePages:   1046528 kB
HugePages_Total:       0
HugePages_Free:        0
HugePages_Rsvd:        0
HugePages_Surp:        0
Hugepagesize:       2048 kB
DirectMap4k:       61432 kB
DirectMap2M:      849920 kB


CPU:total 4 (2 cores per cpu, 2 threads per core) family 6 model 58 stepping 9, cmov, cx8, fxsr, mmx, sse, sse2, sse3, ssse3, sse4.1, sse4.2, popcnt, avx, erms, ht, tsc, tscinvbit, tscinv

/proc/cpuinfo:
processor	: 0
vendor_id	: GenuineIntel
cpu family	: 6
model		: 58
model name	: Intel(R) Core(TM) i3-3217U CPU @ 1.80GHz
stepping	: 9
microcode	: 0x15
cpu MHz		: 1801.000
cache size	: 3072 KB
physical id	: 0
siblings	: 4
core id		: 0
cpu cores	: 2
apicid		: 0
initial apicid	: 0
fdiv_bug	: no
f00f_bug	: no
coma_bug	: no
fpu		: yes
fpu_exception	: yes
cpuid level	: 13
wp		: yes
flags		: fpu vme de pse tsc msr pae mce cx8 apic sep mtrr pge mca cmov pat pse36 clflush dts acpi mmx fxsr sse sse2 ss ht tm pbe nx rdtscp lm constant_tsc arch_perfmon pebs bts xtopology nonstop_tsc aperfmperf eagerfpu pni pclmulqdq dtes64 monitor ds_cpl vmx est tm2 ssse3 cx16 xtpr pdcm pcid sse4_1 sse4_2 x2apic popcnt tsc_deadline_timer xsave avx f16c lahf_lm ida arat epb xsaveopt pln pts dtherm tpr_shadow vnmi flexpriority ept vpid fsgsbase smep erms
bogomips	: 3591.70
clflush size	: 64
cache_alignment	: 64
address sizes	: 36 bits physical, 48 bits virtual
power management:

processor	: 1
vendor_id	: GenuineIntel
cpu family	: 6
model		: 58
model name	: Intel(R) Core(TM) i3-3217U CPU @ 1.80GHz
stepping	: 9
microcode	: 0x15
cpu MHz		: 774.000
cache size	: 3072 KB
physical id	: 0
siblings	: 4
core id		: 0
cpu cores	: 2
apicid		: 1
initial apicid	: 1
fdiv_bug	: no
f00f_bug	: no
coma_bug	: no
fpu		: yes
fpu_exception	: yes
cpuid level	: 13
wp		: yes
flags		: fpu vme de pse tsc msr pae mce cx8 apic sep mtrr pge mca cmov pat pse36 clflush dts acpi mmx fxsr sse sse2 ss ht tm pbe nx rdtscp lm constant_tsc arch_perfmon pebs bts xtopology nonstop_tsc aperfmperf eagerfpu pni pclmulqdq dtes64 monitor ds_cpl vmx est tm2 ssse3 cx16 xtpr pdcm pcid sse4_1 sse4_2 x2apic popcnt tsc_deadline_timer xsave avx f16c lahf_lm ida arat epb xsaveopt pln pts dtherm tpr_shadow vnmi flexpriority ept vpid fsgsbase smep erms
bogomips	: 3591.70
clflush size	: 64
cache_alignment	: 64
address sizes	: 36 bits physical, 48 bits virtual
power management:

processor	: 2
vendor_id	: GenuineIntel
cpu family	: 6
model		: 58
model name	: Intel(R) Core(TM) i3-3217U CPU @ 1.80GHz
stepping	: 9
microcode	: 0x15
cpu MHz		: 1801.000
cache size	: 3072 KB
physical id	: 0
siblings	: 4
core id		: 1
cpu cores	: 2
apicid		: 2
initial apicid	: 2
fdiv_bug	: no
f00f_bug	: no
coma_bug	: no
fpu		: yes
fpu_exception	: yes
cpuid level	: 13
wp		: yes
flags		: fpu vme de pse tsc msr pae mce cx8 apic sep mtrr pge mca cmov pat pse36 clflush dts acpi mmx fxsr sse sse2 ss ht tm pbe nx rdtscp lm constant_tsc arch_perfmon pebs bts xtopology nonstop_tsc aperfmperf eagerfpu pni pclmulqdq dtes64 monitor ds_cpl vmx est tm2 ssse3 cx16 xtpr pdcm pcid sse4_1 sse4_2 x2apic popcnt tsc_deadline_timer xsave avx f16c lahf_lm ida arat epb xsaveopt pln pts dtherm tpr_shadow vnmi flexpriority ept vpid fsgsbase smep erms
bogomips	: 3591.70
clflush size	: 64
cache_alignment	: 64
address sizes	: 36 bits physical, 48 bits virtual
power management:

processor	: 3
vendor_id	: GenuineIntel
cpu family	: 6
model		: 58
model name	: Intel(R) Core(TM) i3-3217U CPU @ 1.80GHz
stepping	: 9
microcode	: 0x15
cpu MHz		: 1801.000
cache size	: 3072 KB
physical id	: 0
siblings	: 4
core id		: 1
cpu cores	: 2
apicid		: 3
initial apicid	: 3
fdiv_bug	: no
f00f_bug	: no
coma_bug	: no
fpu		: yes
fpu_exception	: yes
cpuid level	: 13
wp		: yes
flags		: fpu vme de pse tsc msr pae mce cx8 apic sep mtrr pge mca cmov pat pse36 clflush dts acpi mmx fxsr sse sse2 ss ht tm pbe nx rdtscp lm constant_tsc arch_perfmon pebs bts xtopology nonstop_tsc aperfmperf eagerfpu pni pclmulqdq dtes64 monitor ds_cpl vmx est tm2 ssse3 cx16 xtpr pdcm pcid sse4_1 sse4_2 x2apic popcnt tsc_deadline_timer xsave avx f16c lahf_lm ida arat epb xsaveopt pln pts dtherm tpr_shadow vnmi flexpriority ept vpid fsgsbase smep erms
bogomips	: 3591.70
clflush size	: 64
cache_alignment	: 64
address sizes	: 36 bits physical, 48 bits virtual
power management:



Memory: 4k page, physical 4000684k(238240k free), swap 0k(0k free)

vm_info: OpenJDK Server VM (24.79-b02) for linux-x86 JRE (1.7.0_79-b14), built on Jul 24 2015 08:25:15 by "buildd" with gcc 4.8.2

time: Tue Apr 19 09:00:36 2016
elapsed time: 78 seconds

