#
# There is insufficient memory for the Java Runtime Environment to continue.
# Native memory allocation (malloc) failed to allocate 72351744 bytes for committing reserved memory.
# Possible reasons:
#   The system is out of physical RAM or swap space
#   In 32 bit mode, the process size limit was hit
# Possible solutions:
#   Reduce memory load on the system
#   Increase physical memory or swap space
#   Check if swap backing store is full
#   Use 64 bit Java on a 64 bit OS
#   Decrease Java heap size (-Xmx/-Xms)
#   Decrease number of Java threads
#   Decrease Java thread stack sizes (-Xss)
#   Set larger code cache with -XX:ReservedCodeCacheSize=
# This output file may be truncated or incomplete.
#
#  Out of Memory Error (os_linux.cpp:2809), pid=12296, tid=1742531392
#
# JRE version: OpenJDK Runtime Environment (7.0_79-b14) (build 1.7.0_79-b14)
# Java VM: OpenJDK Server VM (24.79-b02 mixed mode linux-x86 )
# Derivative: IcedTea 2.5.6
# Distribution: Ubuntu 14.04 LTS, package 7u79-2.5.6-0ubuntu1.14.04.1
# Failed to write core dump. Core dumps have been disabled. To enable core dumping, try "ulimit -c unlimited" before starting Java again
#

---------------  T H R E A D  ---------------

Current thread (0x67c80800):  VMThread [stack: 0x67d4e000,0x67dcf000] [id=12322]

Stack: [0x67d4e000,0x67dcf000]
VM_Operation (0x6701da28): ParallelGCFailedAllocation, mode: safepoint, requested by thread 0x67481000


---------------  P R O C E S S  ---------------

Java Threads: ( => current thread )
  0x67483000 JavaThread "pool-1-thread-4" [_thread_blocked, id=12365, stack(0x66f7d000,0x66fce000)]
  0x67481000 JavaThread "pool-1-thread-3" [_thread_blocked, id=12361, stack(0x66fce000,0x6701f000)]
  0x67476000 JavaThread "pool-1-thread-2" [_thread_blocked, id=12358, stack(0x6701f000,0x67070000)]
  0x67474c00 JavaThread "pool-2-thread-1" [_thread_blocked, id=12357, stack(0x67070000,0x670c1000)]
  0x67473800 JavaThread "pool-1-thread-1" [_thread_blocked, id=12356, stack(0x670c1000,0x67112000)]
  0x67c9d000 JavaThread "Service Thread" daemon [_thread_blocked, id=12341, stack(0x6760b000,0x6765c000)]
  0x67c9b400 JavaThread "C2 CompilerThread1" daemon [_thread_blocked, id=12338, stack(0x6765c000,0x676dd000)]
  0x67c99400 JavaThread "C2 CompilerThread0" daemon [_thread_blocked, id=12335, stack(0x676dd000,0x6775e000)]
  0x67c97c00 JavaThread "Signal Dispatcher" daemon [_thread_blocked, id=12333, stack(0x6775e000,0x677af000)]
  0x67c84800 JavaThread "Finalizer" daemon [_thread_blocked, id=12327, stack(0x679af000,0x67a00000)]
  0x67c83000 JavaThread "Reference Handler" daemon [_thread_blocked, id=12325, stack(0x6a92e000,0x6a97f000)]
  0xb6407c00 JavaThread "main" [_thread_blocked, id=12303, stack(0xb658b000,0xb65dc000)]

Other Threads:
=>0x67c80800 VMThread [stack: 0x67d4e000,0x67dcf000] [id=12322]
  0x67c9ec00 WatcherThread [stack: 0x6758a000,0x6760b000] [id=12344]

VM state:at safepoint (normal execution)

VM Mutex/Monitor currently owned by a thread:  ([mutex/lock_event])
[0xb6405410] Threads_lock - owner thread: 0x67c80800
[0xb6405820] Heap_lock - owner thread: 0x67481000

Heap
 PSYoungGen      total 71680K, used 9467K [0x9ddc0000, 0xa2e40000, 0xb3340000)
  eden space 62208K, 0% used [0x9ddc0000,0x9ddc0000,0xa1a80000)
  from space 9472K, 99% used [0xa1a80000,0xa23bef30,0xa23c0000)
  to   space 8192K, 0% used [0xa23c0000,0xa23c0000,0xa2bc0000)
 ParOldGen       total 41728K, used 23109K [0x73340000, 0x75c00000, 0x9ddc0000)
  object space 41728K, 55% used [0x73340000,0x749d14b0,0x75c00000)
 PSPermGen       total 16384K, used 4149K [0x6b340000, 0x6c340000, 0x73340000)
  object space 16384K, 25% used [0x6b340000,0x6b74d7c8,0x6c340000)

Card table byte_map: [0x6b0ff000,0x6b340000] byte_map_base: 0x6ada5600

Polling page: 0xb778d000

Code Cache  [0xb3400000, 0xb3640000, 0xb6400000)
 total_blobs=373 nmethods=250 adapters=76 free_code_cache=48190Kb largest_free_block=49320128

Compilation events (10 events):
Event: 18.078 Thread 0x67c9b400 nmethod 247 0xb3455108 code [0xb3455280, 0xb34556f0]
Event: 18.078 Thread 0x67c9b400  248             com.android.dx.cf.iface.StdAttributeList::findFirst (44 bytes)
Event: 18.106 Thread 0x67c9b400 nmethod 248 0xb3454b88 code [0xb3454ca0, 0xb3454ef0]
Event: 18.106 Thread 0x67c9b400  249             com.android.dx.rop.cst.CstString::compareTo0 (15 bytes)
Event: 18.121 Thread 0x67c9b400 nmethod 249 0xb3454848 code [0xb3454940, 0xb3454a90]
Event: 18.121 Thread 0x67c9b400  250             com.android.dx.rop.code.RegisterSpecSet::localItemToSpec (49 bytes)
Event: 18.173 Thread 0x67c9b400 nmethod 250 0xb34ce948 code [0xb34cea60, 0xb34cedd0]
Event: 18.173 Thread 0x67c9b400  251   !         com.android.dx.ssa.LocalVariableInfo::getStarts0 (18 bytes)
Event: 18.186 Thread 0x67c9b400 nmethod 251 0xb34caf48 code [0xb34cb040, 0xb34cb0b0]
Event: 18.186 Thread 0x67c9b400  252   !         com.android.dx.cf.code.Ropper::processBlock (1101 bytes)

GC Heap History (10 events):
Event: 4.744 GC heap after
Heap after GC invocations=2 (full 0):
 PSYoungGen      total 18432K, used 2546K [0x9ddc0000, 0xa01c0000, 0xb3340000)
  eden space 15872K, 0% used [0x9ddc0000,0x9ddc0000,0x9ed40000)
  from space 2560K, 99% used [0x9efc0000,0x9f23caf0,0x9f240000)
  to   space 2560K, 0% used [0x9ed40000,0x9ed40000,0x9efc0000)
 ParOldGen       total 41728K, used 4164K [0x73340000, 0x75c00000, 0x9ddc0000)
  object space 41728K, 9% used [0x73340000,0x73751000,0x75c00000)
 PSPermGen       total 16384K, used 4037K [0x6b340000, 0x6c340000, 0x73340000)
  object space 16384K, 24% used [0x6b340000,0x6b7314d8,0x6c340000)
}
Event: 6.823 GC heap before
{Heap before GC invocations=3 (full 0):
 PSYoungGen      total 18432K, used 18418K [0x9ddc0000, 0xa01c0000, 0xb3340000)
  eden space 15872K, 100% used [0x9ddc0000,0x9ed40000,0x9ed40000)
  from space 2560K, 99% used [0x9efc0000,0x9f23caf0,0x9f240000)
  to   space 2560K, 0% used [0x9ed40000,0x9ed40000,0x9efc0000)
 ParOldGen       total 41728K, used 4164K [0x73340000, 0x75c00000, 0x9ddc0000)
  object space 41728K, 9% used [0x73340000,0x73751000,0x75c00000)
 PSPermGen       total 16384K, used 4072K [0x6b340000, 0x6c340000, 0x73340000)
  object space 16384K, 24% used [0x6b340000,0x6b73a348,0x6c340000)
Event: 6.862 GC heap after
Heap after GC invocations=3 (full 0):
 PSYoungGen      total 18432K, used 2552K [0x9ddc0000, 0xa01c0000, 0xb3340000)
  eden space 15872K, 0% used [0x9ddc0000,0x9ddc0000,0x9ed40000)
  from space 2560K, 99% used [0x9ed40000,0x9efbe070,0x9efc0000)
  to   space 2560K, 0% used [0x9ff40000,0x9ff40000,0xa01c0000)
 ParOldGen       total 41728K, used 6969K [0x73340000, 0x75c00000, 0x9ddc0000)
  object space 41728K, 16% used [0x73340000,0x73a0e480,0x75c00000)
 PSPermGen       total 16384K, used 4072K [0x6b340000, 0x6c340000, 0x73340000)
  object space 16384K, 24% used [0x6b340000,0x6b73a348,0x6c340000)
}
Event: 8.880 GC heap before
{Heap before GC invocations=4 (full 0):
 PSYoungGen      total 18432K, used 18424K [0x9ddc0000, 0xa01c0000, 0xb3340000)
  eden space 15872K, 100% used [0x9ddc0000,0x9ed40000,0x9ed40000)
  from space 2560K, 99% used [0x9ed40000,0x9efbe070,0x9efc0000)
  to   space 2560K, 0% used [0x9ff40000,0x9ff40000,0xa01c0000)
 ParOldGen       total 41728K, used 6969K [0x73340000, 0x75c00000, 0x9ddc0000)
  object space 41728K, 16% used [0x73340000,0x73a0e480,0x75c00000)
 PSPermGen       total 16384K, used 4089K [0x6b340000, 0x6c340000, 0x73340000)
  object space 16384K, 24% used [0x6b340000,0x6b73e680,0x6c340000)
Event: 8.954 GC heap after
Heap after GC invocations=4 (full 0):
 PSYoungGen      total 34304K, used 2546K [0x9ddc0000, 0xa01c0000, 0xb3340000)
  eden space 31744K, 0% used [0x9ddc0000,0x9ddc0000,0x9fcc0000)
  from space 2560K, 99% used [0x9ff40000,0xa01bcb50,0xa01c0000)
  to   space 2560K, 0% used [0x9fcc0000,0x9fcc0000,0x9ff40000)
 ParOldGen       total 41728K, used 9671K [0x73340000, 0x75c00000, 0x9ddc0000)
  object space 41728K, 23% used [0x73340000,0x73cb1cc8,0x75c00000)
 PSPermGen       total 16384K, used 4089K [0x6b340000, 0x6c340000, 0x73340000)
  object space 16384K, 24% used [0x6b340000,0x6b73e680,0x6c340000)
}
Event: 13.445 GC heap before
{Heap before GC invocations=5 (full 0):
 PSYoungGen      total 34304K, used 34290K [0x9ddc0000, 0xa01c0000, 0xb3340000)
  eden space 31744K, 100% used [0x9ddc0000,0x9fcc0000,0x9fcc0000)
  from space 2560K, 99% used [0x9ff40000,0xa01bcb50,0xa01c0000)
  to   space 2560K, 0% used [0x9fcc0000,0x9fcc0000,0x9ff40000)
 ParOldGen       total 41728K, used 9671K [0x73340000, 0x75c00000, 0x9ddc0000)
  object space 41728K, 23% used [0x73340000,0x73cb1cc8,0x75c00000)
 PSPermGen       total 16384K, used 4110K [0x6b340000, 0x6c340000, 0x73340000)
  object space 16384K, 25% used [0x6b340000,0x6b743b00,0x6c340000)
Event: 13.566 GC heap after
Heap after GC invocations=5 (full 0):
 PSYoungGen      total 34304K, used 2555K [0x9ddc0000, 0xa2bc0000, 0xb3340000)
  eden space 31744K, 0% used [0x9ddc0000,0x9ddc0000,0x9fcc0000)
  from space 2560K, 99% used [0x9fcc0000,0x9ff3ede8,0x9ff40000)
  to   space 8192K, 0% used [0xa23c0000,0xa23c0000,0xa2bc0000)
 ParOldGen       total 41728K, used 15540K [0x73340000, 0x75c00000, 0x9ddc0000)
  object space 41728K, 37% used [0x73340000,0x7426d1e0,0x75c00000)
 PSPermGen       total 16384K, used 4110K [0x6b340000, 0x6c340000, 0x73340000)
  object space 16384K, 25% used [0x6b340000,0x6b743b00,0x6c340000)
}
Event: 16.545 GC heap before
{Heap before GC invocations=6 (full 0):
 PSYoungGen      total 34304K, used 34299K [0x9ddc0000, 0xa2bc0000, 0xb3340000)
  eden space 31744K, 100% used [0x9ddc0000,0x9fcc0000,0x9fcc0000)
  from space 2560K, 99% used [0x9fcc0000,0x9ff3ede8,0x9ff40000)
  to   space 8192K, 0% used [0xa23c0000,0xa23c0000,0xa2bc0000)
 ParOldGen       total 41728K, used 15540K [0x73340000, 0x75c00000, 0x9ddc0000)
  object space 41728K, 37% used [0x73340000,0x7426d1e0,0x75c00000)
 PSPermGen       total 16384K, used 4132K [0x6b340000, 0x6c340000, 0x73340000)
  object space 16384K, 25% used [0x6b340000,0x6b7491c8,0x6c340000)
Event: 16.655 GC heap after
Heap after GC invocations=6 (full 0):
 PSYoungGen      total 70400K, used 8184K [0x9ddc0000, 0xa2e40000, 0xb3340000)
  eden space 62208K, 0% used [0x9ddc0000,0x9ddc0000,0xa1a80000)
  from space 8192K, 99% used [0xa23c0000,0xa2bbe1c0,0xa2bc0000)
  to   space 9472K, 0% used [0xa1a80000,0xa1a80000,0xa23c0000)
 ParOldGen       total 41728K, used 15692K [0x73340000, 0x75c00000, 0x9ddc0000)
  object space 41728K, 37% used [0x73340000,0x74293178,0x75c00000)
 PSPermGen       total 16384K, used 4132K [0x6b340000, 0x6c340000, 0x73340000)
  object space 16384K, 25% used [0x6b340000,0x6b7491c8,0x6c340000)
}
Event: 21.529 GC heap before
{Heap before GC invocations=7 (full 0):
 PSYoungGen      total 70400K, used 70392K [0x9ddc0000, 0xa2e40000, 0xb3340000)
  eden space 62208K, 100% used [0x9ddc0000,0xa1a80000,0xa1a80000)
  from space 8192K, 99% used [0xa23c0000,0xa2bbe1c0,0xa2bc0000)
  to   space 9472K, 0% used [0xa1a80000,0xa1a80000,0xa23c0000)
 ParOldGen       total 41728K, used 15692K [0x73340000, 0x75c00000, 0x9ddc0000)
  object space 41728K, 37% used [0x73340000,0x74293178,0x75c00000)
 PSPermGen       total 16384K, used 4149K [0x6b340000, 0x6c340000, 0x73340000)
  object space 16384K, 25% used [0x6b340000,0x6b74d7c8,0x6c340000)

Deoptimization events (10 events):
Event: 2.505 Thread 0xb6407c00 Uncommon trap: reason=class_check action=maybe_recompile pc=0xb34586f4 method=com.android.dx.ssa.NormalSsaInsn.accept(Lcom/android/dx/ssa/SsaInsn$Visitor;)V @ 9
Event: 2.747 Thread 0x67481000 Uncommon trap: reason=class_check action=maybe_recompile pc=0xb34586f4 method=com.android.dx.ssa.NormalSsaInsn.accept(Lcom/android/dx/ssa/SsaInsn$Visitor;)V @ 9
Event: 4.410 Thread 0x67473800 Uncommon trap: reason=null_check action=make_not_entrant pc=0xb34681d0 method=com.android.dx.rop.type.Type.equals(Ljava/lang/Object;)Z @ 8
Event: 4.786 Thread 0xb6407c00 Uncommon trap: reason=null_check action=make_not_entrant pc=0xb3476714 method=com.android.dx.ssa.SsaRenamer.getLocalForNewReg(I)Lcom/android/dx/rop/code/LocalItem; @ 19
Event: 4.858 Thread 0xb6407c00 Uncommon trap: reason=null_check action=make_not_entrant pc=0xb347ffa4 method=com.android.dx.ssa.SsaRenamer.getLocalForNewReg(I)Lcom/android/dx/rop/code/LocalItem; @ 19
Event: 8.448 Thread 0x67476000 Uncommon trap: reason=unreached action=reinterpret pc=0xb344e094 method=com.android.dx.rop.cst.Constant.compareTo(Lcom/android/dx/rop/cst/Constant;)I @ 12
Event: 8.539 Thread 0xb6407c00 Uncommon trap: reason=unreached action=reinterpret pc=0xb34a1378 method=com.android.dx.ssa.LocalVariableExtractor.processBlock(I)V @ 251
Event: 8.764 Thread 0xb6407c00 Uncommon trap: reason=null_check action=make_not_entrant pc=0xb3491bbc method=com.android.dx.rop.type.Type.putIntern(Lcom/android/dx/rop/type/Type;)Lcom/android/dx/rop/type/Type; @ 18
Event: 17.056 Thread 0xb6407c00 Uncommon trap: reason=unreached action=reinterpret pc=0xb34d1b74 method=com.android.dx.ssa.SCCP.simulateBranch(Lcom/android/dx/ssa/SsaInsn;)V @ 329
Event: 17.069 Thread 0xb6407c00 Uncommon trap: reason=unreached action=reinterpret pc=0xb34bd1bc method=com.android.dx.ssa.SsaMethod.updateOneDefinition(Lcom/android/dx/ssa/SsaInsn;Lcom/android/dx/rop/code/RegisterSpec;)V @ 4

Internal exceptions (10 events):
Event: 4.858 Thread 0xb6407c00 Implicit null exception at 0xb347ebf4 to 0xb347ff85
Event: 5.388 Thread 0xb6407c00 Threw 0x9e238478 at /build/openjdk-7-OXg_HK/openjdk-7-7u79-2.5.6/build/openjdk/hotspot/src/share/vm/prims/jvm.cpp:1284
Event: 5.410 Thread 0xb6407c00 Threw 0x9e23b810 at /build/openjdk-7-OXg_HK/openjdk-7-7u79-2.5.6/build/openjdk/hotspot/src/share/vm/prims/jvm.cpp:1284
Event: 5.411 Thread 0xb6407c00 Threw 0x9e23e878 at /build/openjdk-7-OXg_HK/openjdk-7-7u79-2.5.6/build/openjdk/hotspot/src/share/vm/prims/jvm.cpp:1284
Event: 5.412 Thread 0xb6407c00 Threw 0x9e2a9520 at /build/openjdk-7-OXg_HK/openjdk-7-7u79-2.5.6/build/openjdk/hotspot/src/share/vm/prims/jvm.cpp:1284
Event: 8.661 Thread 0x67481000 Threw 0x9eb59d18 at /build/openjdk-7-OXg_HK/openjdk-7-7u79-2.5.6/build/openjdk/hotspot/src/share/vm/prims/jvm.cpp:1284
Event: 8.764 Thread 0xb6407c00 Implicit null exception at 0xb34915b6 to 0xb3491bad
Event: 11.270 Thread 0x67481000 Threw 0x9e57d7b8 at /build/openjdk-7-OXg_HK/openjdk-7-7u79-2.5.6/build/openjdk/hotspot/src/share/vm/prims/jvm.cpp:1284
Event: 17.056 Thread 0xb6407c00 Threw 0x9e2ad148 at /build/openjdk-7-OXg_HK/openjdk-7-7u79-2.5.6/build/openjdk/hotspot/src/share/vm/prims/jvm.cpp:1284
Event: 20.240 Thread 0xb6407c00 Threw 0xa08d7a70 at /build/openjdk-7-OXg_HK/openjdk-7-7u79-2.5.6/build/openjdk/hotspot/src/share/vm/prims/jvm.cpp:1284

Events (10 events):
Event: 17.056 Thread 0xb6407c00 DEOPT PACKING pc=0xb34d1b74 sp=0xb65da770
Event: 17.056 Thread 0xb6407c00 DEOPT UNPACKING pc=0xb342cbc8 sp=0xb65da75c mode 2
Event: 17.056 loading class 0x6ad1b2f0
Event: 17.056 loading class 0x6ad1b2f0 done
Event: 17.069 Thread 0xb6407c00 Uncommon trap: trap_request=0xffffffad fr.pc=0xb34bd1bc
Event: 17.069 Thread 0xb6407c00 DEOPT PACKING pc=0xb34bd1bc sp=0xb65da6e0
Event: 17.069 Thread 0xb6407c00 DEOPT UNPACKING pc=0xb342cbc8 sp=0xb65da6bc mode 2
Event: 20.240 loading class 0x67cf7be0
Event: 20.240 loading class 0x67cf7be0 done
Event: 21.510 Executing VM operation: ParallelGCFailedAllocation


Dynamic libraries:
08048000-08049000 r-xp 00000000 08:01 3412725    /usr/lib/jvm/java-7-openjdk-i386/jre/bin/java
08049000-0804a000 r--p 00000000 08:01 3412725    /usr/lib/jvm/java-7-openjdk-i386/jre/bin/java
0804a000-0804b000 rw-p 00001000 08:01 3412725    /usr/lib/jvm/java-7-openjdk-i386/jre/bin/java
09eed000-09fcf000 rw-p 00000000 00:00 0          [heap]
64d00000-64dfc000 rw-p 00000000 00:00 0 
64dfc000-64e00000 ---p 00000000 00:00 0 
64e00000-64e58000 rw-p 00000000 00:00 0 
64e58000-64f00000 ---p 00000000 00:00 0 
64f00000-64fc1000 rw-p 00000000 00:00 0 
64fc1000-65000000 ---p 00000000 00:00 0 
65000000-65170000 rw-p 00000000 00:00 0 
65170000-65200000 ---p 00000000 00:00 0 
65200000-652fe000 rw-p 00000000 00:00 0 
652fe000-65300000 ---p 00000000 00:00 0 
65400000-654fa000 rw-p 00000000 00:00 0 
654fa000-65500000 ---p 00000000 00:00 0 
65500000-655fe000 rw-p 00000000 00:00 0 
655fe000-65600000 ---p 00000000 00:00 0 
65600000-656ef000 rw-p 00000000 00:00 0 
656ef000-65700000 ---p 00000000 00:00 0 
65800000-658ea000 rw-p 00000000 00:00 0 
658ea000-65900000 ---p 00000000 00:00 0 
65900000-659f9000 rw-p 00000000 00:00 0 
659f9000-65a00000 ---p 00000000 00:00 0 
65a00000-65af9000 rw-p 00000000 00:00 0 
65af9000-65b00000 ---p 00000000 00:00 0 
65c00000-65cff000 rw-p 00000000 00:00 0 
65cff000-65d00000 ---p 00000000 00:00 0 
65e00000-65ef8000 rw-p 00000000 00:00 0 
65ef8000-65f00000 ---p 00000000 00:00 0 
66000000-660fb000 rw-p 00000000 00:00 0 
660fb000-66100000 ---p 00000000 00:00 0 
66100000-661fd000 rw-p 00000000 00:00 0 
661fd000-66200000 ---p 00000000 00:00 0 
66200000-662ee000 rw-p 00000000 00:00 0 
662ee000-66300000 ---p 00000000 00:00 0 
66400000-664fd000 rw-p 00000000 00:00 0 
664fd000-66500000 ---p 00000000 00:00 0 
66600000-666ff000 rw-p 00000000 00:00 0 
666ff000-66700000 ---p 00000000 00:00 0 
66800000-66900000 rw-p 00000000 00:00 0 
66a00000-66afa000 rw-p 00000000 00:00 0 
66afa000-66b00000 ---p 00000000 00:00 0 
66b66000-66c00000 rw-p 00000000 00:00 0 
66c00000-66cf6000 rw-p 00000000 00:00 0 
66cf6000-66d00000 ---p 00000000 00:00 0 
66d00000-66e00000 rw-p 00000000 00:00 0 
66e00000-66eff000 rw-p 00000000 00:00 0 
66eff000-66f00000 ---p 00000000 00:00 0 
66f7d000-66f80000 ---p 00000000 00:00 0 
66f80000-66fce000 rw-p 00000000 00:00 0          [stack:12365]
66fce000-66fd1000 ---p 00000000 00:00 0 
66fd1000-6701f000 rw-p 00000000 00:00 0          [stack:12361]
6701f000-67022000 ---p 00000000 00:00 0 
67022000-67070000 rw-p 00000000 00:00 0          [stack:12358]
67070000-67073000 ---p 00000000 00:00 0 
67073000-670c1000 rw-p 00000000 00:00 0          [stack:12357]
670c1000-670c4000 ---p 00000000 00:00 0 
670c4000-67112000 rw-p 00000000 00:00 0          [stack:12356]
67112000-6714e000 r-xp 00000000 08:01 25035843   /lib/i386-linux-gnu/libpcre.so.3.13.1
6714e000-6714f000 r--p 0003b000 08:01 25035843   /lib/i386-linux-gnu/libpcre.so.3.13.1
6714f000-67150000 rw-p 0003c000 08:01 25035843   /lib/i386-linux-gnu/libpcre.so.3.13.1
67150000-67170000 r-xp 00000000 08:01 25035870   /lib/i386-linux-gnu/libselinux.so.1
67170000-67171000 r--p 0001f000 08:01 25035870   /lib/i386-linux-gnu/libselinux.so.1
67171000-67172000 rw-p 00020000 08:01 25035870   /lib/i386-linux-gnu/libselinux.so.1
67172000-67173000 rw-p 00000000 00:00 0 
67173000-6727d000 r-xp 00000000 08:01 25035771   /lib/i386-linux-gnu/libglib-2.0.so.0.4000.0
6727d000-6727e000 r--p 00109000 08:01 25035771   /lib/i386-linux-gnu/libglib-2.0.so.0.4000.0
6727e000-6727f000 rw-p 0010a000 08:01 25035771   /lib/i386-linux-gnu/libglib-2.0.so.0.4000.0
6727f000-673fc000 r-xp 00000000 08:01 3020350    /usr/lib/i386-linux-gnu/libgio-2.0.so.0.4000.0
673fc000-673fe000 r--p 0017c000 08:01 3020350    /usr/lib/i386-linux-gnu/libgio-2.0.so.0.4000.0
673fe000-673ff000 rw-p 0017e000 08:01 3020350    /usr/lib/i386-linux-gnu/libgio-2.0.so.0.4000.0
673ff000-67400000 rw-p 00000000 00:00 0 
67400000-674cc000 rw-p 00000000 00:00 0 
674cc000-67500000 ---p 00000000 00:00 0 
67506000-67519000 r-xp 00000000 08:01 25035866   /lib/i386-linux-gnu/libresolv-2.19.so
67519000-6751a000 ---p 00013000 08:01 25035866   /lib/i386-linux-gnu/libresolv-2.19.so
6751a000-6751b000 r--p 00013000 08:01 25035866   /lib/i386-linux-gnu/libresolv-2.19.so
6751b000-6751c000 rw-p 00014000 08:01 25035866   /lib/i386-linux-gnu/libresolv-2.19.so
6751c000-6751e000 rw-p 00000000 00:00 0 
6751e000-6756e000 r-xp 00000000 08:01 3020380    /usr/lib/i386-linux-gnu/libgobject-2.0.so.0.4000.0
6756e000-6756f000 r--p 0004f000 08:01 3020380    /usr/lib/i386-linux-gnu/libgobject-2.0.so.0.4000.0
6756f000-67570000 rw-p 00050000 08:01 3020380    /usr/lib/i386-linux-gnu/libgobject-2.0.so.0.4000.0
6758a000-6758b000 ---p 00000000 00:00 0 
6758b000-6760b000 rw-p 00000000 00:00 0          [stack:12344]
6760b000-6760e000 ---p 00000000 00:00 0 
6760e000-6765c000 rw-p 00000000 00:00 0          [stack:12341]
6765c000-6765f000 ---p 00000000 00:00 0 
6765f000-676dd000 rw-p 00000000 00:00 0          [stack:12338]
676dd000-676e0000 ---p 00000000 00:00 0 
676e0000-6775e000 rw-p 00000000 00:00 0          [stack:12335]
6775e000-67761000 ---p 00000000 00:00 0 
67761000-677af000 rw-p 00000000 00:00 0          [stack:12333]
677af000-679af000 r--p 00000000 08:01 3022988    /usr/lib/locale/locale-archive
679af000-679b2000 ---p 00000000 00:00 0 
679b2000-67a00000 rw-p 00000000 00:00 0          [stack:12327]
67a00000-67b00000 rw-p 00000000 00:00 0 
67b00000-67b21000 rw-p 00000000 00:00 0 
67b21000-67c00000 ---p 00000000 00:00 0 
67c00000-67d00000 rw-p 00000000 00:00 0 
67d05000-67d0a000 r-xp 00000000 08:01 3020247    /usr/lib/i386-linux-gnu/libffi.so.6.0.1
67d0a000-67d0b000 r--p 00005000 08:01 3020247    /usr/lib/i386-linux-gnu/libffi.so.6.0.1
67d0b000-67d0c000 rw-p 00006000 08:01 3020247    /usr/lib/i386-linux-gnu/libffi.so.6.0.1
67d0c000-67d4e000 r--p 00858000 08:01 3022988    /usr/lib/locale/locale-archive
67d4e000-67d4f000 ---p 00000000 00:00 0 
67d4f000-67dcf000 rw-p 00000000 00:00 0          [stack:12322]
67dcf000-67f80000 r--s 01d29000 08:01 3283391    /usr/lib/jvm/java-7-openjdk-i386/jre/lib/rt.jar
67f80000-6a800000 rw-p 00000000 00:00 0 
6a800000-6a8fe000 rw-p 00000000 00:00 0 
6a8fe000-6a900000 ---p 00000000 00:00 0 
6a902000-6a919000 r-xp 00000000 08:01 3283427    /usr/lib/jvm/java-7-openjdk-i386/jre/lib/i386/libnet.so
6a919000-6a91a000 r--p 00017000 08:01 3283427    /usr/lib/jvm/java-7-openjdk-i386/jre/lib/i386/libnet.so
6a91a000-6a91b000 rw-p 00018000 08:01 3283427    /usr/lib/jvm/java-7-openjdk-i386/jre/lib/i386/libnet.so
6a91b000-6a92c000 r-xp 00000000 08:01 3283432    /usr/lib/jvm/java-7-openjdk-i386/jre/lib/i386/libnio.so
6a92c000-6a92d000 r--p 00010000 08:01 3283432    /usr/lib/jvm/java-7-openjdk-i386/jre/lib/i386/libnio.so
6a92d000-6a92e000 rw-p 00011000 08:01 3283432    /usr/lib/jvm/java-7-openjdk-i386/jre/lib/i386/libnio.so
6a92e000-6a931000 ---p 00000000 00:00 0 
6a931000-6a97f000 rw-p 00000000 00:00 0          [stack:12325]
6a97f000-6a980000 ---p 00000000 00:00 0 
6a980000-6aa00000 rw-p 00000000 00:00 0          [stack:12313]
6aa00000-6aa21000 rw-p 00000000 00:00 0 
6aa21000-6ab00000 ---p 00000000 00:00 0 
6ab00000-6ab21000 rw-p 00000000 00:00 0 
6ab21000-6ac00000 ---p 00000000 00:00 0 
6ac04000-6ac07000 r-xp 00000000 08:01 3020364    /usr/lib/i386-linux-gnu/libgmodule-2.0.so.0.4000.0
6ac07000-6ac08000 r--p 00002000 08:01 3020364    /usr/lib/i386-linux-gnu/libgmodule-2.0.so.0.4000.0
6ac08000-6ac09000 rw-p 00003000 08:01 3020364    /usr/lib/i386-linux-gnu/libgmodule-2.0.so.0.4000.0
6ac09000-6ac15000 r--s 00076000 08:01 13500823   /home/rafiqul/.gradle/caches/modules-2/files-2.1/org.jbundle.util.osgi.wrapped/org.jbundle.util.osgi.wrapped.org.apache.http.client/4.1.2/98c86e42679fe7ac066f6c242e0d14f0bce0bb7c/org.jbundle.util.osgi.wrapped.org.apache.http.client-4.1.2.jar
6ac15000-6ac24000 r--s 000df000 08:01 9175179    /home/rafiqul/Android/Sdk/build-tools/23.0.1/lib/dx.jar
6ac24000-6ac7f000 rw-p 00000000 00:00 0 
6ac7f000-6ac80000 ---p 00000000 00:00 0 
6ac80000-6ad00000 rw-p 00000000 00:00 0          [stack:12309]
6ad00000-6ad37000 rw-p 00000000 00:00 0 
6ad37000-6ae00000 ---p 00000000 00:00 0 
6ae01000-6ae03000 r--s 00006000 08:01 3412779    /usr/share/java/java-atk-wrapper.jar
6ae03000-6ae67000 rw-p 00000000 00:00 0 
6ae67000-6ae68000 ---p 00000000 00:00 0 
6ae68000-6aee8000 rw-p 00000000 00:00 0          [stack:12307]
6aee8000-6aee9000 ---p 00000000 00:00 0 
6aee9000-6af71000 rw-p 00000000 00:00 0          [stack:12304]
6af71000-6afa9000 rw-p 00000000 00:00 0 
6afa9000-6afbe000 rw-p 00000000 00:00 0 
6afbe000-6b0ff000 rw-p 00000000 00:00 0 
6b0ff000-6b107000 rw-p 00000000 00:00 0 
6b107000-6b13f000 rw-p 00000000 00:00 0 
6b13f000-6b154000 rw-p 00000000 00:00 0 
6b154000-6b294000 rw-p 00000000 00:00 0 
6b294000-6b2bd000 rw-p 00000000 00:00 0 
6b2bd000-6b33f000 rw-p 00000000 00:00 0 
6b33f000-6c340000 rw-p 00000000 00:00 0 
6c340000-73340000 rw-p 00000000 00:00 0 
73340000-75c00000 rw-p 00000000 00:00 0 
75c00000-9ddc0000 rw-p 00000000 00:00 0 
9ddc0000-a2e40000 rw-p 00000000 00:00 0 
a7340000-b3340000 rw-p 00000000 00:00 0 
b3340000-b3349000 rw-p 00000000 00:00 0 
b3349000-b3400000 rw-p 00000000 00:00 0 
b3400000-b3640000 rwxp 00000000 00:00 0 
b3640000-b6500000 rw-p 00000000 00:00 0 
b6501000-b6504000 r--s 0000f000 08:01 3412677    /usr/lib/jvm/java-7-openjdk-i386/jre/lib/ext/icedtea-sound.jar
b6504000-b650f000 r-xp 00000000 08:01 25035815   /lib/i386-linux-gnu/libnss_files-2.19.so
b650f000-b6510000 r--p 0000a000 08:01 25035815   /lib/i386-linux-gnu/libnss_files-2.19.so
b6510000-b6511000 rw-p 0000b000 08:01 25035815   /lib/i386-linux-gnu/libnss_files-2.19.so
b6511000-b651b000 r-xp 00000000 08:01 25035825   /lib/i386-linux-gnu/libnss_nis-2.19.so
b651b000-b651c000 r--p 00009000 08:01 25035825   /lib/i386-linux-gnu/libnss_nis-2.19.so
b651c000-b651d000 rw-p 0000a000 08:01 25035825   /lib/i386-linux-gnu/libnss_nis-2.19.so
b651d000-b6532000 r-xp 00000000 08:01 25035809   /lib/i386-linux-gnu/libnsl-2.19.so
b6532000-b6533000 r--p 00015000 08:01 25035809   /lib/i386-linux-gnu/libnsl-2.19.so
b6533000-b6534000 rw-p 00016000 08:01 25035809   /lib/i386-linux-gnu/libnsl-2.19.so
b6534000-b6536000 rw-p 00000000 00:00 0 
b6536000-b653d000 r-xp 00000000 08:01 25035811   /lib/i386-linux-gnu/libnss_compat-2.19.so
b653d000-b653e000 r--p 00006000 08:01 25035811   /lib/i386-linux-gnu/libnss_compat-2.19.so
b653e000-b653f000 rw-p 00007000 08:01 25035811   /lib/i386-linux-gnu/libnss_compat-2.19.so
b653f000-b6540000 r--s 00002000 08:01 3412674    /usr/lib/jvm/java-7-openjdk-i386/jre/lib/ext/dnsns.jar
b6540000-b6542000 r--s 00012000 08:01 3412678    /usr/lib/jvm/java-7-openjdk-i386/jre/lib/ext/zipfs.jar
b6542000-b6546000 r--s 00034000 08:01 3412675    /usr/lib/jvm/java-7-openjdk-i386/jre/lib/ext/sunjce_provider.jar
b6546000-b654a000 r--s 00085000 08:01 3412673    /usr/lib/jvm/java-7-openjdk-i386/jre/lib/ext/localedata.jar
b654a000-b654e000 r--s 0003c000 08:01 3412676    /usr/lib/jvm/java-7-openjdk-i386/jre/lib/ext/sunpkcs11.jar
b654e000-b654f000 r--p 00855000 08:01 3022988    /usr/lib/locale/locale-archive
b654f000-b6557000 r-xp 00000000 08:01 3283403    /usr/lib/jvm/java-7-openjdk-i386/jre/lib/i386/libzip.so
b6557000-b6558000 r--p 00007000 08:01 3283403    /usr/lib/jvm/java-7-openjdk-i386/jre/lib/i386/libzip.so
b6558000-b6559000 rw-p 00008000 08:01 3283403    /usr/lib/jvm/java-7-openjdk-i386/jre/lib/i386/libzip.so
b6559000-b6580000 r-xp 00000000 08:01 3283435    /usr/lib/jvm/java-7-openjdk-i386/jre/lib/i386/libjava.so
b6580000-b6581000 r--p 00026000 08:01 3283435    /usr/lib/jvm/java-7-openjdk-i386/jre/lib/i386/libjava.so
b6581000-b6582000 rw-p 00027000 08:01 3283435    /usr/lib/jvm/java-7-openjdk-i386/jre/lib/i386/libjava.so
b6582000-b6589000 r-xp 00000000 08:01 25035868   /lib/i386-linux-gnu/librt-2.19.so
b6589000-b658a000 r--p 00006000 08:01 25035868   /lib/i386-linux-gnu/librt-2.19.so
b658a000-b658b000 rw-p 00007000 08:01 25035868   /lib/i386-linux-gnu/librt-2.19.so
b658b000-b658e000 ---p 00000000 00:00 0 
b658e000-b65dc000 rw-p 00000000 00:00 0          [stack:12303]
b65dc000-b65f8000 r-xp 00000000 08:01 25035767   /lib/i386-linux-gnu/libgcc_s.so.1
b65f8000-b65f9000 rw-p 0001b000 08:01 25035767   /lib/i386-linux-gnu/libgcc_s.so.1
b65f9000-b663d000 r-xp 00000000 08:01 25035790   /lib/i386-linux-gnu/libm-2.19.so
b663d000-b663e000 r--p 00043000 08:01 25035790   /lib/i386-linux-gnu/libm-2.19.so
b663e000-b663f000 rw-p 00044000 08:01 25035790   /lib/i386-linux-gnu/libm-2.19.so
b663f000-b671b000 r-xp 00000000 08:01 3018897    /usr/lib/i386-linux-gnu/libstdc++.so.6.0.19
b671b000-b671f000 r--p 000dc000 08:01 3018897    /usr/lib/i386-linux-gnu/libstdc++.so.6.0.19
b671f000-b6720000 rw-p 000e0000 08:01 3018897    /usr/lib/i386-linux-gnu/libstdc++.so.6.0.19
b6720000-b6727000 rw-p 00000000 00:00 0 
b6727000-b7116000 r-xp 00000000 08:01 3412663    /usr/lib/jvm/java-7-openjdk-i386/jre/lib/i386/server/libjvm.so
b7116000-b7168000 r--p 009ee000 08:01 3412663    /usr/lib/jvm/java-7-openjdk-i386/jre/lib/i386/server/libjvm.so
b7168000-b717c000 rw-p 00a40000 08:01 3412663    /usr/lib/jvm/java-7-openjdk-i386/jre/lib/i386/server/libjvm.so
b717c000-b759a000 rw-p 00000000 00:00 0 
b759a000-b75b2000 r-xp 00000000 08:01 25035903   /lib/i386-linux-gnu/libz.so.1.2.8
b75b2000-b75b3000 r--p 00017000 08:01 25035903   /lib/i386-linux-gnu/libz.so.1.2.8
b75b3000-b75b4000 rw-p 00018000 08:01 25035903   /lib/i386-linux-gnu/libz.so.1.2.8
b75b4000-b75cc000 r-xp 00000000 08:01 25035860   /lib/i386-linux-gnu/libpthread-2.19.so
b75cc000-b75cd000 r--p 00017000 08:01 25035860   /lib/i386-linux-gnu/libpthread-2.19.so
b75cd000-b75ce000 rw-p 00018000 08:01 25035860   /lib/i386-linux-gnu/libpthread-2.19.so
b75ce000-b75d0000 rw-p 00000000 00:00 0 
b75d0000-b75d3000 r-xp 00000000 08:01 25035757   /lib/i386-linux-gnu/libdl-2.19.so
b75d3000-b75d4000 r--p 00002000 08:01 25035757   /lib/i386-linux-gnu/libdl-2.19.so
b75d4000-b75d5000 rw-p 00003000 08:01 25035757   /lib/i386-linux-gnu/libdl-2.19.so
b75d5000-b777e000 r-xp 00000000 08:01 25035740   /lib/i386-linux-gnu/libc-2.19.so
b777e000-b7780000 r--p 001a9000 08:01 25035740   /lib/i386-linux-gnu/libc-2.19.so
b7780000-b7781000 rw-p 001ab000 08:01 25035740   /lib/i386-linux-gnu/libc-2.19.so
b7781000-b7784000 rw-p 00000000 00:00 0 
b7784000-b778c000 rw-s 00000000 08:01 16646438   /tmp/hsperfdata_rafiqul/12296
b778c000-b778d000 rw-p 00000000 00:00 0 
b778d000-b778e000 ---p 00000000 00:00 0 
b778e000-b779c000 r-xp 00000000 08:01 3283418    /usr/lib/jvm/java-7-openjdk-i386/jre/lib/i386/libverify.so
b779c000-b779d000 r--p 0000d000 08:01 3283418    /usr/lib/jvm/java-7-openjdk-i386/jre/lib/i386/libverify.so
b779d000-b779e000 rw-p 0000e000 08:01 3283418    /usr/lib/jvm/java-7-openjdk-i386/jre/lib/i386/libverify.so
b779e000-b77aa000 r-xp 00000000 08:01 3283406    /usr/lib/jvm/java-7-openjdk-i386/jre/lib/i386/jli/libjli.so
b77aa000-b77ab000 r--p 0000c000 08:01 3283406    /usr/lib/jvm/java-7-openjdk-i386/jre/lib/i386/jli/libjli.so
b77ab000-b77ac000 rw-p 0000d000 08:01 3283406    /usr/lib/jvm/java-7-openjdk-i386/jre/lib/i386/jli/libjli.so
b77ac000-b77af000 rw-p 00000000 00:00 0 
b77af000-b77b0000 r-xp 00000000 00:00 0          [vdso]
b77b0000-b77d0000 r-xp 00000000 08:01 25035716   /lib/i386-linux-gnu/ld-2.19.so
b77d0000-b77d1000 r--p 0001f000 08:01 25035716   /lib/i386-linux-gnu/ld-2.19.so
b77d1000-b77d2000 rw-p 00020000 08:01 25035716   /lib/i386-linux-gnu/ld-2.19.so
bfb2c000-bfb2d000 rwxp 00000000 00:00 0 
bfb5f000-bfb80000 rw-p 00000000 00:00 0          [stack]

VM Arguments:
jvm_args: -Xmx1024M -Dfile.encoding=UTF-8 -Duser.country=US -Duser.language=en -Duser.variant 
java_command: com.android.dx.command.Main --dex --num-threads=4 --output /home/rafiqul/Documents/Software Engineering Project/spring2016_s1_cse404/AssetTrackingSystem__Android_Platform/app/build/intermediates/pre-dexed/debug/org.jbundle.util.osgi.wrapped.org.apache.http.client-4.1.2-1315d138d26fdc949150c66cbf27b7b2c42b54fa.jar /home/rafiqul/.gradle/caches/modules-2/files-2.1/org.jbundle.util.osgi.wrapped/org.jbundle.util.osgi.wrapped.org.apache.http.client/4.1.2/98c86e42679fe7ac066f6c242e0d14f0bce0bb7c/org.jbundle.util.osgi.wrapped.org.apache.http.client-4.1.2.jar
Launcher Type: SUN_STANDARD

Environment Variables:
JAVA_HOME=/usr/lib/jvm/java-8-oracle
PATH=/usr/local/sbin:/usr/local/bin:/usr/sbin:/usr/bin:/sbin:/bin:/usr/games:/usr/local/games:/usr/lib/jvm/java-8-oracle/bin:/usr/lib/jvm/java-8-oracle/db/bin:/usr/lib/jvm/java-8-oracle/jre/bin
LD_LIBRARY_PATH=/home/rafiqul/android-studio/bin:
SHELL=/bin/bash
DISPLAY=:0

Signal Handlers:
SIGSEGV: [libjvm.so+0x80cb90], sa_mask[0]=0x7ffbfeff, sa_flags=0x10000004
SIGBUS: [libjvm.so+0x80cb90], sa_mask[0]=0x7ffbfeff, sa_flags=0x10000004
SIGFPE: [libjvm.so+0x684e30], sa_mask[0]=0x7ffbfeff, sa_flags=0x10000004
SIGPIPE: [libjvm.so+0x684e30], sa_mask[0]=0x7ffbfeff, sa_flags=0x10000004
SIGXFSZ: [libjvm.so+0x684e30], sa_mask[0]=0x7ffbfeff, sa_flags=0x10000004
SIGILL: [libjvm.so+0x684e30], sa_mask[0]=0x7ffbfeff, sa_flags=0x10000004
SIGUSR1: SIG_DFL, sa_mask[0]=0x00000000, sa_flags=0x00000000
SIGUSR2: [libjvm.so+0x684cc0], sa_mask[0]=0x00000004, sa_flags=0x10000004
SIGHUP: [libjvm.so+0x684ef0], sa_mask[0]=0x7ffbfeff, sa_flags=0x10000004
SIGINT: [libjvm.so+0x684ef0], sa_mask[0]=0x7ffbfeff, sa_flags=0x10000004
SIGTERM: [libjvm.so+0x684ef0], sa_mask[0]=0x7ffbfeff, sa_flags=0x10000004
SIGQUIT: [libjvm.so+0x684ef0], sa_mask[0]=0x7ffbfeff, sa_flags=0x10000004
SIGTRAP: SIG_DFL, sa_mask[0]=0x00000000, sa_flags=0x00000000


---------------  S Y S T E M  ---------------

OS:Ubuntu 14.04 (trusty)
uname:Linux 3.13.0-24-generic #46-Ubuntu SMP Thu Apr 10 19:08:14 UTC 2014 i686
libc:glibc 2.19 NPTL 2.19 
rlimit: STACK 8192k, CORE 0k, NPROC 31106, NOFILE 4096, AS infinity
load average:12.68 5.25 2.56

/proc/meminfo:
MemTotal:        4000684 kB
MemFree:          226176 kB
Buffers:             996 kB
Cached:           434096 kB
SwapCached:            0 kB
Active:          3241364 kB
Inactive:         409468 kB
Active(anon):    3223312 kB
Inactive(anon):   399052 kB
Active(file):      18052 kB
Inactive(file):    10416 kB
Unevictable:          48 kB
Mlocked:              48 kB
HighTotal:       3155716 kB
HighFree:          40692 kB
LowTotal:         844968 kB
LowFree:          185484 kB
SwapTotal:             0 kB
SwapFree:              0 kB
Dirty:               848 kB
Writeback:             0 kB
AnonPages:       3215888 kB
Mapped:           181252 kB
Shmem:            406608 kB
Slab:              48800 kB
SReclaimable:      21328 kB
SUnreclaim:        27472 kB
KernelStack:        6216 kB
PageTables:        20748 kB
NFS_Unstable:          0 kB
Bounce:              412 kB
WritebackTmp:          0 kB
CommitLimit:     2000340 kB
Committed_AS:    9435816 kB
VmallocTotal:     122880 kB
VmallocUsed:       16996 kB
VmallocChunk:      97920 kB
HardwareCorrupted:     0 kB
AnonHugePages:   1318912 kB
HugePages_Total:       0
HugePages_Free:        0
HugePages_Rsvd:        0
HugePages_Surp:        0
Hugepagesize:       2048 kB
DirectMap4k:       71672 kB
DirectMap2M:      839680 kB


CPU:total 4 (2 cores per cpu, 2 threads per core) family 6 model 58 stepping 9, cmov, cx8, fxsr, mmx, sse, sse2, sse3, ssse3, sse4.1, sse4.2, popcnt, avx, erms, ht, tsc, tscinvbit, tscinv

/proc/cpuinfo:
processor	: 0
vendor_id	: GenuineIntel
cpu family	: 6
model		: 58
model name	: Intel(R) Core(TM) i3-3217U CPU @ 1.80GHz
stepping	: 9
microcode	: 0x15
cpu MHz		: 1801.000
cache size	: 3072 KB
physical id	: 0
siblings	: 4
core id		: 0
cpu cores	: 2
apicid		: 0
initial apicid	: 0
fdiv_bug	: no
f00f_bug	: no
coma_bug	: no
fpu		: yes
fpu_exception	: yes
cpuid level	: 13
wp		: yes
flags		: fpu vme de pse tsc msr pae mce cx8 apic sep mtrr pge mca cmov pat pse36 clflush dts acpi mmx fxsr sse sse2 ss ht tm pbe nx rdtscp lm constant_tsc arch_perfmon pebs bts xtopology nonstop_tsc aperfmperf eagerfpu pni pclmulqdq dtes64 monitor ds_cpl vmx est tm2 ssse3 cx16 xtpr pdcm pcid sse4_1 sse4_2 x2apic popcnt tsc_deadline_timer xsave avx f16c lahf_lm ida arat epb xsaveopt pln pts dtherm tpr_shadow vnmi flexpriority ept vpid fsgsbase smep erms
bogomips	: 3591.98
clflush size	: 64
cache_alignment	: 64
address sizes	: 36 bits physical, 48 bits virtual
power management:

processor	: 1
vendor_id	: GenuineIntel
cpu family	: 6
model		: 58
model name	: Intel(R) Core(TM) i3-3217U CPU @ 1.80GHz
stepping	: 9
microcode	: 0x15
cpu MHz		: 1801.000
cache size	: 3072 KB
physical id	: 0
siblings	: 4
core id		: 0
cpu cores	: 2
apicid		: 1
initial apicid	: 1
fdiv_bug	: no
f00f_bug	: no
coma_bug	: no
fpu		: yes
fpu_exception	: yes
cpuid level	: 13
wp		: yes
flags		: fpu vme de pse tsc msr pae mce cx8 apic sep mtrr pge mca cmov pat pse36 clflush dts acpi mmx fxsr sse sse2 ss ht tm pbe nx rdtscp lm constant_tsc arch_perfmon pebs bts xtopology nonstop_tsc aperfmperf eagerfpu pni pclmulqdq dtes64 monitor ds_cpl vmx est tm2 ssse3 cx16 xtpr pdcm pcid sse4_1 sse4_2 x2apic popcnt tsc_deadline_timer xsave avx f16c lahf_lm ida arat epb xsaveopt pln pts dtherm tpr_shadow vnmi flexpriority ept vpid fsgsbase smep erms
bogomips	: 3591.98
clflush size	: 64
cache_alignment	: 64
address sizes	: 36 bits physical, 48 bits virtual
power management:

processor	: 2
vendor_id	: GenuineIntel
cpu family	: 6
model		: 58
model name	: Intel(R) Core(TM) i3-3217U CPU @ 1.80GHz
stepping	: 9
microcode	: 0x15
cpu MHz		: 1801.000
cache size	: 3072 KB
physical id	: 0
siblings	: 4
core id		: 1
cpu cores	: 2
apicid		: 2
initial apicid	: 2
fdiv_bug	: no
f00f_bug	: no
coma_bug	: no
fpu		: yes
fpu_exception	: yes
cpuid level	: 13
wp		: yes
flags		: fpu vme de pse tsc msr pae mce cx8 apic sep mtrr pge mca cmov pat pse36 clflush dts acpi mmx fxsr sse sse2 ss ht tm pbe nx rdtscp lm constant_tsc arch_perfmon pebs bts xtopology nonstop_tsc aperfmperf eagerfpu pni pclmulqdq dtes64 monitor ds_cpl vmx est tm2 ssse3 cx16 xtpr pdcm pcid sse4_1 sse4_2 x2apic popcnt tsc_deadline_timer xsave avx f16c lahf_lm ida arat epb xsaveopt pln pts dtherm tpr_shadow vnmi flexpriority ept vpid fsgsbase smep erms
bogomips	: 3591.98
clflush size	: 64
cache_alignment	: 64
address sizes	: 36 bits physical, 48 bits virtual
power management:

processor	: 3
vendor_id	: GenuineIntel
cpu family	: 6
model		: 58
model name	: Intel(R) Core(TM) i3-3217U CPU @ 1.80GHz
stepping	: 9
microcode	: 0x15
cpu MHz		: 1801.000
cache size	: 3072 KB
physical id	: 0
siblings	: 4
core id		: 1
cpu cores	: 2
apicid		: 3
initial apicid	: 3
fdiv_bug	: no
f00f_bug	: no
coma_bug	: no
fpu		: yes
fpu_exception	: yes
cpuid level	: 13
wp		: yes
flags		: fpu vme de pse tsc msr pae mce cx8 apic sep mtrr pge mca cmov pat pse36 clflush dts acpi mmx fxsr sse sse2 ss ht tm pbe nx rdtscp lm constant_tsc arch_perfmon pebs bts xtopology nonstop_tsc aperfmperf eagerfpu pni pclmulqdq dtes64 monitor ds_cpl vmx est tm2 ssse3 cx16 xtpr pdcm pcid sse4_1 sse4_2 x2apic popcnt tsc_deadline_timer xsave avx f16c lahf_lm ida arat epb xsaveopt pln pts dtherm tpr_shadow vnmi flexpriority ept vpid fsgsbase smep erms
bogomips	: 3591.98
clflush size	: 64
cache_alignment	: 64
address sizes	: 36 bits physical, 48 bits virtual
power management:



Memory: 4k page, physical 4000684k(226176k free), swap 0k(0k free)

vm_info: OpenJDK Server VM (24.79-b02) for linux-x86 JRE (1.7.0_79-b14), built on Jul 24 2015 08:25:15 by "buildd" with gcc 4.8.2

time: Mon Apr 18 00:36:15 2016
elapsed time: 29 seconds

