#
# There is insufficient memory for the Java Runtime Environment to continue.
# Native memory allocation (malloc) failed to allocate 73924608 bytes for committing reserved memory.
# Possible reasons:
#   The system is out of physical RAM or swap space
#   In 32 bit mode, the process size limit was hit
# Possible solutions:
#   Reduce memory load on the system
#   Increase physical memory or swap space
#   Check if swap backing store is full
#   Use 64 bit Java on a 64 bit OS
#   Decrease Java heap size (-Xmx/-Xms)
#   Decrease number of Java threads
#   Decrease Java thread stack sizes (-Xss)
#   Set larger code cache with -XX:ReservedCodeCacheSize=
# This output file may be truncated or incomplete.
#
#  Out of Memory Error (os_linux.cpp:2809), pid=12708, tid=1741482816
#
# JRE version: OpenJDK Runtime Environment (7.0_79-b14) (build 1.7.0_79-b14)
# Java VM: OpenJDK Server VM (24.79-b02 mixed mode linux-x86 )
# Derivative: IcedTea 2.5.6
# Distribution: Ubuntu 14.04 LTS, package 7u79-2.5.6-0ubuntu1.14.04.1
# Failed to write core dump. Core dumps have been disabled. To enable core dumping, try "ulimit -c unlimited" before starting Java again
#

---------------  T H R E A D  ---------------

Current thread (0x67b80400):  VMThread [stack: 0x67c4e000,0x67ccf000] [id=12742]

Stack: [0x67c4e000,0x67ccf000]
VM_Operation (0xb6546754): ParallelGCFailedAllocation, mode: safepoint, requested by thread 0xb6307c00


---------------  P R O C E S S  ---------------

Java Threads: ( => current thread )
  0x67368400 JavaThread "pool-1-thread-4" [_thread_blocked, id=12792, stack(0x66ea0000,0x66ef1000)]
  0x67367800 JavaThread "pool-1-thread-3" [_thread_blocked, id=12788, stack(0x66ef1000,0x66f42000)]
  0x67366000 JavaThread "pool-1-thread-2" [_thread_blocked, id=12781, stack(0x66f42000,0x66f93000)]
  0x67364400 JavaThread "pool-2-thread-1" [_thread_blocked, id=12777, stack(0x66f93000,0x66fe4000)]
  0x67363c00 JavaThread "pool-1-thread-1" [_thread_blocked, id=12775, stack(0x66fe4000,0x67035000)]
  0x67b9d000 JavaThread "Service Thread" daemon [_thread_blocked, id=12766, stack(0x6750b000,0x6755c000)]
  0x67b9b400 JavaThread "C2 CompilerThread1" daemon [_thread_blocked, id=12762, stack(0x6755c000,0x675dd000)]
  0x67b99400 JavaThread "C2 CompilerThread0" daemon [_thread_blocked, id=12760, stack(0x675dd000,0x6765e000)]
  0x67b97c00 JavaThread "Signal Dispatcher" daemon [_thread_blocked, id=12757, stack(0x6765e000,0x676af000)]
  0x67b84800 JavaThread "Finalizer" daemon [_thread_blocked, id=12750, stack(0x678af000,0x67900000)]
  0x67b83000 JavaThread "Reference Handler" daemon [_thread_blocked, id=12749, stack(0x6a82e000,0x6a87f000)]
  0xb6307c00 JavaThread "main" [_thread_blocked, id=12724, stack(0xb64f7000,0xb6548000)]

Other Threads:
=>0x67b80400 VMThread [stack: 0x67c4e000,0x67ccf000] [id=12742]
  0x67b9ec00 WatcherThread [stack: 0x6748a000,0x6750b000] [id=12768]

VM state:at safepoint (normal execution)

VM Mutex/Monitor currently owned by a thread:  ([mutex/lock_event])
[0xb6305360] Threads_lock - owner thread: 0x67b80400
[0xb6305770] Heap_lock - owner thread: 0xb6307c00

Heap
 PSYoungGen      total 70656K, used 8186K [0x9dcc0000, 0xa2ac0000, 0xb3240000)
  eden space 62464K, 0% used [0x9dcc0000,0x9dcc0000,0xa19c0000)
  from space 8192K, 99% used [0xa19c0000,0xa21bea40,0xa21c0000)
  to   space 7168K, 0% used [0xa21c0000,0xa21c0000,0xa28c0000)
 ParOldGen       total 41728K, used 23340K [0x73240000, 0x75b00000, 0x9dcc0000)
  object space 41728K, 55% used [0x73240000,0x7490b038,0x75b00000)
 PSPermGen       total 16384K, used 4166K [0x6b240000, 0x6c240000, 0x73240000)
  object space 16384K, 25% used [0x6b240000,0x6b651a78,0x6c240000)

Card table byte_map: [0x6afff000,0x6b240000] byte_map_base: 0x6aca5e00

Polling page: 0xb76f9000

Code Cache  [0xb3300000, 0xb3540000, 0xb6300000)
 total_blobs=390 nmethods=267 adapters=76 free_code_cache=48049Kb largest_free_block=49148992

Compilation events (10 events):
Event: 19.370 Thread 0x67b9b400  264             java.util.Collections$UnmodifiableCollection$1::<init> (26 bytes)
Event: 19.390 Thread 0x67b9b400 nmethod 264 0xb336da48 code [0xb336db60, 0xb336dd50]
Event: 19.390 Thread 0x67b9b400  265             java.lang.AbstractStringBuilder::append (48 bytes)
Event: 19.411 Thread 0x67b9b400 nmethod 265 0xb33e9588 code [0xb33e96a0, 0xb33e9a70]
Event: 19.411 Thread 0x67b9b400  266             java.lang.String::getChars (62 bytes)
Event: 20.311 Thread 0x67b9b400 nmethod 266 0xb33e9208 code [0xb33e9300, 0xb33e9450]
Event: 20.950 Thread 0x67b9b400  267             com.android.dx.util.LabeledList::set (45 bytes)
Event: 21.299 Thread 0x67b99400 nmethod 260 0xb34125c8 code [0xb3412cc0, 0xb341845c]
Event: 21.530 Thread 0x67b99400  268             com.android.dx.ssa.SCCP::simulateStmt (481 bytes)
Event: 26.301 Thread 0x67b9b400 nmethod 267 0xb33e8c88 code [0xb33e8dc0, 0xb33e8fa4]

GC Heap History (10 events):
Event: 4.586 GC heap after
Heap after GC invocations=2 (full 0):
 PSYoungGen      total 18432K, used 2554K [0x9dcc0000, 0xa00c0000, 0xb3240000)
  eden space 15872K, 0% used [0x9dcc0000,0x9dcc0000,0x9ec40000)
  from space 2560K, 99% used [0x9eec0000,0x9f13e888,0x9f140000)
  to   space 2560K, 0% used [0x9ec40000,0x9ec40000,0x9eec0000)
 ParOldGen       total 41728K, used 3955K [0x73240000, 0x75b00000, 0x9dcc0000)
  object space 41728K, 9% used [0x73240000,0x7361cc50,0x75b00000)
 PSPermGen       total 16384K, used 4068K [0x6b240000, 0x6c240000, 0x73240000)
  object space 16384K, 24% used [0x6b240000,0x6b6392d8,0x6c240000)
}
Event: 6.578 GC heap before
{Heap before GC invocations=3 (full 0):
 PSYoungGen      total 18432K, used 18426K [0x9dcc0000, 0xa00c0000, 0xb3240000)
  eden space 15872K, 100% used [0x9dcc0000,0x9ec40000,0x9ec40000)
  from space 2560K, 99% used [0x9eec0000,0x9f13e888,0x9f140000)
  to   space 2560K, 0% used [0x9ec40000,0x9ec40000,0x9eec0000)
 ParOldGen       total 41728K, used 3955K [0x73240000, 0x75b00000, 0x9dcc0000)
  object space 41728K, 9% used [0x73240000,0x7361cc50,0x75b00000)
 PSPermGen       total 16384K, used 4095K [0x6b240000, 0x6c240000, 0x73240000)
  object space 16384K, 24% used [0x6b240000,0x6b63fd20,0x6c240000)
Event: 6.610 GC heap after
Heap after GC invocations=3 (full 0):
 PSYoungGen      total 18432K, used 2544K [0x9dcc0000, 0xa00c0000, 0xb3240000)
  eden space 15872K, 0% used [0x9dcc0000,0x9dcc0000,0x9ec40000)
  from space 2560K, 99% used [0x9ec40000,0x9eebc168,0x9eec0000)
  to   space 2560K, 0% used [0x9fe40000,0x9fe40000,0xa00c0000)
 ParOldGen       total 41728K, used 6425K [0x73240000, 0x75b00000, 0x9dcc0000)
  object space 41728K, 15% used [0x73240000,0x73886438,0x75b00000)
 PSPermGen       total 16384K, used 4095K [0x6b240000, 0x6c240000, 0x73240000)
  object space 16384K, 24% used [0x6b240000,0x6b63fd20,0x6c240000)
}
Event: 8.326 GC heap before
{Heap before GC invocations=4 (full 0):
 PSYoungGen      total 18432K, used 18416K [0x9dcc0000, 0xa00c0000, 0xb3240000)
  eden space 15872K, 100% used [0x9dcc0000,0x9ec40000,0x9ec40000)
  from space 2560K, 99% used [0x9ec40000,0x9eebc168,0x9eec0000)
  to   space 2560K, 0% used [0x9fe40000,0x9fe40000,0xa00c0000)
 ParOldGen       total 41728K, used 6425K [0x73240000, 0x75b00000, 0x9dcc0000)
  object space 41728K, 15% used [0x73240000,0x73886438,0x75b00000)
 PSPermGen       total 16384K, used 4114K [0x6b240000, 0x6c240000, 0x73240000)
  object space 16384K, 25% used [0x6b240000,0x6b6448c8,0x6c240000)
Event: 8.398 GC heap after
Heap after GC invocations=4 (full 0):
 PSYoungGen      total 34304K, used 2548K [0x9dcc0000, 0xa00c0000, 0xb3240000)
  eden space 31744K, 0% used [0x9dcc0000,0x9dcc0000,0x9fbc0000)
  from space 2560K, 99% used [0x9fe40000,0xa00bd1f0,0xa00c0000)
  to   space 2560K, 0% used [0x9fbc0000,0x9fbc0000,0x9fe40000)
 ParOldGen       total 41728K, used 9294K [0x73240000, 0x75b00000, 0x9dcc0000)
  object space 41728K, 22% used [0x73240000,0x73b53898,0x75b00000)
 PSPermGen       total 16384K, used 4114K [0x6b240000, 0x6c240000, 0x73240000)
  object space 16384K, 25% used [0x6b240000,0x6b6448c8,0x6c240000)
}
Event: 12.931 GC heap before
{Heap before GC invocations=5 (full 0):
 PSYoungGen      total 34304K, used 34292K [0x9dcc0000, 0xa00c0000, 0xb3240000)
  eden space 31744K, 100% used [0x9dcc0000,0x9fbc0000,0x9fbc0000)
  from space 2560K, 99% used [0x9fe40000,0xa00bd1f0,0xa00c0000)
  to   space 2560K, 0% used [0x9fbc0000,0x9fbc0000,0x9fe40000)
 ParOldGen       total 41728K, used 9294K [0x73240000, 0x75b00000, 0x9dcc0000)
  object space 41728K, 22% used [0x73240000,0x73b53898,0x75b00000)
 PSPermGen       total 16384K, used 4128K [0x6b240000, 0x6c240000, 0x73240000)
  object space 16384K, 25% used [0x6b240000,0x6b648078,0x6c240000)
Event: 13.021 GC heap after
Heap after GC invocations=5 (full 0):
 PSYoungGen      total 34304K, used 2550K [0x9dcc0000, 0xa28c0000, 0xb3240000)
  eden space 31744K, 0% used [0x9dcc0000,0x9dcc0000,0x9fbc0000)
  from space 2560K, 99% used [0x9fbc0000,0x9fe3d970,0x9fe40000)
  to   space 7168K, 0% used [0xa21c0000,0xa21c0000,0xa28c0000)
 ParOldGen       total 41728K, used 13858K [0x73240000, 0x75b00000, 0x9dcc0000)
  object space 41728K, 33% used [0x73240000,0x73fc88b0,0x75b00000)
 PSPermGen       total 16384K, used 4128K [0x6b240000, 0x6c240000, 0x73240000)
  object space 16384K, 25% used [0x6b240000,0x6b648078,0x6c240000)
}
Event: 16.287 GC heap before
{Heap before GC invocations=6 (full 0):
 PSYoungGen      total 34304K, used 34294K [0x9dcc0000, 0xa28c0000, 0xb3240000)
  eden space 31744K, 100% used [0x9dcc0000,0x9fbc0000,0x9fbc0000)
  from space 2560K, 99% used [0x9fbc0000,0x9fe3d970,0x9fe40000)
  to   space 7168K, 0% used [0xa21c0000,0xa21c0000,0xa28c0000)
 ParOldGen       total 41728K, used 13858K [0x73240000, 0x75b00000, 0x9dcc0000)
  object space 41728K, 33% used [0x73240000,0x73fc88b0,0x75b00000)
 PSPermGen       total 16384K, used 4141K [0x6b240000, 0x6c240000, 0x73240000)
  object space 16384K, 25% used [0x6b240000,0x6b64b488,0x6c240000)
Event: 16.396 GC heap after
Heap after GC invocations=6 (full 0):
 PSYoungGen      total 69632K, used 7160K [0x9dcc0000, 0xa2ac0000, 0xb3240000)
  eden space 62464K, 0% used [0x9dcc0000,0x9dcc0000,0xa19c0000)
  from space 7168K, 99% used [0xa21c0000,0xa28be1d0,0xa28c0000)
  to   space 8192K, 0% used [0xa19c0000,0xa19c0000,0xa21c0000)
 ParOldGen       total 41728K, used 14229K [0x73240000, 0x75b00000, 0x9dcc0000)
  object space 41728K, 34% used [0x73240000,0x74025780,0x75b00000)
 PSPermGen       total 16384K, used 4141K [0x6b240000, 0x6c240000, 0x73240000)
  object space 16384K, 25% used [0x6b240000,0x6b64b488,0x6c240000)
}
Event: 26.965 GC heap before
{Heap before GC invocations=7 (full 0):
 PSYoungGen      total 69632K, used 69624K [0x9dcc0000, 0xa2ac0000, 0xb3240000)
  eden space 62464K, 100% used [0x9dcc0000,0xa19c0000,0xa19c0000)
  from space 7168K, 99% used [0xa21c0000,0xa28be1d0,0xa28c0000)
  to   space 8192K, 0% used [0xa19c0000,0xa19c0000,0xa21c0000)
 ParOldGen       total 41728K, used 14229K [0x73240000, 0x75b00000, 0x9dcc0000)
  object space 41728K, 34% used [0x73240000,0x74025780,0x75b00000)
 PSPermGen       total 16384K, used 4166K [0x6b240000, 0x6c240000, 0x73240000)
  object space 16384K, 25% used [0x6b240000,0x6b651a78,0x6c240000)

Deoptimization events (4 events):
Event: 2.185 Thread 0x67366000 Uncommon trap: reason=null_check action=make_not_entrant pc=0xb335a3ac method=com.android.dx.rop.code.LocalItem.equals(Ljava/lang/Object;)Z @ 1
Event: 4.594 Thread 0xb6307c00 Uncommon trap: reason=null_check action=make_not_entrant pc=0xb336e47c method=com.android.dx.rop.type.Type.putIntern(Lcom/android/dx/rop/type/Type;)Lcom/android/dx/rop/type/Type; @ 18
Event: 7.324 Thread 0xb6307c00 Uncommon trap: reason=null_check action=make_not_entrant pc=0xb33ab714 method=com.android.dx.ssa.SsaRenamer.getLocalForNewReg(I)Lcom/android/dx/rop/code/LocalItem; @ 19
Event: 25.947 Thread 0xb6307c00 Uncommon trap: reason=null_check action=make_not_entrant pc=0xb3417c00 method=com.android.dx.cf.code.Ropper$CatchInfo.getSetup(Lcom/android/dx/rop/type/Type;)Lcom/android/dx/cf/code/Ropper$ExceptionHandlerSetup; @ 10

Internal exceptions (10 events):
Event: 2.185 Thread 0x67366000 Implicit null exception at 0xb335a1bc to 0xb335a38d
Event: 2.230 Thread 0x67366000 Threw 0x9e982df0 at /build/openjdk-7-OXg_HK/openjdk-7-7u79-2.5.6/build/openjdk/hotspot/src/share/vm/prims/jvm.cpp:1284
Event: 2.520 Thread 0xb6307c00 Threw 0x9eb026e0 at /build/openjdk-7-OXg_HK/openjdk-7-7u79-2.5.6/build/openjdk/hotspot/src/share/vm/prims/jvm.cpp:1284
Event: 4.594 Thread 0xb6307c00 Implicit null exception at 0xb336de7a to 0xb336e46d
Event: 6.771 Thread 0xb6307c00 Threw 0x9def0718 at /build/openjdk-7-OXg_HK/openjdk-7-7u79-2.5.6/build/openjdk/hotspot/src/share/vm/prims/jvm.cpp:1284
Event: 7.324 Thread 0xb6307c00 Implicit null exception at 0xb33aa435 to 0xb33ab705
Event: 9.570 Thread 0x67363c00 Threw 0x9e73d938 at /build/openjdk-7-OXg_HK/openjdk-7-7u79-2.5.6/build/openjdk/hotspot/src/share/vm/prims/jvm.cpp:1284
Event: 17.776 Thread 0xb6307c00 Threw 0x9ecb5540 at /build/openjdk-7-OXg_HK/openjdk-7-7u79-2.5.6/build/openjdk/hotspot/src/share/vm/prims/jvm.cpp:1284
Event: 21.799 Thread 0xb6307c00 Threw 0xa05b95a0 at /build/openjdk-7-OXg_HK/openjdk-7-7u79-2.5.6/build/openjdk/hotspot/src/share/vm/prims/jvm.cpp:1284
Event: 25.947 Thread 0xb6307c00 Implicit null exception at 0xb3414d6c to 0xb3417bdd

Events (10 events):
Event: 16.425 Executing VM operation: BulkRevokeBias done
Event: 16.831 Thread 0x67b99400 flushing nmethod 0xb336d808
Event: 17.776 loading class 0x67a1b848
Event: 17.776 loading class 0x67a1b848 done
Event: 21.491 loading class 0x67bf7ce0
Event: 21.491 loading class 0x67bf7ce0 done
Event: 25.947 Thread 0xb6307c00 Uncommon trap: trap_request=0xfffffff4 fr.pc=0xb3417c00
Event: 25.947 Thread 0xb6307c00 DEOPT PACKING pc=0xb3417c00 sp=0xb6546890
Event: 26.103 Thread 0xb6307c00 DEOPT UNPACKING pc=0xb332cbc8 sp=0xb654685c mode 2
Event: 26.415 Executing VM operation: ParallelGCFailedAllocation


Dynamic libraries:
08048000-08049000 r-xp 00000000 08:01 3412725    /usr/lib/jvm/java-7-openjdk-i386/jre/bin/java
08049000-0804a000 r--p 00000000 08:01 3412725    /usr/lib/jvm/java-7-openjdk-i386/jre/bin/java
0804a000-0804b000 rw-p 00001000 08:01 3412725    /usr/lib/jvm/java-7-openjdk-i386/jre/bin/java
094f6000-09517000 rw-p 00000000 00:00 0          [heap]
65900000-659ef000 rw-p 00000000 00:00 0 
659ef000-65a00000 ---p 00000000 00:00 0 
65b00000-65bf9000 rw-p 00000000 00:00 0 
65bf9000-65c00000 ---p 00000000 00:00 0 
65d00000-65df8000 rw-p 00000000 00:00 0 
65df8000-65e00000 ---p 00000000 00:00 0 
65e00000-65efd000 rw-p 00000000 00:00 0 
65efd000-65f00000 ---p 00000000 00:00 0 
65f00000-66000000 rw-p 00000000 00:00 0 
66000000-660bb000 rw-p 00000000 00:00 0 
660bb000-66100000 ---p 00000000 00:00 0 
66100000-661e2000 rw-p 00000000 00:00 0 
661e2000-66200000 ---p 00000000 00:00 0 
66200000-66300000 rw-p 00000000 00:00 0 
66300000-663fe000 rw-p 00000000 00:00 0 
663fe000-66400000 ---p 00000000 00:00 0 
66400000-664fb000 rw-p 00000000 00:00 0 
664fb000-66500000 ---p 00000000 00:00 0 
66500000-665f8000 rw-p 00000000 00:00 0 
665f8000-66600000 ---p 00000000 00:00 0 
66700000-667fa000 rw-p 00000000 00:00 0 
667fa000-66800000 ---p 00000000 00:00 0 
66800000-668fd000 rw-p 00000000 00:00 0 
668fd000-66900000 ---p 00000000 00:00 0 
66900000-669fa000 rw-p 00000000 00:00 0 
669fa000-66a00000 ---p 00000000 00:00 0 
66a00000-66b00000 rw-p 00000000 00:00 0 
66b00000-66bed000 rw-p 00000000 00:00 0 
66bed000-66c00000 ---p 00000000 00:00 0 
66c00000-66cf3000 rw-p 00000000 00:00 0 
66cf3000-66d00000 ---p 00000000 00:00 0 
66d00000-66dfc000 rw-p 00000000 00:00 0 
66dfc000-66e00000 ---p 00000000 00:00 0 
66ea0000-66ea3000 ---p 00000000 00:00 0 
66ea3000-66ef1000 rw-p 00000000 00:00 0          [stack:12792]
66ef1000-66ef4000 ---p 00000000 00:00 0 
66ef4000-66f42000 rw-p 00000000 00:00 0          [stack:12788]
66f42000-66f45000 ---p 00000000 00:00 0 
66f45000-66f93000 rw-p 00000000 00:00 0          [stack:12781]
66f93000-66f96000 ---p 00000000 00:00 0 
66f96000-66fe4000 rw-p 00000000 00:00 0          [stack:12777]
66fe4000-66fe7000 ---p 00000000 00:00 0 
66fe7000-67035000 rw-p 00000000 00:00 0          [stack:12775]
67035000-67071000 r-xp 00000000 08:01 25035843   /lib/i386-linux-gnu/libpcre.so.3.13.1
67071000-67072000 r--p 0003b000 08:01 25035843   /lib/i386-linux-gnu/libpcre.so.3.13.1
67072000-67073000 rw-p 0003c000 08:01 25035843   /lib/i386-linux-gnu/libpcre.so.3.13.1
67073000-6717d000 r-xp 00000000 08:01 25035771   /lib/i386-linux-gnu/libglib-2.0.so.0.4000.0
6717d000-6717e000 r--p 00109000 08:01 25035771   /lib/i386-linux-gnu/libglib-2.0.so.0.4000.0
6717e000-6717f000 rw-p 0010a000 08:01 25035771   /lib/i386-linux-gnu/libglib-2.0.so.0.4000.0
6717f000-672fc000 r-xp 00000000 08:01 3020350    /usr/lib/i386-linux-gnu/libgio-2.0.so.0.4000.0
672fc000-672fe000 r--p 0017c000 08:01 3020350    /usr/lib/i386-linux-gnu/libgio-2.0.so.0.4000.0
672fe000-672ff000 rw-p 0017e000 08:01 3020350    /usr/lib/i386-linux-gnu/libgio-2.0.so.0.4000.0
672ff000-67300000 rw-p 00000000 00:00 0 
67300000-67389000 rw-p 00000000 00:00 0 
67389000-67400000 ---p 00000000 00:00 0 
67438000-67488000 r-xp 00000000 08:01 3020380    /usr/lib/i386-linux-gnu/libgobject-2.0.so.0.4000.0
67488000-67489000 r--p 0004f000 08:01 3020380    /usr/lib/i386-linux-gnu/libgobject-2.0.so.0.4000.0
67489000-6748a000 rw-p 00050000 08:01 3020380    /usr/lib/i386-linux-gnu/libgobject-2.0.so.0.4000.0
6748a000-6748b000 ---p 00000000 00:00 0 
6748b000-6750b000 rw-p 00000000 00:00 0          [stack:12768]
6750b000-6750e000 ---p 00000000 00:00 0 
6750e000-6755c000 rw-p 00000000 00:00 0          [stack:12766]
6755c000-6755f000 ---p 00000000 00:00 0 
6755f000-675dd000 rw-p 00000000 00:00 0          [stack:12762]
675dd000-675e0000 ---p 00000000 00:00 0 
675e0000-6765e000 rw-p 00000000 00:00 0          [stack:12760]
6765e000-67661000 ---p 00000000 00:00 0 
67661000-676af000 rw-p 00000000 00:00 0          [stack:12757]
676af000-678af000 r--p 00000000 08:01 3022988    /usr/lib/locale/locale-archive
678af000-678b2000 ---p 00000000 00:00 0 
678b2000-67900000 rw-p 00000000 00:00 0          [stack:12750]
67900000-679fd000 rw-p 00000000 00:00 0 
679fd000-67a00000 ---p 00000000 00:00 0 
67a00000-67a2c000 rw-p 00000000 00:00 0 
67a2c000-67b00000 ---p 00000000 00:00 0 
67b00000-67c00000 rw-p 00000000 00:00 0 
67c0c000-67c4e000 r--p 00858000 08:01 3022988    /usr/lib/locale/locale-archive
67c4e000-67c4f000 ---p 00000000 00:00 0 
67c4f000-67ccf000 rw-p 00000000 00:00 0          [stack:12742]
67ccf000-67e80000 r--s 01d29000 08:01 3283391    /usr/lib/jvm/java-7-openjdk-i386/jre/lib/rt.jar
67e80000-6a700000 rw-p 00000000 00:00 0 
6a700000-6a7f9000 rw-p 00000000 00:00 0 
6a7f9000-6a800000 ---p 00000000 00:00 0 
6a80b000-6a82b000 r-xp 00000000 08:01 25035870   /lib/i386-linux-gnu/libselinux.so.1
6a82b000-6a82c000 r--p 0001f000 08:01 25035870   /lib/i386-linux-gnu/libselinux.so.1
6a82c000-6a82d000 rw-p 00020000 08:01 25035870   /lib/i386-linux-gnu/libselinux.so.1
6a82d000-6a82e000 rw-p 00000000 00:00 0 
6a82e000-6a831000 ---p 00000000 00:00 0 
6a831000-6a87f000 rw-p 00000000 00:00 0          [stack:12749]
6a87f000-6a880000 ---p 00000000 00:00 0 
6a880000-6a900000 rw-p 00000000 00:00 0          [stack:12728]
6a900000-6a921000 rw-p 00000000 00:00 0 
6a921000-6aa00000 ---p 00000000 00:00 0 
6aa04000-6aa17000 r-xp 00000000 08:01 25035866   /lib/i386-linux-gnu/libresolv-2.19.so
6aa17000-6aa18000 ---p 00013000 08:01 25035866   /lib/i386-linux-gnu/libresolv-2.19.so
6aa18000-6aa19000 r--p 00013000 08:01 25035866   /lib/i386-linux-gnu/libresolv-2.19.so
6aa19000-6aa1a000 rw-p 00014000 08:01 25035866   /lib/i386-linux-gnu/libresolv-2.19.so
6aa1a000-6aa1c000 rw-p 00000000 00:00 0 
6aa36000-6aa7f000 rw-p 00000000 00:00 0 
6aa7f000-6aa80000 ---p 00000000 00:00 0 
6aa80000-6ab00000 rw-p 00000000 00:00 0          [stack:12727]
6ab00000-6ab21000 rw-p 00000000 00:00 0 
6ab21000-6ac00000 ---p 00000000 00:00 0 
6ac0b000-6ac22000 r-xp 00000000 08:01 3283427    /usr/lib/jvm/java-7-openjdk-i386/jre/lib/i386/libnet.so
6ac22000-6ac23000 r--p 00017000 08:01 3283427    /usr/lib/jvm/java-7-openjdk-i386/jre/lib/i386/libnet.so
6ac23000-6ac24000 rw-p 00018000 08:01 3283427    /usr/lib/jvm/java-7-openjdk-i386/jre/lib/i386/libnet.so
6ac24000-6ac7f000 rw-p 00000000 00:00 0 
6ac7f000-6ac80000 ---p 00000000 00:00 0 
6ac80000-6ad00000 rw-p 00000000 00:00 0          [stack:12726]
6ad00000-6ad26000 rw-p 00000000 00:00 0 
6ad26000-6ae00000 ---p 00000000 00:00 0 
6ae00000-6ae05000 r-xp 00000000 08:01 3020247    /usr/lib/i386-linux-gnu/libffi.so.6.0.1
6ae05000-6ae06000 r--p 00005000 08:01 3020247    /usr/lib/i386-linux-gnu/libffi.so.6.0.1
6ae06000-6ae07000 rw-p 00006000 08:01 3020247    /usr/lib/i386-linux-gnu/libffi.so.6.0.1
6ae07000-6ae0a000 r-xp 00000000 08:01 3020364    /usr/lib/i386-linux-gnu/libgmodule-2.0.so.0.4000.0
6ae0a000-6ae0b000 r--p 00002000 08:01 3020364    /usr/lib/i386-linux-gnu/libgmodule-2.0.so.0.4000.0
6ae0b000-6ae0c000 rw-p 00003000 08:01 3020364    /usr/lib/i386-linux-gnu/libgmodule-2.0.so.0.4000.0
6ae0c000-6ae1d000 r-xp 00000000 08:01 3283432    /usr/lib/jvm/java-7-openjdk-i386/jre/lib/i386/libnio.so
6ae1d000-6ae1e000 r--p 00010000 08:01 3283432    /usr/lib/jvm/java-7-openjdk-i386/jre/lib/i386/libnio.so
6ae1e000-6ae1f000 rw-p 00011000 08:01 3283432    /usr/lib/jvm/java-7-openjdk-i386/jre/lib/i386/libnio.so
6ae1f000-6ae28000 r--s 00083000 08:01 26870353   /home/rafiqul/Documents/Software Engineering Project/spring2016_s1_cse404/AssetTrackingSystem__Android_Platform/app/build/intermediates/exploded-aar/com.android.support/appcompat-v7/23.0.0/jars/classes.jar
6ae28000-6ae29000 ---p 00000000 00:00 0 
6ae29000-6aebe000 rw-p 00000000 00:00 0          [stack:12725]
6aebe000-6afff000 rw-p 00000000 00:00 0 
6afff000-6b007000 rw-p 00000000 00:00 0 
6b007000-6b03f000 rw-p 00000000 00:00 0 
6b03f000-6b054000 rw-p 00000000 00:00 0 
6b054000-6b194000 rw-p 00000000 00:00 0 
6b194000-6b1bc000 rw-p 00000000 00:00 0 
6b1bc000-6b23f000 rw-p 00000000 00:00 0 
6b23f000-6c240000 rw-p 00000000 00:00 0 
6c240000-73240000 rw-p 00000000 00:00 0 
73240000-75b00000 rw-p 00000000 00:00 0 
75b00000-9dcc0000 rw-p 00000000 00:00 0 
9dcc0000-a2ac0000 rw-p 00000000 00:00 0 
a7140000-b3240000 rw-p 00000000 00:00 0 
b3240000-b3249000 rw-p 00000000 00:00 0 
b3249000-b3300000 rw-p 00000000 00:00 0 
b3300000-b3540000 rwxp 00000000 00:00 0 
b3540000-b6400000 rw-p 00000000 00:00 0 
b6401000-b6410000 r--s 000df000 08:01 9175179    /home/rafiqul/Android/Sdk/build-tools/23.0.1/lib/dx.jar
b6410000-b6412000 r--s 00006000 08:01 3412779    /usr/share/java/java-atk-wrapper.jar
b6412000-b6415000 r--s 0000f000 08:01 3412677    /usr/lib/jvm/java-7-openjdk-i386/jre/lib/ext/icedtea-sound.jar
b6415000-b6438000 rw-p 00000000 00:00 0 
b6438000-b6470000 rw-p 00000000 00:00 0 
b6470000-b647b000 r-xp 00000000 08:01 25035815   /lib/i386-linux-gnu/libnss_files-2.19.so
b647b000-b647c000 r--p 0000a000 08:01 25035815   /lib/i386-linux-gnu/libnss_files-2.19.so
b647c000-b647d000 rw-p 0000b000 08:01 25035815   /lib/i386-linux-gnu/libnss_files-2.19.so
b647d000-b6487000 r-xp 00000000 08:01 25035825   /lib/i386-linux-gnu/libnss_nis-2.19.so
b6487000-b6488000 r--p 00009000 08:01 25035825   /lib/i386-linux-gnu/libnss_nis-2.19.so
b6488000-b6489000 rw-p 0000a000 08:01 25035825   /lib/i386-linux-gnu/libnss_nis-2.19.so
b6489000-b649e000 r-xp 00000000 08:01 25035809   /lib/i386-linux-gnu/libnsl-2.19.so
b649e000-b649f000 r--p 00015000 08:01 25035809   /lib/i386-linux-gnu/libnsl-2.19.so
b649f000-b64a0000 rw-p 00016000 08:01 25035809   /lib/i386-linux-gnu/libnsl-2.19.so
b64a0000-b64a2000 rw-p 00000000 00:00 0 
b64a2000-b64a9000 r-xp 00000000 08:01 25035811   /lib/i386-linux-gnu/libnss_compat-2.19.so
b64a9000-b64aa000 r--p 00006000 08:01 25035811   /lib/i386-linux-gnu/libnss_compat-2.19.so
b64aa000-b64ab000 rw-p 00007000 08:01 25035811   /lib/i386-linux-gnu/libnss_compat-2.19.so
b64ab000-b64ac000 r--s 00002000 08:01 3412674    /usr/lib/jvm/java-7-openjdk-i386/jre/lib/ext/dnsns.jar
b64ac000-b64ae000 r--s 00012000 08:01 3412678    /usr/lib/jvm/java-7-openjdk-i386/jre/lib/ext/zipfs.jar
b64ae000-b64b2000 r--s 00034000 08:01 3412675    /usr/lib/jvm/java-7-openjdk-i386/jre/lib/ext/sunjce_provider.jar
b64b2000-b64b6000 r--s 00085000 08:01 3412673    /usr/lib/jvm/java-7-openjdk-i386/jre/lib/ext/localedata.jar
b64b6000-b64ba000 r--s 0003c000 08:01 3412676    /usr/lib/jvm/java-7-openjdk-i386/jre/lib/ext/sunpkcs11.jar
b64ba000-b64bb000 r--p 00855000 08:01 3022988    /usr/lib/locale/locale-archive
b64bb000-b64c3000 r-xp 00000000 08:01 3283403    /usr/lib/jvm/java-7-openjdk-i386/jre/lib/i386/libzip.so
b64c3000-b64c4000 r--p 00007000 08:01 3283403    /usr/lib/jvm/java-7-openjdk-i386/jre/lib/i386/libzip.so
b64c4000-b64c5000 rw-p 00008000 08:01 3283403    /usr/lib/jvm/java-7-openjdk-i386/jre/lib/i386/libzip.so
b64c5000-b64ec000 r-xp 00000000 08:01 3283435    /usr/lib/jvm/java-7-openjdk-i386/jre/lib/i386/libjava.so
b64ec000-b64ed000 r--p 00026000 08:01 3283435    /usr/lib/jvm/java-7-openjdk-i386/jre/lib/i386/libjava.so
b64ed000-b64ee000 rw-p 00027000 08:01 3283435    /usr/lib/jvm/java-7-openjdk-i386/jre/lib/i386/libjava.so
b64ee000-b64f5000 r-xp 00000000 08:01 25035868   /lib/i386-linux-gnu/librt-2.19.so
b64f5000-b64f6000 r--p 00006000 08:01 25035868   /lib/i386-linux-gnu/librt-2.19.so
b64f6000-b64f7000 rw-p 00007000 08:01 25035868   /lib/i386-linux-gnu/librt-2.19.so
b64f7000-b64fa000 ---p 00000000 00:00 0 
b64fa000-b6548000 rw-p 00000000 00:00 0          [stack:12724]
b6548000-b6564000 r-xp 00000000 08:01 25035767   /lib/i386-linux-gnu/libgcc_s.so.1
b6564000-b6565000 rw-p 0001b000 08:01 25035767   /lib/i386-linux-gnu/libgcc_s.so.1
b6565000-b65a9000 r-xp 00000000 08:01 25035790   /lib/i386-linux-gnu/libm-2.19.so
b65a9000-b65aa000 r--p 00043000 08:01 25035790   /lib/i386-linux-gnu/libm-2.19.so
b65aa000-b65ab000 rw-p 00044000 08:01 25035790   /lib/i386-linux-gnu/libm-2.19.so
b65ab000-b6687000 r-xp 00000000 08:01 3018897    /usr/lib/i386-linux-gnu/libstdc++.so.6.0.19
b6687000-b668b000 r--p 000dc000 08:01 3018897    /usr/lib/i386-linux-gnu/libstdc++.so.6.0.19
b668b000-b668c000 rw-p 000e0000 08:01 3018897    /usr/lib/i386-linux-gnu/libstdc++.so.6.0.19
b668c000-b6693000 rw-p 00000000 00:00 0 
b6693000-b7082000 r-xp 00000000 08:01 3412663    /usr/lib/jvm/java-7-openjdk-i386/jre/lib/i386/server/libjvm.so
b7082000-b70d4000 r--p 009ee000 08:01 3412663    /usr/lib/jvm/java-7-openjdk-i386/jre/lib/i386/server/libjvm.so
b70d4000-b70e8000 rw-p 00a40000 08:01 3412663    /usr/lib/jvm/java-7-openjdk-i386/jre/lib/i386/server/libjvm.so
b70e8000-b7506000 rw-p 00000000 00:00 0 
b7506000-b751e000 r-xp 00000000 08:01 25035903   /lib/i386-linux-gnu/libz.so.1.2.8
b751e000-b751f000 r--p 00017000 08:01 25035903   /lib/i386-linux-gnu/libz.so.1.2.8
b751f000-b7520000 rw-p 00018000 08:01 25035903   /lib/i386-linux-gnu/libz.so.1.2.8
b7520000-b7538000 r-xp 00000000 08:01 25035860   /lib/i386-linux-gnu/libpthread-2.19.so
b7538000-b7539000 r--p 00017000 08:01 25035860   /lib/i386-linux-gnu/libpthread-2.19.so
b7539000-b753a000 rw-p 00018000 08:01 25035860   /lib/i386-linux-gnu/libpthread-2.19.so
b753a000-b753c000 rw-p 00000000 00:00 0 
b753c000-b753f000 r-xp 00000000 08:01 25035757   /lib/i386-linux-gnu/libdl-2.19.so
b753f000-b7540000 r--p 00002000 08:01 25035757   /lib/i386-linux-gnu/libdl-2.19.so
b7540000-b7541000 rw-p 00003000 08:01 25035757   /lib/i386-linux-gnu/libdl-2.19.so
b7541000-b76ea000 r-xp 00000000 08:01 25035740   /lib/i386-linux-gnu/libc-2.19.so
b76ea000-b76ec000 r--p 001a9000 08:01 25035740   /lib/i386-linux-gnu/libc-2.19.so
b76ec000-b76ed000 rw-p 001ab000 08:01 25035740   /lib/i386-linux-gnu/libc-2.19.so
b76ed000-b76f0000 rw-p 00000000 00:00 0 
b76f0000-b76f8000 rw-s 00000000 08:01 16646439   /tmp/hsperfdata_rafiqul/12708
b76f8000-b76f9000 rw-p 00000000 00:00 0 
b76f9000-b76fa000 ---p 00000000 00:00 0 
b76fa000-b7708000 r-xp 00000000 08:01 3283418    /usr/lib/jvm/java-7-openjdk-i386/jre/lib/i386/libverify.so
b7708000-b7709000 r--p 0000d000 08:01 3283418    /usr/lib/jvm/java-7-openjdk-i386/jre/lib/i386/libverify.so
b7709000-b770a000 rw-p 0000e000 08:01 3283418    /usr/lib/jvm/java-7-openjdk-i386/jre/lib/i386/libverify.so
b770a000-b7716000 r-xp 00000000 08:01 3283406    /usr/lib/jvm/java-7-openjdk-i386/jre/lib/i386/jli/libjli.so
b7716000-b7717000 r--p 0000c000 08:01 3283406    /usr/lib/jvm/java-7-openjdk-i386/jre/lib/i386/jli/libjli.so
b7717000-b7718000 rw-p 0000d000 08:01 3283406    /usr/lib/jvm/java-7-openjdk-i386/jre/lib/i386/jli/libjli.so
b7718000-b771b000 rw-p 00000000 00:00 0 
b771b000-b771c000 r-xp 00000000 00:00 0          [vdso]
b771c000-b773c000 r-xp 00000000 08:01 25035716   /lib/i386-linux-gnu/ld-2.19.so
b773c000-b773d000 r--p 0001f000 08:01 25035716   /lib/i386-linux-gnu/ld-2.19.so
b773d000-b773e000 rw-p 00020000 08:01 25035716   /lib/i386-linux-gnu/ld-2.19.so
bf91c000-bf91d000 rwxp 00000000 00:00 0 
bf94f000-bf970000 rw-p 00000000 00:00 0          [stack]

VM Arguments:
jvm_args: -Xmx1024M -Dfile.encoding=UTF-8 -Duser.country=US -Duser.language=en -Duser.variant 
java_command: com.android.dx.command.Main --dex --num-threads=4 --output /home/rafiqul/Documents/Software Engineering Project/spring2016_s1_cse404/AssetTrackingSystem__Android_Platform/app/build/intermediates/pre-dexed/debug/classes-0d0159894010126437216df70887e76fc319c96b.jar /home/rafiqul/Documents/Software Engineering Project/spring2016_s1_cse404/AssetTrackingSystem__Android_Platform/app/build/intermediates/exploded-aar/com.android.support/appcompat-v7/23.0.0/jars/classes.jar
Launcher Type: SUN_STANDARD

Environment Variables:
JAVA_HOME=/usr/lib/jvm/java-8-oracle
PATH=/usr/local/sbin:/usr/local/bin:/usr/sbin:/usr/bin:/sbin:/bin:/usr/games:/usr/local/games:/usr/lib/jvm/java-8-oracle/bin:/usr/lib/jvm/java-8-oracle/db/bin:/usr/lib/jvm/java-8-oracle/jre/bin
LD_LIBRARY_PATH=/home/rafiqul/android-studio/bin:
SHELL=/bin/bash
DISPLAY=:0

Signal Handlers:
SIGSEGV: [libjvm.so+0x80cb90], sa_mask[0]=0x7ffbfeff, sa_flags=0x10000004
SIGBUS: [libjvm.so+0x80cb90], sa_mask[0]=0x7ffbfeff, sa_flags=0x10000004
SIGFPE: [libjvm.so+0x684e30], sa_mask[0]=0x7ffbfeff, sa_flags=0x10000004
SIGPIPE: [libjvm.so+0x684e30], sa_mask[0]=0x7ffbfeff, sa_flags=0x10000004
SIGXFSZ: [libjvm.so+0x684e30], sa_mask[0]=0x7ffbfeff, sa_flags=0x10000004
SIGILL: [libjvm.so+0x684e30], sa_mask[0]=0x7ffbfeff, sa_flags=0x10000004
SIGUSR1: SIG_DFL, sa_mask[0]=0x00000000, sa_flags=0x00000000
SIGUSR2: [libjvm.so+0x684cc0], sa_mask[0]=0x00000004, sa_flags=0x10000004
SIGHUP: [libjvm.so+0x684ef0], sa_mask[0]=0x7ffbfeff, sa_flags=0x10000004
SIGINT: [libjvm.so+0x684ef0], sa_mask[0]=0x7ffbfeff, sa_flags=0x10000004
SIGTERM: [libjvm.so+0x684ef0], sa_mask[0]=0x7ffbfeff, sa_flags=0x10000004
SIGQUIT: [libjvm.so+0x684ef0], sa_mask[0]=0x7ffbfeff, sa_flags=0x10000004
SIGTRAP: SIG_DFL, sa_mask[0]=0x00000000, sa_flags=0x00000000


---------------  S Y S T E M  ---------------

OS:Ubuntu 14.04 (trusty)
uname:Linux 3.13.0-24-generic #46-Ubuntu SMP Thu Apr 10 19:08:14 UTC 2014 i686
libc:glibc 2.19 NPTL 2.19 
rlimit: STACK 8192k, CORE 0k, NPROC 31106, NOFILE 4096, AS infinity
load average:15.77 8.96 4.49

/proc/meminfo:
MemTotal:        4000684 kB
MemFree:          544700 kB
Buffers:            1908 kB
Cached:           449840 kB
SwapCached:            0 kB
Active:          2895692 kB
Inactive:         439880 kB
Active(anon):    2891968 kB
Inactive(anon):   376336 kB
Active(file):       3724 kB
Inactive(file):    63544 kB
Unevictable:          48 kB
Mlocked:              48 kB
HighTotal:       3155716 kB
HighFree:         347176 kB
LowTotal:         844968 kB
LowFree:          197524 kB
SwapTotal:             0 kB
SwapFree:              0 kB
Dirty:               316 kB
Writeback:             0 kB
AnonPages:       2884252 kB
Mapped:           158992 kB
Shmem:            383964 kB
Slab:              47800 kB
SReclaimable:      20568 kB
SUnreclaim:        27232 kB
KernelStack:        5776 kB
PageTables:        18808 kB
NFS_Unstable:          0 kB
Bounce:              412 kB
WritebackTmp:          0 kB
CommitLimit:     2000340 kB
Committed_AS:    8586048 kB
VmallocTotal:     122880 kB
VmallocUsed:       16996 kB
VmallocChunk:      97920 kB
HardwareCorrupted:     0 kB
AnonHugePages:   1318912 kB
HugePages_Total:       0
HugePages_Free:        0
HugePages_Rsvd:        0
HugePages_Surp:        0
Hugepagesize:       2048 kB
DirectMap4k:       71672 kB
DirectMap2M:      839680 kB


CPU:total 4 (2 cores per cpu, 2 threads per core) family 6 model 58 stepping 9, cmov, cx8, fxsr, mmx, sse, sse2, sse3, ssse3, sse4.1, sse4.2, popcnt, avx, erms, ht, tsc, tscinvbit, tscinv

/proc/cpuinfo:
processor	: 0
vendor_id	: GenuineIntel
cpu family	: 6
model		: 58
model name	: Intel(R) Core(TM) i3-3217U CPU @ 1.80GHz
stepping	: 9
microcode	: 0x15
cpu MHz		: 1801.000
cache size	: 3072 KB
physical id	: 0
siblings	: 4
core id		: 0
cpu cores	: 2
apicid		: 0
initial apicid	: 0
fdiv_bug	: no
f00f_bug	: no
coma_bug	: no
fpu		: yes
fpu_exception	: yes
cpuid level	: 13
wp		: yes
flags		: fpu vme de pse tsc msr pae mce cx8 apic sep mtrr pge mca cmov pat pse36 clflush dts acpi mmx fxsr sse sse2 ss ht tm pbe nx rdtscp lm constant_tsc arch_perfmon pebs bts xtopology nonstop_tsc aperfmperf eagerfpu pni pclmulqdq dtes64 monitor ds_cpl vmx est tm2 ssse3 cx16 xtpr pdcm pcid sse4_1 sse4_2 x2apic popcnt tsc_deadline_timer xsave avx f16c lahf_lm ida arat epb xsaveopt pln pts dtherm tpr_shadow vnmi flexpriority ept vpid fsgsbase smep erms
bogomips	: 3591.98
clflush size	: 64
cache_alignment	: 64
address sizes	: 36 bits physical, 48 bits virtual
power management:

processor	: 1
vendor_id	: GenuineIntel
cpu family	: 6
model		: 58
model name	: Intel(R) Core(TM) i3-3217U CPU @ 1.80GHz
stepping	: 9
microcode	: 0x15
cpu MHz		: 1801.000
cache size	: 3072 KB
physical id	: 0
siblings	: 4
core id		: 0
cpu cores	: 2
apicid		: 1
initial apicid	: 1
fdiv_bug	: no
f00f_bug	: no
coma_bug	: no
fpu		: yes
fpu_exception	: yes
cpuid level	: 13
wp		: yes
flags		: fpu vme de pse tsc msr pae mce cx8 apic sep mtrr pge mca cmov pat pse36 clflush dts acpi mmx fxsr sse sse2 ss ht tm pbe nx rdtscp lm constant_tsc arch_perfmon pebs bts xtopology nonstop_tsc aperfmperf eagerfpu pni pclmulqdq dtes64 monitor ds_cpl vmx est tm2 ssse3 cx16 xtpr pdcm pcid sse4_1 sse4_2 x2apic popcnt tsc_deadline_timer xsave avx f16c lahf_lm ida arat epb xsaveopt pln pts dtherm tpr_shadow vnmi flexpriority ept vpid fsgsbase smep erms
bogomips	: 3591.98
clflush size	: 64
cache_alignment	: 64
address sizes	: 36 bits physical, 48 bits virtual
power management:

processor	: 2
vendor_id	: GenuineIntel
cpu family	: 6
model		: 58
model name	: Intel(R) Core(TM) i3-3217U CPU @ 1.80GHz
stepping	: 9
microcode	: 0x15
cpu MHz		: 1801.000
cache size	: 3072 KB
physical id	: 0
siblings	: 4
core id		: 1
cpu cores	: 2
apicid		: 2
initial apicid	: 2
fdiv_bug	: no
f00f_bug	: no
coma_bug	: no
fpu		: yes
fpu_exception	: yes
cpuid level	: 13
wp		: yes
flags		: fpu vme de pse tsc msr pae mce cx8 apic sep mtrr pge mca cmov pat pse36 clflush dts acpi mmx fxsr sse sse2 ss ht tm pbe nx rdtscp lm constant_tsc arch_perfmon pebs bts xtopology nonstop_tsc aperfmperf eagerfpu pni pclmulqdq dtes64 monitor ds_cpl vmx est tm2 ssse3 cx16 xtpr pdcm pcid sse4_1 sse4_2 x2apic popcnt tsc_deadline_timer xsave avx f16c lahf_lm ida arat epb xsaveopt pln pts dtherm tpr_shadow vnmi flexpriority ept vpid fsgsbase smep erms
bogomips	: 3591.98
clflush size	: 64
cache_alignment	: 64
address sizes	: 36 bits physical, 48 bits virtual
power management:

processor	: 3
vendor_id	: GenuineIntel
cpu family	: 6
model		: 58
model name	: Intel(R) Core(TM) i3-3217U CPU @ 1.80GHz
stepping	: 9
microcode	: 0x15
cpu MHz		: 1801.000
cache size	: 3072 KB
physical id	: 0
siblings	: 4
core id		: 1
cpu cores	: 2
apicid		: 3
initial apicid	: 3
fdiv_bug	: no
f00f_bug	: no
coma_bug	: no
fpu		: yes
fpu_exception	: yes
cpuid level	: 13
wp		: yes
flags		: fpu vme de pse tsc msr pae mce cx8 apic sep mtrr pge mca cmov pat pse36 clflush dts acpi mmx fxsr sse sse2 ss ht tm pbe nx rdtscp lm constant_tsc arch_perfmon pebs bts xtopology nonstop_tsc aperfmperf eagerfpu pni pclmulqdq dtes64 monitor ds_cpl vmx est tm2 ssse3 cx16 xtpr pdcm pcid sse4_1 sse4_2 x2apic popcnt tsc_deadline_timer xsave avx f16c lahf_lm ida arat epb xsaveopt pln pts dtherm tpr_shadow vnmi flexpriority ept vpid fsgsbase smep erms
bogomips	: 3591.98
clflush size	: 64
cache_alignment	: 64
address sizes	: 36 bits physical, 48 bits virtual
power management:



Memory: 4k page, physical 4000684k(544700k free), swap 0k(0k free)

vm_info: OpenJDK Server VM (24.79-b02) for linux-x86 JRE (1.7.0_79-b14), built on Jul 24 2015 08:25:15 by "buildd" with gcc 4.8.2

time: Mon Apr 18 00:39:38 2016
elapsed time: 37 seconds

