#
# There is insufficient memory for the Java Runtime Environment to continue.
# Native memory allocation (malloc) failed to allocate 72876032 bytes for committing reserved memory.
# Possible reasons:
#   The system is out of physical RAM or swap space
#   In 32 bit mode, the process size limit was hit
# Possible solutions:
#   Reduce memory load on the system
#   Increase physical memory or swap space
#   Check if swap backing store is full
#   Use 64 bit Java on a 64 bit OS
#   Decrease Java heap size (-Xmx/-Xms)
#   Decrease number of Java threads
#   Decrease Java thread stack sizes (-Xss)
#   Set larger code cache with -XX:ReservedCodeCacheSize=
# This output file may be truncated or incomplete.
#
#  Out of Memory Error (os_linux.cpp:2809), pid=4902, tid=1742531392
#
# JRE version: OpenJDK Runtime Environment (7.0_79-b14) (build 1.7.0_79-b14)
# Java VM: OpenJDK Server VM (24.79-b02 mixed mode linux-x86 )
# Derivative: IcedTea 2.5.6
# Distribution: Ubuntu 14.04 LTS, package 7u79-2.5.6-0ubuntu1.14.04.1
# Failed to write core dump. Core dumps have been disabled. To enable core dumping, try "ulimit -c unlimited" before starting Java again
#

---------------  T H R E A D  ---------------

Current thread (0x67c80400):  VMThread [stack: 0x67d4e000,0x67dcf000] [id=4929]

Stack: [0x67d4e000,0x67dcf000]
VM_Operation (0x66f62a58): ParallelGCFailedAllocation, mode: safepoint, requested by thread 0x6746ec00


---------------  P R O C E S S  ---------------

Java Threads: ( => current thread )
  0x6746ec00 JavaThread "pool-1-thread-4" [_thread_blocked, id=4984, stack(0x66f13000,0x66f64000)]
  0x67461400 JavaThread "pool-1-thread-3" [_thread_blocked, id=4983, stack(0x66f64000,0x66fb5000)]
  0x6745f400 JavaThread "pool-1-thread-2" [_thread_blocked, id=4976, stack(0x66fb5000,0x67006000)]
  0x6745dc00 JavaThread "pool-2-thread-1" [_thread_blocked, id=4972, stack(0x67006000,0x67057000)]
  0x6745c800 JavaThread "pool-1-thread-1" [_thread_blocked, id=4966, stack(0x67057000,0x670a8000)]
  0x67c9d000 JavaThread "Service Thread" daemon [_thread_blocked, id=4956, stack(0x675ad000,0x675fe000)]
  0x67c9b400 JavaThread "C2 CompilerThread1" daemon [_thread_blocked, id=4955, stack(0x675fe000,0x6767f000)]
  0x67c99400 JavaThread "C2 CompilerThread0" daemon [_thread_blocked, id=4950, stack(0x6767f000,0x67700000)]
  0x67c97c00 JavaThread "Signal Dispatcher" daemon [_thread_blocked, id=4943, stack(0x67b0d000,0x67b5e000)]
  0x67c84800 JavaThread "Finalizer" daemon [_thread_blocked, id=4939, stack(0x67b5e000,0x67baf000)]
  0x67c83000 JavaThread "Reference Handler" daemon [_thread_blocked, id=4936, stack(0x67baf000,0x67c00000)]
  0xb6407c00 JavaThread "main" [_thread_blocked, id=4910, stack(0xb655a000,0xb65ab000)]

Other Threads:
=>0x67c80400 VMThread [stack: 0x67d4e000,0x67dcf000] [id=4929]
  0x67c9ec00 WatcherThread [stack: 0x6752c000,0x675ad000] [id=4957]

VM state:at safepoint (normal execution)

VM Mutex/Monitor currently owned by a thread:  ([mutex/lock_event])
[0xb6405350] Threads_lock - owner thread: 0x67c80400
[0xb6405760] Heap_lock - owner thread: 0x6746ec00

Heap
 PSYoungGen      total 71680K, used 9207K [0x9dd80000, 0xa2d80000, 0xb3300000)
  eden space 62464K, 0% used [0x9dd80000,0x9dd80000,0xa1a80000)
  from space 9216K, 99% used [0xa1a80000,0xa237dff8,0xa2380000)
  to   space 8192K, 0% used [0xa2380000,0xa2380000,0xa2b80000)
 ParOldGen       total 41728K, used 23663K [0x73300000, 0x75bc0000, 0x9dd80000)
  object space 41728K, 56% used [0x73300000,0x74a1bd48,0x75bc0000)
 PSPermGen       total 16384K, used 4163K [0x6b300000, 0x6c300000, 0x73300000)
  object space 16384K, 25% used [0x6b300000,0x6b710f78,0x6c300000)

Card table byte_map: [0x6b0bf000,0x6b300000] byte_map_base: 0x6ad65800

Polling page: 0xb775b000

Code Cache  [0xb33ce000, 0xb360e000, 0xb63ce000)
 total_blobs=378 nmethods=251 adapters=76 free_code_cache=48115Kb largest_free_block=49228672

Compilation events (10 events):
Event: 20.483 Thread 0x67c99400 nmethod 246 0xb3447248 code [0xb3447320, 0xb3447350]
Event: 20.483 Thread 0x67c99400  247             com.android.dx.rop.cst.CstString::compareTo0 (15 bytes)
Event: 20.484 Thread 0x67c99400 nmethod 247 0xb3492a88 code [0xb3492b80, 0xb3492cd0]
Event: 20.484 Thread 0x67c99400  248             com.android.dx.util.BitIntSet::<init> (13 bytes)
Event: 20.486 Thread 0x67c99400 nmethod 248 0xb3492808 code [0xb3492900, 0xb34929f0]
Event: 20.486 Thread 0x67c99400  249             com.android.dx.ssa.SsaMethod::buildUseList (112 bytes)
Event: 25.060 Thread 0x67c99400 nmethod 249 0xb348ce08 code [0xb348cf80, 0xb348d63c]
Event: 25.060 Thread 0x67c9b400 nmethod 234 0xb34c4848 code [0xb34c5360, 0xb34cb9a4]
Event: 25.482 Thread 0x67c9b400  251             com.android.dx.rop.code.InsnList::getLast (11 bytes)
Event: 25.482 Thread 0x67c99400  250             com.android.dx.util.IntList::contains (14 bytes)

GC Heap History (10 events):
Event: 9.989 GC heap after
Heap after GC invocations=2 (full 0):
 PSYoungGen      total 18432K, used 2548K [0x9dd80000, 0xa0180000, 0xb3300000)
  eden space 15872K, 0% used [0x9dd80000,0x9dd80000,0x9ed00000)
  from space 2560K, 99% used [0x9ef80000,0x9f1fd010,0x9f200000)
  to   space 2560K, 0% used [0x9ed00000,0x9ed00000,0x9ef80000)
 ParOldGen       total 41728K, used 4451K [0x73300000, 0x75bc0000, 0x9dd80000)
  object space 41728K, 10% used [0x73300000,0x73758f78,0x75bc0000)
 PSPermGen       total 16384K, used 4068K [0x6b300000, 0x6c300000, 0x73300000)
  object space 16384K, 24% used [0x6b300000,0x6b6f92a0,0x6c300000)
}
Event: 11.798 GC heap before
{Heap before GC invocations=3 (full 0):
 PSYoungGen      total 18432K, used 18420K [0x9dd80000, 0xa0180000, 0xb3300000)
  eden space 15872K, 100% used [0x9dd80000,0x9ed00000,0x9ed00000)
  from space 2560K, 99% used [0x9ef80000,0x9f1fd010,0x9f200000)
  to   space 2560K, 0% used [0x9ed00000,0x9ed00000,0x9ef80000)
 ParOldGen       total 41728K, used 4451K [0x73300000, 0x75bc0000, 0x9dd80000)
  object space 41728K, 10% used [0x73300000,0x73758f78,0x75bc0000)
 PSPermGen       total 16384K, used 4097K [0x6b300000, 0x6c300000, 0x73300000)
  object space 16384K, 25% used [0x6b300000,0x6b7005d0,0x6c300000)
Event: 11.863 GC heap after
Heap after GC invocations=3 (full 0):
 PSYoungGen      total 18432K, used 2557K [0x9dd80000, 0xa0180000, 0xb3300000)
  eden space 15872K, 0% used [0x9dd80000,0x9dd80000,0x9ed00000)
  from space 2560K, 99% used [0x9ed00000,0x9ef7f5c8,0x9ef80000)
  to   space 2560K, 0% used [0x9ff00000,0x9ff00000,0xa0180000)
 ParOldGen       total 41728K, used 7158K [0x73300000, 0x75bc0000, 0x9dd80000)
  object space 41728K, 17% used [0x73300000,0x739fd9c0,0x75bc0000)
 PSPermGen       total 16384K, used 4097K [0x6b300000, 0x6c300000, 0x73300000)
  object space 16384K, 25% used [0x6b300000,0x6b7005d0,0x6c300000)
}
Event: 13.490 GC heap before
{Heap before GC invocations=4 (full 0):
 PSYoungGen      total 18432K, used 18429K [0x9dd80000, 0xa0180000, 0xb3300000)
  eden space 15872K, 100% used [0x9dd80000,0x9ed00000,0x9ed00000)
  from space 2560K, 99% used [0x9ed00000,0x9ef7f5c8,0x9ef80000)
  to   space 2560K, 0% used [0x9ff00000,0x9ff00000,0xa0180000)
 ParOldGen       total 41728K, used 7158K [0x73300000, 0x75bc0000, 0x9dd80000)
  object space 41728K, 17% used [0x73300000,0x739fd9c0,0x75bc0000)
 PSPermGen       total 16384K, used 4107K [0x6b300000, 0x6c300000, 0x73300000)
  object space 16384K, 25% used [0x6b300000,0x6b702f78,0x6c300000)
Event: 13.585 GC heap after
Heap after GC invocations=4 (full 0):
 PSYoungGen      total 34304K, used 2551K [0x9dd80000, 0xa0180000, 0xb3300000)
  eden space 31744K, 0% used [0x9dd80000,0x9dd80000,0x9fc80000)
  from space 2560K, 99% used [0x9ff00000,0xa017df20,0xa0180000)
  to   space 2560K, 0% used [0x9fc80000,0x9fc80000,0x9ff00000)
 ParOldGen       total 41728K, used 10351K [0x73300000, 0x75bc0000, 0x9dd80000)
  object space 41728K, 24% used [0x73300000,0x73d1bf50,0x75bc0000)
 PSPermGen       total 16384K, used 4107K [0x6b300000, 0x6c300000, 0x73300000)
  object space 16384K, 25% used [0x6b300000,0x6b702f78,0x6c300000)
}
Event: 16.694 GC heap before
{Heap before GC invocations=5 (full 0):
 PSYoungGen      total 34304K, used 34295K [0x9dd80000, 0xa0180000, 0xb3300000)
  eden space 31744K, 100% used [0x9dd80000,0x9fc80000,0x9fc80000)
  from space 2560K, 99% used [0x9ff00000,0xa017df20,0xa0180000)
  to   space 2560K, 0% used [0x9fc80000,0x9fc80000,0x9ff00000)
 ParOldGen       total 41728K, used 10351K [0x73300000, 0x75bc0000, 0x9dd80000)
  object space 41728K, 24% used [0x73300000,0x73d1bf50,0x75bc0000)
 PSPermGen       total 16384K, used 4124K [0x6b300000, 0x6c300000, 0x73300000)
  object space 16384K, 25% used [0x6b300000,0x6b707078,0x6c300000)
Event: 16.832 GC heap after
Heap after GC invocations=5 (full 0):
 PSYoungGen      total 34304K, used 2556K [0x9dd80000, 0xa2b80000, 0xb3300000)
  eden space 31744K, 0% used [0x9dd80000,0x9dd80000,0x9fc80000)
  from space 2560K, 99% used [0x9fc80000,0x9feff3c8,0x9ff00000)
  to   space 8192K, 0% used [0xa2380000,0xa2380000,0xa2b80000)
 ParOldGen       total 41728K, used 15985K [0x73300000, 0x75bc0000, 0x9dd80000)
  object space 41728K, 38% used [0x73300000,0x7429c7f0,0x75bc0000)
 PSPermGen       total 16384K, used 4124K [0x6b300000, 0x6c300000, 0x73300000)
  object space 16384K, 25% used [0x6b300000,0x6b707078,0x6c300000)
}
Event: 20.190 GC heap before
{Heap before GC invocations=6 (full 0):
 PSYoungGen      total 34304K, used 34300K [0x9dd80000, 0xa2b80000, 0xb3300000)
  eden space 31744K, 100% used [0x9dd80000,0x9fc80000,0x9fc80000)
  from space 2560K, 99% used [0x9fc80000,0x9feff3c8,0x9ff00000)
  to   space 8192K, 0% used [0xa2380000,0xa2380000,0xa2b80000)
 ParOldGen       total 41728K, used 15985K [0x73300000, 0x75bc0000, 0x9dd80000)
  object space 41728K, 38% used [0x73300000,0x7429c7f0,0x75bc0000)
 PSPermGen       total 16384K, used 4141K [0x6b300000, 0x6c300000, 0x73300000)
  object space 16384K, 25% used [0x6b300000,0x6b70b580,0x6c300000)
Event: 20.323 GC heap after
Heap after GC invocations=6 (full 0):
 PSYoungGen      total 70656K, used 7974K [0x9dd80000, 0xa2d80000, 0xb3300000)
  eden space 62464K, 0% used [0x9dd80000,0x9dd80000,0xa1a80000)
  from space 8192K, 97% used [0xa2380000,0xa2b49938,0xa2b80000)
  to   space 9216K, 0% used [0xa1a80000,0xa1a80000,0xa2380000)
 ParOldGen       total 41728K, used 15985K [0x73300000, 0x75bc0000, 0x9dd80000)
  object space 41728K, 38% used [0x73300000,0x7429c7f0,0x75bc0000)
 PSPermGen       total 16384K, used 4141K [0x6b300000, 0x6c300000, 0x73300000)
  object space 16384K, 25% used [0x6b300000,0x6b70b580,0x6c300000)
}
Event: 34.346 GC heap before
{Heap before GC invocations=7 (full 0):
 PSYoungGen      total 70656K, used 70438K [0x9dd80000, 0xa2d80000, 0xb3300000)
  eden space 62464K, 100% used [0x9dd80000,0xa1a80000,0xa1a80000)
  from space 8192K, 97% used [0xa2380000,0xa2b49938,0xa2b80000)
  to   space 9216K, 0% used [0xa1a80000,0xa1a80000,0xa2380000)
 ParOldGen       total 41728K, used 15985K [0x73300000, 0x75bc0000, 0x9dd80000)
  object space 41728K, 38% used [0x73300000,0x7429c7f0,0x75bc0000)
 PSPermGen       total 16384K, used 4163K [0x6b300000, 0x6c300000, 0x73300000)
  object space 16384K, 25% used [0x6b300000,0x6b710f78,0x6c300000)

Deoptimization events (10 events):
Event: 13.223 Thread 0x67461400 Uncommon trap: reason=class_check action=maybe_recompile pc=0xb3453740 method=java.util.HashMap.put(Ljava/lang/Object;Ljava/lang/Object;)Ljava/lang/Object; @ 83
Event: 13.223 Thread 0x67461400 Uncommon trap: reason=class_check action=maybe_recompile pc=0xb3453740 method=java.util.HashMap.put(Ljava/lang/Object;Ljava/lang/Object;)Ljava/lang/Object; @ 83
Event: 13.223 Thread 0x67461400 Uncommon trap: reason=class_check action=maybe_recompile pc=0xb3453740 method=java.util.HashMap.put(Ljava/lang/Object;Ljava/lang/Object;)Ljava/lang/Object; @ 83
Event: 15.962 Thread 0x6746ec00 Uncommon trap: reason=unreached action=reinterpret pc=0xb349dd34 method=com.android.dx.rop.code.LocalVariableExtractor.processBlock(I)V @ 195
Event: 17.079 Thread 0x6745f400 Uncommon trap: reason=null_check action=make_not_entrant pc=0xb3447910 method=com.android.dx.rop.type.Type.equals(Ljava/lang/Object;)Z @ 8
Event: 17.500 Thread 0x6745c800 Uncommon trap: reason=unreached action=reinterpret pc=0xb3496a20 method=com.android.dx.ssa.SCCP.simulateBranch(Lcom/android/dx/ssa/SsaInsn;)V @ 132
Event: 17.581 Thread 0x6745c800 Uncommon trap: reason=unreached action=reinterpret pc=0xb348067c method=com.android.dx.ssa.SsaMethod.updateOneDefinition(Lcom/android/dx/ssa/SsaInsn;Lcom/android/dx/rop/code/RegisterSpec;)V @ 4
Event: 29.192 Thread 0xb6407c00 Uncommon trap: reason=unloaded action=reinterpret pc=0xb34a65a4 method=com.android.dx.cf.cst.ConstantPoolParser.parse0(ILjava/util/BitSet;)Lcom/android/dx/rop/cst/Constant; @ 220
Event: 32.281 Thread 0x6745f400 Uncommon trap: reason=class_check action=maybe_recompile pc=0xb34c6fbc method=com.android.dx.ssa.SCCP.replaceConstants()V @ 127
Event: 33.149 Thread 0x6745f400 Uncommon trap: reason=class_check action=maybe_recompile pc=0xb34c6fbc method=com.android.dx.ssa.SCCP.replaceConstants()V @ 127

Internal exceptions (10 events):
Event: 7.748 Thread 0x6745f400 Threw 0x9e9057e8 at /build/openjdk-7-OXg_HK/openjdk-7-7u79-2.5.6/build/openjdk/hotspot/src/share/vm/prims/jvm.cpp:1284
Event: 7.844 Thread 0xb6407c00 Threw 0x9e9b8d48 at /build/openjdk-7-OXg_HK/openjdk-7-7u79-2.5.6/build/openjdk/hotspot/src/share/vm/prims/jvm.cpp:1284
Event: 8.293 Thread 0x6745f400 Threw 0x9ebc11a0 at /build/openjdk-7-OXg_HK/openjdk-7-7u79-2.5.6/build/openjdk/hotspot/src/share/vm/prims/jvm.cpp:1284
Event: 8.432 Thread 0x6745c800 Threw 0x9de926e0 at /build/openjdk-7-OXg_HK/openjdk-7-7u79-2.5.6/build/openjdk/hotspot/src/share/vm/prims/jvm.cpp:1284
Event: 9.210 Thread 0xb6407c00 Implicit null exception at 0xb343a0a2 to 0xb343a691
Event: 12.926 Thread 0xb6407c00 Implicit null exception at 0xb346d3d5 to 0xb346e5b5
Event: 14.207 Thread 0x6745c800 Threw 0x9e49fab8 at /build/openjdk-7-OXg_HK/openjdk-7-7u79-2.5.6/build/openjdk/hotspot/src/share/vm/prims/jvm.cpp:1284
Event: 17.079 Thread 0x6745f400 Implicit null exception at 0xb344782b to 0xb3447902
Event: 17.557 Thread 0x6745c800 Threw 0x9e5340e8 at /build/openjdk-7-OXg_HK/openjdk-7-7u79-2.5.6/build/openjdk/hotspot/src/share/vm/prims/jvm.cpp:1284
Event: 30.740 Thread 0xb6407c00 Threw 0xa0270880 at /build/openjdk-7-OXg_HK/openjdk-7-7u79-2.5.6/build/openjdk/hotspot/src/share/vm/prims/jvm.cpp:1284

Events (10 events):
Event: 30.188 Thread 0xb6407c00 DEOPT UNPACKING pc=0xb33fabc8 sp=0xb65a9ab4 mode 2
Event: 30.740 loading class 0x67cf7b20
Event: 30.740 loading class 0x67cf7b20 done
Event: 32.162 Thread 0x6745f400 Uncommon trap: trap_request=0xffffffde fr.pc=0xb34c6fbc
Event: 32.700 Thread 0x6745f400 DEOPT PACKING pc=0xb34c6fbc sp=0x67004bf0
Event: 32.822 Thread 0x6745f400 DEOPT UNPACKING pc=0xb33fabc8 sp=0x67004bac mode 2
Event: 33.149 Thread 0x6745f400 Uncommon trap: trap_request=0xffffffde fr.pc=0xb34c6fbc
Event: 33.149 Thread 0x6745f400 DEOPT PACKING pc=0xb34c6fbc sp=0x67004bf0
Event: 33.149 Thread 0x6745f400 DEOPT UNPACKING pc=0xb33fabc8 sp=0x67004bac mode 2
Event: 33.621 Executing VM operation: ParallelGCFailedAllocation


Dynamic libraries:
08048000-08049000 r-xp 00000000 08:01 3412725    /usr/lib/jvm/java-7-openjdk-i386/jre/bin/java
08049000-0804a000 r--p 00000000 08:01 3412725    /usr/lib/jvm/java-7-openjdk-i386/jre/bin/java
0804a000-0804b000 rw-p 00001000 08:01 3412725    /usr/lib/jvm/java-7-openjdk-i386/jre/bin/java
09a5a000-09ab8000 rw-p 00000000 00:00 0          [heap]
65c00000-65ceb000 rw-p 00000000 00:00 0 
65ceb000-65d00000 ---p 00000000 00:00 0 
65e00000-65ef7000 rw-p 00000000 00:00 0 
65ef7000-65f00000 ---p 00000000 00:00 0 
65f00000-65fed000 rw-p 00000000 00:00 0 
65fed000-66000000 ---p 00000000 00:00 0 
66000000-661f9000 rw-p 00000000 00:00 0 
661f9000-66200000 ---p 00000000 00:00 0 
66200000-66300000 rw-p 00000000 00:00 0 
66300000-663d8000 rw-p 00000000 00:00 0 
663d8000-66400000 ---p 00000000 00:00 0 
66400000-66500000 rw-p 00000000 00:00 0 
66600000-666fb000 rw-p 00000000 00:00 0 
666fb000-66700000 ---p 00000000 00:00 0 
66800000-668fe000 rw-p 00000000 00:00 0 
668fe000-66900000 ---p 00000000 00:00 0 
66a00000-66af9000 rw-p 00000000 00:00 0 
66af9000-66b00000 ---p 00000000 00:00 0 
66c00000-66cfe000 rw-p 00000000 00:00 0 
66cfe000-66d00000 ---p 00000000 00:00 0 
66d00000-66dff000 rw-p 00000000 00:00 0 
66dff000-66e00000 ---p 00000000 00:00 0 
66e00000-66f00000 rw-p 00000000 00:00 0 
66f13000-66f16000 ---p 00000000 00:00 0 
66f16000-66f64000 rw-p 00000000 00:00 0          [stack:4984]
66f64000-66f67000 ---p 00000000 00:00 0 
66f67000-66fb5000 rw-p 00000000 00:00 0          [stack:4983]
66fb5000-66fb8000 ---p 00000000 00:00 0 
66fb8000-67006000 rw-p 00000000 00:00 0          [stack:4976]
67006000-67009000 ---p 00000000 00:00 0 
67009000-67057000 rw-p 00000000 00:00 0          [stack:4972]
67057000-6705a000 ---p 00000000 00:00 0 
6705a000-670a8000 rw-p 00000000 00:00 0          [stack:4966]
670a8000-670e4000 r-xp 00000000 08:01 25035843   /lib/i386-linux-gnu/libpcre.so.3.13.1
670e4000-670e5000 r--p 0003b000 08:01 25035843   /lib/i386-linux-gnu/libpcre.so.3.13.1
670e5000-670e6000 rw-p 0003c000 08:01 25035843   /lib/i386-linux-gnu/libpcre.so.3.13.1
670e6000-670f9000 r-xp 00000000 08:01 25035866   /lib/i386-linux-gnu/libresolv-2.19.so
670f9000-670fa000 ---p 00013000 08:01 25035866   /lib/i386-linux-gnu/libresolv-2.19.so
670fa000-670fb000 r--p 00013000 08:01 25035866   /lib/i386-linux-gnu/libresolv-2.19.so
670fb000-670fc000 rw-p 00014000 08:01 25035866   /lib/i386-linux-gnu/libresolv-2.19.so
670fc000-670fe000 rw-p 00000000 00:00 0 
670fe000-6711e000 r-xp 00000000 08:01 25035870   /lib/i386-linux-gnu/libselinux.so.1
6711e000-6711f000 r--p 0001f000 08:01 25035870   /lib/i386-linux-gnu/libselinux.so.1
6711f000-67120000 rw-p 00020000 08:01 25035870   /lib/i386-linux-gnu/libselinux.so.1
67120000-67121000 rw-p 00000000 00:00 0 
67121000-6722b000 r-xp 00000000 08:01 25035771   /lib/i386-linux-gnu/libglib-2.0.so.0.4000.0
6722b000-6722c000 r--p 00109000 08:01 25035771   /lib/i386-linux-gnu/libglib-2.0.so.0.4000.0
6722c000-6722d000 rw-p 0010a000 08:01 25035771   /lib/i386-linux-gnu/libglib-2.0.so.0.4000.0
6722d000-6727d000 r-xp 00000000 08:01 3020380    /usr/lib/i386-linux-gnu/libgobject-2.0.so.0.4000.0
6727d000-6727e000 r--p 0004f000 08:01 3020380    /usr/lib/i386-linux-gnu/libgobject-2.0.so.0.4000.0
6727e000-6727f000 rw-p 00050000 08:01 3020380    /usr/lib/i386-linux-gnu/libgobject-2.0.so.0.4000.0
6727f000-673fc000 r-xp 00000000 08:01 3020350    /usr/lib/i386-linux-gnu/libgio-2.0.so.0.4000.0
673fc000-673fe000 r--p 0017c000 08:01 3020350    /usr/lib/i386-linux-gnu/libgio-2.0.so.0.4000.0
673fe000-673ff000 rw-p 0017e000 08:01 3020350    /usr/lib/i386-linux-gnu/libgio-2.0.so.0.4000.0
673ff000-67400000 rw-p 00000000 00:00 0 
67400000-67489000 rw-p 00000000 00:00 0 
67489000-67500000 ---p 00000000 00:00 0 
6752c000-6752d000 ---p 00000000 00:00 0 
6752d000-675ad000 rw-p 00000000 00:00 0          [stack:4957]
675ad000-675b0000 ---p 00000000 00:00 0 
675b0000-675fe000 rw-p 00000000 00:00 0          [stack:4956]
675fe000-67601000 ---p 00000000 00:00 0 
67601000-6767f000 rw-p 00000000 00:00 0          [stack:4955]
6767f000-67682000 ---p 00000000 00:00 0 
67682000-67700000 rw-p 00000000 00:00 0          [stack:4950]
67700000-67900000 r--p 00000000 08:01 3022988    /usr/lib/locale/locale-archive
67900000-67921000 rw-p 00000000 00:00 0 
67921000-67a00000 ---p 00000000 00:00 0 
67a00000-67af7000 rw-p 00000000 00:00 0 
67af7000-67b00000 ---p 00000000 00:00 0 
67b0d000-67b10000 ---p 00000000 00:00 0 
67b10000-67b5e000 rw-p 00000000 00:00 0          [stack:4943]
67b5e000-67b61000 ---p 00000000 00:00 0 
67b61000-67baf000 rw-p 00000000 00:00 0          [stack:4939]
67baf000-67bb2000 ---p 00000000 00:00 0 
67bb2000-67c00000 rw-p 00000000 00:00 0          [stack:4936]
67c00000-67d00000 rw-p 00000000 00:00 0 
67d0c000-67d4e000 r--p 00858000 08:01 3022988    /usr/lib/locale/locale-archive
67d4e000-67d4f000 ---p 00000000 00:00 0 
67d4f000-67dcf000 rw-p 00000000 00:00 0          [stack:4929]
67dcf000-67f80000 r--s 01d29000 08:01 3283391    /usr/lib/jvm/java-7-openjdk-i386/jre/lib/rt.jar
67f80000-6a800000 rw-p 00000000 00:00 0 
6a800000-6a8f0000 rw-p 00000000 00:00 0 
6a8f0000-6a900000 ---p 00000000 00:00 0 
6a90a000-6a921000 r-xp 00000000 08:01 3283427    /usr/lib/jvm/java-7-openjdk-i386/jre/lib/i386/libnet.so
6a921000-6a922000 r--p 00017000 08:01 3283427    /usr/lib/jvm/java-7-openjdk-i386/jre/lib/i386/libnet.so
6a922000-6a923000 rw-p 00018000 08:01 3283427    /usr/lib/jvm/java-7-openjdk-i386/jre/lib/i386/libnet.so
6a923000-6a934000 r-xp 00000000 08:01 3283432    /usr/lib/jvm/java-7-openjdk-i386/jre/lib/i386/libnio.so
6a934000-6a935000 r--p 00010000 08:01 3283432    /usr/lib/jvm/java-7-openjdk-i386/jre/lib/i386/libnio.so
6a935000-6a936000 rw-p 00011000 08:01 3283432    /usr/lib/jvm/java-7-openjdk-i386/jre/lib/i386/libnio.so
6a936000-6a97f000 rw-p 00000000 00:00 0 
6a97f000-6a980000 ---p 00000000 00:00 0 
6a980000-6aa00000 rw-p 00000000 00:00 0          [stack:4919]
6aa00000-6aa21000 rw-p 00000000 00:00 0 
6aa21000-6ab00000 ---p 00000000 00:00 0 
6ab00000-6ab21000 rw-p 00000000 00:00 0 
6ab21000-6ac00000 ---p 00000000 00:00 0 
6ac01000-6ac15000 r--s 000d6000 08:01 6949225    /home/rafiqul/Documents/Software Engineering Project/spring2016_s1_cse404/AssetTrackingSystem__Android_Platform/app/build/intermediates/exploded-aar/com.android.support/support-v4/23.0.0/jars/classes.jar
6ac15000-6ac24000 r--s 000df000 08:01 9175179    /home/rafiqul/Android/Sdk/build-tools/23.0.1/lib/dx.jar
6ac24000-6ac7f000 rw-p 00000000 00:00 0 
6ac7f000-6ac80000 ---p 00000000 00:00 0 
6ac80000-6ad00000 rw-p 00000000 00:00 0          [stack:4917]
6ad00000-6ad21000 rw-p 00000000 00:00 0 
6ad21000-6ae00000 ---p 00000000 00:00 0 
6ae0c000-6ae27000 rw-p 00000000 00:00 0 
6ae27000-6ae28000 ---p 00000000 00:00 0 
6ae28000-6aea8000 rw-p 00000000 00:00 0          [stack:4915]
6aea8000-6aea9000 ---p 00000000 00:00 0 
6aea9000-6af31000 rw-p 00000000 00:00 0          [stack:4913]
6af31000-6af69000 rw-p 00000000 00:00 0 
6af69000-6af7e000 rw-p 00000000 00:00 0 
6af7e000-6b0bf000 rw-p 00000000 00:00 0 
6b0bf000-6b0c7000 rw-p 00000000 00:00 0 
6b0c7000-6b0ff000 rw-p 00000000 00:00 0 
6b0ff000-6b114000 rw-p 00000000 00:00 0 
6b114000-6b254000 rw-p 00000000 00:00 0 
6b254000-6b27d000 rw-p 00000000 00:00 0 
6b27d000-6b2ff000 rw-p 00000000 00:00 0 
6b2ff000-6c300000 rw-p 00000000 00:00 0 
6c300000-73300000 rw-p 00000000 00:00 0 
73300000-75bc0000 rw-p 00000000 00:00 0 
75bc0000-9dd80000 rw-p 00000000 00:00 0 
9dd80000-a2d80000 rw-p 00000000 00:00 0 
a7300000-b3300000 rw-p 00000000 00:00 0 
b3301000-b3306000 r-xp 00000000 08:01 3020247    /usr/lib/i386-linux-gnu/libffi.so.6.0.1
b3306000-b3307000 r--p 00005000 08:01 3020247    /usr/lib/i386-linux-gnu/libffi.so.6.0.1
b3307000-b3308000 rw-p 00006000 08:01 3020247    /usr/lib/i386-linux-gnu/libffi.so.6.0.1
b3308000-b330b000 r-xp 00000000 08:01 3020364    /usr/lib/i386-linux-gnu/libgmodule-2.0.so.0.4000.0
b330b000-b330c000 r--p 00002000 08:01 3020364    /usr/lib/i386-linux-gnu/libgmodule-2.0.so.0.4000.0
b330c000-b330d000 rw-p 00003000 08:01 3020364    /usr/lib/i386-linux-gnu/libgmodule-2.0.so.0.4000.0
b330d000-b330e000 r--s 00002000 08:01 3412674    /usr/lib/jvm/java-7-openjdk-i386/jre/lib/ext/dnsns.jar
b330e000-b3317000 rw-p 00000000 00:00 0 
b3317000-b33ce000 rw-p 00000000 00:00 0 
b33ce000-b360e000 rwxp 00000000 00:00 0 
b360e000-b63ce000 rw-p 00000000 00:00 0 
b63ce000-b63d9000 r-xp 00000000 08:01 25035815   /lib/i386-linux-gnu/libnss_files-2.19.so
b63d9000-b63da000 r--p 0000a000 08:01 25035815   /lib/i386-linux-gnu/libnss_files-2.19.so
b63da000-b63db000 rw-p 0000b000 08:01 25035815   /lib/i386-linux-gnu/libnss_files-2.19.so
b63db000-b63e5000 r-xp 00000000 08:01 25035825   /lib/i386-linux-gnu/libnss_nis-2.19.so
b63e5000-b63e6000 r--p 00009000 08:01 25035825   /lib/i386-linux-gnu/libnss_nis-2.19.so
b63e6000-b63e7000 rw-p 0000a000 08:01 25035825   /lib/i386-linux-gnu/libnss_nis-2.19.so
b63e7000-b63fc000 r-xp 00000000 08:01 25035809   /lib/i386-linux-gnu/libnsl-2.19.so
b63fc000-b63fd000 r--p 00015000 08:01 25035809   /lib/i386-linux-gnu/libnsl-2.19.so
b63fd000-b63fe000 rw-p 00016000 08:01 25035809   /lib/i386-linux-gnu/libnsl-2.19.so
b63fe000-b6400000 rw-p 00000000 00:00 0 
b6400000-b6500000 rw-p 00000000 00:00 0 
b6500000-b6502000 r--s 00006000 08:01 3412779    /usr/share/java/java-atk-wrapper.jar
b6502000-b6506000 r--s 00034000 08:01 3412675    /usr/lib/jvm/java-7-openjdk-i386/jre/lib/ext/sunjce_provider.jar
b6506000-b650d000 r-xp 00000000 08:01 25035811   /lib/i386-linux-gnu/libnss_compat-2.19.so
b650d000-b650e000 r--p 00006000 08:01 25035811   /lib/i386-linux-gnu/libnss_compat-2.19.so
b650e000-b650f000 rw-p 00007000 08:01 25035811   /lib/i386-linux-gnu/libnss_compat-2.19.so
b650f000-b6512000 r--s 0000f000 08:01 3412677    /usr/lib/jvm/java-7-openjdk-i386/jre/lib/ext/icedtea-sound.jar
b6512000-b6516000 r--s 00085000 08:01 3412673    /usr/lib/jvm/java-7-openjdk-i386/jre/lib/ext/localedata.jar
b6516000-b651e000 r-xp 00000000 08:01 3283403    /usr/lib/jvm/java-7-openjdk-i386/jre/lib/i386/libzip.so
b651e000-b651f000 r--p 00007000 08:01 3283403    /usr/lib/jvm/java-7-openjdk-i386/jre/lib/i386/libzip.so
b651f000-b6520000 rw-p 00008000 08:01 3283403    /usr/lib/jvm/java-7-openjdk-i386/jre/lib/i386/libzip.so
b6520000-b6528000 rw-s 00000000 08:01 16777240   /tmp/hsperfdata_rafiqul/4902
b6528000-b654f000 r-xp 00000000 08:01 3283435    /usr/lib/jvm/java-7-openjdk-i386/jre/lib/i386/libjava.so
b654f000-b6550000 r--p 00026000 08:01 3283435    /usr/lib/jvm/java-7-openjdk-i386/jre/lib/i386/libjava.so
b6550000-b6551000 rw-p 00027000 08:01 3283435    /usr/lib/jvm/java-7-openjdk-i386/jre/lib/i386/libjava.so
b6551000-b6558000 r-xp 00000000 08:01 25035868   /lib/i386-linux-gnu/librt-2.19.so
b6558000-b6559000 r--p 00006000 08:01 25035868   /lib/i386-linux-gnu/librt-2.19.so
b6559000-b655a000 rw-p 00007000 08:01 25035868   /lib/i386-linux-gnu/librt-2.19.so
b655a000-b655d000 ---p 00000000 00:00 0 
b655d000-b65ab000 rw-p 00000000 00:00 0          [stack:4910]
b65ab000-b65c7000 r-xp 00000000 08:01 25035767   /lib/i386-linux-gnu/libgcc_s.so.1
b65c7000-b65c8000 rw-p 0001b000 08:01 25035767   /lib/i386-linux-gnu/libgcc_s.so.1
b65c8000-b660c000 r-xp 00000000 08:01 25035790   /lib/i386-linux-gnu/libm-2.19.so
b660c000-b660d000 r--p 00043000 08:01 25035790   /lib/i386-linux-gnu/libm-2.19.so
b660d000-b660e000 rw-p 00044000 08:01 25035790   /lib/i386-linux-gnu/libm-2.19.so
b660e000-b66ea000 r-xp 00000000 08:01 3018897    /usr/lib/i386-linux-gnu/libstdc++.so.6.0.19
b66ea000-b66ee000 r--p 000dc000 08:01 3018897    /usr/lib/i386-linux-gnu/libstdc++.so.6.0.19
b66ee000-b66ef000 rw-p 000e0000 08:01 3018897    /usr/lib/i386-linux-gnu/libstdc++.so.6.0.19
b66ef000-b66f6000 rw-p 00000000 00:00 0 
b66f6000-b70e5000 r-xp 00000000 08:01 3412663    /usr/lib/jvm/java-7-openjdk-i386/jre/lib/i386/server/libjvm.so
b70e5000-b7137000 r--p 009ee000 08:01 3412663    /usr/lib/jvm/java-7-openjdk-i386/jre/lib/i386/server/libjvm.so
b7137000-b714b000 rw-p 00a40000 08:01 3412663    /usr/lib/jvm/java-7-openjdk-i386/jre/lib/i386/server/libjvm.so
b714b000-b7569000 rw-p 00000000 00:00 0 
b7569000-b7581000 r-xp 00000000 08:01 25035903   /lib/i386-linux-gnu/libz.so.1.2.8
b7581000-b7582000 r--p 00017000 08:01 25035903   /lib/i386-linux-gnu/libz.so.1.2.8
b7582000-b7583000 rw-p 00018000 08:01 25035903   /lib/i386-linux-gnu/libz.so.1.2.8
b7583000-b759b000 r-xp 00000000 08:01 25035860   /lib/i386-linux-gnu/libpthread-2.19.so
b759b000-b759c000 r--p 00017000 08:01 25035860   /lib/i386-linux-gnu/libpthread-2.19.so
b759c000-b759d000 rw-p 00018000 08:01 25035860   /lib/i386-linux-gnu/libpthread-2.19.so
b759d000-b759f000 rw-p 00000000 00:00 0 
b759f000-b75a2000 r-xp 00000000 08:01 25035757   /lib/i386-linux-gnu/libdl-2.19.so
b75a2000-b75a3000 r--p 00002000 08:01 25035757   /lib/i386-linux-gnu/libdl-2.19.so
b75a3000-b75a4000 rw-p 00003000 08:01 25035757   /lib/i386-linux-gnu/libdl-2.19.so
b75a4000-b774d000 r-xp 00000000 08:01 25035740   /lib/i386-linux-gnu/libc-2.19.so
b774d000-b774f000 r--p 001a9000 08:01 25035740   /lib/i386-linux-gnu/libc-2.19.so
b774f000-b7750000 rw-p 001ab000 08:01 25035740   /lib/i386-linux-gnu/libc-2.19.so
b7750000-b7753000 rw-p 00000000 00:00 0 
b7753000-b7755000 r--s 00012000 08:01 3412678    /usr/lib/jvm/java-7-openjdk-i386/jre/lib/ext/zipfs.jar
b7755000-b7759000 r--s 0003c000 08:01 3412676    /usr/lib/jvm/java-7-openjdk-i386/jre/lib/ext/sunpkcs11.jar
b7759000-b775a000 r--p 00855000 08:01 3022988    /usr/lib/locale/locale-archive
b775a000-b775b000 rw-p 00000000 00:00 0 
b775b000-b775c000 ---p 00000000 00:00 0 
b775c000-b776a000 r-xp 00000000 08:01 3283418    /usr/lib/jvm/java-7-openjdk-i386/jre/lib/i386/libverify.so
b776a000-b776b000 r--p 0000d000 08:01 3283418    /usr/lib/jvm/java-7-openjdk-i386/jre/lib/i386/libverify.so
b776b000-b776c000 rw-p 0000e000 08:01 3283418    /usr/lib/jvm/java-7-openjdk-i386/jre/lib/i386/libverify.so
b776c000-b7778000 r-xp 00000000 08:01 3283406    /usr/lib/jvm/java-7-openjdk-i386/jre/lib/i386/jli/libjli.so
b7778000-b7779000 r--p 0000c000 08:01 3283406    /usr/lib/jvm/java-7-openjdk-i386/jre/lib/i386/jli/libjli.so
b7779000-b777a000 rw-p 0000d000 08:01 3283406    /usr/lib/jvm/java-7-openjdk-i386/jre/lib/i386/jli/libjli.so
b777a000-b777d000 rw-p 00000000 00:00 0 
b777d000-b777e000 r-xp 00000000 00:00 0          [vdso]
b777e000-b779e000 r-xp 00000000 08:01 25035716   /lib/i386-linux-gnu/ld-2.19.so
b779e000-b779f000 r--p 0001f000 08:01 25035716   /lib/i386-linux-gnu/ld-2.19.so
b779f000-b77a0000 rw-p 00020000 08:01 25035716   /lib/i386-linux-gnu/ld-2.19.so
bfd80000-bfd81000 rwxp 00000000 00:00 0 
bfdb3000-bfdd4000 rw-p 00000000 00:00 0          [stack]

VM Arguments:
jvm_args: -Xmx1024M -Dfile.encoding=UTF-8 -Duser.country=US -Duser.language=en -Duser.variant 
java_command: com.android.dx.command.Main --dex --num-threads=4 --output /home/rafiqul/Documents/Software Engineering Project/spring2016_s1_cse404/AssetTrackingSystem__Android_Platform/app/build/intermediates/pre-dexed/debug/classes-4f0c7eb904846bd1a6235e70f11da521d97d6b6d.jar /home/rafiqul/Documents/Software Engineering Project/spring2016_s1_cse404/AssetTrackingSystem__Android_Platform/app/build/intermediates/exploded-aar/com.android.support/support-v4/23.0.0/jars/classes.jar
Launcher Type: SUN_STANDARD

Environment Variables:
JAVA_HOME=/usr/lib/jvm/java-8-oracle
PATH=/usr/local/sbin:/usr/local/bin:/usr/sbin:/usr/bin:/sbin:/bin:/usr/games:/usr/local/games:/usr/lib/jvm/java-8-oracle/bin:/usr/lib/jvm/java-8-oracle/db/bin:/usr/lib/jvm/java-8-oracle/jre/bin
LD_LIBRARY_PATH=/home/rafiqul/android-studio/bin:
SHELL=/bin/bash
DISPLAY=:0

Signal Handlers:
SIGSEGV: [libjvm.so+0x80cb90], sa_mask[0]=0x7ffbfeff, sa_flags=0x10000004
SIGBUS: [libjvm.so+0x80cb90], sa_mask[0]=0x7ffbfeff, sa_flags=0x10000004
SIGFPE: [libjvm.so+0x684e30], sa_mask[0]=0x7ffbfeff, sa_flags=0x10000004
SIGPIPE: [libjvm.so+0x684e30], sa_mask[0]=0x7ffbfeff, sa_flags=0x10000004
SIGXFSZ: [libjvm.so+0x684e30], sa_mask[0]=0x7ffbfeff, sa_flags=0x10000004
SIGILL: [libjvm.so+0x684e30], sa_mask[0]=0x7ffbfeff, sa_flags=0x10000004
SIGUSR1: SIG_DFL, sa_mask[0]=0x00000000, sa_flags=0x00000000
SIGUSR2: [libjvm.so+0x684cc0], sa_mask[0]=0x00000004, sa_flags=0x10000004
SIGHUP: [libjvm.so+0x684ef0], sa_mask[0]=0x7ffbfeff, sa_flags=0x10000004
SIGINT: [libjvm.so+0x684ef0], sa_mask[0]=0x7ffbfeff, sa_flags=0x10000004
SIGTERM: [libjvm.so+0x684ef0], sa_mask[0]=0x7ffbfeff, sa_flags=0x10000004
SIGQUIT: [libjvm.so+0x684ef0], sa_mask[0]=0x7ffbfeff, sa_flags=0x10000004
SIGTRAP: SIG_DFL, sa_mask[0]=0x00000000, sa_flags=0x00000000


---------------  S Y S T E M  ---------------

OS:Ubuntu 14.04 (trusty)
uname:Linux 3.13.0-24-generic #46-Ubuntu SMP Thu Apr 10 19:08:14 UTC 2014 i686
libc:glibc 2.19 NPTL 2.19 
rlimit: STACK 8192k, CORE 0k, NPROC 31106, NOFILE 4096, AS infinity
load average:34.23 17.52 7.66

/proc/meminfo:
MemTotal:        4000684 kB
MemFree:          211084 kB
Buffers:             236 kB
Cached:           321624 kB
SwapCached:            0 kB
Active:          3361280 kB
Inactive:         313976 kB
Active(anon):    3358996 kB
Inactive(anon):   310812 kB
Active(file):       2284 kB
Inactive(file):     3164 kB
Unevictable:          48 kB
Mlocked:              48 kB
HighTotal:       3155716 kB
HighFree:          39588 kB
LowTotal:         844968 kB
LowFree:          171496 kB
SwapTotal:             0 kB
SwapFree:              0 kB
Dirty:                56 kB
Writeback:             0 kB
AnonPages:       3353996 kB
Mapped:           120908 kB
Shmem:            315860 kB
Slab:              50988 kB
SReclaimable:      25768 kB
SUnreclaim:        25220 kB
KernelStack:        5712 kB
PageTables:        19364 kB
NFS_Unstable:          0 kB
Bounce:              560 kB
WritebackTmp:          0 kB
CommitLimit:     2000340 kB
Committed_AS:    8923204 kB
VmallocTotal:     122880 kB
VmallocUsed:       17028 kB
VmallocChunk:      98472 kB
HardwareCorrupted:     0 kB
AnonHugePages:   1357824 kB
HugePages_Total:       0
HugePages_Free:        0
HugePages_Rsvd:        0
HugePages_Surp:        0
Hugepagesize:       2048 kB
DirectMap4k:       36856 kB
DirectMap2M:      874496 kB


CPU:total 4 (2 cores per cpu, 2 threads per core) family 6 model 58 stepping 9, cmov, cx8, fxsr, mmx, sse, sse2, sse3, ssse3, sse4.1, sse4.2, popcnt, avx, erms, ht, tsc, tscinvbit, tscinv

/proc/cpuinfo:
processor	: 0
vendor_id	: GenuineIntel
cpu family	: 6
model		: 58
model name	: Intel(R) Core(TM) i3-3217U CPU @ 1.80GHz
stepping	: 9
microcode	: 0x15
cpu MHz		: 1801.000
cache size	: 3072 KB
physical id	: 0
siblings	: 4
core id		: 0
cpu cores	: 2
apicid		: 0
initial apicid	: 0
fdiv_bug	: no
f00f_bug	: no
coma_bug	: no
fpu		: yes
fpu_exception	: yes
cpuid level	: 13
wp		: yes
flags		: fpu vme de pse tsc msr pae mce cx8 apic sep mtrr pge mca cmov pat pse36 clflush dts acpi mmx fxsr sse sse2 ss ht tm pbe nx rdtscp lm constant_tsc arch_perfmon pebs bts xtopology nonstop_tsc aperfmperf eagerfpu pni pclmulqdq dtes64 monitor ds_cpl vmx est tm2 ssse3 cx16 xtpr pdcm pcid sse4_1 sse4_2 x2apic popcnt tsc_deadline_timer xsave avx f16c lahf_lm ida arat epb xsaveopt pln pts dtherm tpr_shadow vnmi flexpriority ept vpid fsgsbase smep erms
bogomips	: 3591.74
clflush size	: 64
cache_alignment	: 64
address sizes	: 36 bits physical, 48 bits virtual
power management:

processor	: 1
vendor_id	: GenuineIntel
cpu family	: 6
model		: 58
model name	: Intel(R) Core(TM) i3-3217U CPU @ 1.80GHz
stepping	: 9
microcode	: 0x15
cpu MHz		: 774.000
cache size	: 3072 KB
physical id	: 0
siblings	: 4
core id		: 0
cpu cores	: 2
apicid		: 1
initial apicid	: 1
fdiv_bug	: no
f00f_bug	: no
coma_bug	: no
fpu		: yes
fpu_exception	: yes
cpuid level	: 13
wp		: yes
flags		: fpu vme de pse tsc msr pae mce cx8 apic sep mtrr pge mca cmov pat pse36 clflush dts acpi mmx fxsr sse sse2 ss ht tm pbe nx rdtscp lm constant_tsc arch_perfmon pebs bts xtopology nonstop_tsc aperfmperf eagerfpu pni pclmulqdq dtes64 monitor ds_cpl vmx est tm2 ssse3 cx16 xtpr pdcm pcid sse4_1 sse4_2 x2apic popcnt tsc_deadline_timer xsave avx f16c lahf_lm ida arat epb xsaveopt pln pts dtherm tpr_shadow vnmi flexpriority ept vpid fsgsbase smep erms
bogomips	: 3591.74
clflush size	: 64
cache_alignment	: 64
address sizes	: 36 bits physical, 48 bits virtual
power management:

processor	: 2
vendor_id	: GenuineIntel
cpu family	: 6
model		: 58
model name	: Intel(R) Core(TM) i3-3217U CPU @ 1.80GHz
stepping	: 9
microcode	: 0x15
cpu MHz		: 1801.000
cache size	: 3072 KB
physical id	: 0
siblings	: 4
core id		: 1
cpu cores	: 2
apicid		: 2
initial apicid	: 2
fdiv_bug	: no
f00f_bug	: no
coma_bug	: no
fpu		: yes
fpu_exception	: yes
cpuid level	: 13
wp		: yes
flags		: fpu vme de pse tsc msr pae mce cx8 apic sep mtrr pge mca cmov pat pse36 clflush dts acpi mmx fxsr sse sse2 ss ht tm pbe nx rdtscp lm constant_tsc arch_perfmon pebs bts xtopology nonstop_tsc aperfmperf eagerfpu pni pclmulqdq dtes64 monitor ds_cpl vmx est tm2 ssse3 cx16 xtpr pdcm pcid sse4_1 sse4_2 x2apic popcnt tsc_deadline_timer xsave avx f16c lahf_lm ida arat epb xsaveopt pln pts dtherm tpr_shadow vnmi flexpriority ept vpid fsgsbase smep erms
bogomips	: 3591.74
clflush size	: 64
cache_alignment	: 64
address sizes	: 36 bits physical, 48 bits virtual
power management:

processor	: 3
vendor_id	: GenuineIntel
cpu family	: 6
model		: 58
model name	: Intel(R) Core(TM) i3-3217U CPU @ 1.80GHz
stepping	: 9
microcode	: 0x15
cpu MHz		: 1800.000
cache size	: 3072 KB
physical id	: 0
siblings	: 4
core id		: 1
cpu cores	: 2
apicid		: 3
initial apicid	: 3
fdiv_bug	: no
f00f_bug	: no
coma_bug	: no
fpu		: yes
fpu_exception	: yes
cpuid level	: 13
wp		: yes
flags		: fpu vme de pse tsc msr pae mce cx8 apic sep mtrr pge mca cmov pat pse36 clflush dts acpi mmx fxsr sse sse2 ss ht tm pbe nx rdtscp lm constant_tsc arch_perfmon pebs bts xtopology nonstop_tsc aperfmperf eagerfpu pni pclmulqdq dtes64 monitor ds_cpl vmx est tm2 ssse3 cx16 xtpr pdcm pcid sse4_1 sse4_2 x2apic popcnt tsc_deadline_timer xsave avx f16c lahf_lm ida arat epb xsaveopt pln pts dtherm tpr_shadow vnmi flexpriority ept vpid fsgsbase smep erms
bogomips	: 3591.74
clflush size	: 64
cache_alignment	: 64
address sizes	: 36 bits physical, 48 bits virtual
power management:



Memory: 4k page, physical 4000684k(210916k free), swap 0k(0k free)

vm_info: OpenJDK Server VM (24.79-b02) for linux-x86 JRE (1.7.0_79-b14), built on Jul 24 2015 08:25:15 by "buildd" with gcc 4.8.2

time: Sat Apr 16 09:45:27 2016
elapsed time: 127 seconds

