#
# There is insufficient memory for the Java Runtime Environment to continue.
# Native memory allocation (malloc) failed to allocate 146800640 bytes for committing reserved memory.
# Possible reasons:
#   The system is out of physical RAM or swap space
#   In 32 bit mode, the process size limit was hit
# Possible solutions:
#   Reduce memory load on the system
#   Increase physical memory or swap space
#   Check if swap backing store is full
#   Use 64 bit Java on a 64 bit OS
#   Decrease Java heap size (-Xmx/-Xms)
#   Decrease number of Java threads
#   Decrease Java thread stack sizes (-Xss)
#   Set larger code cache with -XX:ReservedCodeCacheSize=
# This output file may be truncated or incomplete.
#
#  Out of Memory Error (os_linux.cpp:2809), pid=5891, tid=1742531392
#
# JRE version: OpenJDK Runtime Environment (7.0_79-b14) (build 1.7.0_79-b14)
# Java VM: OpenJDK Server VM (24.79-b02 mixed mode linux-x86 )
# Derivative: IcedTea 2.5.6
# Distribution: Ubuntu 14.04 LTS, package 7u79-2.5.6-0ubuntu1.14.04.1
# Failed to write core dump. Core dumps have been disabled. To enable core dumping, try "ulimit -c unlimited" before starting Java again
#

---------------  T H R E A D  ---------------

Current thread (0x67c80400):  VMThread [stack: 0x67d4e000,0x67dcf000] [id=5936]

Stack: [0x67d4e000,0x67dcf000]
VM_Operation (0x66fb3ae8): ParallelGCFailedAllocation, mode: safepoint, requested by thread 0x67473400


---------------  P R O C E S S  ---------------

Java Threads: ( => current thread )
  0x67475800 JavaThread "pool-1-thread-4" [_thread_blocked, id=5980, stack(0x66f13000,0x66f64000)]
  0x67473400 JavaThread "pool-1-thread-3" [_thread_blocked, id=5979, stack(0x66f64000,0x66fb5000)]
  0x67467400 JavaThread "pool-1-thread-2" [_thread_blocked, id=5972, stack(0x66fb5000,0x67006000)]
  0x67465c00 JavaThread "pool-2-thread-1" [_thread_blocked, id=5970, stack(0x67006000,0x67057000)]
  0x67464800 JavaThread "pool-1-thread-1" [_thread_blocked, id=5967, stack(0x67057000,0x670a8000)]
  0x67c9d000 JavaThread "Service Thread" daemon [_thread_blocked, id=5958, stack(0x675ad000,0x675fe000)]
  0x67c9b400 JavaThread "C2 CompilerThread1" daemon [_thread_blocked, id=5957, stack(0x675fe000,0x6767f000)]
  0x67c99400 JavaThread "C2 CompilerThread0" daemon [_thread_blocked, id=5956, stack(0x6767f000,0x67700000)]
  0x67c97c00 JavaThread "Signal Dispatcher" daemon [_thread_blocked, id=5955, stack(0x67b0d000,0x67b5e000)]
  0x67c84800 JavaThread "Finalizer" daemon [_thread_blocked, id=5944, stack(0x67b5e000,0x67baf000)]
  0x67c83000 JavaThread "Reference Handler" daemon [_thread_blocked, id=5941, stack(0x67baf000,0x67c00000)]
  0xb6407c00 JavaThread "main" [_thread_blocked, id=5914, stack(0xb654c000,0xb659d000)]

Other Threads:
=>0x67c80400 VMThread [stack: 0x67d4e000,0x67dcf000] [id=5936]
  0x67c9ec00 WatcherThread [stack: 0x6752c000,0x675ad000] [id=5959]

VM state:at safepoint (normal execution)

VM Mutex/Monitor currently owned by a thread:  ([mutex/lock_event])
[0xb6405350] Threads_lock - owner thread: 0x67c80400
[0xb6405760] Heap_lock - owner thread: 0x67473400
[0xb6405c40] MethodData_lock - owner thread: 0xb6407c00

Heap
 PSYoungGen      total 140288K, used 15098K [0x9dd80000, 0xa7700000, 0xb3300000)
  eden space 125184K, 0% used [0x9dd80000,0x9dd80000,0xa57c0000)
  from space 15104K, 99% used [0xa57c0000,0xa667ebb8,0xa6680000)
  to   space 13312K, 0% used [0xa6680000,0xa6680000,0xa7380000)
 ParOldGen       total 41728K, used 40524K [0x73300000, 0x75bc0000, 0x9dd80000)
  object space 41728K, 97% used [0x73300000,0x75a93318,0x75bc0000)
 PSPermGen       total 16384K, used 4217K [0x6b300000, 0x6c300000, 0x73300000)
  object space 16384K, 25% used [0x6b300000,0x6b71e580,0x6c300000)

Card table byte_map: [0x6b0bf000,0x6b300000] byte_map_base: 0x6ad65800

Polling page: 0xb774e000

Code Cache  [0xb33c5000, 0xb3605000, 0xb63c5000)
 total_blobs=527 nmethods=403 adapters=76 free_code_cache=47611Kb largest_free_block=48695744

Compilation events (10 events):
Event: 32.860 Thread 0x67c9b400 nmethod 409 0xb3531448 code [0xb3531560, 0xb353171c]
Event: 32.860 Thread 0x67c9b400  410             com.android.dx.ssa.SsaMethod::getCountReachableBlocks (44 bytes)
Event: 32.884 Thread 0x67c9b400 nmethod 410 0xb34c5148 code [0xb34c5260, 0xb34c547c]
Event: 32.884 Thread 0x67c9b400  411             com.android.dx.ssa.back.SsaToRop::convertBasicBlocks (151 bytes)
Event: 33.250 Thread 0x67c9b400 nmethod 411 0xb3541b08 code [0xb3541e00, 0xb3542fc0]
Event: 33.250 Thread 0x67c9b400  412             com.android.dx.ssa.back.InterferenceGraph::ensureCapacity (42 bytes)
Event: 33.287 Thread 0x67c99400 nmethod 395 0xb3546508 code [0xb3546ee0, 0xb354b204]
Event: 33.287 Thread 0x67c99400  413             com.android.dx.ssa.back.InterferenceGraph::add (46 bytes)
Event: 33.288 Thread 0x67c9b400 nmethod 412 0xb34b8f88 code [0xb34b90e0, 0xb34b9518]
Event: 33.289 Thread 0x67c9b400  414             com.android.dx.cf.code.ValueAwareMachine::run (1142 bytes)

GC Heap History (10 events):
Event: 3.258 GC heap after
Heap after GC invocations=2 (full 0):
 PSYoungGen      total 34304K, used 2556K [0x9dd80000, 0xa0180000, 0xb3300000)
  eden space 31744K, 0% used [0x9dd80000,0x9dd80000,0x9fc80000)
  from space 2560K, 99% used [0x9ff00000,0xa017f000,0xa0180000)
  to   space 2560K, 0% used [0x9fc80000,0x9fc80000,0x9ff00000)
 ParOldGen       total 41728K, used 4471K [0x73300000, 0x75bc0000, 0x9dd80000)
  object space 41728K, 10% used [0x73300000,0x7375df30,0x75bc0000)
 PSPermGen       total 16384K, used 4068K [0x6b300000, 0x6c300000, 0x73300000)
  object space 16384K, 24% used [0x6b300000,0x6b6f91e0,0x6c300000)
}
Event: 7.453 GC heap before
{Heap before GC invocations=3 (full 0):
 PSYoungGen      total 34304K, used 34300K [0x9dd80000, 0xa0180000, 0xb3300000)
  eden space 31744K, 100% used [0x9dd80000,0x9fc80000,0x9fc80000)
  from space 2560K, 99% used [0x9ff00000,0xa017f000,0xa0180000)
  to   space 2560K, 0% used [0x9fc80000,0x9fc80000,0x9ff00000)
 ParOldGen       total 41728K, used 4471K [0x73300000, 0x75bc0000, 0x9dd80000)
  object space 41728K, 10% used [0x73300000,0x7375df30,0x75bc0000)
 PSPermGen       total 16384K, used 4107K [0x6b300000, 0x6c300000, 0x73300000)
  object space 16384K, 25% used [0x6b300000,0x6b702c38,0x6c300000)
Event: 7.558 GC heap after
Heap after GC invocations=3 (full 0):
 PSYoungGen      total 34304K, used 2551K [0x9dd80000, 0xa2080000, 0xb3300000)
  eden space 31744K, 0% used [0x9dd80000,0x9dd80000,0x9fc80000)
  from space 2560K, 99% used [0x9fc80000,0x9fefdc18,0x9ff00000)
  to   space 2560K, 0% used [0xa1e00000,0xa1e00000,0xa2080000)
 ParOldGen       total 41728K, used 10038K [0x73300000, 0x75bc0000, 0x9dd80000)
  object space 41728K, 24% used [0x73300000,0x73ccda78,0x75bc0000)
 PSPermGen       total 16384K, used 4107K [0x6b300000, 0x6c300000, 0x73300000)
  object space 16384K, 25% used [0x6b300000,0x6b702c38,0x6c300000)
}
Event: 11.265 GC heap before
{Heap before GC invocations=4 (full 0):
 PSYoungGen      total 34304K, used 34295K [0x9dd80000, 0xa2080000, 0xb3300000)
  eden space 31744K, 100% used [0x9dd80000,0x9fc80000,0x9fc80000)
  from space 2560K, 99% used [0x9fc80000,0x9fefdc18,0x9ff00000)
  to   space 2560K, 0% used [0xa1e00000,0xa1e00000,0xa2080000)
 ParOldGen       total 41728K, used 10038K [0x73300000, 0x75bc0000, 0x9dd80000)
  object space 41728K, 24% used [0x73300000,0x73ccda78,0x75bc0000)
 PSPermGen       total 16384K, used 4123K [0x6b300000, 0x6c300000, 0x73300000)
  object space 16384K, 25% used [0x6b300000,0x6b706d80,0x6c300000)
Event: 11.415 GC heap after
Heap after GC invocations=4 (full 0):
 PSYoungGen      total 66048K, used 2548K [0x9dd80000, 0xa2080000, 0xb3300000)
  eden space 63488K, 0% used [0x9dd80000,0x9dd80000,0xa1b80000)
  from space 2560K, 99% used [0xa1e00000,0xa207d1d8,0xa2080000)
  to   space 2560K, 0% used [0xa1b80000,0xa1b80000,0xa1e00000)
 ParOldGen       total 41728K, used 15376K [0x73300000, 0x75bc0000, 0x9dd80000)
  object space 41728K, 36% used [0x73300000,0x74204070,0x75bc0000)
 PSPermGen       total 16384K, used 4123K [0x6b300000, 0x6c300000, 0x73300000)
  object space 16384K, 25% used [0x6b300000,0x6b706d80,0x6c300000)
}
Event: 20.005 GC heap before
{Heap before GC invocations=5 (full 0):
 PSYoungGen      total 66048K, used 66036K [0x9dd80000, 0xa2080000, 0xb3300000)
  eden space 63488K, 100% used [0x9dd80000,0xa1b80000,0xa1b80000)
  from space 2560K, 99% used [0xa1e00000,0xa207d1d8,0xa2080000)
  to   space 2560K, 0% used [0xa1b80000,0xa1b80000,0xa1e00000)
 ParOldGen       total 41728K, used 15376K [0x73300000, 0x75bc0000, 0x9dd80000)
  object space 41728K, 36% used [0x73300000,0x74204070,0x75bc0000)
 PSPermGen       total 16384K, used 4154K [0x6b300000, 0x6c300000, 0x73300000)
  object space 16384K, 25% used [0x6b300000,0x6b70eab8,0x6c300000)
Event: 20.346 GC heap after
Heap after GC invocations=5 (full 0):
 PSYoungGen      total 66048K, used 2550K [0x9dd80000, 0xa7380000, 0xb3300000)
  eden space 63488K, 0% used [0x9dd80000,0x9dd80000,0xa1b80000)
  from space 2560K, 99% used [0xa1b80000,0xa1dfdb78,0xa1e00000)
  to   space 13312K, 0% used [0xa6680000,0xa6680000,0xa7380000)
 ParOldGen       total 41728K, used 25366K [0x73300000, 0x75bc0000, 0x9dd80000)
  object space 41728K, 60% used [0x73300000,0x74bc5810,0x75bc0000)
 PSPermGen       total 16384K, used 4154K [0x6b300000, 0x6c300000, 0x73300000)
  object space 16384K, 25% used [0x6b300000,0x6b70eab8,0x6c300000)
}
Event: 26.516 GC heap before
{Heap before GC invocations=6 (full 0):
 PSYoungGen      total 66048K, used 66038K [0x9dd80000, 0xa7380000, 0xb3300000)
  eden space 63488K, 100% used [0x9dd80000,0xa1b80000,0xa1b80000)
  from space 2560K, 99% used [0xa1b80000,0xa1dfdb78,0xa1e00000)
  to   space 13312K, 0% used [0xa6680000,0xa6680000,0xa7380000)
 ParOldGen       total 41728K, used 25366K [0x73300000, 0x75bc0000, 0x9dd80000)
  object space 41728K, 60% used [0x73300000,0x74bc5810,0x75bc0000)
 PSPermGen       total 16384K, used 4170K [0x6b300000, 0x6c300000, 0x73300000)
  object space 16384K, 25% used [0x6b300000,0x6b712b98,0x6c300000)
Event: 26.814 GC heap after
Heap after GC invocations=6 (full 0):
 PSYoungGen      total 138496K, used 12302K [0x9dd80000, 0xa7700000, 0xb3300000)
  eden space 125184K, 0% used [0x9dd80000,0x9dd80000,0xa57c0000)
  from space 13312K, 92% used [0xa6680000,0xa7283aa8,0xa7380000)
  to   space 15104K, 0% used [0xa57c0000,0xa57c0000,0xa6680000)
 ParOldGen       total 41728K, used 25366K [0x73300000, 0x75bc0000, 0x9dd80000)
  object space 41728K, 60% used [0x73300000,0x74bc5810,0x75bc0000)
 PSPermGen       total 16384K, used 4170K [0x6b300000, 0x6c300000, 0x73300000)
  object space 16384K, 25% used [0x6b300000,0x6b712b98,0x6c300000)
}
Event: 33.382 GC heap before
{Heap before GC invocations=7 (full 0):
 PSYoungGen      total 138496K, used 137486K [0x9dd80000, 0xa7700000, 0xb3300000)
  eden space 125184K, 100% used [0x9dd80000,0xa57c0000,0xa57c0000)
  from space 13312K, 92% used [0xa6680000,0xa7283aa8,0xa7380000)
  to   space 15104K, 0% used [0xa57c0000,0xa57c0000,0xa6680000)
 ParOldGen       total 41728K, used 25366K [0x73300000, 0x75bc0000, 0x9dd80000)
  object space 41728K, 60% used [0x73300000,0x74bc5810,0x75bc0000)
 PSPermGen       total 16384K, used 4217K [0x6b300000, 0x6c300000, 0x73300000)
  object space 16384K, 25% used [0x6b300000,0x6b71e580,0x6c300000)

Deoptimization events (10 events):
Event: 10.370 Thread 0x67464800 Uncommon trap: reason=unreached action=reinterpret pc=0xb348e3c8 method=com.android.dx.rop.code.LocalVariableExtractor.processBlock(I)V @ 195
Event: 11.846 Thread 0xb6407c00 Uncommon trap: reason=unreached action=reinterpret pc=0xb3483e38 method=com.android.dx.ssa.SCCP.simulateBranch(Lcom/android/dx/ssa/SsaInsn;)V @ 132
Event: 11.848 Thread 0xb6407c00 Uncommon trap: reason=unreached action=reinterpret pc=0xb346aebc method=com.android.dx.ssa.SsaMethod.updateOneDefinition(Lcom/android/dx/ssa/SsaInsn;Lcom/android/dx/rop/code/RegisterSpec;)V @ 4
Event: 11.940 Thread 0x67467400 Uncommon trap: reason=null_check action=make_not_entrant pc=0xb343f690 method=com.android.dx.rop.type.Type.equals(Ljava/lang/Object;)Z @ 8
Event: 17.059 Thread 0xb6407c00 Uncommon trap: reason=unloaded action=reinterpret pc=0xb3496c64 method=com.android.dx.cf.cst.ConstantPoolParser.parse0(ILjava/util/BitSet;)Lcom/android/dx/rop/cst/Constant; @ 220
Event: 22.720 Thread 0x67467400 Uncommon trap: reason=null_check action=make_not_entrant pc=0xb34bdef8 method=com.android.dx.cf.code.Ropper$CatchInfo.getSetup(Lcom/android/dx/rop/type/Type;)Lcom/android/dx/cf/code/Ropper$ExceptionHandlerSetup; @ 10
Event: 28.352 Thread 0xb6407c00 Uncommon trap: reason=bimorphic action=maybe_recompile pc=0xb350a90c method=com.android.dx.cf.code.BytecodeArray.parseInstruction(ILcom/android/dx/cf/code/BytecodeArray$Visitor;)I @ 1357
Event: 28.403 Thread 0xb6407c00 Uncommon trap: reason=bimorphic action=maybe_recompile pc=0xb350a90c method=com.android.dx.cf.code.BytecodeArray.parseInstruction(ILcom/android/dx/cf/code/BytecodeArray$Visitor;)I @ 1357
Event: 28.638 Thread 0xb6407c00 Uncommon trap: reason=bimorphic action=maybe_recompile pc=0xb350a90c method=com.android.dx.cf.code.BytecodeArray.parseInstruction(ILcom/android/dx/cf/code/BytecodeArray$Visitor;)I @ 1357
Event: 28.669 Thread 0xb6407c00 Uncommon trap: reason=bimorphic action=maybe_recompile pc=0xb350a90c method=com.android.dx.cf.code.BytecodeArray.parseInstruction(ILcom/android/dx/cf/code/BytecodeArray$Visitor;)I @ 1357

Internal exceptions (10 events):
Event: 1.148 Thread 0x67467400 Threw 0x9e89eb60 at /build/openjdk-7-OXg_HK/openjdk-7-7u79-2.5.6/build/openjdk/hotspot/src/share/vm/prims/jvm.cpp:1284
Event: 1.643 Thread 0x67473400 Threw 0x9ec45360 at /build/openjdk-7-OXg_HK/openjdk-7-7u79-2.5.6/build/openjdk/hotspot/src/share/vm/prims/jvm.cpp:1284
Event: 1.812 Thread 0x67464800 Threw 0x9dda6768 at /build/openjdk-7-OXg_HK/openjdk-7-7u79-2.5.6/build/openjdk/hotspot/src/share/vm/prims/jvm.cpp:1284
Event: 2.151 Thread 0xb6407c00 Implicit null exception at 0xb34326e2 to 0xb3432cd1
Event: 6.965 Thread 0x67467400 Implicit null exception at 0xb345c649 to 0xb345d9b9
Event: 8.408 Thread 0x67473400 Threw 0x9e3532f0 at /build/openjdk-7-OXg_HK/openjdk-7-7u79-2.5.6/build/openjdk/hotspot/src/share/vm/prims/jvm.cpp:1284
Event: 11.848 Thread 0xb6407c00 Threw 0x9e019c80 at /build/openjdk-7-OXg_HK/openjdk-7-7u79-2.5.6/build/openjdk/hotspot/src/share/vm/prims/jvm.cpp:1284
Event: 11.940 Thread 0x67467400 Implicit null exception at 0xb343f5ab to 0xb343f682
Event: 22.562 Thread 0xb6407c00 Threw 0x9e9d3d00 at /build/openjdk-7-OXg_HK/openjdk-7-7u79-2.5.6/build/openjdk/hotspot/src/share/vm/prims/jvm.cpp:1284
Event: 22.720 Thread 0x67467400 Implicit null exception at 0xb34bab7c to 0xb34bdeb5

Events (10 events):
Event: 28.669 Thread 0xb6407c00 Uncommon trap: trap_request=0xffffffc6 fr.pc=0xb350a90c
Event: 28.669 Thread 0xb6407c00 DEOPT PACKING pc=0xb350a90c sp=0xb659b6d0
Event: 28.669 Thread 0xb6407c00 DEOPT UNPACKING pc=0xb33f1bc8 sp=0xb659b6e0 mode 2
Event: 29.270 Thread 0x67c9b400 flushing nmethod 0xb343f488
Event: 29.837 Thread 0x67c99400 flushing nmethod 0xb346ad88
Event: 29.893 Thread 0x67c99400 flushing nmethod 0xb34818c8
Event: 29.894 Thread 0x67c99400 flushing nmethod 0xb348cc48
Event: 29.894 Thread 0x67c99400 flushing nmethod 0xb34962c8
Event: 31.753 Thread 0x67c9b400 flushing nmethod 0xb34b8448
Event: 33.382 Executing VM operation: ParallelGCFailedAllocation


Dynamic libraries:
08048000-08049000 r-xp 00000000 08:01 3412725    /usr/lib/jvm/java-7-openjdk-i386/jre/bin/java
08049000-0804a000 r--p 00000000 08:01 3412725    /usr/lib/jvm/java-7-openjdk-i386/jre/bin/java
0804a000-0804b000 rw-p 00001000 08:01 3412725    /usr/lib/jvm/java-7-openjdk-i386/jre/bin/java
09fa8000-0a058000 rw-p 00000000 00:00 0          [heap]
65100000-65129000 rw-p 00000000 00:00 0 
65129000-65200000 ---p 00000000 00:00 0 
65300000-653f2000 rw-p 00000000 00:00 0 
653f2000-65400000 ---p 00000000 00:00 0 
65500000-655fd000 rw-p 00000000 00:00 0 
655fd000-65600000 ---p 00000000 00:00 0 
65600000-656ff000 rw-p 00000000 00:00 0 
656ff000-65700000 ---p 00000000 00:00 0 
65700000-65800000 rw-p 00000000 00:00 0 
65800000-658d8000 rw-p 00000000 00:00 0 
658d8000-65900000 ---p 00000000 00:00 0 
65900000-659f1000 rw-p 00000000 00:00 0 
659f1000-65a00000 ---p 00000000 00:00 0 
65a00000-65aff000 rw-p 00000000 00:00 0 
65aff000-65b00000 ---p 00000000 00:00 0 
65b00000-65bf9000 rw-p 00000000 00:00 0 
65bf9000-65c00000 ---p 00000000 00:00 0 
65c00000-65cfb000 rw-p 00000000 00:00 0 
65cfb000-65d00000 ---p 00000000 00:00 0 
65e00000-65efd000 rw-p 00000000 00:00 0 
65efd000-65f00000 ---p 00000000 00:00 0 
66000000-660fc000 rw-p 00000000 00:00 0 
660fc000-66100000 ---p 00000000 00:00 0 
66100000-66200000 rw-p 00000000 00:00 0 
66200000-662f9000 rw-p 00000000 00:00 0 
662f9000-66300000 ---p 00000000 00:00 0 
66400000-664f4000 rw-p 00000000 00:00 0 
664f4000-66500000 ---p 00000000 00:00 0 
66500000-66600000 rw-p 00000000 00:00 0 
66600000-666fa000 rw-p 00000000 00:00 0 
666fa000-66700000 ---p 00000000 00:00 0 
66800000-668fa000 rw-p 00000000 00:00 0 
668fa000-66900000 ---p 00000000 00:00 0 
66a00000-66afe000 rw-p 00000000 00:00 0 
66afe000-66b00000 ---p 00000000 00:00 0 
66b00000-66c00000 rw-p 00000000 00:00 0 
66c00000-66ce0000 rw-p 00000000 00:00 0 
66ce0000-66d00000 ---p 00000000 00:00 0 
66d00000-66dfa000 rw-p 00000000 00:00 0 
66dfa000-66e00000 ---p 00000000 00:00 0 
66e00000-66ee2000 rw-p 00000000 00:00 0 
66ee2000-66f00000 ---p 00000000 00:00 0 
66f13000-66f16000 ---p 00000000 00:00 0 
66f16000-66f64000 rw-p 00000000 00:00 0          [stack:5980]
66f64000-66f67000 ---p 00000000 00:00 0 
66f67000-66fb5000 rw-p 00000000 00:00 0          [stack:5979]
66fb5000-66fb8000 ---p 00000000 00:00 0 
66fb8000-67006000 rw-p 00000000 00:00 0          [stack:5972]
67006000-67009000 ---p 00000000 00:00 0 
67009000-67057000 rw-p 00000000 00:00 0          [stack:5970]
67057000-6705a000 ---p 00000000 00:00 0 
6705a000-670a8000 rw-p 00000000 00:00 0          [stack:5967]
670a8000-670e4000 r-xp 00000000 08:01 25035843   /lib/i386-linux-gnu/libpcre.so.3.13.1
670e4000-670e5000 r--p 0003b000 08:01 25035843   /lib/i386-linux-gnu/libpcre.so.3.13.1
670e5000-670e6000 rw-p 0003c000 08:01 25035843   /lib/i386-linux-gnu/libpcre.so.3.13.1
670e6000-670f9000 r-xp 00000000 08:01 25035866   /lib/i386-linux-gnu/libresolv-2.19.so
670f9000-670fa000 ---p 00013000 08:01 25035866   /lib/i386-linux-gnu/libresolv-2.19.so
670fa000-670fb000 r--p 00013000 08:01 25035866   /lib/i386-linux-gnu/libresolv-2.19.so
670fb000-670fc000 rw-p 00014000 08:01 25035866   /lib/i386-linux-gnu/libresolv-2.19.so
670fc000-670fe000 rw-p 00000000 00:00 0 
670fe000-6711e000 r-xp 00000000 08:01 25035870   /lib/i386-linux-gnu/libselinux.so.1
6711e000-6711f000 r--p 0001f000 08:01 25035870   /lib/i386-linux-gnu/libselinux.so.1
6711f000-67120000 rw-p 00020000 08:01 25035870   /lib/i386-linux-gnu/libselinux.so.1
67120000-67121000 rw-p 00000000 00:00 0 
67121000-6722b000 r-xp 00000000 08:01 25035771   /lib/i386-linux-gnu/libglib-2.0.so.0.4000.0
6722b000-6722c000 r--p 00109000 08:01 25035771   /lib/i386-linux-gnu/libglib-2.0.so.0.4000.0
6722c000-6722d000 rw-p 0010a000 08:01 25035771   /lib/i386-linux-gnu/libglib-2.0.so.0.4000.0
6722d000-6727d000 r-xp 00000000 08:01 3020380    /usr/lib/i386-linux-gnu/libgobject-2.0.so.0.4000.0
6727d000-6727e000 r--p 0004f000 08:01 3020380    /usr/lib/i386-linux-gnu/libgobject-2.0.so.0.4000.0
6727e000-6727f000 rw-p 00050000 08:01 3020380    /usr/lib/i386-linux-gnu/libgobject-2.0.so.0.4000.0
6727f000-673fc000 r-xp 00000000 08:01 3020350    /usr/lib/i386-linux-gnu/libgio-2.0.so.0.4000.0
673fc000-673fe000 r--p 0017c000 08:01 3020350    /usr/lib/i386-linux-gnu/libgio-2.0.so.0.4000.0
673fe000-673ff000 rw-p 0017e000 08:01 3020350    /usr/lib/i386-linux-gnu/libgio-2.0.so.0.4000.0
673ff000-67400000 rw-p 00000000 00:00 0 
67400000-67489000 rw-p 00000000 00:00 0 
67489000-67500000 ---p 00000000 00:00 0 
6752c000-6752d000 ---p 00000000 00:00 0 
6752d000-675ad000 rw-p 00000000 00:00 0          [stack:5959]
675ad000-675b0000 ---p 00000000 00:00 0 
675b0000-675fe000 rw-p 00000000 00:00 0          [stack:5958]
675fe000-67601000 ---p 00000000 00:00 0 
67601000-6767f000 rw-p 00000000 00:00 0          [stack:5957]
6767f000-67682000 ---p 00000000 00:00 0 
67682000-67700000 rw-p 00000000 00:00 0          [stack:5956]
67700000-67900000 r--p 00000000 08:01 3022988    /usr/lib/locale/locale-archive
67900000-67921000 rw-p 00000000 00:00 0 
67921000-67a00000 ---p 00000000 00:00 0 
67a00000-67ae0000 rw-p 00000000 00:00 0 
67ae0000-67b00000 ---p 00000000 00:00 0 
67b0d000-67b10000 ---p 00000000 00:00 0 
67b10000-67b5e000 rw-p 00000000 00:00 0          [stack:5955]
67b5e000-67b61000 ---p 00000000 00:00 0 
67b61000-67baf000 rw-p 00000000 00:00 0          [stack:5944]
67baf000-67bb2000 ---p 00000000 00:00 0 
67bb2000-67c00000 rw-p 00000000 00:00 0          [stack:5941]
67c00000-67d00000 rw-p 00000000 00:00 0 
67d0c000-67d4e000 r--p 00858000 08:01 3022988    /usr/lib/locale/locale-archive
67d4e000-67d4f000 ---p 00000000 00:00 0 
67d4f000-67dcf000 rw-p 00000000 00:00 0          [stack:5936]
67dcf000-67f80000 r--s 01d29000 08:01 3283391    /usr/lib/jvm/java-7-openjdk-i386/jre/lib/rt.jar
67f80000-6a800000 rw-p 00000000 00:00 0 
6a800000-6a8f9000 rw-p 00000000 00:00 0 
6a8f9000-6a900000 ---p 00000000 00:00 0 
6a90a000-6a921000 r-xp 00000000 08:01 3283427    /usr/lib/jvm/java-7-openjdk-i386/jre/lib/i386/libnet.so
6a921000-6a922000 r--p 00017000 08:01 3283427    /usr/lib/jvm/java-7-openjdk-i386/jre/lib/i386/libnet.so
6a922000-6a923000 rw-p 00018000 08:01 3283427    /usr/lib/jvm/java-7-openjdk-i386/jre/lib/i386/libnet.so
6a923000-6a934000 r-xp 00000000 08:01 3283432    /usr/lib/jvm/java-7-openjdk-i386/jre/lib/i386/libnio.so
6a934000-6a935000 r--p 00010000 08:01 3283432    /usr/lib/jvm/java-7-openjdk-i386/jre/lib/i386/libnio.so
6a935000-6a936000 rw-p 00011000 08:01 3283432    /usr/lib/jvm/java-7-openjdk-i386/jre/lib/i386/libnio.so
6a936000-6a97f000 rw-p 00000000 00:00 0 
6a97f000-6a980000 ---p 00000000 00:00 0 
6a980000-6aa00000 rw-p 00000000 00:00 0          [stack:5928]
6aa00000-6aa21000 rw-p 00000000 00:00 0 
6aa21000-6ab00000 ---p 00000000 00:00 0 
6ab00000-6ab21000 rw-p 00000000 00:00 0 
6ab21000-6ac00000 ---p 00000000 00:00 0 
6ac01000-6ac15000 r--s 000d6000 08:01 26870748   /home/rafiqul/Documents/Software Engineering Project/spring2016_s1_cse404/AssetTrackingSystem__Android_Platform/app/build/intermediates/exploded-aar/com.android.support/support-v4/23.0.0/jars/classes.jar
6ac15000-6ac24000 r--s 000df000 08:01 9175179    /home/rafiqul/Android/Sdk/build-tools/23.0.1/lib/dx.jar
6ac24000-6ac7f000 rw-p 00000000 00:00 0 
6ac7f000-6ac80000 ---p 00000000 00:00 0 
6ac80000-6ad00000 rw-p 00000000 00:00 0          [stack:5925]
6ad00000-6ad2c000 rw-p 00000000 00:00 0 
6ad2c000-6ae00000 ---p 00000000 00:00 0 
6ae00000-6ae05000 r-xp 00000000 08:01 3020247    /usr/lib/i386-linux-gnu/libffi.so.6.0.1
6ae05000-6ae06000 r--p 00005000 08:01 3020247    /usr/lib/i386-linux-gnu/libffi.so.6.0.1
6ae06000-6ae07000 rw-p 00006000 08:01 3020247    /usr/lib/i386-linux-gnu/libffi.so.6.0.1
6ae07000-6ae0a000 r-xp 00000000 08:01 3020364    /usr/lib/i386-linux-gnu/libgmodule-2.0.so.0.4000.0
6ae0a000-6ae0b000 r--p 00002000 08:01 3020364    /usr/lib/i386-linux-gnu/libgmodule-2.0.so.0.4000.0
6ae0b000-6ae0c000 rw-p 00003000 08:01 3020364    /usr/lib/i386-linux-gnu/libgmodule-2.0.so.0.4000.0
6ae0c000-6ae27000 rw-p 00000000 00:00 0 
6ae27000-6ae28000 ---p 00000000 00:00 0 
6ae28000-6aea8000 rw-p 00000000 00:00 0          [stack:5921]
6aea8000-6aea9000 ---p 00000000 00:00 0 
6aea9000-6af31000 rw-p 00000000 00:00 0          [stack:5917]
6af31000-6af69000 rw-p 00000000 00:00 0 
6af69000-6af7e000 rw-p 00000000 00:00 0 
6af7e000-6b0bf000 rw-p 00000000 00:00 0 
6b0bf000-6b0c7000 rw-p 00000000 00:00 0 
6b0c7000-6b0ff000 rw-p 00000000 00:00 0 
6b0ff000-6b114000 rw-p 00000000 00:00 0 
6b114000-6b254000 rw-p 00000000 00:00 0 
6b254000-6b2a1000 rw-p 00000000 00:00 0 
6b2a1000-6b2ff000 rw-p 00000000 00:00 0 
6b2ff000-6c300000 rw-p 00000000 00:00 0 
6c300000-73300000 rw-p 00000000 00:00 0 
73300000-75bc0000 rw-p 00000000 00:00 0 
75bc0000-9dd80000 rw-p 00000000 00:00 0 
9dd80000-a7700000 rw-p 00000000 00:00 0 
b0300000-b3300000 rw-p 00000000 00:00 0 
b3300000-b3302000 r--s 00006000 08:01 3412779    /usr/share/java/java-atk-wrapper.jar
b3302000-b3305000 r--s 0000f000 08:01 3412677    /usr/lib/jvm/java-7-openjdk-i386/jre/lib/ext/icedtea-sound.jar
b3305000-b330e000 rw-p 00000000 00:00 0 
b330e000-b33c5000 rw-p 00000000 00:00 0 
b33c5000-b3605000 rwxp 00000000 00:00 0 
b3605000-b63c5000 rw-p 00000000 00:00 0 
b63c5000-b63d0000 r-xp 00000000 08:01 25035815   /lib/i386-linux-gnu/libnss_files-2.19.so
b63d0000-b63d1000 r--p 0000a000 08:01 25035815   /lib/i386-linux-gnu/libnss_files-2.19.so
b63d1000-b63d2000 rw-p 0000b000 08:01 25035815   /lib/i386-linux-gnu/libnss_files-2.19.so
b63d2000-b63dc000 r-xp 00000000 08:01 25035825   /lib/i386-linux-gnu/libnss_nis-2.19.so
b63dc000-b63dd000 r--p 00009000 08:01 25035825   /lib/i386-linux-gnu/libnss_nis-2.19.so
b63dd000-b63de000 rw-p 0000a000 08:01 25035825   /lib/i386-linux-gnu/libnss_nis-2.19.so
b63de000-b63f3000 r-xp 00000000 08:01 25035809   /lib/i386-linux-gnu/libnsl-2.19.so
b63f3000-b63f4000 r--p 00015000 08:01 25035809   /lib/i386-linux-gnu/libnsl-2.19.so
b63f4000-b63f5000 rw-p 00016000 08:01 25035809   /lib/i386-linux-gnu/libnsl-2.19.so
b63f5000-b63f7000 rw-p 00000000 00:00 0 
b63f7000-b63fe000 r-xp 00000000 08:01 25035811   /lib/i386-linux-gnu/libnss_compat-2.19.so
b63fe000-b63ff000 r--p 00006000 08:01 25035811   /lib/i386-linux-gnu/libnss_compat-2.19.so
b63ff000-b6400000 rw-p 00007000 08:01 25035811   /lib/i386-linux-gnu/libnss_compat-2.19.so
b6400000-b6500000 rw-p 00000000 00:00 0 
b6500000-b6501000 r--s 00002000 08:01 3412674    /usr/lib/jvm/java-7-openjdk-i386/jre/lib/ext/dnsns.jar
b6501000-b6503000 r--s 00012000 08:01 3412678    /usr/lib/jvm/java-7-openjdk-i386/jre/lib/ext/zipfs.jar
b6503000-b6507000 r--s 00034000 08:01 3412675    /usr/lib/jvm/java-7-openjdk-i386/jre/lib/ext/sunjce_provider.jar
b6507000-b650b000 r--s 00085000 08:01 3412673    /usr/lib/jvm/java-7-openjdk-i386/jre/lib/ext/localedata.jar
b650b000-b650f000 r--s 0003c000 08:01 3412676    /usr/lib/jvm/java-7-openjdk-i386/jre/lib/ext/sunpkcs11.jar
b650f000-b6510000 r--p 00855000 08:01 3022988    /usr/lib/locale/locale-archive
b6510000-b6518000 r-xp 00000000 08:01 3283403    /usr/lib/jvm/java-7-openjdk-i386/jre/lib/i386/libzip.so
b6518000-b6519000 r--p 00007000 08:01 3283403    /usr/lib/jvm/java-7-openjdk-i386/jre/lib/i386/libzip.so
b6519000-b651a000 rw-p 00008000 08:01 3283403    /usr/lib/jvm/java-7-openjdk-i386/jre/lib/i386/libzip.so
b651a000-b6541000 r-xp 00000000 08:01 3283435    /usr/lib/jvm/java-7-openjdk-i386/jre/lib/i386/libjava.so
b6541000-b6542000 r--p 00026000 08:01 3283435    /usr/lib/jvm/java-7-openjdk-i386/jre/lib/i386/libjava.so
b6542000-b6543000 rw-p 00027000 08:01 3283435    /usr/lib/jvm/java-7-openjdk-i386/jre/lib/i386/libjava.so
b6543000-b654a000 r-xp 00000000 08:01 25035868   /lib/i386-linux-gnu/librt-2.19.so
b654a000-b654b000 r--p 00006000 08:01 25035868   /lib/i386-linux-gnu/librt-2.19.so
b654b000-b654c000 rw-p 00007000 08:01 25035868   /lib/i386-linux-gnu/librt-2.19.so
b654c000-b654f000 ---p 00000000 00:00 0 
b654f000-b659d000 rw-p 00000000 00:00 0          [stack:5914]
b659d000-b65b9000 r-xp 00000000 08:01 25035767   /lib/i386-linux-gnu/libgcc_s.so.1
b65b9000-b65ba000 rw-p 0001b000 08:01 25035767   /lib/i386-linux-gnu/libgcc_s.so.1
b65ba000-b65fe000 r-xp 00000000 08:01 25035790   /lib/i386-linux-gnu/libm-2.19.so
b65fe000-b65ff000 r--p 00043000 08:01 25035790   /lib/i386-linux-gnu/libm-2.19.so
b65ff000-b6600000 rw-p 00044000 08:01 25035790   /lib/i386-linux-gnu/libm-2.19.so
b6600000-b66dc000 r-xp 00000000 08:01 3018897    /usr/lib/i386-linux-gnu/libstdc++.so.6.0.19
b66dc000-b66e0000 r--p 000dc000 08:01 3018897    /usr/lib/i386-linux-gnu/libstdc++.so.6.0.19
b66e0000-b66e1000 rw-p 000e0000 08:01 3018897    /usr/lib/i386-linux-gnu/libstdc++.so.6.0.19
b66e1000-b66e8000 rw-p 00000000 00:00 0 
b66e8000-b70d7000 r-xp 00000000 08:01 3412663    /usr/lib/jvm/java-7-openjdk-i386/jre/lib/i386/server/libjvm.so
b70d7000-b7129000 r--p 009ee000 08:01 3412663    /usr/lib/jvm/java-7-openjdk-i386/jre/lib/i386/server/libjvm.so
b7129000-b713d000 rw-p 00a40000 08:01 3412663    /usr/lib/jvm/java-7-openjdk-i386/jre/lib/i386/server/libjvm.so
b713d000-b755b000 rw-p 00000000 00:00 0 
b755b000-b7573000 r-xp 00000000 08:01 25035903   /lib/i386-linux-gnu/libz.so.1.2.8
b7573000-b7574000 r--p 00017000 08:01 25035903   /lib/i386-linux-gnu/libz.so.1.2.8
b7574000-b7575000 rw-p 00018000 08:01 25035903   /lib/i386-linux-gnu/libz.so.1.2.8
b7575000-b758d000 r-xp 00000000 08:01 25035860   /lib/i386-linux-gnu/libpthread-2.19.so
b758d000-b758e000 r--p 00017000 08:01 25035860   /lib/i386-linux-gnu/libpthread-2.19.so
b758e000-b758f000 rw-p 00018000 08:01 25035860   /lib/i386-linux-gnu/libpthread-2.19.so
b758f000-b7591000 rw-p 00000000 00:00 0 
b7591000-b7594000 r-xp 00000000 08:01 25035757   /lib/i386-linux-gnu/libdl-2.19.so
b7594000-b7595000 r--p 00002000 08:01 25035757   /lib/i386-linux-gnu/libdl-2.19.so
b7595000-b7596000 rw-p 00003000 08:01 25035757   /lib/i386-linux-gnu/libdl-2.19.so
b7596000-b773f000 r-xp 00000000 08:01 25035740   /lib/i386-linux-gnu/libc-2.19.so
b773f000-b7741000 r--p 001a9000 08:01 25035740   /lib/i386-linux-gnu/libc-2.19.so
b7741000-b7742000 rw-p 001ab000 08:01 25035740   /lib/i386-linux-gnu/libc-2.19.so
b7742000-b7745000 rw-p 00000000 00:00 0 
b7745000-b774d000 rw-s 00000000 08:01 16646309   /tmp/hsperfdata_rafiqul/5891
b774d000-b774e000 rw-p 00000000 00:00 0 
b774e000-b774f000 ---p 00000000 00:00 0 
b774f000-b775d000 r-xp 00000000 08:01 3283418    /usr/lib/jvm/java-7-openjdk-i386/jre/lib/i386/libverify.so
b775d000-b775e000 r--p 0000d000 08:01 3283418    /usr/lib/jvm/java-7-openjdk-i386/jre/lib/i386/libverify.so
b775e000-b775f000 rw-p 0000e000 08:01 3283418    /usr/lib/jvm/java-7-openjdk-i386/jre/lib/i386/libverify.so
b775f000-b776b000 r-xp 00000000 08:01 3283406    /usr/lib/jvm/java-7-openjdk-i386/jre/lib/i386/jli/libjli.so
b776b000-b776c000 r--p 0000c000 08:01 3283406    /usr/lib/jvm/java-7-openjdk-i386/jre/lib/i386/jli/libjli.so
b776c000-b776d000 rw-p 0000d000 08:01 3283406    /usr/lib/jvm/java-7-openjdk-i386/jre/lib/i386/jli/libjli.so
b776d000-b7770000 rw-p 00000000 00:00 0 
b7770000-b7771000 r-xp 00000000 00:00 0          [vdso]
b7771000-b7791000 r-xp 00000000 08:01 25035716   /lib/i386-linux-gnu/ld-2.19.so
b7791000-b7792000 r--p 0001f000 08:01 25035716   /lib/i386-linux-gnu/ld-2.19.so
b7792000-b7793000 rw-p 00020000 08:01 25035716   /lib/i386-linux-gnu/ld-2.19.so
bfb10000-bfb11000 rwxp 00000000 00:00 0 
bfb43000-bfb64000 rw-p 00000000 00:00 0          [stack]

VM Arguments:
jvm_args: -Xmx1024M -Dfile.encoding=UTF-8 -Duser.country=US -Duser.language=en -Duser.variant 
java_command: com.android.dx.command.Main --dex --num-threads=4 --output /home/rafiqul/Documents/Software Engineering Project/spring2016_s1_cse404/AssetTrackingSystem__Android_Platform/app/build/intermediates/pre-dexed/debug/classes-4f0c7eb904846bd1a6235e70f11da521d97d6b6d.jar /home/rafiqul/Documents/Software Engineering Project/spring2016_s1_cse404/AssetTrackingSystem__Android_Platform/app/build/intermediates/exploded-aar/com.android.support/support-v4/23.0.0/jars/classes.jar
Launcher Type: SUN_STANDARD

Environment Variables:
JAVA_HOME=/usr/lib/jvm/java-8-oracle
PATH=/usr/local/sbin:/usr/local/bin:/usr/sbin:/usr/bin:/sbin:/bin:/usr/games:/usr/local/games:/usr/lib/jvm/java-8-oracle/bin:/usr/lib/jvm/java-8-oracle/db/bin:/usr/lib/jvm/java-8-oracle/jre/bin
LD_LIBRARY_PATH=/home/rafiqul/android-studio/bin:
SHELL=/bin/bash
DISPLAY=:0

Signal Handlers:
SIGSEGV: [libjvm.so+0x80cb90], sa_mask[0]=0x7ffbfeff, sa_flags=0x10000004
SIGBUS: [libjvm.so+0x80cb90], sa_mask[0]=0x7ffbfeff, sa_flags=0x10000004
SIGFPE: [libjvm.so+0x684e30], sa_mask[0]=0x7ffbfeff, sa_flags=0x10000004
SIGPIPE: [libjvm.so+0x684e30], sa_mask[0]=0x7ffbfeff, sa_flags=0x10000004
SIGXFSZ: [libjvm.so+0x684e30], sa_mask[0]=0x7ffbfeff, sa_flags=0x10000004
SIGILL: [libjvm.so+0x684e30], sa_mask[0]=0x7ffbfeff, sa_flags=0x10000004
SIGUSR1: SIG_DFL, sa_mask[0]=0x00000000, sa_flags=0x00000000
SIGUSR2: [libjvm.so+0x684cc0], sa_mask[0]=0x00000004, sa_flags=0x10000004
SIGHUP: [libjvm.so+0x684ef0], sa_mask[0]=0x7ffbfeff, sa_flags=0x10000004
SIGINT: [libjvm.so+0x684ef0], sa_mask[0]=0x7ffbfeff, sa_flags=0x10000004
SIGTERM: [libjvm.so+0x684ef0], sa_mask[0]=0x7ffbfeff, sa_flags=0x10000004
SIGQUIT: [libjvm.so+0x684ef0], sa_mask[0]=0x7ffbfeff, sa_flags=0x10000004
SIGTRAP: SIG_DFL, sa_mask[0]=0x00000000, sa_flags=0x00000000


---------------  S Y S T E M  ---------------

OS:Ubuntu 14.04 (trusty)
uname:Linux 3.13.0-24-generic #46-Ubuntu SMP Thu Apr 10 19:08:14 UTC 2014 i686
libc:glibc 2.19 NPTL 2.19 
rlimit: STACK 8192k, CORE 0k, NPROC 31106, NOFILE 4096, AS infinity
load average:11.62 3.60 1.76

/proc/meminfo:
MemTotal:        4000684 kB
MemFree:          240680 kB
Buffers:           18352 kB
Cached:           560256 kB
SwapCached:            0 kB
Active:          3140056 kB
Inactive:         508020 kB
Active(anon):    3075124 kB
Inactive(anon):   443000 kB
Active(file):      64932 kB
Inactive(file):    65020 kB
Unevictable:          64 kB
Mlocked:              64 kB
HighTotal:       3155716 kB
HighFree:          47892 kB
LowTotal:         844968 kB
LowFree:          192788 kB
SwapTotal:             0 kB
SwapFree:              0 kB
Dirty:              2192 kB
Writeback:             0 kB
AnonPages:       3069808 kB
Mapped:           282400 kB
Shmem:            448488 kB
Slab:              55820 kB
SReclaimable:      28496 kB
SUnreclaim:        27324 kB
KernelStack:        5696 kB
PageTables:        21540 kB
NFS_Unstable:          0 kB
Bounce:                0 kB
WritebackTmp:          0 kB
CommitLimit:     2000340 kB
Committed_AS:    9673592 kB
VmallocTotal:     122880 kB
VmallocUsed:       16996 kB
VmallocChunk:      98848 kB
HardwareCorrupted:     0 kB
AnonHugePages:   1282048 kB
HugePages_Total:       0
HugePages_Free:        0
HugePages_Rsvd:        0
HugePages_Surp:        0
Hugepagesize:       2048 kB
DirectMap4k:       69624 kB
DirectMap2M:      841728 kB


CPU:total 4 (2 cores per cpu, 2 threads per core) family 6 model 58 stepping 9, cmov, cx8, fxsr, mmx, sse, sse2, sse3, ssse3, sse4.1, sse4.2, popcnt, avx, erms, ht, tsc, tscinvbit, tscinv

/proc/cpuinfo:
processor	: 0
vendor_id	: GenuineIntel
cpu family	: 6
model		: 58
model name	: Intel(R) Core(TM) i3-3217U CPU @ 1.80GHz
stepping	: 9
microcode	: 0x15
cpu MHz		: 1801.000
cache size	: 3072 KB
physical id	: 0
siblings	: 4
core id		: 0
cpu cores	: 2
apicid		: 0
initial apicid	: 0
fdiv_bug	: no
f00f_bug	: no
coma_bug	: no
fpu		: yes
fpu_exception	: yes
cpuid level	: 13
wp		: yes
flags		: fpu vme de pse tsc msr pae mce cx8 apic sep mtrr pge mca cmov pat pse36 clflush dts acpi mmx fxsr sse sse2 ss ht tm pbe nx rdtscp lm constant_tsc arch_perfmon pebs bts xtopology nonstop_tsc aperfmperf eagerfpu pni pclmulqdq dtes64 monitor ds_cpl vmx est tm2 ssse3 cx16 xtpr pdcm pcid sse4_1 sse4_2 x2apic popcnt tsc_deadline_timer xsave avx f16c lahf_lm ida arat epb xsaveopt pln pts dtherm tpr_shadow vnmi flexpriority ept vpid fsgsbase smep erms
bogomips	: 3592.01
clflush size	: 64
cache_alignment	: 64
address sizes	: 36 bits physical, 48 bits virtual
power management:

processor	: 1
vendor_id	: GenuineIntel
cpu family	: 6
model		: 58
model name	: Intel(R) Core(TM) i3-3217U CPU @ 1.80GHz
stepping	: 9
microcode	: 0x15
cpu MHz		: 1801.000
cache size	: 3072 KB
physical id	: 0
siblings	: 4
core id		: 0
cpu cores	: 2
apicid		: 1
initial apicid	: 1
fdiv_bug	: no
f00f_bug	: no
coma_bug	: no
fpu		: yes
fpu_exception	: yes
cpuid level	: 13
wp		: yes
flags		: fpu vme de pse tsc msr pae mce cx8 apic sep mtrr pge mca cmov pat pse36 clflush dts acpi mmx fxsr sse sse2 ss ht tm pbe nx rdtscp lm constant_tsc arch_perfmon pebs bts xtopology nonstop_tsc aperfmperf eagerfpu pni pclmulqdq dtes64 monitor ds_cpl vmx est tm2 ssse3 cx16 xtpr pdcm pcid sse4_1 sse4_2 x2apic popcnt tsc_deadline_timer xsave avx f16c lahf_lm ida arat epb xsaveopt pln pts dtherm tpr_shadow vnmi flexpriority ept vpid fsgsbase smep erms
bogomips	: 3592.01
clflush size	: 64
cache_alignment	: 64
address sizes	: 36 bits physical, 48 bits virtual
power management:

processor	: 2
vendor_id	: GenuineIntel
cpu family	: 6
model		: 58
model name	: Intel(R) Core(TM) i3-3217U CPU @ 1.80GHz
stepping	: 9
microcode	: 0x15
cpu MHz		: 1801.000
cache size	: 3072 KB
physical id	: 0
siblings	: 4
core id		: 1
cpu cores	: 2
apicid		: 2
initial apicid	: 2
fdiv_bug	: no
f00f_bug	: no
coma_bug	: no
fpu		: yes
fpu_exception	: yes
cpuid level	: 13
wp		: yes
flags		: fpu vme de pse tsc msr pae mce cx8 apic sep mtrr pge mca cmov pat pse36 clflush dts acpi mmx fxsr sse sse2 ss ht tm pbe nx rdtscp lm constant_tsc arch_perfmon pebs bts xtopology nonstop_tsc aperfmperf eagerfpu pni pclmulqdq dtes64 monitor ds_cpl vmx est tm2 ssse3 cx16 xtpr pdcm pcid sse4_1 sse4_2 x2apic popcnt tsc_deadline_timer xsave avx f16c lahf_lm ida arat epb xsaveopt pln pts dtherm tpr_shadow vnmi flexpriority ept vpid fsgsbase smep erms
bogomips	: 3592.01
clflush size	: 64
cache_alignment	: 64
address sizes	: 36 bits physical, 48 bits virtual
power management:

processor	: 3
vendor_id	: GenuineIntel
cpu family	: 6
model		: 58
model name	: Intel(R) Core(TM) i3-3217U CPU @ 1.80GHz
stepping	: 9
microcode	: 0x15
cpu MHz		: 1801.000
cache size	: 3072 KB
physical id	: 0
siblings	: 4
core id		: 1
cpu cores	: 2
apicid		: 3
initial apicid	: 3
fdiv_bug	: no
f00f_bug	: no
coma_bug	: no
fpu		: yes
fpu_exception	: yes
cpuid level	: 13
wp		: yes
flags		: fpu vme de pse tsc msr pae mce cx8 apic sep mtrr pge mca cmov pat pse36 clflush dts acpi mmx fxsr sse sse2 ss ht tm pbe nx rdtscp lm constant_tsc arch_perfmon pebs bts xtopology nonstop_tsc aperfmperf eagerfpu pni pclmulqdq dtes64 monitor ds_cpl vmx est tm2 ssse3 cx16 xtpr pdcm pcid sse4_1 sse4_2 x2apic popcnt tsc_deadline_timer xsave avx f16c lahf_lm ida arat epb xsaveopt pln pts dtherm tpr_shadow vnmi flexpriority ept vpid fsgsbase smep erms
bogomips	: 3592.01
clflush size	: 64
cache_alignment	: 64
address sizes	: 36 bits physical, 48 bits virtual
power management:



Memory: 4k page, physical 4000684k(240680k free), swap 0k(0k free)

vm_info: OpenJDK Server VM (24.79-b02) for linux-x86 JRE (1.7.0_79-b14), built on Jul 24 2015 08:25:15 by "buildd" with gcc 4.8.2

time: Tue Apr 19 13:40:56 2016
elapsed time: 33 seconds

