#
# There is insufficient memory for the Java Runtime Environment to continue.
# Native memory allocation (malloc) failed to allocate 86507520 bytes for committing reserved memory.
# Possible reasons:
#   The system is out of physical RAM or swap space
#   In 32 bit mode, the process size limit was hit
# Possible solutions:
#   Reduce memory load on the system
#   Increase physical memory or swap space
#   Check if swap backing store is full
#   Use 64 bit Java on a 64 bit OS
#   Decrease Java heap size (-Xmx/-Xms)
#   Decrease number of Java threads
#   Decrease Java thread stack sizes (-Xss)
#   Set larger code cache with -XX:ReservedCodeCacheSize=
# This output file may be truncated or incomplete.
#
#  Out of Memory Error (os_linux.cpp:2809), pid=5162, tid=1742531392
#
# JRE version: OpenJDK Runtime Environment (7.0_79-b14) (build 1.7.0_79-b14)
# Java VM: OpenJDK Server VM (24.79-b02 mixed mode linux-x86 )
# Derivative: IcedTea 2.5.6
# Distribution: Ubuntu 14.04 LTS, package 7u79-2.5.6-0ubuntu1.14.04.1
# Failed to write core dump. Core dumps have been disabled. To enable core dumping, try "ulimit -c unlimited" before starting Java again
#

---------------  T H R E A D  ---------------

Current thread (0x67c80400):  VMThread [stack: 0x67d4e000,0x67dcf000] [id=5196]

Stack: [0x67d4e000,0x67dcf000]
VM_Operation (0x671109b8): ParallelGCFailedAllocation, mode: safepoint, requested by thread 0x6746c800


---------------  P R O C E S S  ---------------

Java Threads: ( => current thread )
  0x67471c00 JavaThread "pool-1-thread-4" [_thread_blocked, id=5245, stack(0x66f7d000,0x66fce000)]
  0x67471000 JavaThread "pool-1-thread-3" [_thread_blocked, id=5244, stack(0x66fce000,0x6701f000)]
  0x6746f800 JavaThread "pool-1-thread-2" [_thread_blocked, id=5241, stack(0x6701f000,0x67070000)]
  0x6746dc00 JavaThread "pool-2-thread-1" [_thread_blocked, id=5229, stack(0x67070000,0x670c1000)]
  0x6746c800 JavaThread "pool-1-thread-1" [_thread_blocked, id=5227, stack(0x670c1000,0x67112000)]
  0x67c9d000 JavaThread "Service Thread" daemon [_thread_blocked, id=5213, stack(0x6760b000,0x6765c000)]
  0x67c9b400 JavaThread "C2 CompilerThread1" daemon [_thread_blocked, id=5211, stack(0x6765c000,0x676dd000)]
  0x67c99400 JavaThread "C2 CompilerThread0" daemon [_thread_blocked, id=5209, stack(0x676dd000,0x6775e000)]
  0x67c97c00 JavaThread "Signal Dispatcher" daemon [_thread_blocked, id=5207, stack(0x6775e000,0x677af000)]
  0x67c84800 JavaThread "Finalizer" daemon [_thread_blocked, id=5203, stack(0x679af000,0x67a00000)]
  0x67c83000 JavaThread "Reference Handler" daemon [_thread_blocked, id=5199, stack(0x6a92e000,0x6a97f000)]
  0xb6407c00 JavaThread "main" [_thread_blocked, id=5174, stack(0xb65a2000,0xb65f3000)]

Other Threads:
=>0x67c80400 VMThread [stack: 0x67d4e000,0x67dcf000] [id=5196]
  0x67c9f000 WatcherThread [stack: 0x6758a000,0x6760b000] [id=5217]

VM state:at safepoint (normal execution)

VM Mutex/Monitor currently owned by a thread:  ([mutex/lock_event])
[0xb6405350] Threads_lock - owner thread: 0x67c80400
[0xb6405760] Heap_lock - owner thread: 0x6746c800

Heap
 PSYoungGen      total 66048K, used 2557K [0x9ddc0000, 0xa20c0000, 0xb3340000)
  eden space 63488K, 0% used [0x9ddc0000,0x9ddc0000,0xa1bc0000)
  from space 2560K, 99% used [0xa1bc0000,0xa1e3f6e8,0xa1e40000)
  to   space 2560K, 0% used [0xa1e40000,0xa1e40000,0xa20c0000)
 ParOldGen       total 41728K, used 25406K [0x73340000, 0x75c00000, 0x9ddc0000)
  object space 41728K, 60% used [0x73340000,0x74c0fb50,0x75c00000)
 PSPermGen       total 16384K, used 4154K [0x6b340000, 0x6c340000, 0x73340000)
  object space 16384K, 25% used [0x6b340000,0x6b74eb88,0x6c340000)

Card table byte_map: [0x6b0ff000,0x6b340000] byte_map_base: 0x6ada5600

Polling page: 0xb77a3000

Code Cache  [0xb3400000, 0xb3640000, 0xb6400000)
 total_blobs=357 nmethods=234 adapters=76 free_code_cache=48311Kb largest_free_block=49441600

Compilation events (10 events):
Event: 10.104 Thread 0x67c9b400 nmethod 230 0xb34acfc8 code [0xb34ad0c0, 0xb34ad1a4]
Event: 10.104 Thread 0x67c9b400  231             com.android.dx.rop.code.PlainInsn::<init> (73 bytes)
Event: 10.107 Thread 0x67c9b400 nmethod 231 0xb34acc88 code [0xb34acd80, 0xb34ace90]
Event: 10.107 Thread 0x67c9b400  232             com.android.dx.rop.code.Rop::isCallLike (5 bytes)
Event: 10.107 Thread 0x67c9b400 nmethod 232 0xb34ae948 code [0xb34aea20, 0xb34aea70]
Event: 10.107 Thread 0x67c9b400  233             com.android.dx.ssa.SsaBasicBlock::newFromRop (183 bytes)
Event: 10.840 Thread 0x67c9b400 nmethod 233 0xb34cb248 code [0xb34cb520, 0xb34ccdd8]
Event: 10.840 Thread 0x67c9b400  234             com.android.dx.ssa.SCCP::simulateBlock (54 bytes)
Event: 21.260 Thread 0x67c9b400 nmethod 234 0xb34cf088 code [0xb34cf520, 0xb34d1cf4]
Event: 21.840 Thread 0x67c9b400  235             com.android.dx.rop.code.BasicBlockList::forEachInsn (39 bytes)

GC Heap History (9 events):
Event: 2.340 GC heap before
{Heap before GC invocations=1 (full 0):
 PSYoungGen      total 18432K, used 15872K [0x9ddc0000, 0x9f240000, 0xb3340000)
  eden space 15872K, 100% used [0x9ddc0000,0x9ed40000,0x9ed40000)
  from space 2560K, 0% used [0x9efc0000,0x9efc0000,0x9f240000)
  to   space 2560K, 0% used [0x9ed40000,0x9ed40000,0x9efc0000)
 ParOldGen       total 41728K, used 0K [0x73340000, 0x75c00000, 0x9ddc0000)
  object space 41728K, 0% used [0x73340000,0x73340000,0x75c00000)
 PSPermGen       total 16384K, used 3972K [0x6b340000, 0x6c340000, 0x73340000)
  object space 16384K, 24% used [0x6b340000,0x6b721200,0x6c340000)
Event: 2.380 GC heap after
Heap after GC invocations=1 (full 0):
 PSYoungGen      total 18432K, used 2558K [0x9ddc0000, 0xa01c0000, 0xb3340000)
  eden space 15872K, 0% used [0x9ddc0000,0x9ddc0000,0x9ed40000)
  from space 2560K, 99% used [0x9ed40000,0x9efbfb18,0x9efc0000)
  to   space 2560K, 0% used [0x9ff40000,0x9ff40000,0xa01c0000)
 ParOldGen       total 41728K, used 1735K [0x73340000, 0x75c00000, 0x9ddc0000)
  object space 41728K, 4% used [0x73340000,0x734f1c88,0x75c00000)
 PSPermGen       total 16384K, used 3972K [0x6b340000, 0x6c340000, 0x73340000)
  object space 16384K, 24% used [0x6b340000,0x6b721200,0x6c340000)
}
Event: 4.119 GC heap before
{Heap before GC invocations=2 (full 0):
 PSYoungGen      total 18432K, used 18430K [0x9ddc0000, 0xa01c0000, 0xb3340000)
  eden space 15872K, 100% used [0x9ddc0000,0x9ed40000,0x9ed40000)
  from space 2560K, 99% used [0x9ed40000,0x9efbfb18,0x9efc0000)
  to   space 2560K, 0% used [0x9ff40000,0x9ff40000,0xa01c0000)
 ParOldGen       total 41728K, used 1735K [0x73340000, 0x75c00000, 0x9ddc0000)
  object space 41728K, 4% used [0x73340000,0x734f1c88,0x75c00000)
 PSPermGen       total 16384K, used 4068K [0x6b340000, 0x6c340000, 0x73340000)
  object space 16384K, 24% used [0x6b340000,0x6b7391d0,0x6c340000)
Event: 4.160 GC heap after
Heap after GC invocations=2 (full 0):
 PSYoungGen      total 34304K, used 2545K [0x9ddc0000, 0xa01c0000, 0xb3340000)
  eden space 31744K, 0% used [0x9ddc0000,0x9ddc0000,0x9fcc0000)
  from space 2560K, 99% used [0x9ff40000,0xa01bc778,0xa01c0000)
  to   space 2560K, 0% used [0x9fcc0000,0x9fcc0000,0x9ff40000)
 ParOldGen       total 41728K, used 4586K [0x73340000, 0x75c00000, 0x9ddc0000)
  object space 41728K, 10% used [0x73340000,0x737baa00,0x75c00000)
 PSPermGen       total 16384K, used 4068K [0x6b340000, 0x6c340000, 0x73340000)
  object space 16384K, 24% used [0x6b340000,0x6b7391d0,0x6c340000)
}
Event: 8.083 GC heap before
{Heap before GC invocations=3 (full 0):
 PSYoungGen      total 34304K, used 34289K [0x9ddc0000, 0xa01c0000, 0xb3340000)
  eden space 31744K, 100% used [0x9ddc0000,0x9fcc0000,0x9fcc0000)
  from space 2560K, 99% used [0x9ff40000,0xa01bc778,0xa01c0000)
  to   space 2560K, 0% used [0x9fcc0000,0x9fcc0000,0x9ff40000)
 ParOldGen       total 41728K, used 4586K [0x73340000, 0x75c00000, 0x9ddc0000)
  object space 41728K, 10% used [0x73340000,0x737baa00,0x75c00000)
 PSPermGen       total 16384K, used 4108K [0x6b340000, 0x6c340000, 0x73340000)
  object space 16384K, 25% used [0x6b340000,0x6b743008,0x6c340000)
Event: 8.148 GC heap after
Heap after GC invocations=3 (full 0):
 PSYoungGen      total 34304K, used 2552K [0x9ddc0000, 0xa20c0000, 0xb3340000)
  eden space 31744K, 0% used [0x9ddc0000,0x9ddc0000,0x9fcc0000)
  from space 2560K, 99% used [0x9fcc0000,0x9ff3e0c0,0x9ff40000)
  to   space 2560K, 0% used [0xa1e40000,0xa1e40000,0xa20c0000)
 ParOldGen       total 41728K, used 10303K [0x73340000, 0x75c00000, 0x9ddc0000)
  object space 41728K, 24% used [0x73340000,0x73d4ffb8,0x75c00000)
 PSPermGen       total 16384K, used 4108K [0x6b340000, 0x6c340000, 0x73340000)
  object space 16384K, 25% used [0x6b340000,0x6b743008,0x6c340000)
}
Event: 11.683 GC heap before
{Heap before GC invocations=4 (full 0):
 PSYoungGen      total 34304K, used 34296K [0x9ddc0000, 0xa20c0000, 0xb3340000)
  eden space 31744K, 100% used [0x9ddc0000,0x9fcc0000,0x9fcc0000)
  from space 2560K, 99% used [0x9fcc0000,0x9ff3e0c0,0x9ff40000)
  to   space 2560K, 0% used [0xa1e40000,0xa1e40000,0xa20c0000)
 ParOldGen       total 41728K, used 10303K [0x73340000, 0x75c00000, 0x9ddc0000)
  object space 41728K, 24% used [0x73340000,0x73d4ffb8,0x75c00000)
 PSPermGen       total 16384K, used 4123K [0x6b340000, 0x6c340000, 0x73340000)
  object space 16384K, 25% used [0x6b340000,0x6b746e78,0x6c340000)
Event: 11.782 GC heap after
Heap after GC invocations=4 (full 0):
 PSYoungGen      total 66048K, used 2548K [0x9ddc0000, 0xa20c0000, 0xb3340000)
  eden space 63488K, 0% used [0x9ddc0000,0x9ddc0000,0xa1bc0000)
  from space 2560K, 99% used [0xa1e40000,0xa20bd098,0xa20c0000)
  to   space 2560K, 0% used [0xa1bc0000,0xa1bc0000,0xa1e40000)
 ParOldGen       total 41728K, used 15746K [0x73340000, 0x75c00000, 0x9ddc0000)
  object space 41728K, 37% used [0x73340000,0x742a08d8,0x75c00000)
 PSPermGen       total 16384K, used 4123K [0x6b340000, 0x6c340000, 0x73340000)
  object space 16384K, 25% used [0x6b340000,0x6b746e78,0x6c340000)
}
Event: 26.934 GC heap before
{Heap before GC invocations=5 (full 0):
 PSYoungGen      total 66048K, used 66036K [0x9ddc0000, 0xa20c0000, 0xb3340000)
  eden space 63488K, 100% used [0x9ddc0000,0xa1bc0000,0xa1bc0000)
  from space 2560K, 99% used [0xa1e40000,0xa20bd098,0xa20c0000)
  to   space 2560K, 0% used [0xa1bc0000,0xa1bc0000,0xa1e40000)
 ParOldGen       total 41728K, used 15746K [0x73340000, 0x75c00000, 0x9ddc0000)
  object space 41728K, 37% used [0x73340000,0x742a08d8,0x75c00000)
 PSPermGen       total 16384K, used 4154K [0x6b340000, 0x6c340000, 0x73340000)
  object space 16384K, 25% used [0x6b340000,0x6b74eb88,0x6c340000)

Deoptimization events (10 events):
Event: 7.519 Thread 0x67471c00 Uncommon trap: reason=class_check action=maybe_recompile pc=0xb348e0fc method=java.util.HashMap.put(Ljava/lang/Object;Ljava/lang/Object;)Ljava/lang/Object; @ 83
Event: 7.973 Thread 0x67471c00 Uncommon trap: reason=class_check action=maybe_recompile pc=0xb348e0fc method=java.util.HashMap.put(Ljava/lang/Object;Ljava/lang/Object;)Ljava/lang/Object; @ 83
Event: 7.973 Thread 0x67471c00 Uncommon trap: reason=class_check action=maybe_recompile pc=0xb348e0fc method=java.util.HashMap.put(Ljava/lang/Object;Ljava/lang/Object;)Ljava/lang/Object; @ 83
Event: 7.973 Thread 0x67471c00 Uncommon trap: reason=class_check action=maybe_recompile pc=0xb348e0fc method=java.util.HashMap.put(Ljava/lang/Object;Ljava/lang/Object;)Ljava/lang/Object; @ 83
Event: 10.836 Thread 0x6746f800 Uncommon trap: reason=unreached action=reinterpret pc=0xb34bf22c method=com.android.dx.rop.code.LocalVariableExtractor.processBlock(I)V @ 195
Event: 11.815 Thread 0xb6407c00 Uncommon trap: reason=unreached action=reinterpret pc=0xb34c582c method=com.android.dx.ssa.SCCP.simulateBranch(Lcom/android/dx/ssa/SsaInsn;)V @ 132
Event: 11.842 Thread 0xb6407c00 Uncommon trap: reason=unreached action=reinterpret pc=0xb34b0a3c method=com.android.dx.ssa.SsaMethod.updateOneDefinition(Lcom/android/dx/ssa/SsaInsn;Lcom/android/dx/rop/code/RegisterSpec;)V @ 4
Event: 12.520 Thread 0x6746c800 Uncommon trap: reason=null_check action=make_not_entrant pc=0xb34854d0 method=com.android.dx.rop.type.Type.equals(Ljava/lang/Object;)Z @ 8
Event: 13.312 Thread 0x67471000 Uncommon trap: reason=null_check action=make_not_entrant pc=0xb34854d0 method=com.android.dx.rop.type.Type.equals(Ljava/lang/Object;)Z @ 8
Event: 13.375 Thread 0x6746f800 Uncommon trap: reason=null_check action=make_not_entrant pc=0xb34854d0 method=com.android.dx.rop.type.Type.equals(Ljava/lang/Object;)Z @ 8

Internal exceptions (10 events):
Event: 2.003 Thread 0xb6407c00 Threw 0x9e9a93a8 at /build/openjdk-7-OXg_HK/openjdk-7-7u79-2.5.6/build/openjdk/hotspot/src/share/vm/prims/jvm.cpp:1284
Event: 2.031 Thread 0xb6407c00 Threw 0x9e9c1b10 at /build/openjdk-7-OXg_HK/openjdk-7-7u79-2.5.6/build/openjdk/hotspot/src/share/vm/prims/jvm.cpp:1284
Event: 2.231 Thread 0x67471000 Threw 0x9eba2508 at /build/openjdk-7-OXg_HK/openjdk-7-7u79-2.5.6/build/openjdk/hotspot/src/share/vm/prims/jvm.cpp:1284
Event: 2.482 Thread 0x67471c00 Threw 0x9de74f48 at /build/openjdk-7-OXg_HK/openjdk-7-7u79-2.5.6/build/openjdk/hotspot/src/share/vm/prims/jvm.cpp:1284
Event: 7.308 Thread 0x67471c00 Implicit null exception at 0xb34974e9 to 0xb3498739
Event: 8.906 Thread 0x67471000 Threw 0x9e4981d0 at /build/openjdk-7-OXg_HK/openjdk-7-7u79-2.5.6/build/openjdk/hotspot/src/share/vm/prims/jvm.cpp:1284
Event: 11.828 Thread 0xb6407c00 Threw 0x9dea59b0 at /build/openjdk-7-OXg_HK/openjdk-7-7u79-2.5.6/build/openjdk/hotspot/src/share/vm/prims/jvm.cpp:1284
Event: 12.173 Thread 0x6746c800 Implicit null exception at 0xb34853eb to 0xb34854c2
Event: 12.698 Thread 0x67471000 Implicit null exception at 0xb34853eb to 0xb34854c2
Event: 13.375 Thread 0x6746f800 Implicit null exception at 0xb34853eb to 0xb34854c2

Events (10 events):
Event: 12.173 Thread 0x6746c800 Uncommon trap: trap_request=0xfffffff4 fr.pc=0xb34854d0
Event: 13.305 Thread 0x6746c800 DEOPT PACKING pc=0xb34854d0 sp=0x67110ab0
Event: 13.298 Thread 0x67471000 Uncommon trap: trap_request=0xfffffff4 fr.pc=0xb34854d0
Event: 13.312 Thread 0x67471000 DEOPT PACKING pc=0xb34854d0 sp=0x6701dab0
Event: 13.361 Thread 0x6746c800 DEOPT UNPACKING pc=0xb342cbc8 sp=0x67110a84 mode 2
Event: 13.361 Thread 0x67471000 DEOPT UNPACKING pc=0xb342cbc8 sp=0x6701da84 mode 2
Event: 13.375 Thread 0x6746f800 Uncommon trap: trap_request=0xfffffff4 fr.pc=0xb34854d0
Event: 13.375 Thread 0x6746f800 DEOPT PACKING pc=0xb34854d0 sp=0x6706eab0
Event: 13.375 Thread 0x6746f800 DEOPT UNPACKING pc=0xb342cbc8 sp=0x6706ea84 mode 2
Event: 26.384 Executing VM operation: ParallelGCFailedAllocation


Dynamic libraries:
08048000-08049000 r-xp 00000000 08:01 3412725    /usr/lib/jvm/java-7-openjdk-i386/jre/bin/java
08049000-0804a000 r--p 00000000 08:01 3412725    /usr/lib/jvm/java-7-openjdk-i386/jre/bin/java
0804a000-0804b000 rw-p 00001000 08:01 3412725    /usr/lib/jvm/java-7-openjdk-i386/jre/bin/java
08196000-08213000 rw-p 00000000 00:00 0          [heap]
65800000-65898000 rw-p 00000000 00:00 0 
65898000-65900000 ---p 00000000 00:00 0 
65a00000-65ae3000 rw-p 00000000 00:00 0 
65ae3000-65b00000 ---p 00000000 00:00 0 
65b00000-65bfb000 rw-p 00000000 00:00 0 
65bfb000-65c00000 ---p 00000000 00:00 0 
65c00000-65ced000 rw-p 00000000 00:00 0 
65ced000-65d00000 ---p 00000000 00:00 0 
65d00000-65deb000 rw-p 00000000 00:00 0 
65deb000-65e00000 ---p 00000000 00:00 0 
65e00000-65efe000 rw-p 00000000 00:00 0 
65efe000-65f00000 ---p 00000000 00:00 0 
66000000-660f2000 rw-p 00000000 00:00 0 
660f2000-66100000 ---p 00000000 00:00 0 
66100000-661e2000 rw-p 00000000 00:00 0 
661e2000-66200000 ---p 00000000 00:00 0 
66200000-662f9000 rw-p 00000000 00:00 0 
662f9000-66300000 ---p 00000000 00:00 0 
66400000-664ff000 rw-p 00000000 00:00 0 
664ff000-66500000 ---p 00000000 00:00 0 
66600000-666fb000 rw-p 00000000 00:00 0 
666fb000-66700000 ---p 00000000 00:00 0 
66700000-66800000 rw-p 00000000 00:00 0 
66800000-66900000 rw-p 00000000 00:00 0 
6690e000-66a00000 rw-p 00000000 00:00 0 
66a00000-66afd000 rw-p 00000000 00:00 0 
66afd000-66b00000 ---p 00000000 00:00 0 
66b00000-66c00000 rw-p 00000000 00:00 0 
66c00000-66cfb000 rw-p 00000000 00:00 0 
66cfb000-66d00000 ---p 00000000 00:00 0 
66d00000-66dd2000 rw-p 00000000 00:00 0 
66dd2000-66e00000 ---p 00000000 00:00 0 
66e00000-66ef9000 rw-p 00000000 00:00 0 
66ef9000-66f00000 ---p 00000000 00:00 0 
66f7d000-66f80000 ---p 00000000 00:00 0 
66f80000-66fce000 rw-p 00000000 00:00 0          [stack:5245]
66fce000-66fd1000 ---p 00000000 00:00 0 
66fd1000-6701f000 rw-p 00000000 00:00 0          [stack:5244]
6701f000-67022000 ---p 00000000 00:00 0 
67022000-67070000 rw-p 00000000 00:00 0          [stack:5241]
67070000-67073000 ---p 00000000 00:00 0 
67073000-670c1000 rw-p 00000000 00:00 0          [stack:5229]
670c1000-670c4000 ---p 00000000 00:00 0 
670c4000-67112000 rw-p 00000000 00:00 0          [stack:5227]
67112000-6714e000 r-xp 00000000 08:01 25035843   /lib/i386-linux-gnu/libpcre.so.3.13.1
6714e000-6714f000 r--p 0003b000 08:01 25035843   /lib/i386-linux-gnu/libpcre.so.3.13.1
6714f000-67150000 rw-p 0003c000 08:01 25035843   /lib/i386-linux-gnu/libpcre.so.3.13.1
67150000-67170000 r-xp 00000000 08:01 25035870   /lib/i386-linux-gnu/libselinux.so.1
67170000-67171000 r--p 0001f000 08:01 25035870   /lib/i386-linux-gnu/libselinux.so.1
67171000-67172000 rw-p 00020000 08:01 25035870   /lib/i386-linux-gnu/libselinux.so.1
67172000-67173000 rw-p 00000000 00:00 0 
67173000-6727d000 r-xp 00000000 08:01 25035771   /lib/i386-linux-gnu/libglib-2.0.so.0.4000.0
6727d000-6727e000 r--p 00109000 08:01 25035771   /lib/i386-linux-gnu/libglib-2.0.so.0.4000.0
6727e000-6727f000 rw-p 0010a000 08:01 25035771   /lib/i386-linux-gnu/libglib-2.0.so.0.4000.0
6727f000-673fc000 r-xp 00000000 08:01 3020350    /usr/lib/i386-linux-gnu/libgio-2.0.so.0.4000.0
673fc000-673fe000 r--p 0017c000 08:01 3020350    /usr/lib/i386-linux-gnu/libgio-2.0.so.0.4000.0
673fe000-673ff000 rw-p 0017e000 08:01 3020350    /usr/lib/i386-linux-gnu/libgio-2.0.so.0.4000.0
673ff000-67400000 rw-p 00000000 00:00 0 
67400000-6748f000 rw-p 00000000 00:00 0 
6748f000-67500000 ---p 00000000 00:00 0 
67507000-6751a000 r-xp 00000000 08:01 25035866   /lib/i386-linux-gnu/libresolv-2.19.so
6751a000-6751b000 ---p 00013000 08:01 25035866   /lib/i386-linux-gnu/libresolv-2.19.so
6751b000-6751c000 r--p 00013000 08:01 25035866   /lib/i386-linux-gnu/libresolv-2.19.so
6751c000-6751d000 rw-p 00014000 08:01 25035866   /lib/i386-linux-gnu/libresolv-2.19.so
6751d000-6751f000 rw-p 00000000 00:00 0 
6751f000-6756f000 r-xp 00000000 08:01 3020380    /usr/lib/i386-linux-gnu/libgobject-2.0.so.0.4000.0
6756f000-67570000 r--p 0004f000 08:01 3020380    /usr/lib/i386-linux-gnu/libgobject-2.0.so.0.4000.0
67570000-67571000 rw-p 00050000 08:01 3020380    /usr/lib/i386-linux-gnu/libgobject-2.0.so.0.4000.0
6758a000-6758b000 ---p 00000000 00:00 0 
6758b000-6760b000 rw-p 00000000 00:00 0          [stack:5217]
6760b000-6760e000 ---p 00000000 00:00 0 
6760e000-6765c000 rw-p 00000000 00:00 0          [stack:5213]
6765c000-6765f000 ---p 00000000 00:00 0 
6765f000-676dd000 rw-p 00000000 00:00 0          [stack:5211]
676dd000-676e0000 ---p 00000000 00:00 0 
676e0000-6775e000 rw-p 00000000 00:00 0          [stack:5209]
6775e000-67761000 ---p 00000000 00:00 0 
67761000-677af000 rw-p 00000000 00:00 0          [stack:5207]
677af000-679af000 r--p 00000000 08:01 3022988    /usr/lib/locale/locale-archive
679af000-679b2000 ---p 00000000 00:00 0 
679b2000-67a00000 rw-p 00000000 00:00 0          [stack:5203]
67a00000-67b00000 rw-p 00000000 00:00 0 
67b00000-67b21000 rw-p 00000000 00:00 0 
67b21000-67c00000 ---p 00000000 00:00 0 
67c00000-67d00000 rw-p 00000000 00:00 0 
67d0c000-67d4e000 r--p 00858000 08:01 3022988    /usr/lib/locale/locale-archive
67d4e000-67d4f000 ---p 00000000 00:00 0 
67d4f000-67dcf000 rw-p 00000000 00:00 0          [stack:5196]
67dcf000-67f80000 r--s 01d29000 08:01 3283391    /usr/lib/jvm/java-7-openjdk-i386/jre/lib/rt.jar
67f80000-6a800000 rw-p 00000000 00:00 0 
6a800000-6a8ff000 rw-p 00000000 00:00 0 
6a8ff000-6a900000 ---p 00000000 00:00 0 
6a90e000-6a913000 r-xp 00000000 08:01 3020247    /usr/lib/i386-linux-gnu/libffi.so.6.0.1
6a913000-6a914000 r--p 00005000 08:01 3020247    /usr/lib/i386-linux-gnu/libffi.so.6.0.1
6a914000-6a915000 rw-p 00006000 08:01 3020247    /usr/lib/i386-linux-gnu/libffi.so.6.0.1
6a915000-6a92c000 r-xp 00000000 08:01 3283427    /usr/lib/jvm/java-7-openjdk-i386/jre/lib/i386/libnet.so
6a92c000-6a92d000 r--p 00017000 08:01 3283427    /usr/lib/jvm/java-7-openjdk-i386/jre/lib/i386/libnet.so
6a92d000-6a92e000 rw-p 00018000 08:01 3283427    /usr/lib/jvm/java-7-openjdk-i386/jre/lib/i386/libnet.so
6a92e000-6a931000 ---p 00000000 00:00 0 
6a931000-6a97f000 rw-p 00000000 00:00 0          [stack:5199]
6a97f000-6a980000 ---p 00000000 00:00 0 
6a980000-6aa00000 rw-p 00000000 00:00 0          [stack:5193]
6aa00000-6aa21000 rw-p 00000000 00:00 0 
6aa21000-6ab00000 ---p 00000000 00:00 0 
6ab00000-6ab21000 rw-p 00000000 00:00 0 
6ab21000-6ac00000 ---p 00000000 00:00 0 
6ac00000-6ac11000 r-xp 00000000 08:01 3283432    /usr/lib/jvm/java-7-openjdk-i386/jre/lib/i386/libnio.so
6ac11000-6ac12000 r--p 00010000 08:01 3283432    /usr/lib/jvm/java-7-openjdk-i386/jre/lib/i386/libnio.so
6ac12000-6ac13000 rw-p 00011000 08:01 3283432    /usr/lib/jvm/java-7-openjdk-i386/jre/lib/i386/libnio.so
6ac13000-6ac27000 r--s 000d6000 08:01 6949225    /home/rafiqul/Documents/Software Engineering Project/spring2016_s1_cse404/AssetTrackingSystem__Android_Platform/app/build/intermediates/exploded-aar/com.android.support/support-v4/23.0.0/jars/classes.jar
6ac27000-6ac36000 r--s 000df000 08:01 9175179    /home/rafiqul/Android/Sdk/build-tools/23.0.1/lib/dx.jar
6ac36000-6ac7f000 rw-p 00000000 00:00 0 
6ac7f000-6ac80000 ---p 00000000 00:00 0 
6ac80000-6ad00000 rw-p 00000000 00:00 0          [stack:5192]
6ad00000-6ad4c000 rw-p 00000000 00:00 0 
6ad4c000-6ae00000 ---p 00000000 00:00 0 
6ae01000-6ae04000 r-xp 00000000 08:01 3020364    /usr/lib/i386-linux-gnu/libgmodule-2.0.so.0.4000.0
6ae04000-6ae05000 r--p 00002000 08:01 3020364    /usr/lib/i386-linux-gnu/libgmodule-2.0.so.0.4000.0
6ae05000-6ae06000 rw-p 00003000 08:01 3020364    /usr/lib/i386-linux-gnu/libgmodule-2.0.so.0.4000.0
6ae06000-6ae08000 r--s 00006000 08:01 3412779    /usr/share/java/java-atk-wrapper.jar
6ae08000-6ae0c000 r--s 00034000 08:01 3412675    /usr/lib/jvm/java-7-openjdk-i386/jre/lib/ext/sunjce_provider.jar
6ae0c000-6ae67000 rw-p 00000000 00:00 0 
6ae67000-6ae68000 ---p 00000000 00:00 0 
6ae68000-6aee8000 rw-p 00000000 00:00 0          [stack:5185]
6aee8000-6aee9000 ---p 00000000 00:00 0 
6aee9000-6af71000 rw-p 00000000 00:00 0          [stack:5181]
6af71000-6afa9000 rw-p 00000000 00:00 0 
6afa9000-6afbe000 rw-p 00000000 00:00 0 
6afbe000-6b0ff000 rw-p 00000000 00:00 0 
6b0ff000-6b107000 rw-p 00000000 00:00 0 
6b107000-6b13f000 rw-p 00000000 00:00 0 
6b13f000-6b154000 rw-p 00000000 00:00 0 
6b154000-6b294000 rw-p 00000000 00:00 0 
6b294000-6b2b6000 rw-p 00000000 00:00 0 
6b2b6000-6b33f000 rw-p 00000000 00:00 0 
6b33f000-6c340000 rw-p 00000000 00:00 0 
6c340000-73340000 rw-p 00000000 00:00 0 
73340000-75c00000 rw-p 00000000 00:00 0 
75c00000-9ddc0000 rw-p 00000000 00:00 0 
9ddc0000-a20c0000 rw-p 00000000 00:00 0 
a7340000-b3340000 rw-p 00000000 00:00 0 
b3340000-b3349000 rw-p 00000000 00:00 0 
b3349000-b3400000 rw-p 00000000 00:00 0 
b3400000-b3640000 rwxp 00000000 00:00 0 
b3640000-b6500000 rw-p 00000000 00:00 0 
b6500000-b6501000 r--s 00002000 08:01 3412674    /usr/lib/jvm/java-7-openjdk-i386/jre/lib/ext/dnsns.jar
b6501000-b651c000 rw-p 00000000 00:00 0 
b651c000-b6527000 r-xp 00000000 08:01 25035815   /lib/i386-linux-gnu/libnss_files-2.19.so
b6527000-b6528000 r--p 0000a000 08:01 25035815   /lib/i386-linux-gnu/libnss_files-2.19.so
b6528000-b6529000 rw-p 0000b000 08:01 25035815   /lib/i386-linux-gnu/libnss_files-2.19.so
b6529000-b6533000 r-xp 00000000 08:01 25035825   /lib/i386-linux-gnu/libnss_nis-2.19.so
b6533000-b6534000 r--p 00009000 08:01 25035825   /lib/i386-linux-gnu/libnss_nis-2.19.so
b6534000-b6535000 rw-p 0000a000 08:01 25035825   /lib/i386-linux-gnu/libnss_nis-2.19.so
b6535000-b654a000 r-xp 00000000 08:01 25035809   /lib/i386-linux-gnu/libnsl-2.19.so
b654a000-b654b000 r--p 00015000 08:01 25035809   /lib/i386-linux-gnu/libnsl-2.19.so
b654b000-b654c000 rw-p 00016000 08:01 25035809   /lib/i386-linux-gnu/libnsl-2.19.so
b654c000-b654e000 rw-p 00000000 00:00 0 
b654e000-b6555000 r-xp 00000000 08:01 25035811   /lib/i386-linux-gnu/libnss_compat-2.19.so
b6555000-b6556000 r--p 00006000 08:01 25035811   /lib/i386-linux-gnu/libnss_compat-2.19.so
b6556000-b6557000 rw-p 00007000 08:01 25035811   /lib/i386-linux-gnu/libnss_compat-2.19.so
b6557000-b655a000 r--s 0000f000 08:01 3412677    /usr/lib/jvm/java-7-openjdk-i386/jre/lib/ext/icedtea-sound.jar
b655a000-b655e000 r--s 00085000 08:01 3412673    /usr/lib/jvm/java-7-openjdk-i386/jre/lib/ext/localedata.jar
b655e000-b6566000 r-xp 00000000 08:01 3283403    /usr/lib/jvm/java-7-openjdk-i386/jre/lib/i386/libzip.so
b6566000-b6567000 r--p 00007000 08:01 3283403    /usr/lib/jvm/java-7-openjdk-i386/jre/lib/i386/libzip.so
b6567000-b6568000 rw-p 00008000 08:01 3283403    /usr/lib/jvm/java-7-openjdk-i386/jre/lib/i386/libzip.so
b6568000-b6570000 rw-s 00000000 08:01 16777242   /tmp/hsperfdata_rafiqul/5162
b6570000-b6597000 r-xp 00000000 08:01 3283435    /usr/lib/jvm/java-7-openjdk-i386/jre/lib/i386/libjava.so
b6597000-b6598000 r--p 00026000 08:01 3283435    /usr/lib/jvm/java-7-openjdk-i386/jre/lib/i386/libjava.so
b6598000-b6599000 rw-p 00027000 08:01 3283435    /usr/lib/jvm/java-7-openjdk-i386/jre/lib/i386/libjava.so
b6599000-b65a0000 r-xp 00000000 08:01 25035868   /lib/i386-linux-gnu/librt-2.19.so
b65a0000-b65a1000 r--p 00006000 08:01 25035868   /lib/i386-linux-gnu/librt-2.19.so
b65a1000-b65a2000 rw-p 00007000 08:01 25035868   /lib/i386-linux-gnu/librt-2.19.so
b65a2000-b65a5000 ---p 00000000 00:00 0 
b65a5000-b65f3000 rw-p 00000000 00:00 0          [stack:5174]
b65f3000-b660f000 r-xp 00000000 08:01 25035767   /lib/i386-linux-gnu/libgcc_s.so.1
b660f000-b6610000 rw-p 0001b000 08:01 25035767   /lib/i386-linux-gnu/libgcc_s.so.1
b6610000-b6654000 r-xp 00000000 08:01 25035790   /lib/i386-linux-gnu/libm-2.19.so
b6654000-b6655000 r--p 00043000 08:01 25035790   /lib/i386-linux-gnu/libm-2.19.so
b6655000-b6656000 rw-p 00044000 08:01 25035790   /lib/i386-linux-gnu/libm-2.19.so
b6656000-b6732000 r-xp 00000000 08:01 3018897    /usr/lib/i386-linux-gnu/libstdc++.so.6.0.19
b6732000-b6736000 r--p 000dc000 08:01 3018897    /usr/lib/i386-linux-gnu/libstdc++.so.6.0.19
b6736000-b6737000 rw-p 000e0000 08:01 3018897    /usr/lib/i386-linux-gnu/libstdc++.so.6.0.19
b6737000-b673e000 rw-p 00000000 00:00 0 
b673e000-b712d000 r-xp 00000000 08:01 3412663    /usr/lib/jvm/java-7-openjdk-i386/jre/lib/i386/server/libjvm.so
b712d000-b717f000 r--p 009ee000 08:01 3412663    /usr/lib/jvm/java-7-openjdk-i386/jre/lib/i386/server/libjvm.so
b717f000-b7193000 rw-p 00a40000 08:01 3412663    /usr/lib/jvm/java-7-openjdk-i386/jre/lib/i386/server/libjvm.so
b7193000-b75b1000 rw-p 00000000 00:00 0 
b75b1000-b75c9000 r-xp 00000000 08:01 25035903   /lib/i386-linux-gnu/libz.so.1.2.8
b75c9000-b75ca000 r--p 00017000 08:01 25035903   /lib/i386-linux-gnu/libz.so.1.2.8
b75ca000-b75cb000 rw-p 00018000 08:01 25035903   /lib/i386-linux-gnu/libz.so.1.2.8
b75cb000-b75e3000 r-xp 00000000 08:01 25035860   /lib/i386-linux-gnu/libpthread-2.19.so
b75e3000-b75e4000 r--p 00017000 08:01 25035860   /lib/i386-linux-gnu/libpthread-2.19.so
b75e4000-b75e5000 rw-p 00018000 08:01 25035860   /lib/i386-linux-gnu/libpthread-2.19.so
b75e5000-b75e7000 rw-p 00000000 00:00 0 
b75e7000-b75ea000 r-xp 00000000 08:01 25035757   /lib/i386-linux-gnu/libdl-2.19.so
b75ea000-b75eb000 r--p 00002000 08:01 25035757   /lib/i386-linux-gnu/libdl-2.19.so
b75eb000-b75ec000 rw-p 00003000 08:01 25035757   /lib/i386-linux-gnu/libdl-2.19.so
b75ec000-b7795000 r-xp 00000000 08:01 25035740   /lib/i386-linux-gnu/libc-2.19.so
b7795000-b7797000 r--p 001a9000 08:01 25035740   /lib/i386-linux-gnu/libc-2.19.so
b7797000-b7798000 rw-p 001ab000 08:01 25035740   /lib/i386-linux-gnu/libc-2.19.so
b7798000-b779b000 rw-p 00000000 00:00 0 
b779b000-b779d000 r--s 00012000 08:01 3412678    /usr/lib/jvm/java-7-openjdk-i386/jre/lib/ext/zipfs.jar
b779d000-b77a1000 r--s 0003c000 08:01 3412676    /usr/lib/jvm/java-7-openjdk-i386/jre/lib/ext/sunpkcs11.jar
b77a1000-b77a2000 r--p 00855000 08:01 3022988    /usr/lib/locale/locale-archive
b77a2000-b77a3000 rw-p 00000000 00:00 0 
b77a3000-b77a4000 ---p 00000000 00:00 0 
b77a4000-b77b2000 r-xp 00000000 08:01 3283418    /usr/lib/jvm/java-7-openjdk-i386/jre/lib/i386/libverify.so
b77b2000-b77b3000 r--p 0000d000 08:01 3283418    /usr/lib/jvm/java-7-openjdk-i386/jre/lib/i386/libverify.so
b77b3000-b77b4000 rw-p 0000e000 08:01 3283418    /usr/lib/jvm/java-7-openjdk-i386/jre/lib/i386/libverify.so
b77b4000-b77c0000 r-xp 00000000 08:01 3283406    /usr/lib/jvm/java-7-openjdk-i386/jre/lib/i386/jli/libjli.so
b77c0000-b77c1000 r--p 0000c000 08:01 3283406    /usr/lib/jvm/java-7-openjdk-i386/jre/lib/i386/jli/libjli.so
b77c1000-b77c2000 rw-p 0000d000 08:01 3283406    /usr/lib/jvm/java-7-openjdk-i386/jre/lib/i386/jli/libjli.so
b77c2000-b77c5000 rw-p 00000000 00:00 0 
b77c5000-b77c6000 r-xp 00000000 00:00 0          [vdso]
b77c6000-b77e6000 r-xp 00000000 08:01 25035716   /lib/i386-linux-gnu/ld-2.19.so
b77e6000-b77e7000 r--p 0001f000 08:01 25035716   /lib/i386-linux-gnu/ld-2.19.so
b77e7000-b77e8000 rw-p 00020000 08:01 25035716   /lib/i386-linux-gnu/ld-2.19.so
bfbc2000-bfbc3000 rwxp 00000000 00:00 0 
bfbf5000-bfc16000 rw-p 00000000 00:00 0          [stack]

VM Arguments:
jvm_args: -Xmx1024M -Dfile.encoding=UTF-8 -Duser.country=US -Duser.language=en -Duser.variant 
java_command: com.android.dx.command.Main --dex --num-threads=4 --output /home/rafiqul/Documents/Software Engineering Project/spring2016_s1_cse404/AssetTrackingSystem__Android_Platform/app/build/intermediates/pre-dexed/debug/classes-4f0c7eb904846bd1a6235e70f11da521d97d6b6d.jar /home/rafiqul/Documents/Software Engineering Project/spring2016_s1_cse404/AssetTrackingSystem__Android_Platform/app/build/intermediates/exploded-aar/com.android.support/support-v4/23.0.0/jars/classes.jar
Launcher Type: SUN_STANDARD

Environment Variables:
JAVA_HOME=/usr/lib/jvm/java-8-oracle
PATH=/usr/local/sbin:/usr/local/bin:/usr/sbin:/usr/bin:/sbin:/bin:/usr/games:/usr/local/games:/usr/lib/jvm/java-8-oracle/bin:/usr/lib/jvm/java-8-oracle/db/bin:/usr/lib/jvm/java-8-oracle/jre/bin
LD_LIBRARY_PATH=/home/rafiqul/android-studio/bin:
SHELL=/bin/bash
DISPLAY=:0

Signal Handlers:
SIGSEGV: [libjvm.so+0x80cb90], sa_mask[0]=0x7ffbfeff, sa_flags=0x10000004
SIGBUS: [libjvm.so+0x80cb90], sa_mask[0]=0x7ffbfeff, sa_flags=0x10000004
SIGFPE: [libjvm.so+0x684e30], sa_mask[0]=0x7ffbfeff, sa_flags=0x10000004
SIGPIPE: [libjvm.so+0x684e30], sa_mask[0]=0x7ffbfeff, sa_flags=0x10000004
SIGXFSZ: [libjvm.so+0x684e30], sa_mask[0]=0x7ffbfeff, sa_flags=0x10000004
SIGILL: [libjvm.so+0x684e30], sa_mask[0]=0x7ffbfeff, sa_flags=0x10000004
SIGUSR1: SIG_DFL, sa_mask[0]=0x00000000, sa_flags=0x00000000
SIGUSR2: [libjvm.so+0x684cc0], sa_mask[0]=0x00000004, sa_flags=0x10000004
SIGHUP: [libjvm.so+0x684ef0], sa_mask[0]=0x7ffbfeff, sa_flags=0x10000004
SIGINT: [libjvm.so+0x684ef0], sa_mask[0]=0x7ffbfeff, sa_flags=0x10000004
SIGTERM: [libjvm.so+0x684ef0], sa_mask[0]=0x7ffbfeff, sa_flags=0x10000004
SIGQUIT: [libjvm.so+0x684ef0], sa_mask[0]=0x7ffbfeff, sa_flags=0x10000004
SIGTRAP: SIG_DFL, sa_mask[0]=0x00000000, sa_flags=0x00000000


---------------  S Y S T E M  ---------------

OS:Ubuntu 14.04 (trusty)
uname:Linux 3.13.0-24-generic #46-Ubuntu SMP Thu Apr 10 19:08:14 UTC 2014 i686
libc:glibc 2.19 NPTL 2.19 
rlimit: STACK 8192k, CORE 0k, NPROC 31106, NOFILE 4096, AS infinity
load average:16.23 12.61 8.03

/proc/meminfo:
MemTotal:        4000684 kB
MemFree:          214856 kB
Buffers:             236 kB
Cached:           383980 kB
SwapCached:            0 kB
Active:          3294764 kB
Inactive:         376588 kB
Active(anon):    3292580 kB
Inactive(anon):   374472 kB
Active(file):       2184 kB
Inactive(file):     2116 kB
Unevictable:          48 kB
Mlocked:              48 kB
HighTotal:       3155716 kB
HighFree:          40156 kB
LowTotal:         844968 kB
LowFree:          174700 kB
SwapTotal:             0 kB
SwapFree:              0 kB
Dirty:                92 kB
Writeback:             0 kB
AnonPages:       3287596 kB
Mapped:           119548 kB
Shmem:            379504 kB
Slab:              50964 kB
SReclaimable:      25548 kB
SUnreclaim:        25416 kB
KernelStack:        5912 kB
PageTables:        19720 kB
NFS_Unstable:          0 kB
Bounce:              212 kB
WritebackTmp:          0 kB
CommitLimit:     2000340 kB
Committed_AS:    9096656 kB
VmallocTotal:     122880 kB
VmallocUsed:       17028 kB
VmallocChunk:      98472 kB
HardwareCorrupted:     0 kB
AnonHugePages:   1298432 kB
HugePages_Total:       0
HugePages_Free:        0
HugePages_Rsvd:        0
HugePages_Surp:        0
Hugepagesize:       2048 kB
DirectMap4k:       36856 kB
DirectMap2M:      874496 kB


CPU:total 4 (2 cores per cpu, 2 threads per core) family 6 model 58 stepping 9, cmov, cx8, fxsr, mmx, sse, sse2, sse3, ssse3, sse4.1, sse4.2, popcnt, avx, erms, ht, tsc, tscinvbit, tscinv

/proc/cpuinfo:
processor	: 0
vendor_id	: GenuineIntel
cpu family	: 6
model		: 58
model name	: Intel(R) Core(TM) i3-3217U CPU @ 1.80GHz
stepping	: 9
microcode	: 0x15
cpu MHz		: 1801.000
cache size	: 3072 KB
physical id	: 0
siblings	: 4
core id		: 0
cpu cores	: 2
apicid		: 0
initial apicid	: 0
fdiv_bug	: no
f00f_bug	: no
coma_bug	: no
fpu		: yes
fpu_exception	: yes
cpuid level	: 13
wp		: yes
flags		: fpu vme de pse tsc msr pae mce cx8 apic sep mtrr pge mca cmov pat pse36 clflush dts acpi mmx fxsr sse sse2 ss ht tm pbe nx rdtscp lm constant_tsc arch_perfmon pebs bts xtopology nonstop_tsc aperfmperf eagerfpu pni pclmulqdq dtes64 monitor ds_cpl vmx est tm2 ssse3 cx16 xtpr pdcm pcid sse4_1 sse4_2 x2apic popcnt tsc_deadline_timer xsave avx f16c lahf_lm ida arat epb xsaveopt pln pts dtherm tpr_shadow vnmi flexpriority ept vpid fsgsbase smep erms
bogomips	: 3591.74
clflush size	: 64
cache_alignment	: 64
address sizes	: 36 bits physical, 48 bits virtual
power management:

processor	: 1
vendor_id	: GenuineIntel
cpu family	: 6
model		: 58
model name	: Intel(R) Core(TM) i3-3217U CPU @ 1.80GHz
stepping	: 9
microcode	: 0x15
cpu MHz		: 1801.000
cache size	: 3072 KB
physical id	: 0
siblings	: 4
core id		: 0
cpu cores	: 2
apicid		: 1
initial apicid	: 1
fdiv_bug	: no
f00f_bug	: no
coma_bug	: no
fpu		: yes
fpu_exception	: yes
cpuid level	: 13
wp		: yes
flags		: fpu vme de pse tsc msr pae mce cx8 apic sep mtrr pge mca cmov pat pse36 clflush dts acpi mmx fxsr sse sse2 ss ht tm pbe nx rdtscp lm constant_tsc arch_perfmon pebs bts xtopology nonstop_tsc aperfmperf eagerfpu pni pclmulqdq dtes64 monitor ds_cpl vmx est tm2 ssse3 cx16 xtpr pdcm pcid sse4_1 sse4_2 x2apic popcnt tsc_deadline_timer xsave avx f16c lahf_lm ida arat epb xsaveopt pln pts dtherm tpr_shadow vnmi flexpriority ept vpid fsgsbase smep erms
bogomips	: 3591.74
clflush size	: 64
cache_alignment	: 64
address sizes	: 36 bits physical, 48 bits virtual
power management:

processor	: 2
vendor_id	: GenuineIntel
cpu family	: 6
model		: 58
model name	: Intel(R) Core(TM) i3-3217U CPU @ 1.80GHz
stepping	: 9
microcode	: 0x15
cpu MHz		: 1801.000
cache size	: 3072 KB
physical id	: 0
siblings	: 4
core id		: 1
cpu cores	: 2
apicid		: 2
initial apicid	: 2
fdiv_bug	: no
f00f_bug	: no
coma_bug	: no
fpu		: yes
fpu_exception	: yes
cpuid level	: 13
wp		: yes
flags		: fpu vme de pse tsc msr pae mce cx8 apic sep mtrr pge mca cmov pat pse36 clflush dts acpi mmx fxsr sse sse2 ss ht tm pbe nx rdtscp lm constant_tsc arch_perfmon pebs bts xtopology nonstop_tsc aperfmperf eagerfpu pni pclmulqdq dtes64 monitor ds_cpl vmx est tm2 ssse3 cx16 xtpr pdcm pcid sse4_1 sse4_2 x2apic popcnt tsc_deadline_timer xsave avx f16c lahf_lm ida arat epb xsaveopt pln pts dtherm tpr_shadow vnmi flexpriority ept vpid fsgsbase smep erms
bogomips	: 3591.74
clflush size	: 64
cache_alignment	: 64
address sizes	: 36 bits physical, 48 bits virtual
power management:

processor	: 3
vendor_id	: GenuineIntel
cpu family	: 6
model		: 58
model name	: Intel(R) Core(TM) i3-3217U CPU @ 1.80GHz
stepping	: 9
microcode	: 0x15
cpu MHz		: 1801.000
cache size	: 3072 KB
physical id	: 0
siblings	: 4
core id		: 1
cpu cores	: 2
apicid		: 3
initial apicid	: 3
fdiv_bug	: no
f00f_bug	: no
coma_bug	: no
fpu		: yes
fpu_exception	: yes
cpuid level	: 13
wp		: yes
flags		: fpu vme de pse tsc msr pae mce cx8 apic sep mtrr pge mca cmov pat pse36 clflush dts acpi mmx fxsr sse sse2 ss ht tm pbe nx rdtscp lm constant_tsc arch_perfmon pebs bts xtopology nonstop_tsc aperfmperf eagerfpu pni pclmulqdq dtes64 monitor ds_cpl vmx est tm2 ssse3 cx16 xtpr pdcm pcid sse4_1 sse4_2 x2apic popcnt tsc_deadline_timer xsave avx f16c lahf_lm ida arat epb xsaveopt pln pts dtherm tpr_shadow vnmi flexpriority ept vpid fsgsbase smep erms
bogomips	: 3591.74
clflush size	: 64
cache_alignment	: 64
address sizes	: 36 bits physical, 48 bits virtual
power management:



Memory: 4k page, physical 4000684k(212876k free), swap 0k(0k free)

vm_info: OpenJDK Server VM (24.79-b02) for linux-x86 JRE (1.7.0_79-b14), built on Jul 24 2015 08:25:15 by "buildd" with gcc 4.8.2

time: Sat Apr 16 09:50:13 2016
elapsed time: 46 seconds

