#
# There is insufficient memory for the Java Runtime Environment to continue.
# Native memory allocation (malloc) failed to allocate 72876032 bytes for committing reserved memory.
# Possible reasons:
#   The system is out of physical RAM or swap space
#   In 32 bit mode, the process size limit was hit
# Possible solutions:
#   Reduce memory load on the system
#   Increase physical memory or swap space
#   Check if swap backing store is full
#   Use 64 bit Java on a 64 bit OS
#   Decrease Java heap size (-Xmx/-Xms)
#   Decrease number of Java threads
#   Decrease Java thread stack sizes (-Xss)
#   Set larger code cache with -XX:ReservedCodeCacheSize=
# This output file may be truncated or incomplete.
#
#  Out of Memory Error (os_linux.cpp:2809), pid=12433, tid=1742531392
#
# JRE version: OpenJDK Runtime Environment (7.0_79-b14) (build 1.7.0_79-b14)
# Java VM: OpenJDK Server VM (24.79-b02 mixed mode linux-x86 )
# Derivative: IcedTea 2.5.6
# Distribution: Ubuntu 14.04 LTS, package 7u79-2.5.6-0ubuntu1.14.04.1
# Failed to write core dump. Core dumps have been disabled. To enable core dumping, try "ulimit -c unlimited" before starting Java again
#

---------------  T H R E A D  ---------------

Current thread (0x67c80400):  VMThread [stack: 0x67d4e000,0x67dcf000] [id=12460]

Stack: [0x67d4e000,0x67dcf000]
VM_Operation (0x670c9948): ParallelGCFailedAllocation, mode: safepoint, requested by thread 0x6746b800


---------------  P R O C E S S  ---------------

Java Threads: ( => current thread )
  0x6747dc00 JavaThread "pool-1-thread-4" [_thread_blocked, id=12507, stack(0x66f36000,0x66f87000)]
  0x6747a000 JavaThread "pool-1-thread-3" [_thread_blocked, id=12505, stack(0x66f87000,0x66fd8000)]
  0x67478400 JavaThread "pool-1-thread-2" [_thread_blocked, id=12503, stack(0x66fd8000,0x67029000)]
  0x6746cc00 JavaThread "pool-2-thread-1" [_thread_blocked, id=12493, stack(0x67029000,0x6707a000)]
  0x6746b800 JavaThread "pool-1-thread-1" [_thread_blocked, id=12491, stack(0x6707a000,0x670cb000)]
  0x67c9c000 JavaThread "Service Thread" daemon [_thread_blocked, id=12484, stack(0x675ad000,0x675fe000)]
  0x67c9a400 JavaThread "C2 CompilerThread1" daemon [_thread_blocked, id=12478, stack(0x675fe000,0x6767f000)]
  0x67c98400 JavaThread "C2 CompilerThread0" daemon [_thread_blocked, id=12476, stack(0x6767f000,0x67700000)]
  0x67c96c00 JavaThread "Signal Dispatcher" daemon [_thread_blocked, id=12474, stack(0x67b0d000,0x67b5e000)]
  0x67c84800 JavaThread "Finalizer" daemon [_thread_blocked, id=12468, stack(0x67b5e000,0x67baf000)]
  0x67c83000 JavaThread "Reference Handler" daemon [_thread_blocked, id=12467, stack(0x67baf000,0x67c00000)]
  0xb6407c00 JavaThread "main" [_thread_blocked, id=12438, stack(0xb6576000,0xb65c7000)]

Other Threads:
=>0x67c80400 VMThread [stack: 0x67d4e000,0x67dcf000] [id=12460]
  0x67c9dc00 WatcherThread [stack: 0x6752c000,0x675ad000] [id=12486]

VM state:at safepoint (normal execution)

VM Mutex/Monitor currently owned by a thread:  ([mutex/lock_event])
[0xb6405350] Threads_lock - owner thread: 0x67c80400
[0xb6405760] Heap_lock - owner thread: 0x6746b800

Heap
 PSYoungGen      total 71936K, used 9215K [0x9dd80000, 0xa2d80000, 0xb3300000)
  eden space 62720K, 0% used [0x9dd80000,0x9dd80000,0xa1ac0000)
  from space 9216K, 99% used [0xa1ac0000,0xa23bfc68,0xa23c0000)
  to   space 8448K, 0% used [0xa23c0000,0xa23c0000,0xa2c00000)
 ParOldGen       total 41728K, used 23433K [0x73300000, 0x75bc0000, 0x9dd80000)
  object space 41728K, 56% used [0x73300000,0x749e25d8,0x75bc0000)
 PSPermGen       total 16384K, used 4165K [0x6b300000, 0x6c300000, 0x73300000)
  object space 16384K, 25% used [0x6b300000,0x6b7116c0,0x6c300000)

Card table byte_map: [0x6b0bf000,0x6b300000] byte_map_base: 0x6ad65800

Polling page: 0xb7778000

Code Cache  [0xb33e7000, 0xb3627000, 0xb63e7000)
 total_blobs=373 nmethods=250 adapters=76 free_code_cache=48112Kb largest_free_block=49169152

Compilation events (10 events):
Event: 18.655 Thread 0x67c98400 nmethod 245 0xb34a2648 code [0xb34a2740, 0xb34a27d0]
Event: 18.655 Thread 0x67c98400  246             com.android.dx.dex.code.CodeAddress::<init> (7 bytes)
Event: 18.656 Thread 0x67c98400 nmethod 246 0xb34a2408 code [0xb34a2500, 0xb34a2590]
Event: 18.656 Thread 0x67c98400  247             com.android.dx.cf.code.Frame::getStack (5 bytes)
Event: 18.656 Thread 0x67c98400 nmethod 247 0xb34a2288 code [0xb34a2360, 0xb34a23b0]
Event: 18.656 Thread 0x67c98400  248   !         com.android.dx.cf.code.Ropper::processBlock (1101 bytes)
Event: 22.566 Thread 0x67c98400 nmethod 248 0xb34d5488 code [0xb34d5ba0, 0xb34db510]
Event: 23.056 Thread 0x67c98400  249             java.lang.AbstractStringBuilder::append (48 bytes)
Event: 24.337 Thread 0x67c98400 nmethod 249 0xb344f388 code [0xb344f4a0, 0xb344f870]
Event: 24.698 Thread 0x67c9a400 nmethod 233 0xb34ec048 code [0xb34ecb60, 0xb34f3264]

GC Heap History (10 events):
Event: 7.661 GC heap after
Heap after GC invocations=2 (full 0):
 PSYoungGen      total 18432K, used 2546K [0x9dd80000, 0xa0180000, 0xb3300000)
  eden space 15872K, 0% used [0x9dd80000,0x9dd80000,0x9ed00000)
  from space 2560K, 99% used [0x9ef80000,0x9f1fc8e0,0x9f200000)
  to   space 2560K, 0% used [0x9ed00000,0x9ed00000,0x9ef80000)
 ParOldGen       total 41728K, used 4515K [0x73300000, 0x75bc0000, 0x9dd80000)
  object space 41728K, 10% used [0x73300000,0x73768f80,0x75bc0000)
 PSPermGen       total 16384K, used 4069K [0x6b300000, 0x6c300000, 0x73300000)
  object space 16384K, 24% used [0x6b300000,0x6b6f9708,0x6c300000)
}
Event: 9.653 GC heap before
{Heap before GC invocations=3 (full 0):
 PSYoungGen      total 18432K, used 18418K [0x9dd80000, 0xa0180000, 0xb3300000)
  eden space 15872K, 100% used [0x9dd80000,0x9ed00000,0x9ed00000)
  from space 2560K, 99% used [0x9ef80000,0x9f1fc8e0,0x9f200000)
  to   space 2560K, 0% used [0x9ed00000,0x9ed00000,0x9ef80000)
 ParOldGen       total 41728K, used 4515K [0x73300000, 0x75bc0000, 0x9dd80000)
  object space 41728K, 10% used [0x73300000,0x73768f80,0x75bc0000)
 PSPermGen       total 16384K, used 4098K [0x6b300000, 0x6c300000, 0x73300000)
  object space 16384K, 25% used [0x6b300000,0x6b700a50,0x6c300000)
Event: 9.722 GC heap after
Heap after GC invocations=3 (full 0):
 PSYoungGen      total 18432K, used 2549K [0x9dd80000, 0xa0180000, 0xb3300000)
  eden space 15872K, 0% used [0x9dd80000,0x9dd80000,0x9ed00000)
  from space 2560K, 99% used [0x9ed00000,0x9ef7d5d8,0x9ef80000)
  to   space 2560K, 0% used [0x9ff00000,0x9ff00000,0xa0180000)
 ParOldGen       total 41728K, used 7306K [0x73300000, 0x75bc0000, 0x9dd80000)
  object space 41728K, 17% used [0x73300000,0x73a22a18,0x75bc0000)
 PSPermGen       total 16384K, used 4098K [0x6b300000, 0x6c300000, 0x73300000)
  object space 16384K, 25% used [0x6b300000,0x6b700a50,0x6c300000)
}
Event: 11.634 GC heap before
{Heap before GC invocations=4 (full 0):
 PSYoungGen      total 18432K, used 18421K [0x9dd80000, 0xa0180000, 0xb3300000)
  eden space 15872K, 100% used [0x9dd80000,0x9ed00000,0x9ed00000)
  from space 2560K, 99% used [0x9ed00000,0x9ef7d5d8,0x9ef80000)
  to   space 2560K, 0% used [0x9ff00000,0x9ff00000,0xa0180000)
 ParOldGen       total 41728K, used 7306K [0x73300000, 0x75bc0000, 0x9dd80000)
  object space 41728K, 17% used [0x73300000,0x73a22a18,0x75bc0000)
 PSPermGen       total 16384K, used 4108K [0x6b300000, 0x6c300000, 0x73300000)
  object space 16384K, 25% used [0x6b300000,0x6b7033f0,0x6c300000)
Event: 11.768 GC heap after
Heap after GC invocations=4 (full 0):
 PSYoungGen      total 34304K, used 2552K [0x9dd80000, 0xa0180000, 0xb3300000)
  eden space 31744K, 0% used [0x9dd80000,0x9dd80000,0x9fc80000)
  from space 2560K, 99% used [0x9ff00000,0xa017e190,0xa0180000)
  to   space 2560K, 0% used [0x9fc80000,0x9fc80000,0x9ff00000)
 ParOldGen       total 41728K, used 10594K [0x73300000, 0x75bc0000, 0x9dd80000)
  object space 41728K, 25% used [0x73300000,0x73d58a68,0x75bc0000)
 PSPermGen       total 16384K, used 4108K [0x6b300000, 0x6c300000, 0x73300000)
  object space 16384K, 25% used [0x6b300000,0x6b7033f0,0x6c300000)
}
Event: 15.589 GC heap before
{Heap before GC invocations=5 (full 0):
 PSYoungGen      total 34304K, used 34296K [0x9dd80000, 0xa0180000, 0xb3300000)
  eden space 31744K, 100% used [0x9dd80000,0x9fc80000,0x9fc80000)
  from space 2560K, 99% used [0x9ff00000,0xa017e190,0xa0180000)
  to   space 2560K, 0% used [0x9fc80000,0x9fc80000,0x9ff00000)
 ParOldGen       total 41728K, used 10594K [0x73300000, 0x75bc0000, 0x9dd80000)
  object space 41728K, 25% used [0x73300000,0x73d58a68,0x75bc0000)
 PSPermGen       total 16384K, used 4124K [0x6b300000, 0x6c300000, 0x73300000)
  object space 16384K, 25% used [0x6b300000,0x6b707378,0x6c300000)
Event: 15.694 GC heap after
Heap after GC invocations=5 (full 0):
 PSYoungGen      total 34304K, used 2556K [0x9dd80000, 0xa2c00000, 0xb3300000)
  eden space 31744K, 0% used [0x9dd80000,0x9dd80000,0x9fc80000)
  from space 2560K, 99% used [0x9fc80000,0x9feff308,0x9ff00000)
  to   space 8448K, 0% used [0xa23c0000,0xa23c0000,0xa2c00000)
 ParOldGen       total 41728K, used 16227K [0x73300000, 0x75bc0000, 0x9dd80000)
  object space 41728K, 38% used [0x73300000,0x742d8c00,0x75bc0000)
 PSPermGen       total 16384K, used 4124K [0x6b300000, 0x6c300000, 0x73300000)
  object space 16384K, 25% used [0x6b300000,0x6b707378,0x6c300000)
}
Event: 19.194 GC heap before
{Heap before GC invocations=6 (full 0):
 PSYoungGen      total 34304K, used 34300K [0x9dd80000, 0xa2c00000, 0xb3300000)
  eden space 31744K, 100% used [0x9dd80000,0x9fc80000,0x9fc80000)
  from space 2560K, 99% used [0x9fc80000,0x9feff308,0x9ff00000)
  to   space 8448K, 0% used [0xa23c0000,0xa23c0000,0xa2c00000)
 ParOldGen       total 41728K, used 16227K [0x73300000, 0x75bc0000, 0x9dd80000)
  object space 41728K, 38% used [0x73300000,0x742d8c00,0x75bc0000)
 PSPermGen       total 16384K, used 4142K [0x6b300000, 0x6c300000, 0x73300000)
  object space 16384K, 25% used [0x6b300000,0x6b70bad8,0x6c300000)
Event: 19.325 GC heap after
Heap after GC invocations=6 (full 0):
 PSYoungGen      total 71168K, used 7922K [0x9dd80000, 0xa2d80000, 0xb3300000)
  eden space 62720K, 0% used [0x9dd80000,0x9dd80000,0xa1ac0000)
  from space 8448K, 93% used [0xa23c0000,0xa2b7ca00,0xa2c00000)
  to   space 9216K, 0% used [0xa1ac0000,0xa1ac0000,0xa23c0000)
 ParOldGen       total 41728K, used 16227K [0x73300000, 0x75bc0000, 0x9dd80000)
  object space 41728K, 38% used [0x73300000,0x742d8c00,0x75bc0000)
 PSPermGen       total 16384K, used 4142K [0x6b300000, 0x6c300000, 0x73300000)
  object space 16384K, 25% used [0x6b300000,0x6b70bad8,0x6c300000)
}
Event: 25.067 GC heap before
{Heap before GC invocations=7 (full 0):
 PSYoungGen      total 71168K, used 70642K [0x9dd80000, 0xa2d80000, 0xb3300000)
  eden space 62720K, 100% used [0x9dd80000,0xa1ac0000,0xa1ac0000)
  from space 8448K, 93% used [0xa23c0000,0xa2b7ca00,0xa2c00000)
  to   space 9216K, 0% used [0xa1ac0000,0xa1ac0000,0xa23c0000)
 ParOldGen       total 41728K, used 16227K [0x73300000, 0x75bc0000, 0x9dd80000)
  object space 41728K, 38% used [0x73300000,0x742d8c00,0x75bc0000)
 PSPermGen       total 16384K, used 4165K [0x6b300000, 0x6c300000, 0x73300000)
  object space 16384K, 25% used [0x6b300000,0x6b7116c0,0x6c300000)

Deoptimization events (10 events):
Event: 10.997 Thread 0x67478400 Uncommon trap: reason=class_check action=maybe_recompile pc=0xb346c880 method=java.util.HashMap.put(Ljava/lang/Object;Ljava/lang/Object;)Ljava/lang/Object; @ 83
Event: 11.486 Thread 0x67478400 Uncommon trap: reason=class_check action=maybe_recompile pc=0xb346c880 method=java.util.HashMap.put(Ljava/lang/Object;Ljava/lang/Object;)Ljava/lang/Object; @ 83
Event: 11.486 Thread 0x67478400 Uncommon trap: reason=class_check action=maybe_recompile pc=0xb346c880 method=java.util.HashMap.put(Ljava/lang/Object;Ljava/lang/Object;)Ljava/lang/Object; @ 83
Event: 11.486 Thread 0x67478400 Uncommon trap: reason=class_check action=maybe_recompile pc=0xb346c880 method=java.util.HashMap.put(Ljava/lang/Object;Ljava/lang/Object;)Ljava/lang/Object; @ 83
Event: 11.562 Thread 0x6747a000 Uncommon trap: reason=null_check action=make_not_entrant pc=0xb348d940 method=com.android.dx.ssa.SsaRenamer.getLocalForNewReg(I)Lcom/android/dx/rop/code/LocalItem; @ 19
Event: 14.856 Thread 0x6746b800 Uncommon trap: reason=unreached action=reinterpret pc=0xb34a847c method=com.android.dx.rop.code.LocalVariableExtractor.processBlock(I)V @ 195
Event: 15.181 Thread 0xb6407c00 Uncommon trap: reason=null_check action=make_not_entrant pc=0xb3454290 method=com.android.dx.rop.type.Type.equals(Ljava/lang/Object;)Z @ 8
Event: 16.766 Thread 0x6747a000 Uncommon trap: reason=unreached action=reinterpret pc=0xb34aea64 method=com.android.dx.ssa.SCCP.simulateBranch(Lcom/android/dx/ssa/SsaInsn;)V @ 132
Event: 16.769 Thread 0x6747a000 Uncommon trap: reason=unreached action=reinterpret pc=0xb34928bc method=com.android.dx.ssa.SsaMethod.updateOneDefinition(Lcom/android/dx/ssa/SsaInsn;Lcom/android/dx/rop/code/RegisterSpec;)V @ 4
Event: 23.602 Thread 0xb6407c00 Uncommon trap: reason=null_check action=make_not_entrant pc=0xb34dacac method=com.android.dx.cf.code.Ropper$CatchInfo.getSetup(Lcom/android/dx/rop/type/Type;)Lcom/android/dx/cf/code/Ropper$ExceptionHandlerSetup; @ 10

Internal exceptions (10 events):
Event: 4.920 Thread 0x6747dc00 Threw 0x9e9368f8 at /build/openjdk-7-OXg_HK/openjdk-7-7u79-2.5.6/build/openjdk/hotspot/src/share/vm/prims/jvm.cpp:1284
Event: 5.265 Thread 0x6747a000 Threw 0x9ebc83a8 at /build/openjdk-7-OXg_HK/openjdk-7-7u79-2.5.6/build/openjdk/hotspot/src/share/vm/prims/jvm.cpp:1284
Event: 5.487 Thread 0x67478400 Threw 0x9de8aa98 at /build/openjdk-7-OXg_HK/openjdk-7-7u79-2.5.6/build/openjdk/hotspot/src/share/vm/prims/jvm.cpp:1284
Event: 6.942 Thread 0xb6407c00 Implicit null exception at 0xb344ea6e to 0xb344f061
Event: 11.562 Thread 0x6747a000 Implicit null exception at 0xb348c4b7 to 0xb348d931
Event: 12.584 Thread 0x6747a000 Threw 0x9e448988 at /build/openjdk-7-OXg_HK/openjdk-7-7u79-2.5.6/build/openjdk/hotspot/src/share/vm/prims/jvm.cpp:1284
Event: 15.181 Thread 0xb6407c00 Implicit null exception at 0xb34541ab to 0xb3454282
Event: 16.768 Thread 0x6747a000 Threw 0x9e680db0 at /build/openjdk-7-OXg_HK/openjdk-7-7u79-2.5.6/build/openjdk/hotspot/src/share/vm/prims/jvm.cpp:1284
Event: 23.543 Thread 0xb6407c00 Threw 0xa097b4c8 at /build/openjdk-7-OXg_HK/openjdk-7-7u79-2.5.6/build/openjdk/hotspot/src/share/vm/prims/jvm.cpp:1284
Event: 23.557 Thread 0xb6407c00 Implicit null exception at 0xb34d7c00 to 0xb34dac81

Events (10 events):
Event: 19.340 Executing VM operation: RevokeBias
Event: 19.341 Executing VM operation: RevokeBias done
Event: 19.341 Executing VM operation: BulkRevokeBias
Event: 19.341 Executing VM operation: BulkRevokeBias done
Event: 23.543 loading class 0x67cf6ce8
Event: 23.543 loading class 0x67cf6ce8 done
Event: 23.585 Thread 0xb6407c00 Uncommon trap: trap_request=0xfffffff4 fr.pc=0xb34dacac
Event: 23.602 Thread 0xb6407c00 DEOPT PACKING pc=0xb34dacac sp=0xb65c5890
Event: 23.745 Thread 0xb6407c00 DEOPT UNPACKING pc=0xb3413bc8 sp=0xb65c585c mode 2
Event: 24.857 Executing VM operation: ParallelGCFailedAllocation


Dynamic libraries:
08048000-08049000 r-xp 00000000 08:01 3412725    /usr/lib/jvm/java-7-openjdk-i386/jre/bin/java
08049000-0804a000 r--p 00000000 08:01 3412725    /usr/lib/jvm/java-7-openjdk-i386/jre/bin/java
0804a000-0804b000 rw-p 00001000 08:01 3412725    /usr/lib/jvm/java-7-openjdk-i386/jre/bin/java
09809000-0992a000 rw-p 00000000 00:00 0          [heap]
65600000-656fa000 rw-p 00000000 00:00 0 
656fa000-65700000 ---p 00000000 00:00 0 
65700000-657c8000 rw-p 00000000 00:00 0 
657c8000-65800000 ---p 00000000 00:00 0 
65800000-658b1000 rw-p 00000000 00:00 0 
658b1000-65900000 ---p 00000000 00:00 0 
65900000-659ff000 rw-p 00000000 00:00 0 
659ff000-65a00000 ---p 00000000 00:00 0 
65a00000-65ae7000 rw-p 00000000 00:00 0 
65ae7000-65b00000 ---p 00000000 00:00 0 
65b00000-65bf9000 rw-p 00000000 00:00 0 
65bf9000-65c00000 ---p 00000000 00:00 0 
65c00000-65cfe000 rw-p 00000000 00:00 0 
65cfe000-65d00000 ---p 00000000 00:00 0 
65e00000-65ef9000 rw-p 00000000 00:00 0 
65ef9000-65f00000 ---p 00000000 00:00 0 
65f00000-65ffd000 rw-p 00000000 00:00 0 
65ffd000-66000000 ---p 00000000 00:00 0 
66000000-660fe000 rw-p 00000000 00:00 0 
660fe000-66100000 ---p 00000000 00:00 0 
66100000-661e9000 rw-p 00000000 00:00 0 
661e9000-66200000 ---p 00000000 00:00 0 
66200000-662e5000 rw-p 00000000 00:00 0 
662e5000-66300000 ---p 00000000 00:00 0 
66302000-66400000 rw-p 00000000 00:00 0 
66400000-664ee000 rw-p 00000000 00:00 0 
664ee000-66500000 ---p 00000000 00:00 0 
66500000-665fb000 rw-p 00000000 00:00 0 
665fb000-66600000 ---p 00000000 00:00 0 
66600000-666fd000 rw-p 00000000 00:00 0 
666fd000-66700000 ---p 00000000 00:00 0 
66700000-667f0000 rw-p 00000000 00:00 0 
667f0000-66800000 ---p 00000000 00:00 0 
66800000-66900000 rw-p 00000000 00:00 0 
66981000-66a00000 rw-p 00000000 00:00 0 
66a00000-66afd000 rw-p 00000000 00:00 0 
66afd000-66b00000 ---p 00000000 00:00 0 
66b00000-66bfc000 rw-p 00000000 00:00 0 
66bfc000-66c00000 ---p 00000000 00:00 0 
66c00000-66cfd000 rw-p 00000000 00:00 0 
66cfd000-66d00000 ---p 00000000 00:00 0 
66d00000-66e00000 rw-p 00000000 00:00 0 
66e00000-66efe000 rw-p 00000000 00:00 0 
66efe000-66f00000 ---p 00000000 00:00 0 
66f36000-66f39000 ---p 00000000 00:00 0 
66f39000-66f87000 rw-p 00000000 00:00 0          [stack:12507]
66f87000-66f8a000 ---p 00000000 00:00 0 
66f8a000-66fd8000 rw-p 00000000 00:00 0          [stack:12505]
66fd8000-66fdb000 ---p 00000000 00:00 0 
66fdb000-67029000 rw-p 00000000 00:00 0          [stack:12503]
67029000-6702c000 ---p 00000000 00:00 0 
6702c000-6707a000 rw-p 00000000 00:00 0          [stack:12493]
6707a000-6707d000 ---p 00000000 00:00 0 
6707d000-670cb000 rw-p 00000000 00:00 0          [stack:12491]
670cb000-67107000 r-xp 00000000 08:01 25035843   /lib/i386-linux-gnu/libpcre.so.3.13.1
67107000-67108000 r--p 0003b000 08:01 25035843   /lib/i386-linux-gnu/libpcre.so.3.13.1
67108000-67109000 rw-p 0003c000 08:01 25035843   /lib/i386-linux-gnu/libpcre.so.3.13.1
67109000-6711c000 r-xp 00000000 08:01 25035866   /lib/i386-linux-gnu/libresolv-2.19.so
6711c000-6711d000 ---p 00013000 08:01 25035866   /lib/i386-linux-gnu/libresolv-2.19.so
6711d000-6711e000 r--p 00013000 08:01 25035866   /lib/i386-linux-gnu/libresolv-2.19.so
6711e000-6711f000 rw-p 00014000 08:01 25035866   /lib/i386-linux-gnu/libresolv-2.19.so
6711f000-67121000 rw-p 00000000 00:00 0 
67121000-6722b000 r-xp 00000000 08:01 25035771   /lib/i386-linux-gnu/libglib-2.0.so.0.4000.0
6722b000-6722c000 r--p 00109000 08:01 25035771   /lib/i386-linux-gnu/libglib-2.0.so.0.4000.0
6722c000-6722d000 rw-p 0010a000 08:01 25035771   /lib/i386-linux-gnu/libglib-2.0.so.0.4000.0
6722d000-6727d000 r-xp 00000000 08:01 3020380    /usr/lib/i386-linux-gnu/libgobject-2.0.so.0.4000.0
6727d000-6727e000 r--p 0004f000 08:01 3020380    /usr/lib/i386-linux-gnu/libgobject-2.0.so.0.4000.0
6727e000-6727f000 rw-p 00050000 08:01 3020380    /usr/lib/i386-linux-gnu/libgobject-2.0.so.0.4000.0
6727f000-673fc000 r-xp 00000000 08:01 3020350    /usr/lib/i386-linux-gnu/libgio-2.0.so.0.4000.0
673fc000-673fe000 r--p 0017c000 08:01 3020350    /usr/lib/i386-linux-gnu/libgio-2.0.so.0.4000.0
673fe000-673ff000 rw-p 0017e000 08:01 3020350    /usr/lib/i386-linux-gnu/libgio-2.0.so.0.4000.0
673ff000-67400000 rw-p 00000000 00:00 0 
67400000-67499000 rw-p 00000000 00:00 0 
67499000-67500000 ---p 00000000 00:00 0 
67509000-67529000 r-xp 00000000 08:01 25035870   /lib/i386-linux-gnu/libselinux.so.1
67529000-6752a000 r--p 0001f000 08:01 25035870   /lib/i386-linux-gnu/libselinux.so.1
6752a000-6752b000 rw-p 00020000 08:01 25035870   /lib/i386-linux-gnu/libselinux.so.1
6752b000-6752c000 rw-p 00000000 00:00 0 
6752c000-6752d000 ---p 00000000 00:00 0 
6752d000-675ad000 rw-p 00000000 00:00 0          [stack:12486]
675ad000-675b0000 ---p 00000000 00:00 0 
675b0000-675fe000 rw-p 00000000 00:00 0          [stack:12484]
675fe000-67601000 ---p 00000000 00:00 0 
67601000-6767f000 rw-p 00000000 00:00 0          [stack:12478]
6767f000-67682000 ---p 00000000 00:00 0 
67682000-67700000 rw-p 00000000 00:00 0          [stack:12476]
67700000-67900000 r--p 00000000 08:01 3022988    /usr/lib/locale/locale-archive
67900000-67921000 rw-p 00000000 00:00 0 
67921000-67a00000 ---p 00000000 00:00 0 
67a00000-67afe000 rw-p 00000000 00:00 0 
67afe000-67b00000 ---p 00000000 00:00 0 
67b0d000-67b10000 ---p 00000000 00:00 0 
67b10000-67b5e000 rw-p 00000000 00:00 0          [stack:12474]
67b5e000-67b61000 ---p 00000000 00:00 0 
67b61000-67baf000 rw-p 00000000 00:00 0          [stack:12468]
67baf000-67bb2000 ---p 00000000 00:00 0 
67bb2000-67c00000 rw-p 00000000 00:00 0          [stack:12467]
67c00000-67d00000 rw-p 00000000 00:00 0 
67d0c000-67d4e000 r--p 00858000 08:01 3022988    /usr/lib/locale/locale-archive
67d4e000-67d4f000 ---p 00000000 00:00 0 
67d4f000-67dcf000 rw-p 00000000 00:00 0          [stack:12460]
67dcf000-67f80000 r--s 01d29000 08:01 3283391    /usr/lib/jvm/java-7-openjdk-i386/jre/lib/rt.jar
67f80000-6a800000 rw-p 00000000 00:00 0 
6a800000-6a8ff000 rw-p 00000000 00:00 0 
6a8ff000-6a900000 ---p 00000000 00:00 0 
6a91d000-6a934000 r-xp 00000000 08:01 3283427    /usr/lib/jvm/java-7-openjdk-i386/jre/lib/i386/libnet.so
6a934000-6a935000 r--p 00017000 08:01 3283427    /usr/lib/jvm/java-7-openjdk-i386/jre/lib/i386/libnet.so
6a935000-6a936000 rw-p 00018000 08:01 3283427    /usr/lib/jvm/java-7-openjdk-i386/jre/lib/i386/libnet.so
6a936000-6a97f000 rw-p 00000000 00:00 0 
6a97f000-6a980000 ---p 00000000 00:00 0 
6a980000-6aa00000 rw-p 00000000 00:00 0          [stack:12450]
6aa00000-6aa21000 rw-p 00000000 00:00 0 
6aa21000-6ab00000 ---p 00000000 00:00 0 
6ab00000-6ab21000 rw-p 00000000 00:00 0 
6ab21000-6ac00000 ---p 00000000 00:00 0 
6ac11000-6ac22000 r-xp 00000000 08:01 3283432    /usr/lib/jvm/java-7-openjdk-i386/jre/lib/i386/libnio.so
6ac22000-6ac23000 r--p 00010000 08:01 3283432    /usr/lib/jvm/java-7-openjdk-i386/jre/lib/i386/libnio.so
6ac23000-6ac24000 rw-p 00011000 08:01 3283432    /usr/lib/jvm/java-7-openjdk-i386/jre/lib/i386/libnio.so
6ac24000-6ac7f000 rw-p 00000000 00:00 0 
6ac7f000-6ac80000 ---p 00000000 00:00 0 
6ac80000-6ad00000 rw-p 00000000 00:00 0          [stack:12448]
6ad00000-6ad30000 rw-p 00000000 00:00 0 
6ad30000-6ae00000 ---p 00000000 00:00 0 
6ae04000-6ae18000 r--s 000d6000 08:01 27533101   /home/rafiqul/Documents/Software Engineering Project/spring2016_s1_cse404/AssetTrackingSystem__Android_Platform/app/build/intermediates/exploded-aar/com.android.support/support-v4/23.0.0/jars/classes.jar
6ae18000-6ae27000 r--s 000df000 08:01 9175179    /home/rafiqul/Android/Sdk/build-tools/23.0.1/lib/dx.jar
6ae27000-6ae28000 ---p 00000000 00:00 0 
6ae28000-6aea8000 rw-p 00000000 00:00 0          [stack:12445]
6aea8000-6aea9000 ---p 00000000 00:00 0 
6aea9000-6af31000 rw-p 00000000 00:00 0          [stack:12442]
6af31000-6af69000 rw-p 00000000 00:00 0 
6af69000-6af7e000 rw-p 00000000 00:00 0 
6af7e000-6b0bf000 rw-p 00000000 00:00 0 
6b0bf000-6b0c7000 rw-p 00000000 00:00 0 
6b0c7000-6b0ff000 rw-p 00000000 00:00 0 
6b0ff000-6b114000 rw-p 00000000 00:00 0 
6b114000-6b254000 rw-p 00000000 00:00 0 
6b254000-6b27d000 rw-p 00000000 00:00 0 
6b27d000-6b2ff000 rw-p 00000000 00:00 0 
6b2ff000-6c300000 rw-p 00000000 00:00 0 
6c300000-73300000 rw-p 00000000 00:00 0 
73300000-75bc0000 rw-p 00000000 00:00 0 
75bc0000-9dd80000 rw-p 00000000 00:00 0 
9dd80000-a2d80000 rw-p 00000000 00:00 0 
a7300000-b3300000 rw-p 00000000 00:00 0 
b3300000-b3305000 r-xp 00000000 08:01 3020247    /usr/lib/i386-linux-gnu/libffi.so.6.0.1
b3305000-b3306000 r--p 00005000 08:01 3020247    /usr/lib/i386-linux-gnu/libffi.so.6.0.1
b3306000-b3307000 rw-p 00006000 08:01 3020247    /usr/lib/i386-linux-gnu/libffi.so.6.0.1
b3307000-b330a000 r-xp 00000000 08:01 3020364    /usr/lib/i386-linux-gnu/libgmodule-2.0.so.0.4000.0
b330a000-b330b000 r--p 00002000 08:01 3020364    /usr/lib/i386-linux-gnu/libgmodule-2.0.so.0.4000.0
b330b000-b330c000 rw-p 00003000 08:01 3020364    /usr/lib/i386-linux-gnu/libgmodule-2.0.so.0.4000.0
b330c000-b3330000 rw-p 00000000 00:00 0 
b3330000-b33e7000 rw-p 00000000 00:00 0 
b33e7000-b3627000 rwxp 00000000 00:00 0 
b3627000-b63e7000 rw-p 00000000 00:00 0 
b63e7000-b63f2000 r-xp 00000000 08:01 25035815   /lib/i386-linux-gnu/libnss_files-2.19.so
b63f2000-b63f3000 r--p 0000a000 08:01 25035815   /lib/i386-linux-gnu/libnss_files-2.19.so
b63f3000-b63f4000 rw-p 0000b000 08:01 25035815   /lib/i386-linux-gnu/libnss_files-2.19.so
b63f4000-b63fe000 r-xp 00000000 08:01 25035825   /lib/i386-linux-gnu/libnss_nis-2.19.so
b63fe000-b63ff000 r--p 00009000 08:01 25035825   /lib/i386-linux-gnu/libnss_nis-2.19.so
b63ff000-b6400000 rw-p 0000a000 08:01 25035825   /lib/i386-linux-gnu/libnss_nis-2.19.so
b6400000-b6500000 rw-p 00000000 00:00 0 
b6503000-b6505000 r--s 00006000 08:01 3412779    /usr/share/java/java-atk-wrapper.jar
b6505000-b6508000 r--s 0000f000 08:01 3412677    /usr/lib/jvm/java-7-openjdk-i386/jre/lib/ext/icedtea-sound.jar
b6508000-b651d000 r-xp 00000000 08:01 25035809   /lib/i386-linux-gnu/libnsl-2.19.so
b651d000-b651e000 r--p 00015000 08:01 25035809   /lib/i386-linux-gnu/libnsl-2.19.so
b651e000-b651f000 rw-p 00016000 08:01 25035809   /lib/i386-linux-gnu/libnsl-2.19.so
b651f000-b6521000 rw-p 00000000 00:00 0 
b6521000-b6528000 r-xp 00000000 08:01 25035811   /lib/i386-linux-gnu/libnss_compat-2.19.so
b6528000-b6529000 r--p 00006000 08:01 25035811   /lib/i386-linux-gnu/libnss_compat-2.19.so
b6529000-b652a000 rw-p 00007000 08:01 25035811   /lib/i386-linux-gnu/libnss_compat-2.19.so
b652a000-b652b000 r--s 00002000 08:01 3412674    /usr/lib/jvm/java-7-openjdk-i386/jre/lib/ext/dnsns.jar
b652b000-b652d000 r--s 00012000 08:01 3412678    /usr/lib/jvm/java-7-openjdk-i386/jre/lib/ext/zipfs.jar
b652d000-b6531000 r--s 00034000 08:01 3412675    /usr/lib/jvm/java-7-openjdk-i386/jre/lib/ext/sunjce_provider.jar
b6531000-b6535000 r--s 00085000 08:01 3412673    /usr/lib/jvm/java-7-openjdk-i386/jre/lib/ext/localedata.jar
b6535000-b6539000 r--s 0003c000 08:01 3412676    /usr/lib/jvm/java-7-openjdk-i386/jre/lib/ext/sunpkcs11.jar
b6539000-b653a000 r--p 00855000 08:01 3022988    /usr/lib/locale/locale-archive
b653a000-b6542000 r-xp 00000000 08:01 3283403    /usr/lib/jvm/java-7-openjdk-i386/jre/lib/i386/libzip.so
b6542000-b6543000 r--p 00007000 08:01 3283403    /usr/lib/jvm/java-7-openjdk-i386/jre/lib/i386/libzip.so
b6543000-b6544000 rw-p 00008000 08:01 3283403    /usr/lib/jvm/java-7-openjdk-i386/jre/lib/i386/libzip.so
b6544000-b656b000 r-xp 00000000 08:01 3283435    /usr/lib/jvm/java-7-openjdk-i386/jre/lib/i386/libjava.so
b656b000-b656c000 r--p 00026000 08:01 3283435    /usr/lib/jvm/java-7-openjdk-i386/jre/lib/i386/libjava.so
b656c000-b656d000 rw-p 00027000 08:01 3283435    /usr/lib/jvm/java-7-openjdk-i386/jre/lib/i386/libjava.so
b656d000-b6574000 r-xp 00000000 08:01 25035868   /lib/i386-linux-gnu/librt-2.19.so
b6574000-b6575000 r--p 00006000 08:01 25035868   /lib/i386-linux-gnu/librt-2.19.so
b6575000-b6576000 rw-p 00007000 08:01 25035868   /lib/i386-linux-gnu/librt-2.19.so
b6576000-b6579000 ---p 00000000 00:00 0 
b6579000-b65c7000 rw-p 00000000 00:00 0          [stack:12438]
b65c7000-b65e3000 r-xp 00000000 08:01 25035767   /lib/i386-linux-gnu/libgcc_s.so.1
b65e3000-b65e4000 rw-p 0001b000 08:01 25035767   /lib/i386-linux-gnu/libgcc_s.so.1
b65e4000-b6628000 r-xp 00000000 08:01 25035790   /lib/i386-linux-gnu/libm-2.19.so
b6628000-b6629000 r--p 00043000 08:01 25035790   /lib/i386-linux-gnu/libm-2.19.so
b6629000-b662a000 rw-p 00044000 08:01 25035790   /lib/i386-linux-gnu/libm-2.19.so
b662a000-b6706000 r-xp 00000000 08:01 3018897    /usr/lib/i386-linux-gnu/libstdc++.so.6.0.19
b6706000-b670a000 r--p 000dc000 08:01 3018897    /usr/lib/i386-linux-gnu/libstdc++.so.6.0.19
b670a000-b670b000 rw-p 000e0000 08:01 3018897    /usr/lib/i386-linux-gnu/libstdc++.so.6.0.19
b670b000-b6712000 rw-p 00000000 00:00 0 
b6712000-b7101000 r-xp 00000000 08:01 3412663    /usr/lib/jvm/java-7-openjdk-i386/jre/lib/i386/server/libjvm.so
b7101000-b7153000 r--p 009ee000 08:01 3412663    /usr/lib/jvm/java-7-openjdk-i386/jre/lib/i386/server/libjvm.so
b7153000-b7167000 rw-p 00a40000 08:01 3412663    /usr/lib/jvm/java-7-openjdk-i386/jre/lib/i386/server/libjvm.so
b7167000-b7585000 rw-p 00000000 00:00 0 
b7585000-b759d000 r-xp 00000000 08:01 25035903   /lib/i386-linux-gnu/libz.so.1.2.8
b759d000-b759e000 r--p 00017000 08:01 25035903   /lib/i386-linux-gnu/libz.so.1.2.8
b759e000-b759f000 rw-p 00018000 08:01 25035903   /lib/i386-linux-gnu/libz.so.1.2.8
b759f000-b75b7000 r-xp 00000000 08:01 25035860   /lib/i386-linux-gnu/libpthread-2.19.so
b75b7000-b75b8000 r--p 00017000 08:01 25035860   /lib/i386-linux-gnu/libpthread-2.19.so
b75b8000-b75b9000 rw-p 00018000 08:01 25035860   /lib/i386-linux-gnu/libpthread-2.19.so
b75b9000-b75bb000 rw-p 00000000 00:00 0 
b75bb000-b75be000 r-xp 00000000 08:01 25035757   /lib/i386-linux-gnu/libdl-2.19.so
b75be000-b75bf000 r--p 00002000 08:01 25035757   /lib/i386-linux-gnu/libdl-2.19.so
b75bf000-b75c0000 rw-p 00003000 08:01 25035757   /lib/i386-linux-gnu/libdl-2.19.so
b75c0000-b7769000 r-xp 00000000 08:01 25035740   /lib/i386-linux-gnu/libc-2.19.so
b7769000-b776b000 r--p 001a9000 08:01 25035740   /lib/i386-linux-gnu/libc-2.19.so
b776b000-b776c000 rw-p 001ab000 08:01 25035740   /lib/i386-linux-gnu/libc-2.19.so
b776c000-b776f000 rw-p 00000000 00:00 0 
b776f000-b7777000 rw-s 00000000 08:01 16646438   /tmp/hsperfdata_rafiqul/12433
b7777000-b7778000 rw-p 00000000 00:00 0 
b7778000-b7779000 ---p 00000000 00:00 0 
b7779000-b7787000 r-xp 00000000 08:01 3283418    /usr/lib/jvm/java-7-openjdk-i386/jre/lib/i386/libverify.so
b7787000-b7788000 r--p 0000d000 08:01 3283418    /usr/lib/jvm/java-7-openjdk-i386/jre/lib/i386/libverify.so
b7788000-b7789000 rw-p 0000e000 08:01 3283418    /usr/lib/jvm/java-7-openjdk-i386/jre/lib/i386/libverify.so
b7789000-b7795000 r-xp 00000000 08:01 3283406    /usr/lib/jvm/java-7-openjdk-i386/jre/lib/i386/jli/libjli.so
b7795000-b7796000 r--p 0000c000 08:01 3283406    /usr/lib/jvm/java-7-openjdk-i386/jre/lib/i386/jli/libjli.so
b7796000-b7797000 rw-p 0000d000 08:01 3283406    /usr/lib/jvm/java-7-openjdk-i386/jre/lib/i386/jli/libjli.so
b7797000-b779a000 rw-p 00000000 00:00 0 
b779a000-b779b000 r-xp 00000000 00:00 0          [vdso]
b779b000-b77bb000 r-xp 00000000 08:01 25035716   /lib/i386-linux-gnu/ld-2.19.so
b77bb000-b77bc000 r--p 0001f000 08:01 25035716   /lib/i386-linux-gnu/ld-2.19.so
b77bc000-b77bd000 rw-p 00020000 08:01 25035716   /lib/i386-linux-gnu/ld-2.19.so
bfe4e000-bfe4f000 rwxp 00000000 00:00 0 
bfe81000-bfea2000 rw-p 00000000 00:00 0          [stack]

VM Arguments:
jvm_args: -Xmx1024M -Dfile.encoding=UTF-8 -Duser.country=US -Duser.language=en -Duser.variant 
java_command: com.android.dx.command.Main --dex --num-threads=4 --output /home/rafiqul/Documents/Software Engineering Project/spring2016_s1_cse404/AssetTrackingSystem__Android_Platform/app/build/intermediates/pre-dexed/debug/classes-4f0c7eb904846bd1a6235e70f11da521d97d6b6d.jar /home/rafiqul/Documents/Software Engineering Project/spring2016_s1_cse404/AssetTrackingSystem__Android_Platform/app/build/intermediates/exploded-aar/com.android.support/support-v4/23.0.0/jars/classes.jar
Launcher Type: SUN_STANDARD

Environment Variables:
JAVA_HOME=/usr/lib/jvm/java-8-oracle
PATH=/usr/local/sbin:/usr/local/bin:/usr/sbin:/usr/bin:/sbin:/bin:/usr/games:/usr/local/games:/usr/lib/jvm/java-8-oracle/bin:/usr/lib/jvm/java-8-oracle/db/bin:/usr/lib/jvm/java-8-oracle/jre/bin
LD_LIBRARY_PATH=/home/rafiqul/android-studio/bin:
SHELL=/bin/bash
DISPLAY=:0

Signal Handlers:
SIGSEGV: [libjvm.so+0x80cb90], sa_mask[0]=0x7ffbfeff, sa_flags=0x10000004
SIGBUS: [libjvm.so+0x80cb90], sa_mask[0]=0x7ffbfeff, sa_flags=0x10000004
SIGFPE: [libjvm.so+0x684e30], sa_mask[0]=0x7ffbfeff, sa_flags=0x10000004
SIGPIPE: [libjvm.so+0x684e30], sa_mask[0]=0x7ffbfeff, sa_flags=0x10000004
SIGXFSZ: [libjvm.so+0x684e30], sa_mask[0]=0x7ffbfeff, sa_flags=0x10000004
SIGILL: [libjvm.so+0x684e30], sa_mask[0]=0x7ffbfeff, sa_flags=0x10000004
SIGUSR1: SIG_DFL, sa_mask[0]=0x00000000, sa_flags=0x00000000
SIGUSR2: [libjvm.so+0x684cc0], sa_mask[0]=0x00000004, sa_flags=0x10000004
SIGHUP: [libjvm.so+0x684ef0], sa_mask[0]=0x7ffbfeff, sa_flags=0x10000004
SIGINT: [libjvm.so+0x684ef0], sa_mask[0]=0x7ffbfeff, sa_flags=0x10000004
SIGTERM: [libjvm.so+0x684ef0], sa_mask[0]=0x7ffbfeff, sa_flags=0x10000004
SIGQUIT: [libjvm.so+0x684ef0], sa_mask[0]=0x7ffbfeff, sa_flags=0x10000004
SIGTRAP: SIG_DFL, sa_mask[0]=0x00000000, sa_flags=0x00000000


---------------  S Y S T E M  ---------------

OS:Ubuntu 14.04 (trusty)
uname:Linux 3.13.0-24-generic #46-Ubuntu SMP Thu Apr 10 19:08:14 UTC 2014 i686
libc:glibc 2.19 NPTL 2.19 
rlimit: STACK 8192k, CORE 0k, NPROC 31106, NOFILE 4096, AS infinity
load average:14.24 7.10 3.40

/proc/meminfo:
MemTotal:        4000684 kB
MemFree:          230684 kB
Buffers:            1436 kB
Cached:           429276 kB
SwapCached:            0 kB
Active:          3235072 kB
Inactive:         410336 kB
Active(anon):    3222468 kB
Inactive(anon):   400924 kB
Active(file):      12604 kB
Inactive(file):     9412 kB
Unevictable:          48 kB
Mlocked:              48 kB
HighTotal:       3155716 kB
HighFree:          40356 kB
LowTotal:         844968 kB
LowFree:          190328 kB
SwapTotal:             0 kB
SwapFree:              0 kB
Dirty:               484 kB
Writeback:             0 kB
AnonPages:       3215220 kB
Mapped:           179196 kB
Shmem:            408248 kB
Slab:              48144 kB
SReclaimable:      20760 kB
SUnreclaim:        27384 kB
KernelStack:        6184 kB
PageTables:        20708 kB
NFS_Unstable:          0 kB
Bounce:                0 kB
WritebackTmp:          0 kB
CommitLimit:     2000340 kB
Committed_AS:    9365332 kB
VmallocTotal:     122880 kB
VmallocUsed:       16996 kB
VmallocChunk:      97920 kB
HardwareCorrupted:     0 kB
AnonHugePages:   1318912 kB
HugePages_Total:       0
HugePages_Free:        0
HugePages_Rsvd:        0
HugePages_Surp:        0
Hugepagesize:       2048 kB
DirectMap4k:       71672 kB
DirectMap2M:      839680 kB


CPU:total 4 (2 cores per cpu, 2 threads per core) family 6 model 58 stepping 9, cmov, cx8, fxsr, mmx, sse, sse2, sse3, ssse3, sse4.1, sse4.2, popcnt, avx, erms, ht, tsc, tscinvbit, tscinv

/proc/cpuinfo:
processor	: 0
vendor_id	: GenuineIntel
cpu family	: 6
model		: 58
model name	: Intel(R) Core(TM) i3-3217U CPU @ 1.80GHz
stepping	: 9
microcode	: 0x15
cpu MHz		: 1801.000
cache size	: 3072 KB
physical id	: 0
siblings	: 4
core id		: 0
cpu cores	: 2
apicid		: 0
initial apicid	: 0
fdiv_bug	: no
f00f_bug	: no
coma_bug	: no
fpu		: yes
fpu_exception	: yes
cpuid level	: 13
wp		: yes
flags		: fpu vme de pse tsc msr pae mce cx8 apic sep mtrr pge mca cmov pat pse36 clflush dts acpi mmx fxsr sse sse2 ss ht tm pbe nx rdtscp lm constant_tsc arch_perfmon pebs bts xtopology nonstop_tsc aperfmperf eagerfpu pni pclmulqdq dtes64 monitor ds_cpl vmx est tm2 ssse3 cx16 xtpr pdcm pcid sse4_1 sse4_2 x2apic popcnt tsc_deadline_timer xsave avx f16c lahf_lm ida arat epb xsaveopt pln pts dtherm tpr_shadow vnmi flexpriority ept vpid fsgsbase smep erms
bogomips	: 3591.98
clflush size	: 64
cache_alignment	: 64
address sizes	: 36 bits physical, 48 bits virtual
power management:

processor	: 1
vendor_id	: GenuineIntel
cpu family	: 6
model		: 58
model name	: Intel(R) Core(TM) i3-3217U CPU @ 1.80GHz
stepping	: 9
microcode	: 0x15
cpu MHz		: 1801.000
cache size	: 3072 KB
physical id	: 0
siblings	: 4
core id		: 0
cpu cores	: 2
apicid		: 1
initial apicid	: 1
fdiv_bug	: no
f00f_bug	: no
coma_bug	: no
fpu		: yes
fpu_exception	: yes
cpuid level	: 13
wp		: yes
flags		: fpu vme de pse tsc msr pae mce cx8 apic sep mtrr pge mca cmov pat pse36 clflush dts acpi mmx fxsr sse sse2 ss ht tm pbe nx rdtscp lm constant_tsc arch_perfmon pebs bts xtopology nonstop_tsc aperfmperf eagerfpu pni pclmulqdq dtes64 monitor ds_cpl vmx est tm2 ssse3 cx16 xtpr pdcm pcid sse4_1 sse4_2 x2apic popcnt tsc_deadline_timer xsave avx f16c lahf_lm ida arat epb xsaveopt pln pts dtherm tpr_shadow vnmi flexpriority ept vpid fsgsbase smep erms
bogomips	: 3591.98
clflush size	: 64
cache_alignment	: 64
address sizes	: 36 bits physical, 48 bits virtual
power management:

processor	: 2
vendor_id	: GenuineIntel
cpu family	: 6
model		: 58
model name	: Intel(R) Core(TM) i3-3217U CPU @ 1.80GHz
stepping	: 9
microcode	: 0x15
cpu MHz		: 1801.000
cache size	: 3072 KB
physical id	: 0
siblings	: 4
core id		: 1
cpu cores	: 2
apicid		: 2
initial apicid	: 2
fdiv_bug	: no
f00f_bug	: no
coma_bug	: no
fpu		: yes
fpu_exception	: yes
cpuid level	: 13
wp		: yes
flags		: fpu vme de pse tsc msr pae mce cx8 apic sep mtrr pge mca cmov pat pse36 clflush dts acpi mmx fxsr sse sse2 ss ht tm pbe nx rdtscp lm constant_tsc arch_perfmon pebs bts xtopology nonstop_tsc aperfmperf eagerfpu pni pclmulqdq dtes64 monitor ds_cpl vmx est tm2 ssse3 cx16 xtpr pdcm pcid sse4_1 sse4_2 x2apic popcnt tsc_deadline_timer xsave avx f16c lahf_lm ida arat epb xsaveopt pln pts dtherm tpr_shadow vnmi flexpriority ept vpid fsgsbase smep erms
bogomips	: 3591.98
clflush size	: 64
cache_alignment	: 64
address sizes	: 36 bits physical, 48 bits virtual
power management:

processor	: 3
vendor_id	: GenuineIntel
cpu family	: 6
model		: 58
model name	: Intel(R) Core(TM) i3-3217U CPU @ 1.80GHz
stepping	: 9
microcode	: 0x15
cpu MHz		: 1801.000
cache size	: 3072 KB
physical id	: 0
siblings	: 4
core id		: 1
cpu cores	: 2
apicid		: 3
initial apicid	: 3
fdiv_bug	: no
f00f_bug	: no
coma_bug	: no
fpu		: yes
fpu_exception	: yes
cpuid level	: 13
wp		: yes
flags		: fpu vme de pse tsc msr pae mce cx8 apic sep mtrr pge mca cmov pat pse36 clflush dts acpi mmx fxsr sse sse2 ss ht tm pbe nx rdtscp lm constant_tsc arch_perfmon pebs bts xtopology nonstop_tsc aperfmperf eagerfpu pni pclmulqdq dtes64 monitor ds_cpl vmx est tm2 ssse3 cx16 xtpr pdcm pcid sse4_1 sse4_2 x2apic popcnt tsc_deadline_timer xsave avx f16c lahf_lm ida arat epb xsaveopt pln pts dtherm tpr_shadow vnmi flexpriority ept vpid fsgsbase smep erms
bogomips	: 3591.98
clflush size	: 64
cache_alignment	: 64
address sizes	: 36 bits physical, 48 bits virtual
power management:



Memory: 4k page, physical 4000684k(230684k free), swap 0k(0k free)

vm_info: OpenJDK Server VM (24.79-b02) for linux-x86 JRE (1.7.0_79-b14), built on Jul 24 2015 08:25:15 by "buildd" with gcc 4.8.2

time: Mon Apr 18 00:37:35 2016
elapsed time: 34 seconds

