#
# There is insufficient memory for the Java Runtime Environment to continue.
# Native memory allocation (malloc) failed to allocate 71303168 bytes for committing reserved memory.
# Possible reasons:
#   The system is out of physical RAM or swap space
#   In 32 bit mode, the process size limit was hit
# Possible solutions:
#   Reduce memory load on the system
#   Increase physical memory or swap space
#   Check if swap backing store is full
#   Use 64 bit Java on a 64 bit OS
#   Decrease Java heap size (-Xmx/-Xms)
#   Decrease number of Java threads
#   Decrease Java thread stack sizes (-Xss)
#   Set larger code cache with -XX:ReservedCodeCacheSize=
# This output file may be truncated or incomplete.
#
#  Out of Memory Error (os_linux.cpp:2809), pid=4896, tid=1742531392
#
# JRE version: OpenJDK Runtime Environment (7.0_79-b14) (build 1.7.0_79-b14)
# Java VM: OpenJDK Server VM (24.79-b02 mixed mode linux-x86 )
# Derivative: IcedTea 2.5.6
# Distribution: Ubuntu 14.04 LTS, package 7u79-2.5.6-0ubuntu1.14.04.1
# Failed to write core dump. Core dumps have been disabled. To enable core dumping, try "ulimit -c unlimited" before starting Java again
#

---------------  T H R E A D  ---------------

Current thread (0x67c80800):  VMThread [stack: 0x67d4e000,0x67dcf000] [id=4931]

Stack: [0x67d4e000,0x67dcf000]
VM_Operation (0xb65b0728): ParallelGCFailedAllocation, mode: safepoint, requested by thread 0xb6407c00


---------------  P R O C E S S  ---------------

Java Threads: ( => current thread )
  0x67477c00 JavaThread "pool-1-thread-4" [_thread_blocked, id=4982, stack(0x66f36000,0x66f87000)]
  0x67476400 JavaThread "pool-1-thread-3" [_thread_blocked, id=4981, stack(0x66f87000,0x66fd8000)]
  0x67475000 JavaThread "pool-1-thread-2" [_thread_blocked, id=4974, stack(0x66fd8000,0x67029000)]
  0x67474000 JavaThread "pool-2-thread-1" [_thread_blocked, id=4969, stack(0x67029000,0x6707a000)]
  0x67472c00 JavaThread "pool-1-thread-1" [_thread_blocked, id=4965, stack(0x6707a000,0x670cb000)]
  0x67c9c400 JavaThread "Service Thread" daemon [_thread_blocked, id=4951, stack(0x675ad000,0x675fe000)]
  0x67c9a400 JavaThread "C2 CompilerThread1" daemon [_thread_blocked, id=4947, stack(0x675fe000,0x6767f000)]
  0x67c98400 JavaThread "C2 CompilerThread0" daemon [_thread_blocked, id=4945, stack(0x6767f000,0x67700000)]
  0x67c96c00 JavaThread "Signal Dispatcher" daemon [_thread_blocked, id=4941, stack(0x67b0d000,0x67b5e000)]
  0x67c84800 JavaThread "Finalizer" daemon [_thread_blocked, id=4935, stack(0x67b5e000,0x67baf000)]
  0x67c83000 JavaThread "Reference Handler" daemon [_thread_blocked, id=4933, stack(0x67baf000,0x67c00000)]
  0xb6407c00 JavaThread "main" [_thread_blocked, id=4908, stack(0xb6561000,0xb65b2000)]

Other Threads:
=>0x67c80800 VMThread [stack: 0x67d4e000,0x67dcf000] [id=4931]
  0x67c9e000 WatcherThread [stack: 0x6752c000,0x675ad000] [id=4953]

VM state:at safepoint (normal execution)

VM Mutex/Monitor currently owned by a thread:  ([mutex/lock_event])
[0xb6405410] Threads_lock - owner thread: 0x67c80800
[0xb6405820] Heap_lock - owner thread: 0xb6407c00

Heap
 PSYoungGen      total 71680K, used 8958K [0x9dd80000, 0xa2d00000, 0xb3300000)
  eden space 62720K, 0% used [0x9dd80000,0x9dd80000,0xa1ac0000)
  from space 8960K, 99% used [0xa1ac0000,0xa237f8a8,0xa2380000)
  to   space 8192K, 0% used [0xa2380000,0xa2380000,0xa2b80000)
 ParOldGen       total 41728K, used 20577K [0x73300000, 0x75bc0000, 0x9dd80000)
  object space 41728K, 49% used [0x73300000,0x747187a8,0x75bc0000)
 PSPermGen       total 16384K, used 4143K [0x6b300000, 0x6c300000, 0x73300000)
  object space 16384K, 25% used [0x6b300000,0x6b70bfc8,0x6c300000)

Card table byte_map: [0x6b0bf000,0x6b300000] byte_map_base: 0x6ad65800

Polling page: 0xb7762000

Code Cache  [0xb33da000, 0xb361a000, 0xb63da000)
 total_blobs=367 nmethods=244 adapters=76 free_code_cache=48165Kb largest_free_block=49264384

Compilation events (10 events):
Event: 20.445 Thread 0x67c9a400 nmethod 238 0xb34943c8 code [0xb34944e0, 0xb34948b0]
Event: 20.445 Thread 0x67c9a400  240   !         com.android.dx.ssa.LocalVariableInfo::getStarts0 (18 bytes)
Event: 20.470 Thread 0x67c9a400 nmethod 240 0xb34941c8 code [0xb34942c0, 0xb3494330]
Event: 20.470 Thread 0x67c9a400  241             java.lang.String::getChars (62 bytes)
Event: 20.473 Thread 0x67c9a400 nmethod 241 0xb34b7a08 code [0xb34b7b00, 0xb34b7c50]
Event: 20.473 Thread 0x67c9a400  242             java.util.TreeMap::put (247 bytes)
Event: 25.060 Thread 0x67c9a400 nmethod 242 0xb34b4a88 code [0xb34b4c00, 0xb34b539c]
Event: 25.061 Thread 0x67c98400 nmethod 218 0xb34c7d88 code [0xb34c88a0, 0xb34cefb0]
Event: 25.482 Thread 0x67c98400  244             com.android.dx.rop.code.InsnList::getLast (11 bytes)
Event: 25.482 Thread 0x67c9a400  243             com.android.dx.rop.code.RegisterSpecSet::localItemToSpec (49 bytes)

GC Heap History (10 events):
Event: 9.651 GC heap after
Heap after GC invocations=2 (full 0):
 PSYoungGen      total 18432K, used 2554K [0x9dd80000, 0xa0180000, 0xb3300000)
  eden space 15872K, 0% used [0x9dd80000,0x9dd80000,0x9ed00000)
  from space 2560K, 99% used [0x9ef80000,0x9f1feb10,0x9f200000)
  to   space 2560K, 0% used [0x9ed00000,0x9ed00000,0x9ef80000)
 ParOldGen       total 41728K, used 4268K [0x73300000, 0x75bc0000, 0x9dd80000)
  object space 41728K, 10% used [0x73300000,0x7372b0f8,0x75bc0000)
 PSPermGen       total 16384K, used 4035K [0x6b300000, 0x6c300000, 0x73300000)
  object space 16384K, 24% used [0x6b300000,0x6b6f0ee0,0x6c300000)
}
Event: 11.235 GC heap before
{Heap before GC invocations=3 (full 0):
 PSYoungGen      total 18432K, used 18426K [0x9dd80000, 0xa0180000, 0xb3300000)
  eden space 15872K, 100% used [0x9dd80000,0x9ed00000,0x9ed00000)
  from space 2560K, 99% used [0x9ef80000,0x9f1feb10,0x9f200000)
  to   space 2560K, 0% used [0x9ed00000,0x9ed00000,0x9ef80000)
 ParOldGen       total 41728K, used 4268K [0x73300000, 0x75bc0000, 0x9dd80000)
  object space 41728K, 10% used [0x73300000,0x7372b0f8,0x75bc0000)
 PSPermGen       total 16384K, used 4073K [0x6b300000, 0x6c300000, 0x73300000)
  object space 16384K, 24% used [0x6b300000,0x6b6fa4a0,0x6c300000)
Event: 11.275 GC heap after
Heap after GC invocations=3 (full 0):
 PSYoungGen      total 18432K, used 2554K [0x9dd80000, 0xa0180000, 0xb3300000)
  eden space 15872K, 0% used [0x9dd80000,0x9dd80000,0x9ed00000)
  from space 2560K, 99% used [0x9ed00000,0x9ef7eb00,0x9ef80000)
  to   space 2560K, 0% used [0x9ff00000,0x9ff00000,0xa0180000)
 ParOldGen       total 41728K, used 6681K [0x73300000, 0x75bc0000, 0x9dd80000)
  object space 41728K, 16% used [0x73300000,0x73986710,0x75bc0000)
 PSPermGen       total 16384K, used 4073K [0x6b300000, 0x6c300000, 0x73300000)
  object space 16384K, 24% used [0x6b300000,0x6b6fa4a0,0x6c300000)
}
Event: 12.895 GC heap before
{Heap before GC invocations=4 (full 0):
 PSYoungGen      total 18432K, used 18426K [0x9dd80000, 0xa0180000, 0xb3300000)
  eden space 15872K, 100% used [0x9dd80000,0x9ed00000,0x9ed00000)
  from space 2560K, 99% used [0x9ed00000,0x9ef7eb00,0x9ef80000)
  to   space 2560K, 0% used [0x9ff00000,0x9ff00000,0xa0180000)
 ParOldGen       total 41728K, used 6681K [0x73300000, 0x75bc0000, 0x9dd80000)
  object space 41728K, 16% used [0x73300000,0x73986710,0x75bc0000)
 PSPermGen       total 16384K, used 4090K [0x6b300000, 0x6c300000, 0x73300000)
  object space 16384K, 24% used [0x6b300000,0x6b6fead0,0x6c300000)
Event: 12.943 GC heap after
Heap after GC invocations=4 (full 0):
 PSYoungGen      total 34304K, used 2544K [0x9dd80000, 0xa0180000, 0xb3300000)
  eden space 31744K, 0% used [0x9dd80000,0x9dd80000,0x9fc80000)
  from space 2560K, 99% used [0x9ff00000,0xa017c020,0xa0180000)
  to   space 2560K, 0% used [0x9fc80000,0x9fc80000,0x9ff00000)
 ParOldGen       total 41728K, used 9455K [0x73300000, 0x75bc0000, 0x9dd80000)
  object space 41728K, 22% used [0x73300000,0x73c3bde0,0x75bc0000)
 PSPermGen       total 16384K, used 4090K [0x6b300000, 0x6c300000, 0x73300000)
  object space 16384K, 24% used [0x6b300000,0x6b6fead0,0x6c300000)
}
Event: 16.386 GC heap before
{Heap before GC invocations=5 (full 0):
 PSYoungGen      total 34304K, used 34288K [0x9dd80000, 0xa0180000, 0xb3300000)
  eden space 31744K, 100% used [0x9dd80000,0x9fc80000,0x9fc80000)
  from space 2560K, 99% used [0x9ff00000,0xa017c020,0xa0180000)
  to   space 2560K, 0% used [0x9fc80000,0x9fc80000,0x9ff00000)
 ParOldGen       total 41728K, used 9455K [0x73300000, 0x75bc0000, 0x9dd80000)
  object space 41728K, 22% used [0x73300000,0x73c3bde0,0x75bc0000)
 PSPermGen       total 16384K, used 4108K [0x6b300000, 0x6c300000, 0x73300000)
  object space 16384K, 25% used [0x6b300000,0x6b7030b8,0x6c300000)
Event: 16.483 GC heap after
Heap after GC invocations=5 (full 0):
 PSYoungGen      total 34304K, used 2552K [0x9dd80000, 0xa2b80000, 0xb3300000)
  eden space 31744K, 0% used [0x9dd80000,0x9dd80000,0x9fc80000)
  from space 2560K, 99% used [0x9fc80000,0x9fefe210,0x9ff00000)
  to   space 8192K, 0% used [0xa2380000,0xa2380000,0xa2b80000)
 ParOldGen       total 41728K, used 15296K [0x73300000, 0x75bc0000, 0x9dd80000)
  object space 41728K, 36% used [0x73300000,0x741f0298,0x75bc0000)
 PSPermGen       total 16384K, used 4108K [0x6b300000, 0x6c300000, 0x73300000)
  object space 16384K, 25% used [0x6b300000,0x6b7030b8,0x6c300000)
}
Event: 19.531 GC heap before
{Heap before GC invocations=6 (full 0):
 PSYoungGen      total 34304K, used 34296K [0x9dd80000, 0xa2b80000, 0xb3300000)
  eden space 31744K, 100% used [0x9dd80000,0x9fc80000,0x9fc80000)
  from space 2560K, 99% used [0x9fc80000,0x9fefe210,0x9ff00000)
  to   space 8192K, 0% used [0xa2380000,0xa2380000,0xa2b80000)
 ParOldGen       total 41728K, used 15296K [0x73300000, 0x75bc0000, 0x9dd80000)
  object space 41728K, 36% used [0x73300000,0x741f0298,0x75bc0000)
 PSPermGen       total 16384K, used 4125K [0x6b300000, 0x6c300000, 0x73300000)
  object space 16384K, 25% used [0x6b300000,0x6b707698,0x6c300000)
Event: 19.615 GC heap after
Heap after GC invocations=6 (full 0):
 PSYoungGen      total 70912K, used 7853K [0x9dd80000, 0xa2d00000, 0xb3300000)
  eden space 62720K, 0% used [0x9dd80000,0x9dd80000,0xa1ac0000)
  from space 8192K, 95% used [0xa2380000,0xa2b2b480,0xa2b80000)
  to   space 8960K, 0% used [0xa1ac0000,0xa1ac0000,0xa2380000)
 ParOldGen       total 41728K, used 15296K [0x73300000, 0x75bc0000, 0x9dd80000)
  object space 41728K, 36% used [0x73300000,0x741f0298,0x75bc0000)
 PSPermGen       total 16384K, used 4125K [0x6b300000, 0x6c300000, 0x73300000)
  object space 16384K, 25% used [0x6b300000,0x6b707698,0x6c300000)
}
Event: 31.060 GC heap before
{Heap before GC invocations=7 (full 0):
 PSYoungGen      total 70912K, used 70573K [0x9dd80000, 0xa2d00000, 0xb3300000)
  eden space 62720K, 100% used [0x9dd80000,0xa1ac0000,0xa1ac0000)
  from space 8192K, 95% used [0xa2380000,0xa2b2b480,0xa2b80000)
  to   space 8960K, 0% used [0xa1ac0000,0xa1ac0000,0xa2380000)
 ParOldGen       total 41728K, used 15296K [0x73300000, 0x75bc0000, 0x9dd80000)
  object space 41728K, 36% used [0x73300000,0x741f0298,0x75bc0000)
 PSPermGen       total 16384K, used 4143K [0x6b300000, 0x6c300000, 0x73300000)
  object space 16384K, 25% used [0x6b300000,0x6b70bfc8,0x6c300000)

Deoptimization events (5 events):
Event: 12.400 Thread 0x67477c00 Uncommon trap: reason=unreached action=reinterpret pc=0xb3428b54 method=com.android.dx.rop.cst.Constant.compareTo(Lcom/android/dx/rop/cst/Constant;)I @ 12
Event: 12.462 Thread 0xb6407c00 Uncommon trap: reason=unreached action=reinterpret pc=0xb346c920 method=com.android.dx.ssa.LocalVariableExtractor.processBlock(I)V @ 251
Event: 13.187 Thread 0xb6407c00 Uncommon trap: reason=null_check action=make_not_entrant pc=0xb347337c method=com.android.dx.ssa.SsaRenamer.getLocalForNewReg(I)Lcom/android/dx/rop/code/LocalItem; @ 19
Event: 15.150 Thread 0xb6407c00 Uncommon trap: reason=null_check action=make_not_entrant pc=0xb34830d8 method=com.android.dx.rop.type.Type.putIntern(Lcom/android/dx/rop/type/Type;)Lcom/android/dx/rop/type/Type; @ 18
Event: 26.768 Thread 0x67475000 Uncommon trap: reason=unreached action=reinterpret pc=0xb349af14 method=com.android.dx.ssa.SCCP.simulateBranch(Lcom/android/dx/ssa/SsaInsn;)V @ 329

Internal exceptions (10 events):
Event: 8.246 Thread 0xb6407c00 Threw 0x9de6f620 at /build/openjdk-7-OXg_HK/openjdk-7-7u79-2.5.6/build/openjdk/hotspot/src/share/vm/prims/jvm.cpp:1284
Event: 8.249 Thread 0xb6407c00 Threw 0x9de76510 at /build/openjdk-7-OXg_HK/openjdk-7-7u79-2.5.6/build/openjdk/hotspot/src/share/vm/prims/jvm.cpp:1284
Event: 9.926 Thread 0xb6407c00 Threw 0x9e08b778 at /build/openjdk-7-OXg_HK/openjdk-7-7u79-2.5.6/build/openjdk/hotspot/src/share/vm/prims/jvm.cpp:1284
Event: 9.943 Thread 0xb6407c00 Threw 0x9e08eb10 at /build/openjdk-7-OXg_HK/openjdk-7-7u79-2.5.6/build/openjdk/hotspot/src/share/vm/prims/jvm.cpp:1284
Event: 9.944 Thread 0xb6407c00 Threw 0x9e091b78 at /build/openjdk-7-OXg_HK/openjdk-7-7u79-2.5.6/build/openjdk/hotspot/src/share/vm/prims/jvm.cpp:1284
Event: 9.944 Thread 0xb6407c00 Threw 0x9e094ea0 at /build/openjdk-7-OXg_HK/openjdk-7-7u79-2.5.6/build/openjdk/hotspot/src/share/vm/prims/jvm.cpp:1284
Event: 12.628 Thread 0x67475000 Threw 0x9ea8c408 at /build/openjdk-7-OXg_HK/openjdk-7-7u79-2.5.6/build/openjdk/hotspot/src/share/vm/prims/jvm.cpp:1284
Event: 12.758 Thread 0x67476400 Threw 0x9eb949c0 at /build/openjdk-7-OXg_HK/openjdk-7-7u79-2.5.6/build/openjdk/hotspot/src/share/vm/prims/jvm.cpp:1284
Event: 13.187 Thread 0xb6407c00 Implicit null exception at 0xb3471965 to 0xb347336d
Event: 15.150 Thread 0xb6407c00 Implicit null exception at 0xb3482afa to 0xb34830c9

Events (10 events):
Event: 19.646 Executing VM operation: RevokeBias
Event: 19.646 Executing VM operation: RevokeBias done
Event: 19.646 Executing VM operation: BulkRevokeBias
Event: 19.646 Executing VM operation: BulkRevokeBias done
Event: 26.680 Thread 0x67475000 Uncommon trap: trap_request=0xffffffad fr.pc=0xb349af14
Event: 26.809 Thread 0x67475000 DEOPT PACKING pc=0xb349af14 sp=0x67027b40
Event: 26.978 Thread 0x67475000 DEOPT UNPACKING pc=0xb3406bc8 sp=0x67027b2c mode 2
Event: 27.128 loading class 0x6ad1c8d8
Event: 27.651 loading class 0x6ad1c8d8 done
Event: 30.383 Executing VM operation: ParallelGCFailedAllocation


Dynamic libraries:
08048000-08049000 r-xp 00000000 08:01 3412725    /usr/lib/jvm/java-7-openjdk-i386/jre/bin/java
08049000-0804a000 r--p 00000000 08:01 3412725    /usr/lib/jvm/java-7-openjdk-i386/jre/bin/java
0804a000-0804b000 rw-p 00001000 08:01 3412725    /usr/lib/jvm/java-7-openjdk-i386/jre/bin/java
08b2a000-08b4b000 rw-p 00000000 00:00 0          [heap]
65c00000-65d00000 rw-p 00000000 00:00 0 
65e00000-65ef9000 rw-p 00000000 00:00 0 
65ef9000-65f00000 ---p 00000000 00:00 0 
65f00000-65ffc000 rw-p 00000000 00:00 0 
65ffc000-66000000 ---p 00000000 00:00 0 
66000000-660ff000 rw-p 00000000 00:00 0 
660ff000-66100000 ---p 00000000 00:00 0 
66200000-66400000 rw-p 00000000 00:00 0 
66400000-664a0000 rw-p 00000000 00:00 0 
664a0000-66500000 ---p 00000000 00:00 0 
66500000-665fe000 rw-p 00000000 00:00 0 
665fe000-66600000 ---p 00000000 00:00 0 
66600000-666f7000 rw-p 00000000 00:00 0 
666f7000-66700000 ---p 00000000 00:00 0 
66800000-668f7000 rw-p 00000000 00:00 0 
668f7000-66900000 ---p 00000000 00:00 0 
66900000-669fb000 rw-p 00000000 00:00 0 
669fb000-66a00000 ---p 00000000 00:00 0 
66a00000-66afc000 rw-p 00000000 00:00 0 
66afc000-66b00000 ---p 00000000 00:00 0 
66b00000-66bfe000 rw-p 00000000 00:00 0 
66bfe000-66c00000 ---p 00000000 00:00 0 
66c00000-66cfa000 rw-p 00000000 00:00 0 
66cfa000-66d00000 ---p 00000000 00:00 0 
66d00000-66dfb000 rw-p 00000000 00:00 0 
66dfb000-66e00000 ---p 00000000 00:00 0 
66e00000-66efc000 rw-p 00000000 00:00 0 
66efc000-66f00000 ---p 00000000 00:00 0 
66f36000-66f39000 ---p 00000000 00:00 0 
66f39000-66f87000 rw-p 00000000 00:00 0          [stack:4982]
66f87000-66f8a000 ---p 00000000 00:00 0 
66f8a000-66fd8000 rw-p 00000000 00:00 0          [stack:4981]
66fd8000-66fdb000 ---p 00000000 00:00 0 
66fdb000-67029000 rw-p 00000000 00:00 0          [stack:4974]
67029000-6702c000 ---p 00000000 00:00 0 
6702c000-6707a000 rw-p 00000000 00:00 0          [stack:4969]
6707a000-6707d000 ---p 00000000 00:00 0 
6707d000-670cb000 rw-p 00000000 00:00 0          [stack:4965]
670cb000-67107000 r-xp 00000000 08:01 25035843   /lib/i386-linux-gnu/libpcre.so.3.13.1
67107000-67108000 r--p 0003b000 08:01 25035843   /lib/i386-linux-gnu/libpcre.so.3.13.1
67108000-67109000 rw-p 0003c000 08:01 25035843   /lib/i386-linux-gnu/libpcre.so.3.13.1
67109000-6711c000 r-xp 00000000 08:01 25035866   /lib/i386-linux-gnu/libresolv-2.19.so
6711c000-6711d000 ---p 00013000 08:01 25035866   /lib/i386-linux-gnu/libresolv-2.19.so
6711d000-6711e000 r--p 00013000 08:01 25035866   /lib/i386-linux-gnu/libresolv-2.19.so
6711e000-6711f000 rw-p 00014000 08:01 25035866   /lib/i386-linux-gnu/libresolv-2.19.so
6711f000-67121000 rw-p 00000000 00:00 0 
67121000-6722b000 r-xp 00000000 08:01 25035771   /lib/i386-linux-gnu/libglib-2.0.so.0.4000.0
6722b000-6722c000 r--p 00109000 08:01 25035771   /lib/i386-linux-gnu/libglib-2.0.so.0.4000.0
6722c000-6722d000 rw-p 0010a000 08:01 25035771   /lib/i386-linux-gnu/libglib-2.0.so.0.4000.0
6722d000-6727d000 r-xp 00000000 08:01 3020380    /usr/lib/i386-linux-gnu/libgobject-2.0.so.0.4000.0
6727d000-6727e000 r--p 0004f000 08:01 3020380    /usr/lib/i386-linux-gnu/libgobject-2.0.so.0.4000.0
6727e000-6727f000 rw-p 00050000 08:01 3020380    /usr/lib/i386-linux-gnu/libgobject-2.0.so.0.4000.0
6727f000-673fc000 r-xp 00000000 08:01 3020350    /usr/lib/i386-linux-gnu/libgio-2.0.so.0.4000.0
673fc000-673fe000 r--p 0017c000 08:01 3020350    /usr/lib/i386-linux-gnu/libgio-2.0.so.0.4000.0
673fe000-673ff000 rw-p 0017e000 08:01 3020350    /usr/lib/i386-linux-gnu/libgio-2.0.so.0.4000.0
673ff000-67400000 rw-p 00000000 00:00 0 
67400000-674af000 rw-p 00000000 00:00 0 
674af000-67500000 ---p 00000000 00:00 0 
67509000-67529000 r-xp 00000000 08:01 25035870   /lib/i386-linux-gnu/libselinux.so.1
67529000-6752a000 r--p 0001f000 08:01 25035870   /lib/i386-linux-gnu/libselinux.so.1
6752a000-6752b000 rw-p 00020000 08:01 25035870   /lib/i386-linux-gnu/libselinux.so.1
6752b000-6752c000 rw-p 00000000 00:00 0 
6752c000-6752d000 ---p 00000000 00:00 0 
6752d000-675ad000 rw-p 00000000 00:00 0          [stack:4953]
675ad000-675b0000 ---p 00000000 00:00 0 
675b0000-675fe000 rw-p 00000000 00:00 0          [stack:4951]
675fe000-67601000 ---p 00000000 00:00 0 
67601000-6767f000 rw-p 00000000 00:00 0          [stack:4947]
6767f000-67682000 ---p 00000000 00:00 0 
67682000-67700000 rw-p 00000000 00:00 0          [stack:4945]
67700000-67900000 r--p 00000000 08:01 3022988    /usr/lib/locale/locale-archive
67900000-67926000 rw-p 00000000 00:00 0 
67926000-67a00000 ---p 00000000 00:00 0 
67a00000-67aff000 rw-p 00000000 00:00 0 
67aff000-67b00000 ---p 00000000 00:00 0 
67b0d000-67b10000 ---p 00000000 00:00 0 
67b10000-67b5e000 rw-p 00000000 00:00 0          [stack:4941]
67b5e000-67b61000 ---p 00000000 00:00 0 
67b61000-67baf000 rw-p 00000000 00:00 0          [stack:4935]
67baf000-67bb2000 ---p 00000000 00:00 0 
67bb2000-67c00000 rw-p 00000000 00:00 0          [stack:4933]
67c00000-67d00000 rw-p 00000000 00:00 0 
67d0c000-67d4e000 r--p 00858000 08:01 3022988    /usr/lib/locale/locale-archive
67d4e000-67d4f000 ---p 00000000 00:00 0 
67d4f000-67dcf000 rw-p 00000000 00:00 0          [stack:4931]
67dcf000-67f80000 r--s 01d29000 08:01 3283391    /usr/lib/jvm/java-7-openjdk-i386/jre/lib/rt.jar
67f80000-6a800000 rw-p 00000000 00:00 0 
6a800000-6a8e4000 rw-p 00000000 00:00 0 
6a8e4000-6a900000 ---p 00000000 00:00 0 
6a91d000-6a934000 r-xp 00000000 08:01 3283427    /usr/lib/jvm/java-7-openjdk-i386/jre/lib/i386/libnet.so
6a934000-6a935000 r--p 00017000 08:01 3283427    /usr/lib/jvm/java-7-openjdk-i386/jre/lib/i386/libnet.so
6a935000-6a936000 rw-p 00018000 08:01 3283427    /usr/lib/jvm/java-7-openjdk-i386/jre/lib/i386/libnet.so
6a936000-6a97f000 rw-p 00000000 00:00 0 
6a97f000-6a980000 ---p 00000000 00:00 0 
6a980000-6aa00000 rw-p 00000000 00:00 0          [stack:4918]
6aa00000-6aa21000 rw-p 00000000 00:00 0 
6aa21000-6ab00000 ---p 00000000 00:00 0 
6ab00000-6ab21000 rw-p 00000000 00:00 0 
6ab21000-6ac00000 ---p 00000000 00:00 0 
6ac0a000-6ac0f000 r-xp 00000000 08:01 3020247    /usr/lib/i386-linux-gnu/libffi.so.6.0.1
6ac0f000-6ac10000 r--p 00005000 08:01 3020247    /usr/lib/i386-linux-gnu/libffi.so.6.0.1
6ac10000-6ac11000 rw-p 00006000 08:01 3020247    /usr/lib/i386-linux-gnu/libffi.so.6.0.1
6ac11000-6ac22000 r-xp 00000000 08:01 3283432    /usr/lib/jvm/java-7-openjdk-i386/jre/lib/i386/libnio.so
6ac22000-6ac23000 r--p 00010000 08:01 3283432    /usr/lib/jvm/java-7-openjdk-i386/jre/lib/i386/libnio.so
6ac23000-6ac24000 rw-p 00011000 08:01 3283432    /usr/lib/jvm/java-7-openjdk-i386/jre/lib/i386/libnio.so
6ac24000-6ac7f000 rw-p 00000000 00:00 0 
6ac7f000-6ac80000 ---p 00000000 00:00 0 
6ac80000-6ad00000 rw-p 00000000 00:00 0          [stack:4916]
6ad00000-6ad43000 rw-p 00000000 00:00 0 
6ad43000-6ae00000 ---p 00000000 00:00 0 
6ae00000-6ae0c000 r--s 00076000 08:01 13500823   /home/rafiqul/.gradle/caches/modules-2/files-2.1/org.jbundle.util.osgi.wrapped/org.jbundle.util.osgi.wrapped.org.apache.http.client/4.1.2/98c86e42679fe7ac066f6c242e0d14f0bce0bb7c/org.jbundle.util.osgi.wrapped.org.apache.http.client-4.1.2.jar
6ae0c000-6ae27000 rw-p 00000000 00:00 0 
6ae27000-6ae28000 ---p 00000000 00:00 0 
6ae28000-6aea8000 rw-p 00000000 00:00 0          [stack:4914]
6aea8000-6aea9000 ---p 00000000 00:00 0 
6aea9000-6af31000 rw-p 00000000 00:00 0          [stack:4912]
6af31000-6af69000 rw-p 00000000 00:00 0 
6af69000-6af7e000 rw-p 00000000 00:00 0 
6af7e000-6b0bf000 rw-p 00000000 00:00 0 
6b0bf000-6b0c7000 rw-p 00000000 00:00 0 
6b0c7000-6b0ff000 rw-p 00000000 00:00 0 
6b0ff000-6b114000 rw-p 00000000 00:00 0 
6b114000-6b254000 rw-p 00000000 00:00 0 
6b254000-6b27c000 rw-p 00000000 00:00 0 
6b27c000-6b2ff000 rw-p 00000000 00:00 0 
6b2ff000-6c300000 rw-p 00000000 00:00 0 
6c300000-73300000 rw-p 00000000 00:00 0 
73300000-75bc0000 rw-p 00000000 00:00 0 
75bc0000-9dd80000 rw-p 00000000 00:00 0 
9dd80000-a2d00000 rw-p 00000000 00:00 0 
a7100000-b3300000 rw-p 00000000 00:00 0 
b3300000-b3303000 r-xp 00000000 08:01 3020364    /usr/lib/i386-linux-gnu/libgmodule-2.0.so.0.4000.0
b3303000-b3304000 r--p 00002000 08:01 3020364    /usr/lib/i386-linux-gnu/libgmodule-2.0.so.0.4000.0
b3304000-b3305000 rw-p 00003000 08:01 3020364    /usr/lib/i386-linux-gnu/libgmodule-2.0.so.0.4000.0
b3305000-b3314000 r--s 000df000 08:01 9175179    /home/rafiqul/Android/Sdk/build-tools/23.0.1/lib/dx.jar
b3314000-b3316000 r--s 00006000 08:01 3412779    /usr/share/java/java-atk-wrapper.jar
b3316000-b331a000 r--s 00034000 08:01 3412675    /usr/lib/jvm/java-7-openjdk-i386/jre/lib/ext/sunjce_provider.jar
b331a000-b3323000 rw-p 00000000 00:00 0 
b3323000-b33da000 rw-p 00000000 00:00 0 
b33da000-b361a000 rwxp 00000000 00:00 0 
b361a000-b63da000 rw-p 00000000 00:00 0 
b63da000-b63e5000 r-xp 00000000 08:01 25035815   /lib/i386-linux-gnu/libnss_files-2.19.so
b63e5000-b63e6000 r--p 0000a000 08:01 25035815   /lib/i386-linux-gnu/libnss_files-2.19.so
b63e6000-b63e7000 rw-p 0000b000 08:01 25035815   /lib/i386-linux-gnu/libnss_files-2.19.so
b63e7000-b63fc000 r-xp 00000000 08:01 25035809   /lib/i386-linux-gnu/libnsl-2.19.so
b63fc000-b63fd000 r--p 00015000 08:01 25035809   /lib/i386-linux-gnu/libnsl-2.19.so
b63fd000-b63fe000 rw-p 00016000 08:01 25035809   /lib/i386-linux-gnu/libnsl-2.19.so
b63fe000-b6400000 rw-p 00000000 00:00 0 
b6400000-b6500000 rw-p 00000000 00:00 0 
b6500000-b6501000 r--s 00002000 08:01 3412674    /usr/lib/jvm/java-7-openjdk-i386/jre/lib/ext/dnsns.jar
b6501000-b650b000 r-xp 00000000 08:01 25035825   /lib/i386-linux-gnu/libnss_nis-2.19.so
b650b000-b650c000 r--p 00009000 08:01 25035825   /lib/i386-linux-gnu/libnss_nis-2.19.so
b650c000-b650d000 rw-p 0000a000 08:01 25035825   /lib/i386-linux-gnu/libnss_nis-2.19.so
b650d000-b6514000 r-xp 00000000 08:01 25035811   /lib/i386-linux-gnu/libnss_compat-2.19.so
b6514000-b6515000 r--p 00006000 08:01 25035811   /lib/i386-linux-gnu/libnss_compat-2.19.so
b6515000-b6516000 rw-p 00007000 08:01 25035811   /lib/i386-linux-gnu/libnss_compat-2.19.so
b6516000-b6519000 r--s 0000f000 08:01 3412677    /usr/lib/jvm/java-7-openjdk-i386/jre/lib/ext/icedtea-sound.jar
b6519000-b651d000 r--s 00085000 08:01 3412673    /usr/lib/jvm/java-7-openjdk-i386/jre/lib/ext/localedata.jar
b651d000-b6525000 r-xp 00000000 08:01 3283403    /usr/lib/jvm/java-7-openjdk-i386/jre/lib/i386/libzip.so
b6525000-b6526000 r--p 00007000 08:01 3283403    /usr/lib/jvm/java-7-openjdk-i386/jre/lib/i386/libzip.so
b6526000-b6527000 rw-p 00008000 08:01 3283403    /usr/lib/jvm/java-7-openjdk-i386/jre/lib/i386/libzip.so
b6527000-b652f000 rw-s 00000000 08:01 16777239   /tmp/hsperfdata_rafiqul/4896
b652f000-b6556000 r-xp 00000000 08:01 3283435    /usr/lib/jvm/java-7-openjdk-i386/jre/lib/i386/libjava.so
b6556000-b6557000 r--p 00026000 08:01 3283435    /usr/lib/jvm/java-7-openjdk-i386/jre/lib/i386/libjava.so
b6557000-b6558000 rw-p 00027000 08:01 3283435    /usr/lib/jvm/java-7-openjdk-i386/jre/lib/i386/libjava.so
b6558000-b655f000 r-xp 00000000 08:01 25035868   /lib/i386-linux-gnu/librt-2.19.so
b655f000-b6560000 r--p 00006000 08:01 25035868   /lib/i386-linux-gnu/librt-2.19.so
b6560000-b6561000 rw-p 00007000 08:01 25035868   /lib/i386-linux-gnu/librt-2.19.so
b6561000-b6564000 ---p 00000000 00:00 0 
b6564000-b65b2000 rw-p 00000000 00:00 0          [stack:4908]
b65b2000-b65ce000 r-xp 00000000 08:01 25035767   /lib/i386-linux-gnu/libgcc_s.so.1
b65ce000-b65cf000 rw-p 0001b000 08:01 25035767   /lib/i386-linux-gnu/libgcc_s.so.1
b65cf000-b6613000 r-xp 00000000 08:01 25035790   /lib/i386-linux-gnu/libm-2.19.so
b6613000-b6614000 r--p 00043000 08:01 25035790   /lib/i386-linux-gnu/libm-2.19.so
b6614000-b6615000 rw-p 00044000 08:01 25035790   /lib/i386-linux-gnu/libm-2.19.so
b6615000-b66f1000 r-xp 00000000 08:01 3018897    /usr/lib/i386-linux-gnu/libstdc++.so.6.0.19
b66f1000-b66f5000 r--p 000dc000 08:01 3018897    /usr/lib/i386-linux-gnu/libstdc++.so.6.0.19
b66f5000-b66f6000 rw-p 000e0000 08:01 3018897    /usr/lib/i386-linux-gnu/libstdc++.so.6.0.19
b66f6000-b66fd000 rw-p 00000000 00:00 0 
b66fd000-b70ec000 r-xp 00000000 08:01 3412663    /usr/lib/jvm/java-7-openjdk-i386/jre/lib/i386/server/libjvm.so
b70ec000-b713e000 r--p 009ee000 08:01 3412663    /usr/lib/jvm/java-7-openjdk-i386/jre/lib/i386/server/libjvm.so
b713e000-b7152000 rw-p 00a40000 08:01 3412663    /usr/lib/jvm/java-7-openjdk-i386/jre/lib/i386/server/libjvm.so
b7152000-b7570000 rw-p 00000000 00:00 0 
b7570000-b7588000 r-xp 00000000 08:01 25035903   /lib/i386-linux-gnu/libz.so.1.2.8
b7588000-b7589000 r--p 00017000 08:01 25035903   /lib/i386-linux-gnu/libz.so.1.2.8
b7589000-b758a000 rw-p 00018000 08:01 25035903   /lib/i386-linux-gnu/libz.so.1.2.8
b758a000-b75a2000 r-xp 00000000 08:01 25035860   /lib/i386-linux-gnu/libpthread-2.19.so
b75a2000-b75a3000 r--p 00017000 08:01 25035860   /lib/i386-linux-gnu/libpthread-2.19.so
b75a3000-b75a4000 rw-p 00018000 08:01 25035860   /lib/i386-linux-gnu/libpthread-2.19.so
b75a4000-b75a6000 rw-p 00000000 00:00 0 
b75a6000-b75a9000 r-xp 00000000 08:01 25035757   /lib/i386-linux-gnu/libdl-2.19.so
b75a9000-b75aa000 r--p 00002000 08:01 25035757   /lib/i386-linux-gnu/libdl-2.19.so
b75aa000-b75ab000 rw-p 00003000 08:01 25035757   /lib/i386-linux-gnu/libdl-2.19.so
b75ab000-b7754000 r-xp 00000000 08:01 25035740   /lib/i386-linux-gnu/libc-2.19.so
b7754000-b7756000 r--p 001a9000 08:01 25035740   /lib/i386-linux-gnu/libc-2.19.so
b7756000-b7757000 rw-p 001ab000 08:01 25035740   /lib/i386-linux-gnu/libc-2.19.so
b7757000-b775a000 rw-p 00000000 00:00 0 
b775a000-b775c000 r--s 00012000 08:01 3412678    /usr/lib/jvm/java-7-openjdk-i386/jre/lib/ext/zipfs.jar
b775c000-b7760000 r--s 0003c000 08:01 3412676    /usr/lib/jvm/java-7-openjdk-i386/jre/lib/ext/sunpkcs11.jar
b7760000-b7761000 r--p 00855000 08:01 3022988    /usr/lib/locale/locale-archive
b7761000-b7762000 rw-p 00000000 00:00 0 
b7762000-b7763000 ---p 00000000 00:00 0 
b7763000-b7771000 r-xp 00000000 08:01 3283418    /usr/lib/jvm/java-7-openjdk-i386/jre/lib/i386/libverify.so
b7771000-b7772000 r--p 0000d000 08:01 3283418    /usr/lib/jvm/java-7-openjdk-i386/jre/lib/i386/libverify.so
b7772000-b7773000 rw-p 0000e000 08:01 3283418    /usr/lib/jvm/java-7-openjdk-i386/jre/lib/i386/libverify.so
b7773000-b777f000 r-xp 00000000 08:01 3283406    /usr/lib/jvm/java-7-openjdk-i386/jre/lib/i386/jli/libjli.so
b777f000-b7780000 r--p 0000c000 08:01 3283406    /usr/lib/jvm/java-7-openjdk-i386/jre/lib/i386/jli/libjli.so
b7780000-b7781000 rw-p 0000d000 08:01 3283406    /usr/lib/jvm/java-7-openjdk-i386/jre/lib/i386/jli/libjli.so
b7781000-b7784000 rw-p 00000000 00:00 0 
b7784000-b7785000 r-xp 00000000 00:00 0          [vdso]
b7785000-b77a5000 r-xp 00000000 08:01 25035716   /lib/i386-linux-gnu/ld-2.19.so
b77a5000-b77a6000 r--p 0001f000 08:01 25035716   /lib/i386-linux-gnu/ld-2.19.so
b77a6000-b77a7000 rw-p 00020000 08:01 25035716   /lib/i386-linux-gnu/ld-2.19.so
bfc47000-bfc48000 rwxp 00000000 00:00 0 
bfc7a000-bfc9b000 rw-p 00000000 00:00 0          [stack]

VM Arguments:
jvm_args: -Xmx1024M -Dfile.encoding=UTF-8 -Duser.country=US -Duser.language=en -Duser.variant 
java_command: com.android.dx.command.Main --dex --num-threads=4 --output /home/rafiqul/Documents/Software Engineering Project/spring2016_s1_cse404/AssetTrackingSystem__Android_Platform/app/build/intermediates/pre-dexed/debug/org.jbundle.util.osgi.wrapped.org.apache.http.client-4.1.2-1315d138d26fdc949150c66cbf27b7b2c42b54fa.jar /home/rafiqul/.gradle/caches/modules-2/files-2.1/org.jbundle.util.osgi.wrapped/org.jbundle.util.osgi.wrapped.org.apache.http.client/4.1.2/98c86e42679fe7ac066f6c242e0d14f0bce0bb7c/org.jbundle.util.osgi.wrapped.org.apache.http.client-4.1.2.jar
Launcher Type: SUN_STANDARD

Environment Variables:
JAVA_HOME=/usr/lib/jvm/java-8-oracle
PATH=/usr/local/sbin:/usr/local/bin:/usr/sbin:/usr/bin:/sbin:/bin:/usr/games:/usr/local/games:/usr/lib/jvm/java-8-oracle/bin:/usr/lib/jvm/java-8-oracle/db/bin:/usr/lib/jvm/java-8-oracle/jre/bin
LD_LIBRARY_PATH=/home/rafiqul/android-studio/bin:
SHELL=/bin/bash
DISPLAY=:0

Signal Handlers:
SIGSEGV: [libjvm.so+0x80cb90], sa_mask[0]=0x7ffbfeff, sa_flags=0x10000004
SIGBUS: [libjvm.so+0x80cb90], sa_mask[0]=0x7ffbfeff, sa_flags=0x10000004
SIGFPE: [libjvm.so+0x684e30], sa_mask[0]=0x7ffbfeff, sa_flags=0x10000004
SIGPIPE: [libjvm.so+0x684e30], sa_mask[0]=0x7ffbfeff, sa_flags=0x10000004
SIGXFSZ: [libjvm.so+0x684e30], sa_mask[0]=0x7ffbfeff, sa_flags=0x10000004
SIGILL: [libjvm.so+0x684e30], sa_mask[0]=0x7ffbfeff, sa_flags=0x10000004
SIGUSR1: SIG_DFL, sa_mask[0]=0x00000000, sa_flags=0x00000000
SIGUSR2: [libjvm.so+0x684cc0], sa_mask[0]=0x00000004, sa_flags=0x10000004
SIGHUP: [libjvm.so+0x684ef0], sa_mask[0]=0x7ffbfeff, sa_flags=0x10000004
SIGINT: [libjvm.so+0x684ef0], sa_mask[0]=0x7ffbfeff, sa_flags=0x10000004
SIGTERM: [libjvm.so+0x684ef0], sa_mask[0]=0x7ffbfeff, sa_flags=0x10000004
SIGQUIT: [libjvm.so+0x684ef0], sa_mask[0]=0x7ffbfeff, sa_flags=0x10000004
SIGTRAP: SIG_DFL, sa_mask[0]=0x00000000, sa_flags=0x00000000


---------------  S Y S T E M  ---------------

OS:Ubuntu 14.04 (trusty)
uname:Linux 3.13.0-24-generic #46-Ubuntu SMP Thu Apr 10 19:08:14 UTC 2014 i686
libc:glibc 2.19 NPTL 2.19 
rlimit: STACK 8192k, CORE 0k, NPROC 31106, NOFILE 4096, AS infinity
load average:33.77 16.58 7.20

/proc/meminfo:
MemTotal:        4000684 kB
MemFree:          210684 kB
Buffers:             236 kB
Cached:           323052 kB
SwapCached:            0 kB
Active:          3360924 kB
Inactive:         316096 kB
Active(anon):    3358992 kB
Inactive(anon):   310812 kB
Active(file):       1932 kB
Inactive(file):     5284 kB
Unevictable:          48 kB
Mlocked:              48 kB
HighTotal:       3155716 kB
HighFree:          39464 kB
LowTotal:         844968 kB
LowFree:          171220 kB
SwapTotal:             0 kB
SwapFree:              0 kB
Dirty:                64 kB
Writeback:             0 kB
AnonPages:       3353992 kB
Mapped:           120632 kB
Shmem:            315860 kB
Slab:              50964 kB
SReclaimable:      25768 kB
SUnreclaim:        25196 kB
KernelStack:        5712 kB
PageTables:        19364 kB
NFS_Unstable:          0 kB
Bounce:              164 kB
WritebackTmp:          0 kB
CommitLimit:     2000340 kB
Committed_AS:    8923204 kB
VmallocTotal:     122880 kB
VmallocUsed:       17028 kB
VmallocChunk:      98472 kB
HardwareCorrupted:     0 kB
AnonHugePages:   1357824 kB
HugePages_Total:       0
HugePages_Free:        0
HugePages_Rsvd:        0
HugePages_Surp:        0
Hugepagesize:       2048 kB
DirectMap4k:       36856 kB
DirectMap2M:      874496 kB


CPU:total 4 (2 cores per cpu, 2 threads per core) family 6 model 58 stepping 9, cmov, cx8, fxsr, mmx, sse, sse2, sse3, ssse3, sse4.1, sse4.2, popcnt, avx, erms, ht, tsc, tscinvbit, tscinv

/proc/cpuinfo:
processor	: 0
vendor_id	: GenuineIntel
cpu family	: 6
model		: 58
model name	: Intel(R) Core(TM) i3-3217U CPU @ 1.80GHz
stepping	: 9
microcode	: 0x15
cpu MHz		: 1801.000
cache size	: 3072 KB
physical id	: 0
siblings	: 4
core id		: 0
cpu cores	: 2
apicid		: 0
initial apicid	: 0
fdiv_bug	: no
f00f_bug	: no
coma_bug	: no
fpu		: yes
fpu_exception	: yes
cpuid level	: 13
wp		: yes
flags		: fpu vme de pse tsc msr pae mce cx8 apic sep mtrr pge mca cmov pat pse36 clflush dts acpi mmx fxsr sse sse2 ss ht tm pbe nx rdtscp lm constant_tsc arch_perfmon pebs bts xtopology nonstop_tsc aperfmperf eagerfpu pni pclmulqdq dtes64 monitor ds_cpl vmx est tm2 ssse3 cx16 xtpr pdcm pcid sse4_1 sse4_2 x2apic popcnt tsc_deadline_timer xsave avx f16c lahf_lm ida arat epb xsaveopt pln pts dtherm tpr_shadow vnmi flexpriority ept vpid fsgsbase smep erms
bogomips	: 3591.74
clflush size	: 64
cache_alignment	: 64
address sizes	: 36 bits physical, 48 bits virtual
power management:

processor	: 1
vendor_id	: GenuineIntel
cpu family	: 6
model		: 58
model name	: Intel(R) Core(TM) i3-3217U CPU @ 1.80GHz
stepping	: 9
microcode	: 0x15
cpu MHz		: 1801.000
cache size	: 3072 KB
physical id	: 0
siblings	: 4
core id		: 0
cpu cores	: 2
apicid		: 1
initial apicid	: 1
fdiv_bug	: no
f00f_bug	: no
coma_bug	: no
fpu		: yes
fpu_exception	: yes
cpuid level	: 13
wp		: yes
flags		: fpu vme de pse tsc msr pae mce cx8 apic sep mtrr pge mca cmov pat pse36 clflush dts acpi mmx fxsr sse sse2 ss ht tm pbe nx rdtscp lm constant_tsc arch_perfmon pebs bts xtopology nonstop_tsc aperfmperf eagerfpu pni pclmulqdq dtes64 monitor ds_cpl vmx est tm2 ssse3 cx16 xtpr pdcm pcid sse4_1 sse4_2 x2apic popcnt tsc_deadline_timer xsave avx f16c lahf_lm ida arat epb xsaveopt pln pts dtherm tpr_shadow vnmi flexpriority ept vpid fsgsbase smep erms
bogomips	: 3591.74
clflush size	: 64
cache_alignment	: 64
address sizes	: 36 bits physical, 48 bits virtual
power management:

processor	: 2
vendor_id	: GenuineIntel
cpu family	: 6
model		: 58
model name	: Intel(R) Core(TM) i3-3217U CPU @ 1.80GHz
stepping	: 9
microcode	: 0x15
cpu MHz		: 1801.000
cache size	: 3072 KB
physical id	: 0
siblings	: 4
core id		: 1
cpu cores	: 2
apicid		: 2
initial apicid	: 2
fdiv_bug	: no
f00f_bug	: no
coma_bug	: no
fpu		: yes
fpu_exception	: yes
cpuid level	: 13
wp		: yes
flags		: fpu vme de pse tsc msr pae mce cx8 apic sep mtrr pge mca cmov pat pse36 clflush dts acpi mmx fxsr sse sse2 ss ht tm pbe nx rdtscp lm constant_tsc arch_perfmon pebs bts xtopology nonstop_tsc aperfmperf eagerfpu pni pclmulqdq dtes64 monitor ds_cpl vmx est tm2 ssse3 cx16 xtpr pdcm pcid sse4_1 sse4_2 x2apic popcnt tsc_deadline_timer xsave avx f16c lahf_lm ida arat epb xsaveopt pln pts dtherm tpr_shadow vnmi flexpriority ept vpid fsgsbase smep erms
bogomips	: 3591.74
clflush size	: 64
cache_alignment	: 64
address sizes	: 36 bits physical, 48 bits virtual
power management:

processor	: 3
vendor_id	: GenuineIntel
cpu family	: 6
model		: 58
model name	: Intel(R) Core(TM) i3-3217U CPU @ 1.80GHz
stepping	: 9
microcode	: 0x15
cpu MHz		: 1801.000
cache size	: 3072 KB
physical id	: 0
siblings	: 4
core id		: 1
cpu cores	: 2
apicid		: 3
initial apicid	: 3
fdiv_bug	: no
f00f_bug	: no
coma_bug	: no
fpu		: yes
fpu_exception	: yes
cpuid level	: 13
wp		: yes
flags		: fpu vme de pse tsc msr pae mce cx8 apic sep mtrr pge mca cmov pat pse36 clflush dts acpi mmx fxsr sse sse2 ss ht tm pbe nx rdtscp lm constant_tsc arch_perfmon pebs bts xtopology nonstop_tsc aperfmperf eagerfpu pni pclmulqdq dtes64 monitor ds_cpl vmx est tm2 ssse3 cx16 xtpr pdcm pcid sse4_1 sse4_2 x2apic popcnt tsc_deadline_timer xsave avx f16c lahf_lm ida arat epb xsaveopt pln pts dtherm tpr_shadow vnmi flexpriority ept vpid fsgsbase smep erms
bogomips	: 3591.74
clflush size	: 64
cache_alignment	: 64
address sizes	: 36 bits physical, 48 bits virtual
power management:



Memory: 4k page, physical 4000684k(209392k free), swap 0k(0k free)

vm_info: OpenJDK Server VM (24.79-b02) for linux-x86 JRE (1.7.0_79-b14), built on Jul 24 2015 08:25:15 by "buildd" with gcc 4.8.2

time: Sat Apr 16 09:45:14 2016
elapsed time: 112 seconds

