#
# There is insufficient memory for the Java Runtime Environment to continue.
# Native memory allocation (malloc) failed to allocate 146800640 bytes for committing reserved memory.
# Possible reasons:
#   The system is out of physical RAM or swap space
#   In 32 bit mode, the process size limit was hit
# Possible solutions:
#   Reduce memory load on the system
#   Increase physical memory or swap space
#   Check if swap backing store is full
#   Use 64 bit Java on a 64 bit OS
#   Decrease Java heap size (-Xmx/-Xms)
#   Decrease number of Java threads
#   Decrease Java thread stack sizes (-Xss)
#   Set larger code cache with -XX:ReservedCodeCacheSize=
# This output file may be truncated or incomplete.
#
#  Out of Memory Error (os_linux.cpp:2809), pid=7188, tid=1741482816
#
# JRE version: OpenJDK Runtime Environment (7.0_79-b14) (build 1.7.0_79-b14)
# Java VM: OpenJDK Server VM (24.79-b02 mixed mode linux-x86 )
# Derivative: IcedTea 2.5.6
# Distribution: Ubuntu 14.04 LTS, package 7u79-2.5.6-0ubuntu1.14.04.1
# Failed to write core dump. Core dumps have been disabled. To enable core dumping, try "ulimit -c unlimited" before starting Java again
#

---------------  T H R E A D  ---------------

Current thread (0x67b80400):  VMThread [stack: 0x67c4e000,0x67ccf000] [id=7215]

Stack: [0x67c4e000,0x67ccf000]
VM_Operation (0x66f40ad8): ParallelGCFailedAllocation, mode: safepoint, requested by thread 0x67389000


---------------  P R O C E S S  ---------------

Java Threads: ( => current thread )
  0x6738bc00 JavaThread "pool-1-thread-4" [_thread_blocked, id=7247, stack(0x66ea0000,0x66ef1000)]
  0x67389000 JavaThread "pool-1-thread-3" [_thread_blocked, id=7246, stack(0x66ef1000,0x66f42000)]
  0x67387400 JavaThread "pool-1-thread-2" [_thread_blocked, id=7245, stack(0x66f42000,0x66f93000)]
  0x67385c00 JavaThread "pool-2-thread-1" [_thread_blocked, id=7244, stack(0x66f93000,0x66fe4000)]
  0x67384800 JavaThread "pool-1-thread-1" [_thread_blocked, id=7243, stack(0x66fe4000,0x67035000)]
  0x67b9d000 JavaThread "Service Thread" daemon [_thread_blocked, id=7229, stack(0x6750b000,0x6755c000)]
  0x67b9b400 JavaThread "C2 CompilerThread1" daemon [_thread_blocked, id=7228, stack(0x6755c000,0x675dd000)]
  0x67b99400 JavaThread "C2 CompilerThread0" daemon [_thread_blocked, id=7227, stack(0x675dd000,0x6765e000)]
  0x67b97c00 JavaThread "Signal Dispatcher" daemon [_thread_blocked, id=7225, stack(0x6765e000,0x676af000)]
  0x67b84800 JavaThread "Finalizer" daemon [_thread_blocked, id=7217, stack(0x678af000,0x67900000)]
  0x67b83000 JavaThread "Reference Handler" daemon [_thread_blocked, id=7216, stack(0x6a82e000,0x6a87f000)]
  0xb6307c00 JavaThread "main" [_thread_blocked, id=7196, stack(0xb64f7000,0xb6548000)]

Other Threads:
=>0x67b80400 VMThread [stack: 0x67c4e000,0x67ccf000] [id=7215]
  0x67b9ec00 WatcherThread [stack: 0x6748a000,0x6750b000] [id=7232]

VM state:at safepoint (normal execution)

VM Mutex/Monitor currently owned by a thread:  ([mutex/lock_event])
[0xb6305350] Threads_lock - owner thread: 0x67b80400
[0xb6305760] Heap_lock - owner thread: 0x67389000

Heap
 PSYoungGen      total 140288K, used 15102K [0x9dcc0000, 0xa7640000, 0xb3240000)
  eden space 125184K, 0% used [0x9dcc0000,0x9dcc0000,0xa5700000)
  from space 15104K, 99% used [0xa5700000,0xa65bfbb8,0xa65c0000)
  to   space 13312K, 0% used [0xa65c0000,0xa65c0000,0xa72c0000)
 ParOldGen       total 41728K, used 40559K [0x73240000, 0x75b00000, 0x9dcc0000)
  object space 41728K, 97% used [0x73240000,0x759dbf20,0x75b00000)
 PSPermGen       total 16384K, used 4217K [0x6b240000, 0x6c240000, 0x73240000)
  object space 16384K, 25% used [0x6b240000,0x6b65e740,0x6c240000)

Card table byte_map: [0x6afff000,0x6b240000] byte_map_base: 0x6aca5e00

Polling page: 0xb76f8000

Code Cache  [0xb3300000, 0xb3540000, 0xb6300000)
 total_blobs=510 nmethods=387 adapters=76 free_code_cache=47854Kb largest_free_block=48839040

Compilation events (10 events):
Event: 26.798 Thread 0x67b99400 nmethod 395 0xb33c6788 code [0xb33c6880, 0xb33c6950]
Event: 26.799 Thread 0x67b99400  396             java.util.Collections$UnmodifiableRandomAccessList::<init> (6 bytes)
Event: 26.799 Thread 0x67b99400 nmethod 396 0xb33c6588 code [0xb33c6680, 0xb33c6710]
Event: 26.800 Thread 0x67b99400  397             com.android.dx.ssa.DomFront::run (264 bytes)
Event: 26.929 Thread 0x67b99400 nmethod 397 0xb33c9fc8 code [0xb33ca1c0, 0xb33caacc]
Event: 26.929 Thread 0x67b99400  398             com.android.dx.ssa.DomFront::buildDomTree (72 bytes)
Event: 26.947 Thread 0x67b99400 nmethod 398 0xb346bbc8 code [0xb346bd20, 0xb346c0e4]
Event: 26.947 Thread 0x67b99400  399             com.android.dx.ssa.SsaBasicBlock::exitBlockFixup (58 bytes)
Event: 27.016 Thread 0x67b99400 nmethod 399 0xb346aec8 code [0xb346b020, 0xb346b684]
Event: 27.016 Thread 0x67b99400  400   !         com.android.dx.cf.code.RopperMachine::run (1550 bytes)

GC Heap History (10 events):
Event: 3.157 GC heap after
Heap after GC invocations=2 (full 0):
 PSYoungGen      total 34304K, used 2547K [0x9dcc0000, 0xa00c0000, 0xb3240000)
  eden space 31744K, 0% used [0x9dcc0000,0x9dcc0000,0x9fbc0000)
  from space 2560K, 99% used [0x9fe40000,0xa00bcf90,0xa00c0000)
  to   space 2560K, 0% used [0x9fbc0000,0x9fbc0000,0x9fe40000)
 ParOldGen       total 41728K, used 4433K [0x73240000, 0x75b00000, 0x9dcc0000)
  object space 41728K, 10% used [0x73240000,0x73694778,0x75b00000)
 PSPermGen       total 16384K, used 4067K [0x6b240000, 0x6c240000, 0x73240000)
  object space 16384K, 24% used [0x6b240000,0x6b638c00,0x6c240000)
}
Event: 6.578 GC heap before
{Heap before GC invocations=3 (full 0):
 PSYoungGen      total 34304K, used 34291K [0x9dcc0000, 0xa00c0000, 0xb3240000)
  eden space 31744K, 100% used [0x9dcc0000,0x9fbc0000,0x9fbc0000)
  from space 2560K, 99% used [0x9fe40000,0xa00bcf90,0xa00c0000)
  to   space 2560K, 0% used [0x9fbc0000,0x9fbc0000,0x9fe40000)
 ParOldGen       total 41728K, used 4433K [0x73240000, 0x75b00000, 0x9dcc0000)
  object space 41728K, 10% used [0x73240000,0x73694778,0x75b00000)
 PSPermGen       total 16384K, used 4105K [0x6b240000, 0x6c240000, 0x73240000)
  object space 16384K, 25% used [0x6b240000,0x6b642548,0x6c240000)
Event: 6.660 GC heap after
Heap after GC invocations=3 (full 0):
 PSYoungGen      total 34304K, used 2550K [0x9dcc0000, 0xa1fc0000, 0xb3240000)
  eden space 31744K, 0% used [0x9dcc0000,0x9dcc0000,0x9fbc0000)
  from space 2560K, 99% used [0x9fbc0000,0x9fe3d800,0x9fe40000)
  to   space 2560K, 0% used [0xa1d40000,0xa1d40000,0xa1fc0000)
 ParOldGen       total 41728K, used 10305K [0x73240000, 0x75b00000, 0x9dcc0000)
  object space 41728K, 24% used [0x73240000,0x73c50570,0x75b00000)
 PSPermGen       total 16384K, used 4105K [0x6b240000, 0x6c240000, 0x73240000)
  object space 16384K, 25% used [0x6b240000,0x6b642548,0x6c240000)
}
Event: 9.792 GC heap before
{Heap before GC invocations=4 (full 0):
 PSYoungGen      total 34304K, used 34294K [0x9dcc0000, 0xa1fc0000, 0xb3240000)
  eden space 31744K, 100% used [0x9dcc0000,0x9fbc0000,0x9fbc0000)
  from space 2560K, 99% used [0x9fbc0000,0x9fe3d800,0x9fe40000)
  to   space 2560K, 0% used [0xa1d40000,0xa1d40000,0xa1fc0000)
 ParOldGen       total 41728K, used 10305K [0x73240000, 0x75b00000, 0x9dcc0000)
  object space 41728K, 24% used [0x73240000,0x73c50570,0x75b00000)
 PSPermGen       total 16384K, used 4123K [0x6b240000, 0x6c240000, 0x73240000)
  object space 16384K, 25% used [0x6b240000,0x6b646ce8,0x6c240000)
Event: 9.875 GC heap after
Heap after GC invocations=4 (full 0):
 PSYoungGen      total 66048K, used 2546K [0x9dcc0000, 0xa1fc0000, 0xb3240000)
  eden space 63488K, 0% used [0x9dcc0000,0x9dcc0000,0xa1ac0000)
  from space 2560K, 99% used [0xa1d40000,0xa1fbc808,0xa1fc0000)
  to   space 2560K, 0% used [0xa1ac0000,0xa1ac0000,0xa1d40000)
 ParOldGen       total 41728K, used 15807K [0x73240000, 0x75b00000, 0x9dcc0000)
  object space 41728K, 37% used [0x73240000,0x741afda8,0x75b00000)
 PSPermGen       total 16384K, used 4123K [0x6b240000, 0x6c240000, 0x73240000)
  object space 16384K, 25% used [0x6b240000,0x6b646ce8,0x6c240000)
}
Event: 17.302 GC heap before
{Heap before GC invocations=5 (full 0):
 PSYoungGen      total 66048K, used 66034K [0x9dcc0000, 0xa1fc0000, 0xb3240000)
  eden space 63488K, 100% used [0x9dcc0000,0xa1ac0000,0xa1ac0000)
  from space 2560K, 99% used [0xa1d40000,0xa1fbc808,0xa1fc0000)
  to   space 2560K, 0% used [0xa1ac0000,0xa1ac0000,0xa1d40000)
 ParOldGen       total 41728K, used 15807K [0x73240000, 0x75b00000, 0x9dcc0000)
  object space 41728K, 37% used [0x73240000,0x741afda8,0x75b00000)
 PSPermGen       total 16384K, used 4148K [0x6b240000, 0x6c240000, 0x73240000)
  object space 16384K, 25% used [0x6b240000,0x6b64d0a8,0x6c240000)
Event: 17.461 GC heap after
Heap after GC invocations=5 (full 0):
 PSYoungGen      total 66048K, used 2550K [0x9dcc0000, 0xa72c0000, 0xb3240000)
  eden space 63488K, 0% used [0x9dcc0000,0x9dcc0000,0xa1ac0000)
  from space 2560K, 99% used [0xa1ac0000,0xa1d3da00,0xa1d40000)
  to   space 13312K, 0% used [0xa65c0000,0xa65c0000,0xa72c0000)
 ParOldGen       total 41728K, used 25556K [0x73240000, 0x75b00000, 0x9dcc0000)
  object space 41728K, 61% used [0x73240000,0x74b35008,0x75b00000)
 PSPermGen       total 16384K, used 4148K [0x6b240000, 0x6c240000, 0x73240000)
  object space 16384K, 25% used [0x6b240000,0x6b64d0a8,0x6c240000)
}
Event: 22.860 GC heap before
{Heap before GC invocations=6 (full 0):
 PSYoungGen      total 66048K, used 66038K [0x9dcc0000, 0xa72c0000, 0xb3240000)
  eden space 63488K, 100% used [0x9dcc0000,0xa1ac0000,0xa1ac0000)
  from space 2560K, 99% used [0xa1ac0000,0xa1d3da00,0xa1d40000)
  to   space 13312K, 0% used [0xa65c0000,0xa65c0000,0xa72c0000)
 ParOldGen       total 41728K, used 25556K [0x73240000, 0x75b00000, 0x9dcc0000)
  object space 41728K, 61% used [0x73240000,0x74b35008,0x75b00000)
 PSPermGen       total 16384K, used 4171K [0x6b240000, 0x6c240000, 0x73240000)
  object space 16384K, 25% used [0x6b240000,0x6b652c28,0x6c240000)
Event: 23.037 GC heap after
Heap after GC invocations=6 (full 0):
 PSYoungGen      total 138496K, used 12386K [0x9dcc0000, 0xa7640000, 0xb3240000)
  eden space 125184K, 0% used [0x9dcc0000,0x9dcc0000,0xa5700000)
  from space 13312K, 93% used [0xa65c0000,0xa71d8a48,0xa72c0000)
  to   space 15104K, 0% used [0xa5700000,0xa5700000,0xa65c0000)
 ParOldGen       total 41728K, used 25556K [0x73240000, 0x75b00000, 0x9dcc0000)
  object space 41728K, 61% used [0x73240000,0x74b35008,0x75b00000)
 PSPermGen       total 16384K, used 4171K [0x6b240000, 0x6c240000, 0x73240000)
  object space 16384K, 25% used [0x6b240000,0x6b652c28,0x6c240000)
}
Event: 28.181 GC heap before
{Heap before GC invocations=7 (full 0):
 PSYoungGen      total 138496K, used 137570K [0x9dcc0000, 0xa7640000, 0xb3240000)
  eden space 125184K, 100% used [0x9dcc0000,0xa5700000,0xa5700000)
  from space 13312K, 93% used [0xa65c0000,0xa71d8a48,0xa72c0000)
  to   space 15104K, 0% used [0xa5700000,0xa5700000,0xa65c0000)
 ParOldGen       total 41728K, used 25556K [0x73240000, 0x75b00000, 0x9dcc0000)
  object space 41728K, 61% used [0x73240000,0x74b35008,0x75b00000)
 PSPermGen       total 16384K, used 4217K [0x6b240000, 0x6c240000, 0x73240000)
  object space 16384K, 25% used [0x6b240000,0x6b65e740,0x6c240000)

Deoptimization events (10 events):
Event: 6.688 Thread 0x67389000 Uncommon trap: reason=class_check action=maybe_recompile pc=0xb337b1f8 method=java.util.HashMap.put(Ljava/lang/Object;Ljava/lang/Object;)Ljava/lang/Object; @ 83
Event: 10.277 Thread 0x67387400 Uncommon trap: reason=null_check action=make_not_entrant pc=0xb3375a90 method=com.android.dx.rop.type.Type.equals(Ljava/lang/Object;)Z @ 8
Event: 10.665 Thread 0x67387400 Uncommon trap: reason=unreached action=reinterpret pc=0xb33cb30c method=com.android.dx.rop.code.LocalVariableExtractor.processBlock(I)V @ 195
Event: 10.848 Thread 0x67389000 Uncommon trap: reason=unreached action=reinterpret pc=0xb33c46f0 method=com.android.dx.ssa.SCCP.simulateBranch(Lcom/android/dx/ssa/SsaInsn;)V @ 132
Event: 10.851 Thread 0x67389000 Uncommon trap: reason=unreached action=reinterpret pc=0xb33b1b3c method=com.android.dx.ssa.SsaMethod.updateOneDefinition(Lcom/android/dx/ssa/SsaInsn;Lcom/android/dx/rop/code/RegisterSpec;)V @ 4
Event: 18.368 Thread 0x67389000 Uncommon trap: reason=null_check action=make_not_entrant pc=0xb33f23ec method=com.android.dx.cf.code.Ropper$CatchInfo.getSetup(Lcom/android/dx/rop/type/Type;)Lcom/android/dx/cf/code/Ropper$ExceptionHandlerSetup; @ 10
Event: 21.809 Thread 0x6738bc00 Uncommon trap: reason=bimorphic action=maybe_recompile pc=0xb34112cc method=com.android.dx.cf.code.BytecodeArray.parseInstruction(ILcom/android/dx/cf/code/BytecodeArray$Visitor;)I @ 1035
Event: 21.809 Thread 0x6738bc00 Uncommon trap: reason=bimorphic action=maybe_recompile pc=0xb34112cc method=com.android.dx.cf.code.BytecodeArray.parseInstruction(ILcom/android/dx/cf/code/BytecodeArray$Visitor;)I @ 1035
Event: 21.809 Thread 0x6738bc00 Uncommon trap: reason=bimorphic action=maybe_recompile pc=0xb34112cc method=com.android.dx.cf.code.BytecodeArray.parseInstruction(ILcom/android/dx/cf/code/BytecodeArray$Visitor;)I @ 1035
Event: 21.809 Thread 0x6738bc00 Uncommon trap: reason=bimorphic action=maybe_recompile pc=0xb34112cc method=com.android.dx.cf.code.BytecodeArray.parseInstruction(ILcom/android/dx/cf/code/BytecodeArray$Visitor;)I @ 1035

Internal exceptions (10 events):
Event: 1.493 Thread 0x67387400 Threw 0x9eb3c6e8 at /build/openjdk-7-OXg_HK/openjdk-7-7u79-2.5.6/build/openjdk/hotspot/src/share/vm/prims/jvm.cpp:1284
Event: 1.612 Thread 0x6738bc00 Threw 0x9dd2e090 at /build/openjdk-7-OXg_HK/openjdk-7-7u79-2.5.6/build/openjdk/hotspot/src/share/vm/prims/jvm.cpp:1284
Event: 2.671 Thread 0xb6307c00 Implicit null exception at 0xb336940a to 0xb3369a1d
Event: 6.181 Thread 0x67389000 Implicit null exception at 0xb3390273 to 0xb3390c99
Event: 6.530 Thread 0x67387400 Implicit null exception at 0xb33a45d0 to 0xb33a4f65
Event: 7.315 Thread 0x67387400 Threw 0x9e35f708 at /build/openjdk-7-OXg_HK/openjdk-7-7u79-2.5.6/build/openjdk/hotspot/src/share/vm/prims/jvm.cpp:1284
Event: 10.277 Thread 0x67387400 Implicit null exception at 0xb33759ab to 0xb3375a82
Event: 10.850 Thread 0x67389000 Threw 0x9e654ea8 at /build/openjdk-7-OXg_HK/openjdk-7-7u79-2.5.6/build/openjdk/hotspot/src/share/vm/prims/jvm.cpp:1284
Event: 18.235 Thread 0xb6307c00 Threw 0x9e2de5b0 at /build/openjdk-7-OXg_HK/openjdk-7-7u79-2.5.6/build/openjdk/hotspot/src/share/vm/prims/jvm.cpp:1284
Event: 18.368 Thread 0x67389000 Implicit null exception at 0xb33eefd8 to 0xb33f23a9

Events (10 events):
Event: 23.539 Thread 0x67b99400 flushing nmethod 0xb338fe08
Event: 24.389 Thread 0x67b99400 flushing nmethod 0xb337ab08
Event: 24.407 Thread 0x67b99400 flushing nmethod 0xb33a4108
Event: 25.246 Thread 0x67b9b400 flushing nmethod 0xb3375888
Event: 25.400 Thread 0x67b9b400 flushing nmethod 0xb33b1a08
Event: 25.414 Thread 0x67b9b400 flushing nmethod 0xb33c2488
Event: 25.414 Thread 0x67b9b400 flushing nmethod 0xb33c9b88
Event: 26.929 Thread 0x67b99400 flushing nmethod 0xb33ec888
Event: 26.929 Thread 0x67b99400 flushing nmethod 0xb340e488
Event: 28.085 Executing VM operation: ParallelGCFailedAllocation


Dynamic libraries:
08048000-08049000 r-xp 00000000 08:01 3412725    /usr/lib/jvm/java-7-openjdk-i386/jre/bin/java
08049000-0804a000 r--p 00000000 08:01 3412725    /usr/lib/jvm/java-7-openjdk-i386/jre/bin/java
0804a000-0804b000 rw-p 00001000 08:01 3412725    /usr/lib/jvm/java-7-openjdk-i386/jre/bin/java
09ae7000-09bf0000 rw-p 00000000 00:00 0          [heap]
64b00000-64bf1000 rw-p 00000000 00:00 0 
64bf1000-64c00000 ---p 00000000 00:00 0 
64c00000-64c80000 rw-p 00000000 00:00 0 
64c80000-64d00000 ---p 00000000 00:00 0 
64d00000-64dc3000 rw-p 00000000 00:00 0 
64dc3000-64e00000 ---p 00000000 00:00 0 
64f00000-65000000 rw-p 00000000 00:00 0 
65000000-650f9000 rw-p 00000000 00:00 0 
650f9000-65100000 ---p 00000000 00:00 0 
65100000-651fc000 rw-p 00000000 00:00 0 
651fc000-65200000 ---p 00000000 00:00 0 
65300000-653c0000 rw-p 00000000 00:00 0 
653c0000-65400000 ---p 00000000 00:00 0 
65400000-65500000 rw-p 00000000 00:00 0 
65500000-655fb000 rw-p 00000000 00:00 0 
655fb000-65600000 ---p 00000000 00:00 0 
65700000-657f6000 rw-p 00000000 00:00 0 
657f6000-65800000 ---p 00000000 00:00 0 
65900000-659eb000 rw-p 00000000 00:00 0 
659eb000-65a00000 ---p 00000000 00:00 0 
65a00000-65af9000 rw-p 00000000 00:00 0 
65af9000-65b00000 ---p 00000000 00:00 0 
65b00000-65bf7000 rw-p 00000000 00:00 0 
65bf7000-65c00000 ---p 00000000 00:00 0 
65c00000-65cfe000 rw-p 00000000 00:00 0 
65cfe000-65d00000 ---p 00000000 00:00 0 
65d00000-65df5000 rw-p 00000000 00:00 0 
65df5000-65e00000 ---p 00000000 00:00 0 
65e00000-65ef9000 rw-p 00000000 00:00 0 
65ef9000-65f00000 ---p 00000000 00:00 0 
65f00000-65fff000 rw-p 00000000 00:00 0 
65fff000-66000000 ---p 00000000 00:00 0 
66100000-661fe000 rw-p 00000000 00:00 0 
661fe000-66200000 ---p 00000000 00:00 0 
66300000-663fb000 rw-p 00000000 00:00 0 
663fb000-66400000 ---p 00000000 00:00 0 
66500000-665ee000 rw-p 00000000 00:00 0 
665ee000-66600000 ---p 00000000 00:00 0 
66700000-667ec000 rw-p 00000000 00:00 0 
667ec000-66800000 ---p 00000000 00:00 0 
66900000-669fe000 rw-p 00000000 00:00 0 
669fe000-66a00000 ---p 00000000 00:00 0 
66b00000-66bff000 rw-p 00000000 00:00 0 
66bff000-66c00000 ---p 00000000 00:00 0 
66c00000-66ce7000 rw-p 00000000 00:00 0 
66ce7000-66d00000 ---p 00000000 00:00 0 
66d00000-66dfb000 rw-p 00000000 00:00 0 
66dfb000-66e00000 ---p 00000000 00:00 0 
66ea0000-66ea3000 ---p 00000000 00:00 0 
66ea3000-66ef1000 rw-p 00000000 00:00 0          [stack:7247]
66ef1000-66ef4000 ---p 00000000 00:00 0 
66ef4000-66f42000 rw-p 00000000 00:00 0          [stack:7246]
66f42000-66f45000 ---p 00000000 00:00 0 
66f45000-66f93000 rw-p 00000000 00:00 0          [stack:7245]
66f93000-66f96000 ---p 00000000 00:00 0 
66f96000-66fe4000 rw-p 00000000 00:00 0          [stack:7244]
66fe4000-66fe7000 ---p 00000000 00:00 0 
66fe7000-67035000 rw-p 00000000 00:00 0          [stack:7243]
67035000-67071000 r-xp 00000000 08:01 25035843   /lib/i386-linux-gnu/libpcre.so.3.13.1
67071000-67072000 r--p 0003b000 08:01 25035843   /lib/i386-linux-gnu/libpcre.so.3.13.1
67072000-67073000 rw-p 0003c000 08:01 25035843   /lib/i386-linux-gnu/libpcre.so.3.13.1
67073000-6717d000 r-xp 00000000 08:01 25035771   /lib/i386-linux-gnu/libglib-2.0.so.0.4000.0
6717d000-6717e000 r--p 00109000 08:01 25035771   /lib/i386-linux-gnu/libglib-2.0.so.0.4000.0
6717e000-6717f000 rw-p 0010a000 08:01 25035771   /lib/i386-linux-gnu/libglib-2.0.so.0.4000.0
6717f000-672fc000 r-xp 00000000 08:01 3020350    /usr/lib/i386-linux-gnu/libgio-2.0.so.0.4000.0
672fc000-672fe000 r--p 0017c000 08:01 3020350    /usr/lib/i386-linux-gnu/libgio-2.0.so.0.4000.0
672fe000-672ff000 rw-p 0017e000 08:01 3020350    /usr/lib/i386-linux-gnu/libgio-2.0.so.0.4000.0
672ff000-67300000 rw-p 00000000 00:00 0 
67300000-673a7000 rw-p 00000000 00:00 0 
673a7000-67400000 ---p 00000000 00:00 0 
67438000-67488000 r-xp 00000000 08:01 3020380    /usr/lib/i386-linux-gnu/libgobject-2.0.so.0.4000.0
67488000-67489000 r--p 0004f000 08:01 3020380    /usr/lib/i386-linux-gnu/libgobject-2.0.so.0.4000.0
67489000-6748a000 rw-p 00050000 08:01 3020380    /usr/lib/i386-linux-gnu/libgobject-2.0.so.0.4000.0
6748a000-6748b000 ---p 00000000 00:00 0 
6748b000-6750b000 rw-p 00000000 00:00 0          [stack:7232]
6750b000-6750e000 ---p 00000000 00:00 0 
6750e000-6755c000 rw-p 00000000 00:00 0          [stack:7229]
6755c000-6755f000 ---p 00000000 00:00 0 
6755f000-675dd000 rw-p 00000000 00:00 0          [stack:7228]
675dd000-675e0000 ---p 00000000 00:00 0 
675e0000-6765e000 rw-p 00000000 00:00 0          [stack:7227]
6765e000-67661000 ---p 00000000 00:00 0 
67661000-676af000 rw-p 00000000 00:00 0          [stack:7225]
676af000-678af000 r--p 00000000 08:01 3022988    /usr/lib/locale/locale-archive
678af000-678b2000 ---p 00000000 00:00 0 
678b2000-67900000 rw-p 00000000 00:00 0          [stack:7217]
67900000-67a00000 rw-p 00000000 00:00 0 
67a00000-67a21000 rw-p 00000000 00:00 0 
67a21000-67b00000 ---p 00000000 00:00 0 
67b00000-67c00000 rw-p 00000000 00:00 0 
67c0c000-67c4e000 r--p 00858000 08:01 3022988    /usr/lib/locale/locale-archive
67c4e000-67c4f000 ---p 00000000 00:00 0 
67c4f000-67ccf000 rw-p 00000000 00:00 0          [stack:7215]
67ccf000-67e80000 r--s 01d29000 08:01 3283391    /usr/lib/jvm/java-7-openjdk-i386/jre/lib/rt.jar
67e80000-6a700000 rw-p 00000000 00:00 0 
6a700000-6a7f9000 rw-p 00000000 00:00 0 
6a7f9000-6a800000 ---p 00000000 00:00 0 
6a804000-6a809000 r-xp 00000000 08:01 3020247    /usr/lib/i386-linux-gnu/libffi.so.6.0.1
6a809000-6a80a000 r--p 00005000 08:01 3020247    /usr/lib/i386-linux-gnu/libffi.so.6.0.1
6a80a000-6a80b000 rw-p 00006000 08:01 3020247    /usr/lib/i386-linux-gnu/libffi.so.6.0.1
6a80b000-6a82b000 r-xp 00000000 08:01 25035870   /lib/i386-linux-gnu/libselinux.so.1
6a82b000-6a82c000 r--p 0001f000 08:01 25035870   /lib/i386-linux-gnu/libselinux.so.1
6a82c000-6a82d000 rw-p 00020000 08:01 25035870   /lib/i386-linux-gnu/libselinux.so.1
6a82d000-6a82e000 rw-p 00000000 00:00 0 
6a82e000-6a831000 ---p 00000000 00:00 0 
6a831000-6a87f000 rw-p 00000000 00:00 0          [stack:7216]
6a87f000-6a880000 ---p 00000000 00:00 0 
6a880000-6a900000 rw-p 00000000 00:00 0          [stack:7210]
6a900000-6a921000 rw-p 00000000 00:00 0 
6a921000-6aa00000 ---p 00000000 00:00 0 
6aa05000-6aa18000 r-xp 00000000 08:01 25035866   /lib/i386-linux-gnu/libresolv-2.19.so
6aa18000-6aa19000 ---p 00013000 08:01 25035866   /lib/i386-linux-gnu/libresolv-2.19.so
6aa19000-6aa1a000 r--p 00013000 08:01 25035866   /lib/i386-linux-gnu/libresolv-2.19.so
6aa1a000-6aa1b000 rw-p 00014000 08:01 25035866   /lib/i386-linux-gnu/libresolv-2.19.so
6aa1b000-6aa1d000 rw-p 00000000 00:00 0 
6aa36000-6aa7f000 rw-p 00000000 00:00 0 
6aa7f000-6aa80000 ---p 00000000 00:00 0 
6aa80000-6ab00000 rw-p 00000000 00:00 0          [stack:7209]
6ab00000-6ab21000 rw-p 00000000 00:00 0 
6ab21000-6ac00000 ---p 00000000 00:00 0 
6ac06000-6ac09000 r-xp 00000000 08:01 3020364    /usr/lib/i386-linux-gnu/libgmodule-2.0.so.0.4000.0
6ac09000-6ac0a000 r--p 00002000 08:01 3020364    /usr/lib/i386-linux-gnu/libgmodule-2.0.so.0.4000.0
6ac0a000-6ac0b000 rw-p 00003000 08:01 3020364    /usr/lib/i386-linux-gnu/libgmodule-2.0.so.0.4000.0
6ac0b000-6ac22000 r-xp 00000000 08:01 3283427    /usr/lib/jvm/java-7-openjdk-i386/jre/lib/i386/libnet.so
6ac22000-6ac23000 r--p 00017000 08:01 3283427    /usr/lib/jvm/java-7-openjdk-i386/jre/lib/i386/libnet.so
6ac23000-6ac24000 rw-p 00018000 08:01 3283427    /usr/lib/jvm/java-7-openjdk-i386/jre/lib/i386/libnet.so
6ac24000-6ac7f000 rw-p 00000000 00:00 0 
6ac7f000-6ac80000 ---p 00000000 00:00 0 
6ac80000-6ad00000 rw-p 00000000 00:00 0          [stack:7208]
6ad00000-6ad3a000 rw-p 00000000 00:00 0 
6ad3a000-6ae00000 ---p 00000000 00:00 0 
6ae01000-6ae12000 r-xp 00000000 08:01 3283432    /usr/lib/jvm/java-7-openjdk-i386/jre/lib/i386/libnio.so
6ae12000-6ae13000 r--p 00010000 08:01 3283432    /usr/lib/jvm/java-7-openjdk-i386/jre/lib/i386/libnio.so
6ae13000-6ae14000 rw-p 00011000 08:01 3283432    /usr/lib/jvm/java-7-openjdk-i386/jre/lib/i386/libnio.so
6ae14000-6ae28000 r--s 000d6000 08:01 28710906   /home/rafiqul/Documents/Software Engineering Project/spring2016_s1_cse404/AssetTrackingSystem__Android_Platform/app/build/intermediates/exploded-aar/com.android.support/support-v4/23.0.0/jars/classes.jar
6ae28000-6ae29000 ---p 00000000 00:00 0 
6ae29000-6aebe000 rw-p 00000000 00:00 0          [stack:7203]
6aebe000-6afff000 rw-p 00000000 00:00 0 
6afff000-6b007000 rw-p 00000000 00:00 0 
6b007000-6b03f000 rw-p 00000000 00:00 0 
6b03f000-6b054000 rw-p 00000000 00:00 0 
6b054000-6b194000 rw-p 00000000 00:00 0 
6b194000-6b1e1000 rw-p 00000000 00:00 0 
6b1e1000-6b23f000 rw-p 00000000 00:00 0 
6b23f000-6c240000 rw-p 00000000 00:00 0 
6c240000-73240000 rw-p 00000000 00:00 0 
73240000-75b00000 rw-p 00000000 00:00 0 
75b00000-9dcc0000 rw-p 00000000 00:00 0 
9dcc0000-a7640000 rw-p 00000000 00:00 0 
b0240000-b3240000 rw-p 00000000 00:00 0 
b3240000-b3249000 rw-p 00000000 00:00 0 
b3249000-b3300000 rw-p 00000000 00:00 0 
b3300000-b3540000 rwxp 00000000 00:00 0 
b3540000-b6400000 rw-p 00000000 00:00 0 
b6400000-b640f000 r--s 000df000 08:01 9175179    /home/rafiqul/Android/Sdk/build-tools/23.0.1/lib/dx.jar
b640f000-b6410000 r--s 00002000 08:01 3412674    /usr/lib/jvm/java-7-openjdk-i386/jre/lib/ext/dnsns.jar
b6410000-b6412000 r--s 00006000 08:01 3412779    /usr/share/java/java-atk-wrapper.jar
b6412000-b6416000 r--s 00034000 08:01 3412675    /usr/lib/jvm/java-7-openjdk-i386/jre/lib/ext/sunjce_provider.jar
b6416000-b6439000 rw-p 00000000 00:00 0 
b6439000-b6471000 rw-p 00000000 00:00 0 
b6471000-b647c000 r-xp 00000000 08:01 25035815   /lib/i386-linux-gnu/libnss_files-2.19.so
b647c000-b647d000 r--p 0000a000 08:01 25035815   /lib/i386-linux-gnu/libnss_files-2.19.so
b647d000-b647e000 rw-p 0000b000 08:01 25035815   /lib/i386-linux-gnu/libnss_files-2.19.so
b647e000-b6488000 r-xp 00000000 08:01 25035825   /lib/i386-linux-gnu/libnss_nis-2.19.so
b6488000-b6489000 r--p 00009000 08:01 25035825   /lib/i386-linux-gnu/libnss_nis-2.19.so
b6489000-b648a000 rw-p 0000a000 08:01 25035825   /lib/i386-linux-gnu/libnss_nis-2.19.so
b648a000-b649f000 r-xp 00000000 08:01 25035809   /lib/i386-linux-gnu/libnsl-2.19.so
b649f000-b64a0000 r--p 00015000 08:01 25035809   /lib/i386-linux-gnu/libnsl-2.19.so
b64a0000-b64a1000 rw-p 00016000 08:01 25035809   /lib/i386-linux-gnu/libnsl-2.19.so
b64a1000-b64a3000 rw-p 00000000 00:00 0 
b64a3000-b64aa000 r-xp 00000000 08:01 25035811   /lib/i386-linux-gnu/libnss_compat-2.19.so
b64aa000-b64ab000 r--p 00006000 08:01 25035811   /lib/i386-linux-gnu/libnss_compat-2.19.so
b64ab000-b64ac000 rw-p 00007000 08:01 25035811   /lib/i386-linux-gnu/libnss_compat-2.19.so
b64ac000-b64af000 r--s 0000f000 08:01 3412677    /usr/lib/jvm/java-7-openjdk-i386/jre/lib/ext/icedtea-sound.jar
b64af000-b64b3000 r--s 00085000 08:01 3412673    /usr/lib/jvm/java-7-openjdk-i386/jre/lib/ext/localedata.jar
b64b3000-b64bb000 r-xp 00000000 08:01 3283403    /usr/lib/jvm/java-7-openjdk-i386/jre/lib/i386/libzip.so
b64bb000-b64bc000 r--p 00007000 08:01 3283403    /usr/lib/jvm/java-7-openjdk-i386/jre/lib/i386/libzip.so
b64bc000-b64bd000 rw-p 00008000 08:01 3283403    /usr/lib/jvm/java-7-openjdk-i386/jre/lib/i386/libzip.so
b64bd000-b64c5000 rw-s 00000000 08:01 16777241   /tmp/hsperfdata_rafiqul/7188
b64c5000-b64ec000 r-xp 00000000 08:01 3283435    /usr/lib/jvm/java-7-openjdk-i386/jre/lib/i386/libjava.so
b64ec000-b64ed000 r--p 00026000 08:01 3283435    /usr/lib/jvm/java-7-openjdk-i386/jre/lib/i386/libjava.so
b64ed000-b64ee000 rw-p 00027000 08:01 3283435    /usr/lib/jvm/java-7-openjdk-i386/jre/lib/i386/libjava.so
b64ee000-b64f5000 r-xp 00000000 08:01 25035868   /lib/i386-linux-gnu/librt-2.19.so
b64f5000-b64f6000 r--p 00006000 08:01 25035868   /lib/i386-linux-gnu/librt-2.19.so
b64f6000-b64f7000 rw-p 00007000 08:01 25035868   /lib/i386-linux-gnu/librt-2.19.so
b64f7000-b64fa000 ---p 00000000 00:00 0 
b64fa000-b6548000 rw-p 00000000 00:00 0          [stack:7196]
b6548000-b6564000 r-xp 00000000 08:01 25035767   /lib/i386-linux-gnu/libgcc_s.so.1
b6564000-b6565000 rw-p 0001b000 08:01 25035767   /lib/i386-linux-gnu/libgcc_s.so.1
b6565000-b65a9000 r-xp 00000000 08:01 25035790   /lib/i386-linux-gnu/libm-2.19.so
b65a9000-b65aa000 r--p 00043000 08:01 25035790   /lib/i386-linux-gnu/libm-2.19.so
b65aa000-b65ab000 rw-p 00044000 08:01 25035790   /lib/i386-linux-gnu/libm-2.19.so
b65ab000-b6687000 r-xp 00000000 08:01 3018897    /usr/lib/i386-linux-gnu/libstdc++.so.6.0.19
b6687000-b668b000 r--p 000dc000 08:01 3018897    /usr/lib/i386-linux-gnu/libstdc++.so.6.0.19
b668b000-b668c000 rw-p 000e0000 08:01 3018897    /usr/lib/i386-linux-gnu/libstdc++.so.6.0.19
b668c000-b6693000 rw-p 00000000 00:00 0 
b6693000-b7082000 r-xp 00000000 08:01 3412663    /usr/lib/jvm/java-7-openjdk-i386/jre/lib/i386/server/libjvm.so
b7082000-b70d4000 r--p 009ee000 08:01 3412663    /usr/lib/jvm/java-7-openjdk-i386/jre/lib/i386/server/libjvm.so
b70d4000-b70e8000 rw-p 00a40000 08:01 3412663    /usr/lib/jvm/java-7-openjdk-i386/jre/lib/i386/server/libjvm.so
b70e8000-b7506000 rw-p 00000000 00:00 0 
b7506000-b751e000 r-xp 00000000 08:01 25035903   /lib/i386-linux-gnu/libz.so.1.2.8
b751e000-b751f000 r--p 00017000 08:01 25035903   /lib/i386-linux-gnu/libz.so.1.2.8
b751f000-b7520000 rw-p 00018000 08:01 25035903   /lib/i386-linux-gnu/libz.so.1.2.8
b7520000-b7538000 r-xp 00000000 08:01 25035860   /lib/i386-linux-gnu/libpthread-2.19.so
b7538000-b7539000 r--p 00017000 08:01 25035860   /lib/i386-linux-gnu/libpthread-2.19.so
b7539000-b753a000 rw-p 00018000 08:01 25035860   /lib/i386-linux-gnu/libpthread-2.19.so
b753a000-b753c000 rw-p 00000000 00:00 0 
b753c000-b753f000 r-xp 00000000 08:01 25035757   /lib/i386-linux-gnu/libdl-2.19.so
b753f000-b7540000 r--p 00002000 08:01 25035757   /lib/i386-linux-gnu/libdl-2.19.so
b7540000-b7541000 rw-p 00003000 08:01 25035757   /lib/i386-linux-gnu/libdl-2.19.so
b7541000-b76ea000 r-xp 00000000 08:01 25035740   /lib/i386-linux-gnu/libc-2.19.so
b76ea000-b76ec000 r--p 001a9000 08:01 25035740   /lib/i386-linux-gnu/libc-2.19.so
b76ec000-b76ed000 rw-p 001ab000 08:01 25035740   /lib/i386-linux-gnu/libc-2.19.so
b76ed000-b76f0000 rw-p 00000000 00:00 0 
b76f0000-b76f2000 r--s 00012000 08:01 3412678    /usr/lib/jvm/java-7-openjdk-i386/jre/lib/ext/zipfs.jar
b76f2000-b76f6000 r--s 0003c000 08:01 3412676    /usr/lib/jvm/java-7-openjdk-i386/jre/lib/ext/sunpkcs11.jar
b76f6000-b76f7000 r--p 00855000 08:01 3022988    /usr/lib/locale/locale-archive
b76f7000-b76f8000 rw-p 00000000 00:00 0 
b76f8000-b76f9000 ---p 00000000 00:00 0 
b76f9000-b7707000 r-xp 00000000 08:01 3283418    /usr/lib/jvm/java-7-openjdk-i386/jre/lib/i386/libverify.so
b7707000-b7708000 r--p 0000d000 08:01 3283418    /usr/lib/jvm/java-7-openjdk-i386/jre/lib/i386/libverify.so
b7708000-b7709000 rw-p 0000e000 08:01 3283418    /usr/lib/jvm/java-7-openjdk-i386/jre/lib/i386/libverify.so
b7709000-b7715000 r-xp 00000000 08:01 3283406    /usr/lib/jvm/java-7-openjdk-i386/jre/lib/i386/jli/libjli.so
b7715000-b7716000 r--p 0000c000 08:01 3283406    /usr/lib/jvm/java-7-openjdk-i386/jre/lib/i386/jli/libjli.so
b7716000-b7717000 rw-p 0000d000 08:01 3283406    /usr/lib/jvm/java-7-openjdk-i386/jre/lib/i386/jli/libjli.so
b7717000-b771a000 rw-p 00000000 00:00 0 
b771a000-b771b000 r-xp 00000000 00:00 0          [vdso]
b771b000-b773b000 r-xp 00000000 08:01 25035716   /lib/i386-linux-gnu/ld-2.19.so
b773b000-b773c000 r--p 0001f000 08:01 25035716   /lib/i386-linux-gnu/ld-2.19.so
b773c000-b773d000 rw-p 00020000 08:01 25035716   /lib/i386-linux-gnu/ld-2.19.so
bfa9e000-bfa9f000 rwxp 00000000 00:00 0 
bfad1000-bfaf2000 rw-p 00000000 00:00 0          [stack]

VM Arguments:
jvm_args: -Xmx1024M -Dfile.encoding=UTF-8 -Duser.country=US -Duser.language=en -Duser.variant 
java_command: com.android.dx.command.Main --dex --num-threads=4 --output /home/rafiqul/Documents/Software Engineering Project/spring2016_s1_cse404/AssetTrackingSystem__Android_Platform/app/build/intermediates/pre-dexed/debug/classes-4f0c7eb904846bd1a6235e70f11da521d97d6b6d.jar /home/rafiqul/Documents/Software Engineering Project/spring2016_s1_cse404/AssetTrackingSystem__Android_Platform/app/build/intermediates/exploded-aar/com.android.support/support-v4/23.0.0/jars/classes.jar
Launcher Type: SUN_STANDARD

Environment Variables:
JAVA_HOME=/usr/lib/jvm/java-8-oracle
PATH=/usr/local/sbin:/usr/local/bin:/usr/sbin:/usr/bin:/sbin:/bin:/usr/games:/usr/local/games:/usr/lib/jvm/java-8-oracle/bin:/usr/lib/jvm/java-8-oracle/db/bin:/usr/lib/jvm/java-8-oracle/jre/bin
LD_LIBRARY_PATH=/home/rafiqul/android-studio/bin:
SHELL=/bin/bash
DISPLAY=:0

Signal Handlers:
SIGSEGV: [libjvm.so+0x80cb90], sa_mask[0]=0x7ffbfeff, sa_flags=0x10000004
SIGBUS: [libjvm.so+0x80cb90], sa_mask[0]=0x7ffbfeff, sa_flags=0x10000004
SIGFPE: [libjvm.so+0x684e30], sa_mask[0]=0x7ffbfeff, sa_flags=0x10000004
SIGPIPE: [libjvm.so+0x684e30], sa_mask[0]=0x7ffbfeff, sa_flags=0x10000004
SIGXFSZ: [libjvm.so+0x684e30], sa_mask[0]=0x7ffbfeff, sa_flags=0x10000004
SIGILL: [libjvm.so+0x684e30], sa_mask[0]=0x7ffbfeff, sa_flags=0x10000004
SIGUSR1: SIG_DFL, sa_mask[0]=0x00000000, sa_flags=0x00000000
SIGUSR2: [libjvm.so+0x684cc0], sa_mask[0]=0x00000004, sa_flags=0x10000004
SIGHUP: [libjvm.so+0x684ef0], sa_mask[0]=0x7ffbfeff, sa_flags=0x10000004
SIGINT: [libjvm.so+0x684ef0], sa_mask[0]=0x7ffbfeff, sa_flags=0x10000004
SIGTERM: [libjvm.so+0x684ef0], sa_mask[0]=0x7ffbfeff, sa_flags=0x10000004
SIGQUIT: [libjvm.so+0x684ef0], sa_mask[0]=0x7ffbfeff, sa_flags=0x10000004
SIGTRAP: SIG_DFL, sa_mask[0]=0x00000000, sa_flags=0x00000000


---------------  S Y S T E M  ---------------

OS:Ubuntu 14.04 (trusty)
uname:Linux 3.13.0-24-generic #46-Ubuntu SMP Thu Apr 10 19:08:14 UTC 2014 i686
libc:glibc 2.19 NPTL 2.19 
rlimit: STACK 8192k, CORE 0k, NPROC 31106, NOFILE 4096, AS infinity
load average:8.87 2.75 1.49

/proc/meminfo:
MemTotal:        4000684 kB
MemFree:          267208 kB
Buffers:            6764 kB
Cached:           330828 kB
SwapCached:            0 kB
Active:          3335976 kB
Inactive:         287776 kB
Active(anon):    3293104 kB
Inactive(anon):   239968 kB
Active(file):      42872 kB
Inactive(file):    47808 kB
Unevictable:          48 kB
Mlocked:              48 kB
HighTotal:       3155716 kB
HighFree:          70540 kB
LowTotal:         844968 kB
LowFree:          196668 kB
SwapTotal:             0 kB
SwapFree:              0 kB
Dirty:               284 kB
Writeback:             0 kB
AnonPages:       3286720 kB
Mapped:           112744 kB
Shmem:            246368 kB
Slab:              53888 kB
SReclaimable:      29608 kB
SUnreclaim:        24280 kB
KernelStack:        5440 kB
PageTables:        16992 kB
NFS_Unstable:          0 kB
Bounce:                0 kB
WritebackTmp:          0 kB
CommitLimit:     2000340 kB
Committed_AS:    7974228 kB
VmallocTotal:     122880 kB
VmallocUsed:       17028 kB
VmallocChunk:      99624 kB
HardwareCorrupted:     0 kB
AnonHugePages:   1724416 kB
HugePages_Total:       0
HugePages_Free:        0
HugePages_Rsvd:        0
HugePages_Surp:        0
Hugepagesize:       2048 kB
DirectMap4k:       36856 kB
DirectMap2M:      874496 kB


CPU:total 4 (2 cores per cpu, 2 threads per core) family 6 model 58 stepping 9, cmov, cx8, fxsr, mmx, sse, sse2, sse3, ssse3, sse4.1, sse4.2, popcnt, avx, erms, ht, tsc, tscinvbit, tscinv

/proc/cpuinfo:
processor	: 0
vendor_id	: GenuineIntel
cpu family	: 6
model		: 58
model name	: Intel(R) Core(TM) i3-3217U CPU @ 1.80GHz
stepping	: 9
microcode	: 0x15
cpu MHz		: 1801.000
cache size	: 3072 KB
physical id	: 0
siblings	: 4
core id		: 0
cpu cores	: 2
apicid		: 0
initial apicid	: 0
fdiv_bug	: no
f00f_bug	: no
coma_bug	: no
fpu		: yes
fpu_exception	: yes
cpuid level	: 13
wp		: yes
flags		: fpu vme de pse tsc msr pae mce cx8 apic sep mtrr pge mca cmov pat pse36 clflush dts acpi mmx fxsr sse sse2 ss ht tm pbe nx rdtscp lm constant_tsc arch_perfmon pebs bts xtopology nonstop_tsc aperfmperf eagerfpu pni pclmulqdq dtes64 monitor ds_cpl vmx est tm2 ssse3 cx16 xtpr pdcm pcid sse4_1 sse4_2 x2apic popcnt tsc_deadline_timer xsave avx f16c lahf_lm ida arat epb xsaveopt pln pts dtherm tpr_shadow vnmi flexpriority ept vpid fsgsbase smep erms
bogomips	: 3591.68
clflush size	: 64
cache_alignment	: 64
address sizes	: 36 bits physical, 48 bits virtual
power management:

processor	: 1
vendor_id	: GenuineIntel
cpu family	: 6
model		: 58
model name	: Intel(R) Core(TM) i3-3217U CPU @ 1.80GHz
stepping	: 9
microcode	: 0x15
cpu MHz		: 1801.000
cache size	: 3072 KB
physical id	: 0
siblings	: 4
core id		: 0
cpu cores	: 2
apicid		: 1
initial apicid	: 1
fdiv_bug	: no
f00f_bug	: no
coma_bug	: no
fpu		: yes
fpu_exception	: yes
cpuid level	: 13
wp		: yes
flags		: fpu vme de pse tsc msr pae mce cx8 apic sep mtrr pge mca cmov pat pse36 clflush dts acpi mmx fxsr sse sse2 ss ht tm pbe nx rdtscp lm constant_tsc arch_perfmon pebs bts xtopology nonstop_tsc aperfmperf eagerfpu pni pclmulqdq dtes64 monitor ds_cpl vmx est tm2 ssse3 cx16 xtpr pdcm pcid sse4_1 sse4_2 x2apic popcnt tsc_deadline_timer xsave avx f16c lahf_lm ida arat epb xsaveopt pln pts dtherm tpr_shadow vnmi flexpriority ept vpid fsgsbase smep erms
bogomips	: 3591.68
clflush size	: 64
cache_alignment	: 64
address sizes	: 36 bits physical, 48 bits virtual
power management:

processor	: 2
vendor_id	: GenuineIntel
cpu family	: 6
model		: 58
model name	: Intel(R) Core(TM) i3-3217U CPU @ 1.80GHz
stepping	: 9
microcode	: 0x15
cpu MHz		: 1801.000
cache size	: 3072 KB
physical id	: 0
siblings	: 4
core id		: 1
cpu cores	: 2
apicid		: 2
initial apicid	: 2
fdiv_bug	: no
f00f_bug	: no
coma_bug	: no
fpu		: yes
fpu_exception	: yes
cpuid level	: 13
wp		: yes
flags		: fpu vme de pse tsc msr pae mce cx8 apic sep mtrr pge mca cmov pat pse36 clflush dts acpi mmx fxsr sse sse2 ss ht tm pbe nx rdtscp lm constant_tsc arch_perfmon pebs bts xtopology nonstop_tsc aperfmperf eagerfpu pni pclmulqdq dtes64 monitor ds_cpl vmx est tm2 ssse3 cx16 xtpr pdcm pcid sse4_1 sse4_2 x2apic popcnt tsc_deadline_timer xsave avx f16c lahf_lm ida arat epb xsaveopt pln pts dtherm tpr_shadow vnmi flexpriority ept vpid fsgsbase smep erms
bogomips	: 3591.68
clflush size	: 64
cache_alignment	: 64
address sizes	: 36 bits physical, 48 bits virtual
power management:

processor	: 3
vendor_id	: GenuineIntel
cpu family	: 6
model		: 58
model name	: Intel(R) Core(TM) i3-3217U CPU @ 1.80GHz
stepping	: 9
microcode	: 0x15
cpu MHz		: 1801.000
cache size	: 3072 KB
physical id	: 0
siblings	: 4
core id		: 1
cpu cores	: 2
apicid		: 3
initial apicid	: 3
fdiv_bug	: no
f00f_bug	: no
coma_bug	: no
fpu		: yes
fpu_exception	: yes
cpuid level	: 13
wp		: yes
flags		: fpu vme de pse tsc msr pae mce cx8 apic sep mtrr pge mca cmov pat pse36 clflush dts acpi mmx fxsr sse sse2 ss ht tm pbe nx rdtscp lm constant_tsc arch_perfmon pebs bts xtopology nonstop_tsc aperfmperf eagerfpu pni pclmulqdq dtes64 monitor ds_cpl vmx est tm2 ssse3 cx16 xtpr pdcm pcid sse4_1 sse4_2 x2apic popcnt tsc_deadline_timer xsave avx f16c lahf_lm ida arat epb xsaveopt pln pts dtherm tpr_shadow vnmi flexpriority ept vpid fsgsbase smep erms
bogomips	: 3591.68
clflush size	: 64
cache_alignment	: 64
address sizes	: 36 bits physical, 48 bits virtual
power management:



Memory: 4k page, physical 4000684k(267208k free), swap 0k(0k free)

vm_info: OpenJDK Server VM (24.79-b02) for linux-x86 JRE (1.7.0_79-b14), built on Jul 24 2015 08:25:15 by "buildd" with gcc 4.8.2

time: Sat Apr 16 12:37:56 2016
elapsed time: 29 seconds

