#
# There is insufficient memory for the Java Runtime Environment to continue.
# Native memory allocation (malloc) failed to allocate 44040192 bytes for committing reserved memory.
# Possible reasons:
#   The system is out of physical RAM or swap space
#   In 32 bit mode, the process size limit was hit
# Possible solutions:
#   Reduce memory load on the system
#   Increase physical memory or swap space
#   Check if swap backing store is full
#   Use 64 bit Java on a 64 bit OS
#   Decrease Java heap size (-Xmx/-Xms)
#   Decrease number of Java threads
#   Decrease Java thread stack sizes (-Xss)
#   Set larger code cache with -XX:ReservedCodeCacheSize=
# This output file may be truncated or incomplete.
#
#  Out of Memory Error (os_linux.cpp:2809), pid=5169, tid=1741482816
#
# JRE version: OpenJDK Runtime Environment (7.0_79-b14) (build 1.7.0_79-b14)
# Java VM: OpenJDK Server VM (24.79-b02 mixed mode linux-x86 )
# Derivative: IcedTea 2.5.6
# Distribution: Ubuntu 14.04 LTS, package 7u79-2.5.6-0ubuntu1.14.04.1
# Failed to write core dump. Core dumps have been disabled. To enable core dumping, try "ulimit -c unlimited" before starting Java again
#

---------------  T H R E A D  ---------------

Current thread (0x67b80800):  VMThread [stack: 0x67c4e000,0x67ccf000] [id=5194]

Stack: [0x67c4e000,0x67ccf000]
VM_Operation (0x66f91ac8): ParallelGCFailedAllocation, mode: safepoint, requested by thread 0x6735d000


---------------  P R O C E S S  ---------------

Java Threads: ( => current thread )
  0x67360000 JavaThread "pool-1-thread-4" [_thread_blocked, id=5243, stack(0x66ea0000,0x66ef1000)]
  0x6735e800 JavaThread "pool-1-thread-3" [_thread_blocked, id=5242, stack(0x66ef1000,0x66f42000)]
  0x6735d000 JavaThread "pool-1-thread-2" [_thread_blocked, id=5232, stack(0x66f42000,0x66f93000)]
  0x6735bc00 JavaThread "pool-2-thread-1" [_thread_blocked, id=5231, stack(0x66f93000,0x66fe4000)]
  0x6735a800 JavaThread "pool-1-thread-1" [_thread_blocked, id=5228, stack(0x66fe4000,0x67035000)]
  0x67b9bc00 JavaThread "Service Thread" daemon [_thread_blocked, id=5220, stack(0x6750b000,0x6755c000)]
  0x67b9a400 JavaThread "C2 CompilerThread1" daemon [_thread_blocked, id=5216, stack(0x6755c000,0x675dd000)]
  0x67b98400 JavaThread "C2 CompilerThread0" daemon [_thread_blocked, id=5210, stack(0x675dd000,0x6765e000)]
  0x67b96c00 JavaThread "Signal Dispatcher" daemon [_thread_blocked, id=5206, stack(0x6765e000,0x676af000)]
  0x67b84800 JavaThread "Finalizer" daemon [_thread_blocked, id=5201, stack(0x678af000,0x67900000)]
  0x67b83000 JavaThread "Reference Handler" daemon [_thread_blocked, id=5198, stack(0x6a82e000,0x6a87f000)]
  0xb6307c00 JavaThread "main" [_thread_blocked, id=5176, stack(0xb64e2000,0xb6533000)]

Other Threads:
=>0x67b80800 VMThread [stack: 0x67c4e000,0x67ccf000] [id=5194]
  0x67b9e000 WatcherThread [stack: 0x6748a000,0x6750b000] [id=5223]

VM state:at safepoint (normal execution)

VM Mutex/Monitor currently owned by a thread:  ([mutex/lock_event])
[0xb6305410] Threads_lock - owner thread: 0x67b80800
[0xb6305820] Heap_lock - owner thread: 0x6735d000

Heap
 PSYoungGen      total 34304K, used 2556K [0x9dcc0000, 0xa00c0000, 0xb3240000)
  eden space 31744K, 0% used [0x9dcc0000,0x9dcc0000,0x9fbc0000)
  from space 2560K, 99% used [0x9fbc0000,0x9fe3f1c8,0x9fe40000)
  to   space 2560K, 0% used [0x9fe40000,0x9fe40000,0xa00c0000)
 ParOldGen       total 41728K, used 15471K [0x73240000, 0x75b00000, 0x9dcc0000)
  object space 41728K, 37% used [0x73240000,0x7415be00,0x75b00000)
 PSPermGen       total 16384K, used 4107K [0x6b240000, 0x6c240000, 0x73240000)
  object space 16384K, 25% used [0x6b240000,0x6b642eb8,0x6c240000)

Card table byte_map: [0x6afff000,0x6b240000] byte_map_base: 0x6aca5e00

Polling page: 0xb76e3000

Code Cache  [0xb3300000, 0xb3540000, 0xb6300000)
 total_blobs=346 nmethods=223 adapters=76 free_code_cache=48339Kb largest_free_block=49469632

Compilation events (10 events):
Event: 10.049 Thread 0x67b9a400 nmethod 218 0xb3357c08 code [0xb3357d00, 0xb3357db0]
Event: 10.051 Thread 0x67b9a400  219             java.util.BitSet::or (105 bytes)
Event: 10.143 Thread 0x67b9a400 nmethod 219 0xb33b5c88 code [0xb33b5da0, 0xb33b5fdc]
Event: 10.143 Thread 0x67b9a400  220             com.android.dx.ssa.SsaMethod$2::addToUses (48 bytes)
Event: 10.330 Thread 0x67b9a400 nmethod 220 0xb33b74c8 code [0xb33b7660, 0xb33b7d44]
Event: 10.330 Thread 0x67b9a400  222             com.android.dx.util.BitIntSet::<init> (13 bytes)
Event: 10.352 Thread 0x67b9a400 nmethod 222 0xb33b5a08 code [0xb33b5b00, 0xb33b5bf0]
Event: 10.352 Thread 0x67b9a400  223             com.android.dx.ssa.SCCP::run (298 bytes)
Event: 11.299 Thread 0x67b98400 nmethod 216 0xb33ca5c8 code [0xb33caac0, 0xb33cdca0]
Event: 11.299 Thread 0x67b98400  224             com.android.dx.ssa.SCCP::simulateBlock (54 bytes)

GC Heap History (9 events):
Event: 2.527 GC heap before
{Heap before GC invocations=1 (full 0):
 PSYoungGen      total 18432K, used 15872K [0x9dcc0000, 0x9f140000, 0xb3240000)
  eden space 15872K, 100% used [0x9dcc0000,0x9ec40000,0x9ec40000)
  from space 2560K, 0% used [0x9eec0000,0x9eec0000,0x9f140000)
  to   space 2560K, 0% used [0x9ec40000,0x9ec40000,0x9eec0000)
 ParOldGen       total 41728K, used 0K [0x73240000, 0x75b00000, 0x9dcc0000)
  object space 41728K, 0% used [0x73240000,0x73240000,0x75b00000)
 PSPermGen       total 16384K, used 3938K [0x6b240000, 0x6c240000, 0x73240000)
  object space 16384K, 24% used [0x6b240000,0x6b6188c0,0x6c240000)
Event: 2.543 GC heap after
Heap after GC invocations=1 (full 0):
 PSYoungGen      total 18432K, used 2550K [0x9dcc0000, 0x9f140000, 0xb3240000)
  eden space 15872K, 0% used [0x9dcc0000,0x9dcc0000,0x9ec40000)
  from space 2560K, 99% used [0x9ec40000,0x9eebdb08,0x9eec0000)
  to   space 2560K, 0% used [0x9eec0000,0x9eec0000,0x9f140000)
 ParOldGen       total 41728K, used 1396K [0x73240000, 0x75b00000, 0x9dcc0000)
  object space 41728K, 3% used [0x73240000,0x7339d048,0x75b00000)
 PSPermGen       total 16384K, used 3938K [0x6b240000, 0x6c240000, 0x73240000)
  object space 16384K, 24% used [0x6b240000,0x6b6188c0,0x6c240000)
}
Event: 4.367 GC heap before
{Heap before GC invocations=2 (full 0):
 PSYoungGen      total 18432K, used 18422K [0x9dcc0000, 0x9f140000, 0xb3240000)
  eden space 15872K, 100% used [0x9dcc0000,0x9ec40000,0x9ec40000)
  from space 2560K, 99% used [0x9ec40000,0x9eebdb08,0x9eec0000)
  to   space 2560K, 0% used [0x9eec0000,0x9eec0000,0x9f140000)
 ParOldGen       total 41728K, used 1396K [0x73240000, 0x75b00000, 0x9dcc0000)
  object space 41728K, 3% used [0x73240000,0x7339d048,0x75b00000)
 PSPermGen       total 16384K, used 4036K [0x6b240000, 0x6c240000, 0x73240000)
  object space 16384K, 24% used [0x6b240000,0x6b6311b0,0x6c240000)
Event: 4.404 GC heap after
Heap after GC invocations=2 (full 0):
 PSYoungGen      total 18432K, used 2546K [0x9dcc0000, 0xa00c0000, 0xb3240000)
  eden space 15872K, 0% used [0x9dcc0000,0x9dcc0000,0x9ec40000)
  from space 2560K, 99% used [0x9eec0000,0x9f13cb00,0x9f140000)
  to   space 2560K, 0% used [0x9ec40000,0x9ec40000,0x9eec0000)
 ParOldGen       total 41728K, used 4221K [0x73240000, 0x75b00000, 0x9dcc0000)
  object space 41728K, 10% used [0x73240000,0x7365f528,0x75b00000)
 PSPermGen       total 16384K, used 4036K [0x6b240000, 0x6c240000, 0x73240000)
  object space 16384K, 24% used [0x6b240000,0x6b6311b0,0x6c240000)
}
Event: 6.552 GC heap before
{Heap before GC invocations=3 (full 0):
 PSYoungGen      total 18432K, used 18418K [0x9dcc0000, 0xa00c0000, 0xb3240000)
  eden space 15872K, 100% used [0x9dcc0000,0x9ec40000,0x9ec40000)
  from space 2560K, 99% used [0x9eec0000,0x9f13cb00,0x9f140000)
  to   space 2560K, 0% used [0x9ec40000,0x9ec40000,0x9eec0000)
 ParOldGen       total 41728K, used 4221K [0x73240000, 0x75b00000, 0x9dcc0000)
  object space 41728K, 10% used [0x73240000,0x7365f528,0x75b00000)
 PSPermGen       total 16384K, used 4071K [0x6b240000, 0x6c240000, 0x73240000)
  object space 16384K, 24% used [0x6b240000,0x6b639de0,0x6c240000)
Event: 6.636 GC heap after
Heap after GC invocations=3 (full 0):
 PSYoungGen      total 18432K, used 2552K [0x9dcc0000, 0xa00c0000, 0xb3240000)
  eden space 15872K, 0% used [0x9dcc0000,0x9dcc0000,0x9ec40000)
  from space 2560K, 99% used [0x9ec40000,0x9eebe080,0x9eec0000)
  to   space 2560K, 0% used [0x9fe40000,0x9fe40000,0xa00c0000)
 ParOldGen       total 41728K, used 7176K [0x73240000, 0x75b00000, 0x9dcc0000)
  object space 41728K, 17% used [0x73240000,0x73942338,0x75b00000)
 PSPermGen       total 16384K, used 4071K [0x6b240000, 0x6c240000, 0x73240000)
  object space 16384K, 24% used [0x6b240000,0x6b639de0,0x6c240000)
}
Event: 8.635 GC heap before
{Heap before GC invocations=4 (full 0):
 PSYoungGen      total 18432K, used 18424K [0x9dcc0000, 0xa00c0000, 0xb3240000)
  eden space 15872K, 100% used [0x9dcc0000,0x9ec40000,0x9ec40000)
  from space 2560K, 99% used [0x9ec40000,0x9eebe080,0x9eec0000)
  to   space 2560K, 0% used [0x9fe40000,0x9fe40000,0xa00c0000)
 ParOldGen       total 41728K, used 7176K [0x73240000, 0x75b00000, 0x9dcc0000)
  object space 41728K, 17% used [0x73240000,0x73942338,0x75b00000)
 PSPermGen       total 16384K, used 4089K [0x6b240000, 0x6c240000, 0x73240000)
  object space 16384K, 24% used [0x6b240000,0x6b63e7f8,0x6c240000)
Event: 8.705 GC heap after
Heap after GC invocations=4 (full 0):
 PSYoungGen      total 34304K, used 2552K [0x9dcc0000, 0xa00c0000, 0xb3240000)
  eden space 31744K, 0% used [0x9dcc0000,0x9dcc0000,0x9fbc0000)
  from space 2560K, 99% used [0x9fe40000,0xa00be070,0xa00c0000)
  to   space 2560K, 0% used [0x9fbc0000,0x9fbc0000,0x9fe40000)
 ParOldGen       total 41728K, used 9856K [0x73240000, 0x75b00000, 0x9dcc0000)
  object space 41728K, 23% used [0x73240000,0x73be0038,0x75b00000)
 PSPermGen       total 16384K, used 4089K [0x6b240000, 0x6c240000, 0x73240000)
  object space 16384K, 24% used [0x6b240000,0x6b63e7f8,0x6c240000)
}
Event: 13.451 GC heap before
{Heap before GC invocations=5 (full 0):
 PSYoungGen      total 34304K, used 34296K [0x9dcc0000, 0xa00c0000, 0xb3240000)
  eden space 31744K, 100% used [0x9dcc0000,0x9fbc0000,0x9fbc0000)
  from space 2560K, 99% used [0x9fe40000,0xa00be070,0xa00c0000)
  to   space 2560K, 0% used [0x9fbc0000,0x9fbc0000,0x9fe40000)
 ParOldGen       total 41728K, used 9856K [0x73240000, 0x75b00000, 0x9dcc0000)
  object space 41728K, 23% used [0x73240000,0x73be0038,0x75b00000)
 PSPermGen       total 16384K, used 4107K [0x6b240000, 0x6c240000, 0x73240000)
  object space 16384K, 25% used [0x6b240000,0x6b642eb8,0x6c240000)

Deoptimization events (10 events):
Event: 2.342 Thread 0x6735d000 Uncommon trap: reason=class_check action=maybe_recompile pc=0xb3357ea4 method=com.android.dx.ssa.NormalSsaInsn.accept(Lcom/android/dx/ssa/SsaInsn$Visitor;)V @ 9
Event: 4.061 Thread 0xb6307c00 Uncommon trap: reason=null_check action=make_not_entrant pc=0xb3379690 method=com.android.dx.ssa.SsaRenamer.getLocalForNewReg(I)Lcom/android/dx/rop/code/LocalItem; @ 19
Event: 4.084 Thread 0xb6307c00 Uncommon trap: reason=null_check action=make_not_entrant pc=0xb337f194 method=com.android.dx.ssa.SsaRenamer.getLocalForNewReg(I)Lcom/android/dx/rop/code/LocalItem; @ 19
Event: 8.190 Thread 0x6735d000 Uncommon trap: reason=class_check action=maybe_recompile pc=0xb33934dc method=java.util.HashMap.put(Ljava/lang/Object;Ljava/lang/Object;)Ljava/lang/Object; @ 83
Event: 8.191 Thread 0x6735d000 Uncommon trap: reason=class_check action=maybe_recompile pc=0xb33934dc method=java.util.HashMap.put(Ljava/lang/Object;Ljava/lang/Object;)Ljava/lang/Object; @ 83
Event: 8.191 Thread 0x6735d000 Uncommon trap: reason=unreached action=reinterpret pc=0xb33554d4 method=com.android.dx.rop.cst.Constant.compareTo(Lcom/android/dx/rop/cst/Constant;)I @ 12
Event: 8.191 Thread 0x6735d000 Uncommon trap: reason=class_check action=maybe_recompile pc=0xb33934dc method=java.util.HashMap.put(Ljava/lang/Object;Ljava/lang/Object;)Ljava/lang/Object; @ 83
Event: 8.493 Thread 0x67360000 Uncommon trap: reason=class_check action=maybe_recompile pc=0xb33934dc method=java.util.HashMap.put(Ljava/lang/Object;Ljava/lang/Object;)Ljava/lang/Object; @ 83
Event: 9.214 Thread 0x6735e800 Uncommon trap: reason=unreached action=reinterpret pc=0xb33afe74 method=com.android.dx.ssa.LocalVariableExtractor.processBlock(I)V @ 251
Event: 10.623 Thread 0xb6307c00 Uncommon trap: reason=null_check action=make_not_entrant pc=0xb33adcd8 method=com.android.dx.rop.type.Type.putIntern(Lcom/android/dx/rop/type/Type;)Lcom/android/dx/rop/type/Type; @ 18

Internal exceptions (10 events):
Event: 2.601 Thread 0xb6307c00 Threw 0x9dd4b4b8 at /build/openjdk-7-OXg_HK/openjdk-7-7u79-2.5.6/build/openjdk/hotspot/src/share/vm/prims/jvm.cpp:1284
Event: 4.061 Thread 0xb6307c00 Implicit null exception at 0xb33781e1 to 0xb3379681
Event: 4.084 Thread 0xb6307c00 Implicit null exception at 0xb337dd94 to 0xb337f175
Event: 4.710 Thread 0xb6307c00 Threw 0x9df49428 at /build/openjdk-7-OXg_HK/openjdk-7-7u79-2.5.6/build/openjdk/hotspot/src/share/vm/prims/jvm.cpp:1284
Event: 4.745 Thread 0xb6307c00 Threw 0x9df4c7c0 at /build/openjdk-7-OXg_HK/openjdk-7-7u79-2.5.6/build/openjdk/hotspot/src/share/vm/prims/jvm.cpp:1284
Event: 4.746 Thread 0xb6307c00 Threw 0x9e01fe38 at /build/openjdk-7-OXg_HK/openjdk-7-7u79-2.5.6/build/openjdk/hotspot/src/share/vm/prims/jvm.cpp:1284
Event: 4.747 Thread 0xb6307c00 Threw 0x9e023160 at /build/openjdk-7-OXg_HK/openjdk-7-7u79-2.5.6/build/openjdk/hotspot/src/share/vm/prims/jvm.cpp:1284
Event: 8.490 Thread 0xb6307c00 Threw 0x9eb1b950 at /build/openjdk-7-OXg_HK/openjdk-7-7u79-2.5.6/build/openjdk/hotspot/src/share/vm/prims/jvm.cpp:1284
Event: 10.623 Thread 0xb6307c00 Implicit null exception at 0xb33ad6f6 to 0xb33adcc9
Event: 10.944 Thread 0xb6307c00 Threw 0x9ecfc120 at /build/openjdk-7-OXg_HK/openjdk-7-7u79-2.5.6/build/openjdk/hotspot/src/share/vm/prims/jvm.cpp:1284

Events (10 events):
Event: 9.214 Thread 0x6735e800 Uncommon trap: trap_request=0xffffffad fr.pc=0xb33afe74
Event: 9.214 Thread 0x6735e800 DEOPT PACKING pc=0xb33afe74 sp=0x66f40b90
Event: 9.214 Thread 0x6735e800 DEOPT UNPACKING pc=0xb332cbc8 sp=0x66f40b98 mode 2
Event: 9.409 Thread 0x67b98400 flushing nmethod 0xb3357c08
Event: 10.623 Thread 0xb6307c00 Uncommon trap: trap_request=0xfffffff4 fr.pc=0xb33adcd8
Event: 10.623 Thread 0xb6307c00 DEOPT PACKING pc=0xb33adcd8 sp=0xb6531a20
Event: 10.623 Thread 0xb6307c00 DEOPT UNPACKING pc=0xb332cbc8 sp=0xb65319b8 mode 2
Event: 10.943 loading class 0x6795d950
Event: 10.943 loading class 0x6795d950 done
Event: 13.313 Executing VM operation: ParallelGCFailedAllocation


Dynamic libraries:
08048000-08049000 r-xp 00000000 08:01 3412725    /usr/lib/jvm/java-7-openjdk-i386/jre/bin/java
08049000-0804a000 r--p 00000000 08:01 3412725    /usr/lib/jvm/java-7-openjdk-i386/jre/bin/java
0804a000-0804b000 rw-p 00001000 08:01 3412725    /usr/lib/jvm/java-7-openjdk-i386/jre/bin/java
08c68000-08d00000 rw-p 00000000 00:00 0          [heap]
65b00000-65bfb000 rw-p 00000000 00:00 0 
65bfb000-65c00000 ---p 00000000 00:00 0 
65d00000-65ddb000 rw-p 00000000 00:00 0 
65ddb000-65e00000 ---p 00000000 00:00 0 
65e00000-65efd000 rw-p 00000000 00:00 0 
65efd000-65f00000 ---p 00000000 00:00 0 
65f00000-65ff0000 rw-p 00000000 00:00 0 
65ff0000-66000000 ---p 00000000 00:00 0 
66000000-660ff000 rw-p 00000000 00:00 0 
660ff000-66100000 ---p 00000000 00:00 0 
66100000-661d8000 rw-p 00000000 00:00 0 
661d8000-66200000 ---p 00000000 00:00 0 
66300000-663e1000 rw-p 00000000 00:00 0 
663e1000-66400000 ---p 00000000 00:00 0 
66400000-664e8000 rw-p 00000000 00:00 0 
664e8000-66500000 ---p 00000000 00:00 0 
66500000-665fe000 rw-p 00000000 00:00 0 
665fe000-66600000 ---p 00000000 00:00 0 
66700000-667f4000 rw-p 00000000 00:00 0 
667f4000-66800000 ---p 00000000 00:00 0 
66800000-668fd000 rw-p 00000000 00:00 0 
668fd000-66900000 ---p 00000000 00:00 0 
66900000-669f5000 rw-p 00000000 00:00 0 
669f5000-66a00000 ---p 00000000 00:00 0 
66a00000-66af6000 rw-p 00000000 00:00 0 
66af6000-66b00000 ---p 00000000 00:00 0 
66b00000-66bff000 rw-p 00000000 00:00 0 
66bff000-66c00000 ---p 00000000 00:00 0 
66c00000-66cf9000 rw-p 00000000 00:00 0 
66cf9000-66d00000 ---p 00000000 00:00 0 
66d00000-66dfe000 rw-p 00000000 00:00 0 
66dfe000-66e00000 ---p 00000000 00:00 0 
66ea0000-66ea3000 ---p 00000000 00:00 0 
66ea3000-66ef1000 rw-p 00000000 00:00 0          [stack:5243]
66ef1000-66ef4000 ---p 00000000 00:00 0 
66ef4000-66f42000 rw-p 00000000 00:00 0          [stack:5242]
66f42000-66f45000 ---p 00000000 00:00 0 
66f45000-66f93000 rw-p 00000000 00:00 0          [stack:5232]
66f93000-66f96000 ---p 00000000 00:00 0 
66f96000-66fe4000 rw-p 00000000 00:00 0          [stack:5231]
66fe4000-66fe7000 ---p 00000000 00:00 0 
66fe7000-67035000 rw-p 00000000 00:00 0          [stack:5228]
67035000-67071000 r-xp 00000000 08:01 25035843   /lib/i386-linux-gnu/libpcre.so.3.13.1
67071000-67072000 r--p 0003b000 08:01 25035843   /lib/i386-linux-gnu/libpcre.so.3.13.1
67072000-67073000 rw-p 0003c000 08:01 25035843   /lib/i386-linux-gnu/libpcre.so.3.13.1
67073000-6717d000 r-xp 00000000 08:01 25035771   /lib/i386-linux-gnu/libglib-2.0.so.0.4000.0
6717d000-6717e000 r--p 00109000 08:01 25035771   /lib/i386-linux-gnu/libglib-2.0.so.0.4000.0
6717e000-6717f000 rw-p 0010a000 08:01 25035771   /lib/i386-linux-gnu/libglib-2.0.so.0.4000.0
6717f000-672fc000 r-xp 00000000 08:01 3020350    /usr/lib/i386-linux-gnu/libgio-2.0.so.0.4000.0
672fc000-672fe000 r--p 0017c000 08:01 3020350    /usr/lib/i386-linux-gnu/libgio-2.0.so.0.4000.0
672fe000-672ff000 rw-p 0017e000 08:01 3020350    /usr/lib/i386-linux-gnu/libgio-2.0.so.0.4000.0
672ff000-67300000 rw-p 00000000 00:00 0 
67300000-67378000 rw-p 00000000 00:00 0 
67378000-67400000 ---p 00000000 00:00 0 
67420000-67433000 r-xp 00000000 08:01 25035866   /lib/i386-linux-gnu/libresolv-2.19.so
67433000-67434000 ---p 00013000 08:01 25035866   /lib/i386-linux-gnu/libresolv-2.19.so
67434000-67435000 r--p 00013000 08:01 25035866   /lib/i386-linux-gnu/libresolv-2.19.so
67435000-67436000 rw-p 00014000 08:01 25035866   /lib/i386-linux-gnu/libresolv-2.19.so
67436000-67438000 rw-p 00000000 00:00 0 
67438000-67488000 r-xp 00000000 08:01 3020380    /usr/lib/i386-linux-gnu/libgobject-2.0.so.0.4000.0
67488000-67489000 r--p 0004f000 08:01 3020380    /usr/lib/i386-linux-gnu/libgobject-2.0.so.0.4000.0
67489000-6748a000 rw-p 00050000 08:01 3020380    /usr/lib/i386-linux-gnu/libgobject-2.0.so.0.4000.0
6748a000-6748b000 ---p 00000000 00:00 0 
6748b000-6750b000 rw-p 00000000 00:00 0          [stack:5223]
6750b000-6750e000 ---p 00000000 00:00 0 
6750e000-6755c000 rw-p 00000000 00:00 0          [stack:5220]
6755c000-6755f000 ---p 00000000 00:00 0 
6755f000-675dd000 rw-p 00000000 00:00 0          [stack:5216]
675dd000-675e0000 ---p 00000000 00:00 0 
675e0000-6765e000 rw-p 00000000 00:00 0          [stack:5210]
6765e000-67661000 ---p 00000000 00:00 0 
67661000-676af000 rw-p 00000000 00:00 0          [stack:5206]
676af000-678af000 r--p 00000000 08:01 3022988    /usr/lib/locale/locale-archive
678af000-678b2000 ---p 00000000 00:00 0 
678b2000-67900000 rw-p 00000000 00:00 0          [stack:5201]
67900000-679ff000 rw-p 00000000 00:00 0 
679ff000-67a00000 ---p 00000000 00:00 0 
67a00000-67a21000 rw-p 00000000 00:00 0 
67a21000-67b00000 ---p 00000000 00:00 0 
67b00000-67c00000 rw-p 00000000 00:00 0 
67c0c000-67c4e000 r--p 00858000 08:01 3022988    /usr/lib/locale/locale-archive
67c4e000-67c4f000 ---p 00000000 00:00 0 
67c4f000-67ccf000 rw-p 00000000 00:00 0          [stack:5194]
67ccf000-67e80000 r--s 01d29000 08:01 3283391    /usr/lib/jvm/java-7-openjdk-i386/jre/lib/rt.jar
67e80000-6a700000 rw-p 00000000 00:00 0 
6a700000-6a7e4000 rw-p 00000000 00:00 0 
6a7e4000-6a800000 ---p 00000000 00:00 0 
6a80b000-6a82b000 r-xp 00000000 08:01 25035870   /lib/i386-linux-gnu/libselinux.so.1
6a82b000-6a82c000 r--p 0001f000 08:01 25035870   /lib/i386-linux-gnu/libselinux.so.1
6a82c000-6a82d000 rw-p 00020000 08:01 25035870   /lib/i386-linux-gnu/libselinux.so.1
6a82d000-6a82e000 rw-p 00000000 00:00 0 
6a82e000-6a831000 ---p 00000000 00:00 0 
6a831000-6a87f000 rw-p 00000000 00:00 0          [stack:5198]
6a87f000-6a880000 ---p 00000000 00:00 0 
6a880000-6a900000 rw-p 00000000 00:00 0          [stack:5190]
6a900000-6a921000 rw-p 00000000 00:00 0 
6a921000-6aa00000 ---p 00000000 00:00 0 
6aa1d000-6aa34000 r-xp 00000000 08:01 3283427    /usr/lib/jvm/java-7-openjdk-i386/jre/lib/i386/libnet.so
6aa34000-6aa35000 r--p 00017000 08:01 3283427    /usr/lib/jvm/java-7-openjdk-i386/jre/lib/i386/libnet.so
6aa35000-6aa36000 rw-p 00018000 08:01 3283427    /usr/lib/jvm/java-7-openjdk-i386/jre/lib/i386/libnet.so
6aa36000-6aa7f000 rw-p 00000000 00:00 0 
6aa7f000-6aa80000 ---p 00000000 00:00 0 
6aa80000-6ab00000 rw-p 00000000 00:00 0          [stack:5187]
6ab00000-6ab21000 rw-p 00000000 00:00 0 
6ab21000-6ac00000 ---p 00000000 00:00 0 
6ac0a000-6ac0f000 r-xp 00000000 08:01 3020247    /usr/lib/i386-linux-gnu/libffi.so.6.0.1
6ac0f000-6ac10000 r--p 00005000 08:01 3020247    /usr/lib/i386-linux-gnu/libffi.so.6.0.1
6ac10000-6ac11000 rw-p 00006000 08:01 3020247    /usr/lib/i386-linux-gnu/libffi.so.6.0.1
6ac11000-6ac22000 r-xp 00000000 08:01 3283432    /usr/lib/jvm/java-7-openjdk-i386/jre/lib/i386/libnio.so
6ac22000-6ac23000 r--p 00010000 08:01 3283432    /usr/lib/jvm/java-7-openjdk-i386/jre/lib/i386/libnio.so
6ac23000-6ac24000 rw-p 00011000 08:01 3283432    /usr/lib/jvm/java-7-openjdk-i386/jre/lib/i386/libnio.so
6ac24000-6ac7f000 rw-p 00000000 00:00 0 
6ac7f000-6ac80000 ---p 00000000 00:00 0 
6ac80000-6ad00000 rw-p 00000000 00:00 0          [stack:5183]
6ad00000-6ad2f000 rw-p 00000000 00:00 0 
6ad2f000-6ae00000 ---p 00000000 00:00 0 
6ae02000-6ae05000 r-xp 00000000 08:01 3020364    /usr/lib/i386-linux-gnu/libgmodule-2.0.so.0.4000.0
6ae05000-6ae06000 r--p 00002000 08:01 3020364    /usr/lib/i386-linux-gnu/libgmodule-2.0.so.0.4000.0
6ae06000-6ae07000 rw-p 00003000 08:01 3020364    /usr/lib/i386-linux-gnu/libgmodule-2.0.so.0.4000.0
6ae07000-6ae13000 r--s 00076000 08:01 13500823   /home/rafiqul/.gradle/caches/modules-2/files-2.1/org.jbundle.util.osgi.wrapped/org.jbundle.util.osgi.wrapped.org.apache.http.client/4.1.2/98c86e42679fe7ac066f6c242e0d14f0bce0bb7c/org.jbundle.util.osgi.wrapped.org.apache.http.client-4.1.2.jar
6ae13000-6ae22000 r--s 000df000 08:01 9175179    /home/rafiqul/Android/Sdk/build-tools/23.0.1/lib/dx.jar
6ae22000-6ae24000 r--s 00006000 08:01 3412779    /usr/share/java/java-atk-wrapper.jar
6ae24000-6ae28000 r--s 00034000 08:01 3412675    /usr/lib/jvm/java-7-openjdk-i386/jre/lib/ext/sunjce_provider.jar
6ae28000-6ae29000 ---p 00000000 00:00 0 
6ae29000-6aebe000 rw-p 00000000 00:00 0          [stack:5178]
6aebe000-6afff000 rw-p 00000000 00:00 0 
6afff000-6b007000 rw-p 00000000 00:00 0 
6b007000-6b03f000 rw-p 00000000 00:00 0 
6b03f000-6b054000 rw-p 00000000 00:00 0 
6b054000-6b194000 rw-p 00000000 00:00 0 
6b194000-6b1a7000 rw-p 00000000 00:00 0 
6b1a7000-6b23f000 rw-p 00000000 00:00 0 
6b23f000-6c240000 rw-p 00000000 00:00 0 
6c240000-73240000 rw-p 00000000 00:00 0 
73240000-75b00000 rw-p 00000000 00:00 0 
75b00000-9dcc0000 rw-p 00000000 00:00 0 
9dcc0000-a00c0000 rw-p 00000000 00:00 0 
a2700000-a2729000 rw-p 00000000 00:00 0 
a2729000-a2800000 ---p 00000000 00:00 0 
a2900000-a29fb000 rw-p 00000000 00:00 0 
a29fb000-a2a00000 ---p 00000000 00:00 0 
a2ac0000-b3240000 rw-p 00000000 00:00 0 
b3240000-b3249000 rw-p 00000000 00:00 0 
b3249000-b3300000 rw-p 00000000 00:00 0 
b3300000-b3540000 rwxp 00000000 00:00 0 
b3540000-b6400000 rw-p 00000000 00:00 0 
b6400000-b6401000 r--s 00002000 08:01 3412674    /usr/lib/jvm/java-7-openjdk-i386/jre/lib/ext/dnsns.jar
b6401000-b6424000 rw-p 00000000 00:00 0 
b6424000-b645c000 rw-p 00000000 00:00 0 
b645c000-b6467000 r-xp 00000000 08:01 25035815   /lib/i386-linux-gnu/libnss_files-2.19.so
b6467000-b6468000 r--p 0000a000 08:01 25035815   /lib/i386-linux-gnu/libnss_files-2.19.so
b6468000-b6469000 rw-p 0000b000 08:01 25035815   /lib/i386-linux-gnu/libnss_files-2.19.so
b6469000-b6473000 r-xp 00000000 08:01 25035825   /lib/i386-linux-gnu/libnss_nis-2.19.so
b6473000-b6474000 r--p 00009000 08:01 25035825   /lib/i386-linux-gnu/libnss_nis-2.19.so
b6474000-b6475000 rw-p 0000a000 08:01 25035825   /lib/i386-linux-gnu/libnss_nis-2.19.so
b6475000-b648a000 r-xp 00000000 08:01 25035809   /lib/i386-linux-gnu/libnsl-2.19.so
b648a000-b648b000 r--p 00015000 08:01 25035809   /lib/i386-linux-gnu/libnsl-2.19.so
b648b000-b648c000 rw-p 00016000 08:01 25035809   /lib/i386-linux-gnu/libnsl-2.19.so
b648c000-b648e000 rw-p 00000000 00:00 0 
b648e000-b6495000 r-xp 00000000 08:01 25035811   /lib/i386-linux-gnu/libnss_compat-2.19.so
b6495000-b6496000 r--p 00006000 08:01 25035811   /lib/i386-linux-gnu/libnss_compat-2.19.so
b6496000-b6497000 rw-p 00007000 08:01 25035811   /lib/i386-linux-gnu/libnss_compat-2.19.so
b6497000-b649a000 r--s 0000f000 08:01 3412677    /usr/lib/jvm/java-7-openjdk-i386/jre/lib/ext/icedtea-sound.jar
b649a000-b649e000 r--s 00085000 08:01 3412673    /usr/lib/jvm/java-7-openjdk-i386/jre/lib/ext/localedata.jar
b649e000-b64a6000 r-xp 00000000 08:01 3283403    /usr/lib/jvm/java-7-openjdk-i386/jre/lib/i386/libzip.so
b64a6000-b64a7000 r--p 00007000 08:01 3283403    /usr/lib/jvm/java-7-openjdk-i386/jre/lib/i386/libzip.so
b64a7000-b64a8000 rw-p 00008000 08:01 3283403    /usr/lib/jvm/java-7-openjdk-i386/jre/lib/i386/libzip.so
b64a8000-b64b0000 rw-s 00000000 08:01 16777241   /tmp/hsperfdata_rafiqul/5169
b64b0000-b64d7000 r-xp 00000000 08:01 3283435    /usr/lib/jvm/java-7-openjdk-i386/jre/lib/i386/libjava.so
b64d7000-b64d8000 r--p 00026000 08:01 3283435    /usr/lib/jvm/java-7-openjdk-i386/jre/lib/i386/libjava.so
b64d8000-b64d9000 rw-p 00027000 08:01 3283435    /usr/lib/jvm/java-7-openjdk-i386/jre/lib/i386/libjava.so
b64d9000-b64e0000 r-xp 00000000 08:01 25035868   /lib/i386-linux-gnu/librt-2.19.so
b64e0000-b64e1000 r--p 00006000 08:01 25035868   /lib/i386-linux-gnu/librt-2.19.so
b64e1000-b64e2000 rw-p 00007000 08:01 25035868   /lib/i386-linux-gnu/librt-2.19.so
b64e2000-b64e5000 ---p 00000000 00:00 0 
b64e5000-b6533000 rw-p 00000000 00:00 0          [stack:5176]
b6533000-b654f000 r-xp 00000000 08:01 25035767   /lib/i386-linux-gnu/libgcc_s.so.1
b654f000-b6550000 rw-p 0001b000 08:01 25035767   /lib/i386-linux-gnu/libgcc_s.so.1
b6550000-b6594000 r-xp 00000000 08:01 25035790   /lib/i386-linux-gnu/libm-2.19.so
b6594000-b6595000 r--p 00043000 08:01 25035790   /lib/i386-linux-gnu/libm-2.19.so
b6595000-b6596000 rw-p 00044000 08:01 25035790   /lib/i386-linux-gnu/libm-2.19.so
b6596000-b6672000 r-xp 00000000 08:01 3018897    /usr/lib/i386-linux-gnu/libstdc++.so.6.0.19
b6672000-b6676000 r--p 000dc000 08:01 3018897    /usr/lib/i386-linux-gnu/libstdc++.so.6.0.19
b6676000-b6677000 rw-p 000e0000 08:01 3018897    /usr/lib/i386-linux-gnu/libstdc++.so.6.0.19
b6677000-b667e000 rw-p 00000000 00:00 0 
b667e000-b706d000 r-xp 00000000 08:01 3412663    /usr/lib/jvm/java-7-openjdk-i386/jre/lib/i386/server/libjvm.so
b706d000-b70bf000 r--p 009ee000 08:01 3412663    /usr/lib/jvm/java-7-openjdk-i386/jre/lib/i386/server/libjvm.so
b70bf000-b70d3000 rw-p 00a40000 08:01 3412663    /usr/lib/jvm/java-7-openjdk-i386/jre/lib/i386/server/libjvm.so
b70d3000-b74f1000 rw-p 00000000 00:00 0 
b74f1000-b7509000 r-xp 00000000 08:01 25035903   /lib/i386-linux-gnu/libz.so.1.2.8
b7509000-b750a000 r--p 00017000 08:01 25035903   /lib/i386-linux-gnu/libz.so.1.2.8
b750a000-b750b000 rw-p 00018000 08:01 25035903   /lib/i386-linux-gnu/libz.so.1.2.8
b750b000-b7523000 r-xp 00000000 08:01 25035860   /lib/i386-linux-gnu/libpthread-2.19.so
b7523000-b7524000 r--p 00017000 08:01 25035860   /lib/i386-linux-gnu/libpthread-2.19.so
b7524000-b7525000 rw-p 00018000 08:01 25035860   /lib/i386-linux-gnu/libpthread-2.19.so
b7525000-b7527000 rw-p 00000000 00:00 0 
b7527000-b752a000 r-xp 00000000 08:01 25035757   /lib/i386-linux-gnu/libdl-2.19.so
b752a000-b752b000 r--p 00002000 08:01 25035757   /lib/i386-linux-gnu/libdl-2.19.so
b752b000-b752c000 rw-p 00003000 08:01 25035757   /lib/i386-linux-gnu/libdl-2.19.so
b752c000-b76d5000 r-xp 00000000 08:01 25035740   /lib/i386-linux-gnu/libc-2.19.so
b76d5000-b76d7000 r--p 001a9000 08:01 25035740   /lib/i386-linux-gnu/libc-2.19.so
b76d7000-b76d8000 rw-p 001ab000 08:01 25035740   /lib/i386-linux-gnu/libc-2.19.so
b76d8000-b76db000 rw-p 00000000 00:00 0 
b76db000-b76dd000 r--s 00012000 08:01 3412678    /usr/lib/jvm/java-7-openjdk-i386/jre/lib/ext/zipfs.jar
b76dd000-b76e1000 r--s 0003c000 08:01 3412676    /usr/lib/jvm/java-7-openjdk-i386/jre/lib/ext/sunpkcs11.jar
b76e1000-b76e2000 r--p 00855000 08:01 3022988    /usr/lib/locale/locale-archive
b76e2000-b76e3000 rw-p 00000000 00:00 0 
b76e3000-b76e4000 ---p 00000000 00:00 0 
b76e4000-b76f2000 r-xp 00000000 08:01 3283418    /usr/lib/jvm/java-7-openjdk-i386/jre/lib/i386/libverify.so
b76f2000-b76f3000 r--p 0000d000 08:01 3283418    /usr/lib/jvm/java-7-openjdk-i386/jre/lib/i386/libverify.so
b76f3000-b76f4000 rw-p 0000e000 08:01 3283418    /usr/lib/jvm/java-7-openjdk-i386/jre/lib/i386/libverify.so
b76f4000-b7700000 r-xp 00000000 08:01 3283406    /usr/lib/jvm/java-7-openjdk-i386/jre/lib/i386/jli/libjli.so
b7700000-b7701000 r--p 0000c000 08:01 3283406    /usr/lib/jvm/java-7-openjdk-i386/jre/lib/i386/jli/libjli.so
b7701000-b7702000 rw-p 0000d000 08:01 3283406    /usr/lib/jvm/java-7-openjdk-i386/jre/lib/i386/jli/libjli.so
b7702000-b7705000 rw-p 00000000 00:00 0 
b7705000-b7706000 r-xp 00000000 00:00 0          [vdso]
b7706000-b7726000 r-xp 00000000 08:01 25035716   /lib/i386-linux-gnu/ld-2.19.so
b7726000-b7727000 r--p 0001f000 08:01 25035716   /lib/i386-linux-gnu/ld-2.19.so
b7727000-b7728000 rw-p 00020000 08:01 25035716   /lib/i386-linux-gnu/ld-2.19.so
bfdb4000-bfdb5000 rwxp 00000000 00:00 0 
bfde7000-bfe08000 rw-p 00000000 00:00 0          [stack]

VM Arguments:
jvm_args: -Xmx1024M -Dfile.encoding=UTF-8 -Duser.country=US -Duser.language=en -Duser.variant 
java_command: com.android.dx.command.Main --dex --num-threads=4 --output /home/rafiqul/Documents/Software Engineering Project/spring2016_s1_cse404/AssetTrackingSystem__Android_Platform/app/build/intermediates/pre-dexed/debug/org.jbundle.util.osgi.wrapped.org.apache.http.client-4.1.2-1315d138d26fdc949150c66cbf27b7b2c42b54fa.jar /home/rafiqul/.gradle/caches/modules-2/files-2.1/org.jbundle.util.osgi.wrapped/org.jbundle.util.osgi.wrapped.org.apache.http.client/4.1.2/98c86e42679fe7ac066f6c242e0d14f0bce0bb7c/org.jbundle.util.osgi.wrapped.org.apache.http.client-4.1.2.jar
Launcher Type: SUN_STANDARD

Environment Variables:
JAVA_HOME=/usr/lib/jvm/java-8-oracle
PATH=/usr/local/sbin:/usr/local/bin:/usr/sbin:/usr/bin:/sbin:/bin:/usr/games:/usr/local/games:/usr/lib/jvm/java-8-oracle/bin:/usr/lib/jvm/java-8-oracle/db/bin:/usr/lib/jvm/java-8-oracle/jre/bin
LD_LIBRARY_PATH=/home/rafiqul/android-studio/bin:
SHELL=/bin/bash
DISPLAY=:0

Signal Handlers:
SIGSEGV: [libjvm.so+0x80cb90], sa_mask[0]=0x7ffbfeff, sa_flags=0x10000004
SIGBUS: [libjvm.so+0x80cb90], sa_mask[0]=0x7ffbfeff, sa_flags=0x10000004
SIGFPE: [libjvm.so+0x684e30], sa_mask[0]=0x7ffbfeff, sa_flags=0x10000004
SIGPIPE: [libjvm.so+0x684e30], sa_mask[0]=0x7ffbfeff, sa_flags=0x10000004
SIGXFSZ: [libjvm.so+0x684e30], sa_mask[0]=0x7ffbfeff, sa_flags=0x10000004
SIGILL: [libjvm.so+0x684e30], sa_mask[0]=0x7ffbfeff, sa_flags=0x10000004
SIGUSR1: SIG_DFL, sa_mask[0]=0x00000000, sa_flags=0x00000000
SIGUSR2: [libjvm.so+0x684cc0], sa_mask[0]=0x00000004, sa_flags=0x10000004
SIGHUP: [libjvm.so+0x684ef0], sa_mask[0]=0x7ffbfeff, sa_flags=0x10000004
SIGINT: [libjvm.so+0x684ef0], sa_mask[0]=0x7ffbfeff, sa_flags=0x10000004
SIGTERM: [libjvm.so+0x684ef0], sa_mask[0]=0x7ffbfeff, sa_flags=0x10000004
SIGQUIT: [libjvm.so+0x684ef0], sa_mask[0]=0x7ffbfeff, sa_flags=0x10000004
SIGTRAP: SIG_DFL, sa_mask[0]=0x00000000, sa_flags=0x00000000


---------------  S Y S T E M  ---------------

OS:Ubuntu 14.04 (trusty)
uname:Linux 3.13.0-24-generic #46-Ubuntu SMP Thu Apr 10 19:08:14 UTC 2014 i686
libc:glibc 2.19 NPTL 2.19 
rlimit: STACK 8192k, CORE 0k, NPROC 31106, NOFILE 4096, AS infinity
load average:16.23 12.61 8.03

/proc/meminfo:
MemTotal:        4000684 kB
MemFree:          214856 kB
Buffers:             236 kB
Cached:           383980 kB
SwapCached:            0 kB
Active:          3294764 kB
Inactive:         376588 kB
Active(anon):    3292580 kB
Inactive(anon):   374472 kB
Active(file):       2184 kB
Inactive(file):     2116 kB
Unevictable:          48 kB
Mlocked:              48 kB
HighTotal:       3155716 kB
HighFree:          40156 kB
LowTotal:         844968 kB
LowFree:          174700 kB
SwapTotal:             0 kB
SwapFree:              0 kB
Dirty:                92 kB
Writeback:             0 kB
AnonPages:       3287596 kB
Mapped:           119548 kB
Shmem:            379504 kB
Slab:              50964 kB
SReclaimable:      25548 kB
SUnreclaim:        25416 kB
KernelStack:        5912 kB
PageTables:        19720 kB
NFS_Unstable:          0 kB
Bounce:              212 kB
WritebackTmp:          0 kB
CommitLimit:     2000340 kB
Committed_AS:    9096656 kB
VmallocTotal:     122880 kB
VmallocUsed:       17028 kB
VmallocChunk:      98472 kB
HardwareCorrupted:     0 kB
AnonHugePages:   1298432 kB
HugePages_Total:       0
HugePages_Free:        0
HugePages_Rsvd:        0
HugePages_Surp:        0
Hugepagesize:       2048 kB
DirectMap4k:       36856 kB
DirectMap2M:      874496 kB


CPU:total 4 (2 cores per cpu, 2 threads per core) family 6 model 58 stepping 9, cmov, cx8, fxsr, mmx, sse, sse2, sse3, ssse3, sse4.1, sse4.2, popcnt, avx, erms, ht, tsc, tscinvbit, tscinv

/proc/cpuinfo:
processor	: 0
vendor_id	: GenuineIntel
cpu family	: 6
model		: 58
model name	: Intel(R) Core(TM) i3-3217U CPU @ 1.80GHz
stepping	: 9
microcode	: 0x15
cpu MHz		: 1801.000
cache size	: 3072 KB
physical id	: 0
siblings	: 4
core id		: 0
cpu cores	: 2
apicid		: 0
initial apicid	: 0
fdiv_bug	: no
f00f_bug	: no
coma_bug	: no
fpu		: yes
fpu_exception	: yes
cpuid level	: 13
wp		: yes
flags		: fpu vme de pse tsc msr pae mce cx8 apic sep mtrr pge mca cmov pat pse36 clflush dts acpi mmx fxsr sse sse2 ss ht tm pbe nx rdtscp lm constant_tsc arch_perfmon pebs bts xtopology nonstop_tsc aperfmperf eagerfpu pni pclmulqdq dtes64 monitor ds_cpl vmx est tm2 ssse3 cx16 xtpr pdcm pcid sse4_1 sse4_2 x2apic popcnt tsc_deadline_timer xsave avx f16c lahf_lm ida arat epb xsaveopt pln pts dtherm tpr_shadow vnmi flexpriority ept vpid fsgsbase smep erms
bogomips	: 3591.74
clflush size	: 64
cache_alignment	: 64
address sizes	: 36 bits physical, 48 bits virtual
power management:

processor	: 1
vendor_id	: GenuineIntel
cpu family	: 6
model		: 58
model name	: Intel(R) Core(TM) i3-3217U CPU @ 1.80GHz
stepping	: 9
microcode	: 0x15
cpu MHz		: 1801.000
cache size	: 3072 KB
physical id	: 0
siblings	: 4
core id		: 0
cpu cores	: 2
apicid		: 1
initial apicid	: 1
fdiv_bug	: no
f00f_bug	: no
coma_bug	: no
fpu		: yes
fpu_exception	: yes
cpuid level	: 13
wp		: yes
flags		: fpu vme de pse tsc msr pae mce cx8 apic sep mtrr pge mca cmov pat pse36 clflush dts acpi mmx fxsr sse sse2 ss ht tm pbe nx rdtscp lm constant_tsc arch_perfmon pebs bts xtopology nonstop_tsc aperfmperf eagerfpu pni pclmulqdq dtes64 monitor ds_cpl vmx est tm2 ssse3 cx16 xtpr pdcm pcid sse4_1 sse4_2 x2apic popcnt tsc_deadline_timer xsave avx f16c lahf_lm ida arat epb xsaveopt pln pts dtherm tpr_shadow vnmi flexpriority ept vpid fsgsbase smep erms
bogomips	: 3591.74
clflush size	: 64
cache_alignment	: 64
address sizes	: 36 bits physical, 48 bits virtual
power management:

processor	: 2
vendor_id	: GenuineIntel
cpu family	: 6
model		: 58
model name	: Intel(R) Core(TM) i3-3217U CPU @ 1.80GHz
stepping	: 9
microcode	: 0x15
cpu MHz		: 1801.000
cache size	: 3072 KB
physical id	: 0
siblings	: 4
core id		: 1
cpu cores	: 2
apicid		: 2
initial apicid	: 2
fdiv_bug	: no
f00f_bug	: no
coma_bug	: no
fpu		: yes
fpu_exception	: yes
cpuid level	: 13
wp		: yes
flags		: fpu vme de pse tsc msr pae mce cx8 apic sep mtrr pge mca cmov pat pse36 clflush dts acpi mmx fxsr sse sse2 ss ht tm pbe nx rdtscp lm constant_tsc arch_perfmon pebs bts xtopology nonstop_tsc aperfmperf eagerfpu pni pclmulqdq dtes64 monitor ds_cpl vmx est tm2 ssse3 cx16 xtpr pdcm pcid sse4_1 sse4_2 x2apic popcnt tsc_deadline_timer xsave avx f16c lahf_lm ida arat epb xsaveopt pln pts dtherm tpr_shadow vnmi flexpriority ept vpid fsgsbase smep erms
bogomips	: 3591.74
clflush size	: 64
cache_alignment	: 64
address sizes	: 36 bits physical, 48 bits virtual
power management:

processor	: 3
vendor_id	: GenuineIntel
cpu family	: 6
model		: 58
model name	: Intel(R) Core(TM) i3-3217U CPU @ 1.80GHz
stepping	: 9
microcode	: 0x15
cpu MHz		: 1801.000
cache size	: 3072 KB
physical id	: 0
siblings	: 4
core id		: 1
cpu cores	: 2
apicid		: 3
initial apicid	: 3
fdiv_bug	: no
f00f_bug	: no
coma_bug	: no
fpu		: yes
fpu_exception	: yes
cpuid level	: 13
wp		: yes
flags		: fpu vme de pse tsc msr pae mce cx8 apic sep mtrr pge mca cmov pat pse36 clflush dts acpi mmx fxsr sse sse2 ss ht tm pbe nx rdtscp lm constant_tsc arch_perfmon pebs bts xtopology nonstop_tsc aperfmperf eagerfpu pni pclmulqdq dtes64 monitor ds_cpl vmx est tm2 ssse3 cx16 xtpr pdcm pcid sse4_1 sse4_2 x2apic popcnt tsc_deadline_timer xsave avx f16c lahf_lm ida arat epb xsaveopt pln pts dtherm tpr_shadow vnmi flexpriority ept vpid fsgsbase smep erms
bogomips	: 3591.74
clflush size	: 64
cache_alignment	: 64
address sizes	: 36 bits physical, 48 bits virtual
power management:



Memory: 4k page, physical 4000684k(212876k free), swap 0k(0k free)

vm_info: OpenJDK Server VM (24.79-b02) for linux-x86 JRE (1.7.0_79-b14), built on Jul 24 2015 08:25:15 by "buildd" with gcc 4.8.2

time: Sat Apr 16 09:50:13 2016
elapsed time: 46 seconds

