#
# There is insufficient memory for the Java Runtime Environment to continue.
# Native memory allocation (malloc) failed to allocate 693208 bytes for Chunk::new
# Possible reasons:
#   The system is out of physical RAM or swap space
#   In 32 bit mode, the process size limit was hit
# Possible solutions:
#   Reduce memory load on the system
#   Increase physical memory or swap space
#   Check if swap backing store is full
#   Use 64 bit Java on a 64 bit OS
#   Decrease Java heap size (-Xmx/-Xms)
#   Decrease number of Java threads
#   Decrease Java thread stack sizes (-Xss)
#   Set larger code cache with -XX:ReservedCodeCacheSize=
# This output file may be truncated or incomplete.
#
#  Out of Memory Error (allocation.cpp:326), pid=12713, tid=1734728512
#
# JRE version: OpenJDK Runtime Environment (7.0_79-b14) (build 1.7.0_79-b14)
# Java VM: OpenJDK Server VM (24.79-b02 mixed mode linux-x86 )
# Derivative: IcedTea 2.5.6
# Distribution: Ubuntu 14.04 LTS, package 7u79-2.5.6-0ubuntu1.14.04.1
# Failed to write core dump. Core dumps have been disabled. To enable core dumping, try "ulimit -c unlimited" before starting Java again
#

---------------  T H R E A D  ---------------

Current thread (0x67b99400):  JavaThread "C2 CompilerThread0" daemon [_thread_in_native, id=12756, stack(0x675dd000,0x6765e000)]

Stack: [0x675dd000,0x6765e000]

Current CompileTask:
C2:  33321  364   !         com.android.dx.cf.cst.ConstantPoolParser::parse0 (731 bytes)


---------------  P R O C E S S  ---------------

Java Threads: ( => current thread )
  0x67b9d000 JavaThread "Service Thread" daemon [_thread_blocked, id=12763, stack(0x6750b000,0x6755c000)]
  0x67b9b400 JavaThread "C2 CompilerThread1" daemon [_thread_in_native, id=12758, stack(0x6755c000,0x675dd000)]
=>0x67b99400 JavaThread "C2 CompilerThread0" daemon [_thread_in_native, id=12756, stack(0x675dd000,0x6765e000)]
  0x67b97c00 JavaThread "Signal Dispatcher" daemon [_thread_blocked, id=12754, stack(0x6765e000,0x676af000)]
  0x67b84800 JavaThread "Finalizer" daemon [_thread_blocked, id=12747, stack(0x678af000,0x67900000)]
  0x67b83000 JavaThread "Reference Handler" daemon [_thread_blocked, id=12745, stack(0x6a82e000,0x6a87f000)]
  0xb6307c00 JavaThread "main" [_thread_in_vm, id=12723, stack(0xb64c6000,0xb6517000)]

Other Threads:
  0x67b80800 VMThread [stack: 0x67c4e000,0x67ccf000] [id=12741]
  0x67b9f000 WatcherThread [stack: 0x6748a000,0x6750b000] [id=12769]

VM state:not at safepoint (normal execution)

VM Mutex/Monitor currently owned by a thread: None

Heap
 PSYoungGen      total 139008K, used 31107K [0x9dcc0000, 0xa7640000, 0xb3240000)
  eden space 125440K, 15% used [0x9dcc0000,0x9ef58e80,0xa5740000)
  from space 13568K, 88% used [0xa6600000,0xa71c8060,0xa7340000)
  to   space 15104K, 0% used [0xa5740000,0xa5740000,0xa6600000)
 ParOldGen       total 41728K, used 25604K [0x73240000, 0x75b00000, 0x9dcc0000)
  object space 41728K, 61% used [0x73240000,0x74b413c0,0x75b00000)
 PSPermGen       total 16384K, used 4204K [0x6b240000, 0x6c240000, 0x73240000)
  object space 16384K, 25% used [0x6b240000,0x6b65b1c0,0x6c240000)

Card table byte_map: [0x6afff000,0x6b240000] byte_map_base: 0x6aca5e00

Polling page: 0xb76c8000

Code Cache  [0xb3300000, 0xb3540000, 0xb6300000)
 total_blobs=503 nmethods=380 adapters=76 free_code_cache=47631Kb largest_free_block=48743168

Compilation events (10 events):
Event: 31.496 Thread 0x67b9b400 nmethod 376 0xb3455d08 code [0xb3455de0, 0xb3455e30]
Event: 31.496 Thread 0x67b9b400  377             com.android.dx.ssa.back.LivenessAnalyzer::coInterferePhis (128 bytes)
Event: 31.554 Thread 0x67b9b400 nmethod 377 0xb3458d48 code [0xb3458f80, 0xb3459f18]
Event: 31.554 Thread 0x67b9b400  378             java.lang.AbstractStringBuilder::expandCapacity (50 bytes)
Event: 31.560 Thread 0x67b9b400 nmethod 378 0xb3461bc8 code [0xb3461cc0, 0xb3461f30]
Event: 31.560 Thread 0x67b9b400  379             com.android.dx.ssa.NormalSsaInsn::accept (25 bytes)
Event: 31.867 Thread 0x67b9b400 nmethod 379 0xb345cb88 code [0xb345ce20, 0xb345daa8]
Event: 31.867 Thread 0x67b9b400  380             com.android.dx.rop.cst.StdConstantPool::set (123 bytes)
Event: 31.895 Thread 0x67b9b400 nmethod 380 0xb3458608 code [0xb3458740, 0xb34589f0]
Event: 31.895 Thread 0x67b9b400  381             com.android.dx.ssa.DeadCodeRemover::run (194 bytes)

GC Heap History (10 events):
Event: 5.034 GC heap before
{Heap before GC invocations=2 (full 0):
 PSYoungGen      total 18432K, used 18430K [0x9dcc0000, 0xa00c0000, 0xb3240000)
  eden space 15872K, 100% used [0x9dcc0000,0x9ec40000,0x9ec40000)
  from space 2560K, 99% used [0x9ec40000,0x9eebfae0,0x9eec0000)
  to   space 2560K, 0% used [0x9fe40000,0x9fe40000,0xa00c0000)
 ParOldGen       total 41728K, used 1455K [0x73240000, 0x75b00000, 0x9dcc0000)
  object space 41728K, 3% used [0x73240000,0x733abe38,0x75b00000)
 PSPermGen       total 16384K, used 4039K [0x6b240000, 0x6c240000, 0x73240000)
  object space 16384K, 24% used [0x6b240000,0x6b631d08,0x6c240000)
Event: 5.085 GC heap after
Heap after GC invocations=2 (full 0):
 PSYoungGen      total 34304K, used 2546K [0x9dcc0000, 0xa00c0000, 0xb3240000)
  eden space 31744K, 0% used [0x9dcc0000,0x9dcc0000,0x9fbc0000)
  from space 2560K, 99% used [0x9fe40000,0xa00bcaf0,0xa00c0000)
  to   space 2560K, 0% used [0x9fbc0000,0x9fbc0000,0x9fe40000)
 ParOldGen       total 41728K, used 4375K [0x73240000, 0x75b00000, 0x9dcc0000)
  object space 41728K, 10% used [0x73240000,0x73685f20,0x75b00000)
 PSPermGen       total 16384K, used 4039K [0x6b240000, 0x6c240000, 0x73240000)
  object space 16384K, 24% used [0x6b240000,0x6b631d08,0x6c240000)
}
Event: 9.429 GC heap before
{Heap before GC invocations=3 (full 0):
 PSYoungGen      total 34304K, used 34290K [0x9dcc0000, 0xa00c0000, 0xb3240000)
  eden space 31744K, 100% used [0x9dcc0000,0x9fbc0000,0x9fbc0000)
  from space 2560K, 99% used [0x9fe40000,0xa00bcaf0,0xa00c0000)
  to   space 2560K, 0% used [0x9fbc0000,0x9fbc0000,0x9fe40000)
 ParOldGen       total 41728K, used 4375K [0x73240000, 0x75b00000, 0x9dcc0000)
  object space 41728K, 10% used [0x73240000,0x73685f20,0x75b00000)
 PSPermGen       total 16384K, used 4089K [0x6b240000, 0x6c240000, 0x73240000)
  object space 16384K, 24% used [0x6b240000,0x6b63e530,0x6c240000)
Event: 9.511 GC heap after
Heap after GC invocations=3 (full 0):
 PSYoungGen      total 34304K, used 2554K [0x9dcc0000, 0xa1fc0000, 0xb3240000)
  eden space 31744K, 0% used [0x9dcc0000,0x9dcc0000,0x9fbc0000)
  from space 2560K, 99% used [0x9fbc0000,0x9fe3eb50,0x9fe40000)
  to   space 2560K, 0% used [0xa1d40000,0xa1d40000,0xa1fc0000)
 ParOldGen       total 41728K, used 9704K [0x73240000, 0x75b00000, 0x9dcc0000)
  object space 41728K, 23% used [0x73240000,0x73bba2e0,0x75b00000)
 PSPermGen       total 16384K, used 4089K [0x6b240000, 0x6c240000, 0x73240000)
  object space 16384K, 24% used [0x6b240000,0x6b63e530,0x6c240000)
}
Event: 13.309 GC heap before
{Heap before GC invocations=4 (full 0):
 PSYoungGen      total 34304K, used 34298K [0x9dcc0000, 0xa1fc0000, 0xb3240000)
  eden space 31744K, 100% used [0x9dcc0000,0x9fbc0000,0x9fbc0000)
  from space 2560K, 99% used [0x9fbc0000,0x9fe3eb50,0x9fe40000)
  to   space 2560K, 0% used [0xa1d40000,0xa1d40000,0xa1fc0000)
 ParOldGen       total 41728K, used 9704K [0x73240000, 0x75b00000, 0x9dcc0000)
  object space 41728K, 23% used [0x73240000,0x73bba2e0,0x75b00000)
 PSPermGen       total 16384K, used 4105K [0x6b240000, 0x6c240000, 0x73240000)
  object space 16384K, 25% used [0x6b240000,0x6b6426d8,0x6c240000)
Event: 13.423 GC heap after
Heap after GC invocations=4 (full 0):
 PSYoungGen      total 66048K, used 2551K [0x9dcc0000, 0xa1fc0000, 0xb3240000)
  eden space 63488K, 0% used [0x9dcc0000,0x9dcc0000,0xa1ac0000)
  from space 2560K, 99% used [0xa1d40000,0xa1fbde40,0xa1fc0000)
  to   space 2560K, 0% used [0xa1ac0000,0xa1ac0000,0xa1d40000)
 ParOldGen       total 41728K, used 15095K [0x73240000, 0x75b00000, 0x9dcc0000)
  object space 41728K, 36% used [0x73240000,0x740fdd30,0x75b00000)
 PSPermGen       total 16384K, used 4105K [0x6b240000, 0x6c240000, 0x73240000)
  object space 16384K, 25% used [0x6b240000,0x6b6426d8,0x6c240000)
}
Event: 18.138 GC heap before
{Heap before GC invocations=5 (full 0):
 PSYoungGen      total 66048K, used 66039K [0x9dcc0000, 0xa1fc0000, 0xb3240000)
  eden space 63488K, 100% used [0x9dcc0000,0xa1ac0000,0xa1ac0000)
  from space 2560K, 99% used [0xa1d40000,0xa1fbde40,0xa1fc0000)
  to   space 2560K, 0% used [0xa1ac0000,0xa1ac0000,0xa1d40000)
 ParOldGen       total 41728K, used 15095K [0x73240000, 0x75b00000, 0x9dcc0000)
  object space 41728K, 36% used [0x73240000,0x740fdd30,0x75b00000)
 PSPermGen       total 16384K, used 4140K [0x6b240000, 0x6c240000, 0x73240000)
  object space 16384K, 25% used [0x6b240000,0x6b64b0c8,0x6c240000)
Event: 18.235 GC heap after
Heap after GC invocations=5 (full 0):
 PSYoungGen      total 66048K, used 2544K [0x9dcc0000, 0xa7340000, 0xb3240000)
  eden space 63488K, 0% used [0x9dcc0000,0x9dcc0000,0xa1ac0000)
  from space 2560K, 99% used [0xa1ac0000,0xa1d3c040,0xa1d40000)
  to   space 13568K, 0% used [0xa6600000,0xa6600000,0xa7340000)
 ParOldGen       total 41728K, used 25604K [0x73240000, 0x75b00000, 0x9dcc0000)
  object space 41728K, 61% used [0x73240000,0x74b413c0,0x75b00000)
 PSPermGen       total 16384K, used 4140K [0x6b240000, 0x6c240000, 0x73240000)
  object space 16384K, 25% used [0x6b240000,0x6b64b0c8,0x6c240000)
}
Event: 25.198 GC heap before
{Heap before GC invocations=6 (full 0):
 PSYoungGen      total 66048K, used 66032K [0x9dcc0000, 0xa7340000, 0xb3240000)
  eden space 63488K, 100% used [0x9dcc0000,0xa1ac0000,0xa1ac0000)
  from space 2560K, 99% used [0xa1ac0000,0xa1d3c040,0xa1d40000)
  to   space 13568K, 0% used [0xa6600000,0xa6600000,0xa7340000)
 ParOldGen       total 41728K, used 25604K [0x73240000, 0x75b00000, 0x9dcc0000)
  object space 41728K, 61% used [0x73240000,0x74b413c0,0x75b00000)
 PSPermGen       total 16384K, used 4153K [0x6b240000, 0x6c240000, 0x73240000)
  object space 16384K, 25% used [0x6b240000,0x6b64e510,0x6c240000)
Event: 25.494 GC heap after
Heap after GC invocations=6 (full 0):
 PSYoungGen      total 139008K, used 12064K [0x9dcc0000, 0xa7640000, 0xb3240000)
  eden space 125440K, 0% used [0x9dcc0000,0x9dcc0000,0xa5740000)
  from space 13568K, 88% used [0xa6600000,0xa71c8060,0xa7340000)
  to   space 15104K, 0% used [0xa5740000,0xa5740000,0xa6600000)
 ParOldGen       total 41728K, used 25604K [0x73240000, 0x75b00000, 0x9dcc0000)
  object space 41728K, 61% used [0x73240000,0x74b413c0,0x75b00000)
 PSPermGen       total 16384K, used 4153K [0x6b240000, 0x6c240000, 0x73240000)
  object space 16384K, 25% used [0x6b240000,0x6b64e510,0x6c240000)
}

Deoptimization events (10 events):
Event: 5.115 Thread 0xb6307c00 Uncommon trap: reason=null_check action=make_not_entrant pc=0xb337e40c method=com.android.dx.ssa.SsaRenamer.getLocalForNewReg(I)Lcom/android/dx/rop/code/LocalItem; @ 19
Event: 8.504 Thread 0xb6307c00 Uncommon trap: reason=class_check action=maybe_recompile pc=0xb33a0f1c method=java.util.HashMap.put(Ljava/lang/Object;Ljava/lang/Object;)Ljava/lang/Object; @ 83
Event: 8.504 Thread 0xb6307c00 Uncommon trap: reason=class_check action=maybe_recompile pc=0xb33a0f1c method=java.util.HashMap.put(Ljava/lang/Object;Ljava/lang/Object;)Ljava/lang/Object; @ 83
Event: 8.505 Thread 0xb6307c00 Uncommon trap: reason=class_check action=maybe_recompile pc=0xb33a0f1c method=java.util.HashMap.put(Ljava/lang/Object;Ljava/lang/Object;)Ljava/lang/Object; @ 83
Event: 8.505 Thread 0xb6307c00 Uncommon trap: reason=class_check action=maybe_recompile pc=0xb33a0f1c method=java.util.HashMap.put(Ljava/lang/Object;Ljava/lang/Object;)Ljava/lang/Object; @ 83
Event: 8.773 Thread 0x6735b800 Uncommon trap: reason=unreached action=reinterpret pc=0xb3354554 method=com.android.dx.rop.cst.Constant.compareTo(Lcom/android/dx/rop/cst/Constant;)I @ 12
Event: 9.860 Thread 0x67369000 Uncommon trap: reason=unreached action=reinterpret pc=0xb33b09f4 method=com.android.dx.ssa.LocalVariableExtractor.processBlock(I)V @ 251
Event: 10.400 Thread 0xb6307c00 Uncommon trap: reason=null_check action=make_not_entrant pc=0xb33ae918 method=com.android.dx.rop.type.Type.putIntern(Lcom/android/dx/rop/type/Type;)Lcom/android/dx/rop/type/Type; @ 18
Event: 17.057 Thread 0x6735e000 Uncommon trap: reason=unreached action=reinterpret pc=0xb33d22f4 method=com.android.dx.ssa.SCCP.simulateBranch(Lcom/android/dx/ssa/SsaInsn;)V @ 329
Event: 17.078 Thread 0x6735e000 Uncommon trap: reason=unreached action=reinterpret pc=0xb33ac0bc method=com.android.dx.ssa.SsaMethod.updateOneDefinition(Lcom/android/dx/ssa/SsaInsn;Lcom/android/dx/rop/code/RegisterSpec;)V @ 4

Internal exceptions (10 events):
Event: 5.711 Thread 0xb6307c00 Threw 0x9e0b62f0 at /build/openjdk-7-OXg_HK/openjdk-7-7u79-2.5.6/build/openjdk/hotspot/src/share/vm/prims/jvm.cpp:1284
Event: 5.712 Thread 0xb6307c00 Threw 0x9e0b9618 at /build/openjdk-7-OXg_HK/openjdk-7-7u79-2.5.6/build/openjdk/hotspot/src/share/vm/prims/jvm.cpp:1284
Event: 9.171 Thread 0x67369000 Threw 0x9f9c1978 at /build/openjdk-7-OXg_HK/openjdk-7-7u79-2.5.6/build/openjdk/hotspot/src/share/vm/prims/jvm.cpp:1284
Event: 9.291 Thread 0xb6307c00 Threw 0x9fa616d8 at /build/openjdk-7-OXg_HK/openjdk-7-7u79-2.5.6/build/openjdk/hotspot/src/share/vm/prims/jvm.cpp:1284
Event: 10.400 Thread 0xb6307c00 Implicit null exception at 0xb33ae336 to 0xb33ae909
Event: 17.058 Thread 0x6735e000 Threw 0xa0c2a750 at /build/openjdk-7-OXg_HK/openjdk-7-7u79-2.5.6/build/openjdk/hotspot/src/share/vm/prims/jvm.cpp:1284
Event: 22.118 Thread 0xb6307c00 Threw 0x9fcf9010 at /build/openjdk-7-OXg_HK/openjdk-7-7u79-2.5.6/build/openjdk/hotspot/src/share/vm/prims/jvm.cpp:1284
Event: 26.104 Thread 0xb6307c00 Threw 0x9e49cbb8 at /build/openjdk-7-OXg_HK/openjdk-7-7u79-2.5.6/build/openjdk/hotspot/src/share/vm/prims/jvm.cpp:1284
Event: 30.581 Thread 0xb6307c00 Threw 0x9e4b5d20 at /build/openjdk-7-OXg_HK/openjdk-7-7u79-2.5.6/build/openjdk/hotspot/src/share/vm/prims/jvm.cpp:1284
Event: 31.224 Thread 0xb6307c00 Threw 0x9ed84368 at /build/openjdk-7-OXg_HK/openjdk-7-7u79-2.5.6/build/openjdk/hotspot/src/share/vm/prims/jvm.cpp:1284

Events (10 events):
Event: 29.895 loading class 0x67bb00c0 done
Event: 29.896 loading class 0x67bb0198
Event: 29.896 loading class 0x67bb0198 done
Event: 29.902 loading class 0x6ad45f18
Event: 30.339 loading class 0x6ad45f18 done
Event: 30.581 loading class 0x67a04788
Event: 30.581 loading class 0x67a04788 done
Event: 31.223 loading class 0x081397e8
Event: 31.223 loading class 0x081397e8 done
Event: 31.560 Thread 0x67b9b400 flushing nmethod 0xb3354408


Dynamic libraries:
08048000-08049000 r-xp 00000000 08:01 3412725    /usr/lib/jvm/java-7-openjdk-i386/jre/bin/java
08049000-0804a000 r--p 00000000 08:01 3412725    /usr/lib/jvm/java-7-openjdk-i386/jre/bin/java
0804a000-0804b000 rw-p 00001000 08:01 3412725    /usr/lib/jvm/java-7-openjdk-i386/jre/bin/java
08136000-0816e000 rw-p 00000000 00:00 0          [heap]
65400000-654fc000 rw-p 00000000 00:00 0 
654fc000-65500000 ---p 00000000 00:00 0 
65500000-655f4000 rw-p 00000000 00:00 0 
655f4000-65600000 ---p 00000000 00:00 0 
65600000-656e6000 rw-p 00000000 00:00 0 
656e6000-65700000 ---p 00000000 00:00 0 
65800000-658d1000 rw-p 00000000 00:00 0 
658d1000-65900000 ---p 00000000 00:00 0 
65900000-659fb000 rw-p 00000000 00:00 0 
659fb000-65a00000 ---p 00000000 00:00 0 
65a00000-65af0000 rw-p 00000000 00:00 0 
65af0000-65b00000 ---p 00000000 00:00 0 
65b00000-65bf1000 rw-p 00000000 00:00 0 
65bf1000-65c00000 ---p 00000000 00:00 0 
65d00000-65df9000 rw-p 00000000 00:00 0 
65df9000-65e00000 ---p 00000000 00:00 0 
65e00000-65efe000 rw-p 00000000 00:00 0 
65efe000-65f00000 ---p 00000000 00:00 0 
65f00000-65feb000 rw-p 00000000 00:00 0 
65feb000-66000000 ---p 00000000 00:00 0 
66000000-660f7000 rw-p 00000000 00:00 0 
660f7000-66100000 ---p 00000000 00:00 0 
66100000-661f6000 rw-p 00000000 00:00 0 
661f6000-66200000 ---p 00000000 00:00 0 
66200000-662fd000 rw-p 00000000 00:00 0 
662fd000-66300000 ---p 00000000 00:00 0 
66300000-663f7000 rw-p 00000000 00:00 0 
663f7000-66400000 ---p 00000000 00:00 0 
66500000-665ff000 rw-p 00000000 00:00 0 
665ff000-66600000 ---p 00000000 00:00 0 
66638000-66700000 rw-p 00000000 00:00 0 
66700000-667fd000 rw-p 00000000 00:00 0 
667fd000-66800000 ---p 00000000 00:00 0 
66800000-668fc000 rw-p 00000000 00:00 0 
668fc000-66900000 ---p 00000000 00:00 0 
66900000-669f9000 rw-p 00000000 00:00 0 
669f9000-66a00000 ---p 00000000 00:00 0 
66b00000-66bea000 rw-p 00000000 00:00 0 
66bea000-66c00000 ---p 00000000 00:00 0 
66c00000-66ce8000 rw-p 00000000 00:00 0 
66ce8000-66d00000 ---p 00000000 00:00 0 
66d00000-66de0000 rw-p 00000000 00:00 0 
66de0000-66e00000 ---p 00000000 00:00 0 
66e88000-66e8b000 ---p 00000000 00:00 0 
66e8b000-66ed9000 rw-p 00000000 00:00 0 
66ed9000-66edc000 ---p 00000000 00:00 0 
66edc000-66f2a000 rw-p 00000000 00:00 0 
66f2a000-66f2d000 ---p 00000000 00:00 0 
66f2d000-66f7b000 rw-p 00000000 00:00 0 
66f7b000-66f7e000 ---p 00000000 00:00 0 
66f7e000-66fcc000 rw-p 00000000 00:00 0 
66fcc000-66fcf000 ---p 00000000 00:00 0 
66fcf000-6701d000 rw-p 00000000 00:00 0 
6701d000-67059000 r-xp 00000000 08:01 25035843   /lib/i386-linux-gnu/libpcre.so.3.13.1
67059000-6705a000 r--p 0003b000 08:01 25035843   /lib/i386-linux-gnu/libpcre.so.3.13.1
6705a000-6705b000 rw-p 0003c000 08:01 25035843   /lib/i386-linux-gnu/libpcre.so.3.13.1
6705b000-6706e000 r-xp 00000000 08:01 25035866   /lib/i386-linux-gnu/libresolv-2.19.so
6706e000-6706f000 ---p 00013000 08:01 25035866   /lib/i386-linux-gnu/libresolv-2.19.so
6706f000-67070000 r--p 00013000 08:01 25035866   /lib/i386-linux-gnu/libresolv-2.19.so
67070000-67071000 rw-p 00014000 08:01 25035866   /lib/i386-linux-gnu/libresolv-2.19.so
67071000-67073000 rw-p 00000000 00:00 0 
67073000-6717d000 r-xp 00000000 08:01 25035771   /lib/i386-linux-gnu/libglib-2.0.so.0.4000.0
6717d000-6717e000 r--p 00109000 08:01 25035771   /lib/i386-linux-gnu/libglib-2.0.so.0.4000.0
6717e000-6717f000 rw-p 0010a000 08:01 25035771   /lib/i386-linux-gnu/libglib-2.0.so.0.4000.0
6717f000-672fc000 r-xp 00000000 08:01 3020350    /usr/lib/i386-linux-gnu/libgio-2.0.so.0.4000.0
672fc000-672fe000 r--p 0017c000 08:01 3020350    /usr/lib/i386-linux-gnu/libgio-2.0.so.0.4000.0
672fe000-672ff000 rw-p 0017e000 08:01 3020350    /usr/lib/i386-linux-gnu/libgio-2.0.so.0.4000.0
672ff000-67300000 rw-p 00000000 00:00 0 
67300000-673ac000 rw-p 00000000 00:00 0 
673ac000-67400000 ---p 00000000 00:00 0 
67415000-67435000 r-xp 00000000 08:01 25035870   /lib/i386-linux-gnu/libselinux.so.1
67435000-67436000 r--p 0001f000 08:01 25035870   /lib/i386-linux-gnu/libselinux.so.1
67436000-67437000 rw-p 00020000 08:01 25035870   /lib/i386-linux-gnu/libselinux.so.1
67437000-67438000 rw-p 00000000 00:00 0 
67438000-67488000 r-xp 00000000 08:01 3020380    /usr/lib/i386-linux-gnu/libgobject-2.0.so.0.4000.0
67488000-67489000 r--p 0004f000 08:01 3020380    /usr/lib/i386-linux-gnu/libgobject-2.0.so.0.4000.0
67489000-6748a000 rw-p 00050000 08:01 3020380    /usr/lib/i386-linux-gnu/libgobject-2.0.so.0.4000.0
6748a000-6748b000 ---p 00000000 00:00 0 
6748b000-6750b000 rw-p 00000000 00:00 0          [stack:12769]
6750b000-6750e000 ---p 00000000 00:00 0 
6750e000-6755c000 rw-p 00000000 00:00 0          [stack:12763]
6755c000-6755f000 ---p 00000000 00:00 0 
6755f000-675dd000 rw-p 00000000 00:00 0          [stack:12758]
675dd000-675e0000 ---p 00000000 00:00 0 
675e0000-6765e000 rw-p 00000000 00:00 0          [stack:12756]
6765e000-67661000 ---p 00000000 00:00 0 
67661000-676af000 rw-p 00000000 00:00 0          [stack:12754]
676af000-678af000 r--p 00000000 08:01 3022988    /usr/lib/locale/locale-archive
678af000-678b2000 ---p 00000000 00:00 0 
678b2000-67900000 rw-p 00000000 00:00 0          [stack:12747]
67900000-679ff000 rw-p 00000000 00:00 0 
679ff000-67a00000 ---p 00000000 00:00 0 
67a00000-67a21000 rw-p 00000000 00:00 0 
67a21000-67b00000 ---p 00000000 00:00 0 
67b00000-67c00000 rw-p 00000000 00:00 0 
67c0c000-67c4e000 r--p 00858000 08:01 3022988    /usr/lib/locale/locale-archive
67c4e000-67c4f000 ---p 00000000 00:00 0 
67c4f000-67ccf000 rw-p 00000000 00:00 0          [stack:12741]
67ccf000-67e80000 r--s 01d29000 08:01 3283391    /usr/lib/jvm/java-7-openjdk-i386/jre/lib/rt.jar
67e80000-6a700000 rw-p 00000000 00:00 0 
6a700000-6a7f9000 rw-p 00000000 00:00 0 
6a7f9000-6a800000 ---p 00000000 00:00 0 
6a82e000-6a831000 ---p 00000000 00:00 0 
6a831000-6a87f000 rw-p 00000000 00:00 0          [stack:12745]
6a87f000-6a880000 ---p 00000000 00:00 0 
6a880000-6a900000 rw-p 00000000 00:00 0          [stack:12732]
6a900000-6a921000 rw-p 00000000 00:00 0 
6a921000-6aa00000 ---p 00000000 00:00 0 
6aa00000-6aa21000 rw-p 00000000 00:00 0 
6aa21000-6ab00000 ---p 00000000 00:00 0 
6ab0a000-6ab21000 r-xp 00000000 08:01 3283427    /usr/lib/jvm/java-7-openjdk-i386/jre/lib/i386/libnet.so
6ab21000-6ab22000 r--p 00017000 08:01 3283427    /usr/lib/jvm/java-7-openjdk-i386/jre/lib/i386/libnet.so
6ab22000-6ab23000 rw-p 00018000 08:01 3283427    /usr/lib/jvm/java-7-openjdk-i386/jre/lib/i386/libnet.so
6ab23000-6ab34000 r-xp 00000000 08:01 3283432    /usr/lib/jvm/java-7-openjdk-i386/jre/lib/i386/libnio.so
6ab34000-6ab35000 r--p 00010000 08:01 3283432    /usr/lib/jvm/java-7-openjdk-i386/jre/lib/i386/libnio.so
6ab35000-6ab36000 rw-p 00011000 08:01 3283432    /usr/lib/jvm/java-7-openjdk-i386/jre/lib/i386/libnio.so
6ab36000-6ab7f000 rw-p 00000000 00:00 0 
6ab7f000-6ab80000 ---p 00000000 00:00 0 
6ab80000-6ac00000 rw-p 00000000 00:00 0          [stack:12731]
6ac00000-6ac2e000 rw-p 00000000 00:00 0 
6ac2e000-6ad00000 ---p 00000000 00:00 0 
6ad00000-6ad05000 r-xp 00000000 08:01 3020247    /usr/lib/i386-linux-gnu/libffi.so.6.0.1
6ad05000-6ad06000 r--p 00005000 08:01 3020247    /usr/lib/i386-linux-gnu/libffi.so.6.0.1
6ad06000-6ad07000 rw-p 00006000 08:01 3020247    /usr/lib/i386-linux-gnu/libffi.so.6.0.1
6ad07000-6ad0a000 r-xp 00000000 08:01 3020364    /usr/lib/i386-linux-gnu/libgmodule-2.0.so.0.4000.0
6ad0a000-6ad0b000 r--p 00002000 08:01 3020364    /usr/lib/i386-linux-gnu/libgmodule-2.0.so.0.4000.0
6ad0b000-6ad0c000 rw-p 00003000 08:01 3020364    /usr/lib/i386-linux-gnu/libgmodule-2.0.so.0.4000.0
6ad0c000-6ad67000 rw-p 00000000 00:00 0 
6ad67000-6ad68000 ---p 00000000 00:00 0 
6ad68000-6ade8000 rw-p 00000000 00:00 0          [stack:12730]
6ade8000-6ade9000 ---p 00000000 00:00 0 
6ade9000-6ae71000 rw-p 00000000 00:00 0          [stack:12729]
6ae71000-6aea9000 rw-p 00000000 00:00 0 
6aea9000-6aebe000 rw-p 00000000 00:00 0 
6aebe000-6afff000 rw-p 00000000 00:00 0 
6afff000-6b007000 rw-p 00000000 00:00 0 
6b007000-6b03f000 rw-p 00000000 00:00 0 
6b03f000-6b054000 rw-p 00000000 00:00 0 
6b054000-6b194000 rw-p 00000000 00:00 0 
6b194000-6b1e1000 rw-p 00000000 00:00 0 
6b1e1000-6b23f000 rw-p 00000000 00:00 0 
6b23f000-6c240000 rw-p 00000000 00:00 0 
6c240000-73240000 rw-p 00000000 00:00 0 
73240000-75b00000 rw-p 00000000 00:00 0 
75b00000-9dcc0000 rw-p 00000000 00:00 0 
9dcc0000-a7640000 rw-p 00000000 00:00 0 
a7640000-b3240000 rw-p 00000000 00:00 0 
b3240000-b3249000 rw-p 00000000 00:00 0 
b3249000-b3300000 rw-p 00000000 00:00 0 
b3300000-b3540000 rwxp 00000000 00:00 0 
b3540000-b6400000 rw-p 00000000 00:00 0 
b6410000-b641f000 r--s 000df000 08:01 9175179    /home/rafiqul/Android/Sdk/build-tools/23.0.1/lib/dx.jar
b641f000-b6421000 r--s 00006000 08:01 3412779    /usr/share/java/java-atk-wrapper.jar
b6421000-b6424000 r--s 0000f000 08:01 3412677    /usr/lib/jvm/java-7-openjdk-i386/jre/lib/ext/icedtea-sound.jar
b6424000-b643f000 rw-p 00000000 00:00 0 
b643f000-b644a000 r-xp 00000000 08:01 25035815   /lib/i386-linux-gnu/libnss_files-2.19.so
b644a000-b644b000 r--p 0000a000 08:01 25035815   /lib/i386-linux-gnu/libnss_files-2.19.so
b644b000-b644c000 rw-p 0000b000 08:01 25035815   /lib/i386-linux-gnu/libnss_files-2.19.so
b644c000-b6456000 r-xp 00000000 08:01 25035825   /lib/i386-linux-gnu/libnss_nis-2.19.so
b6456000-b6457000 r--p 00009000 08:01 25035825   /lib/i386-linux-gnu/libnss_nis-2.19.so
b6457000-b6458000 rw-p 0000a000 08:01 25035825   /lib/i386-linux-gnu/libnss_nis-2.19.so
b6458000-b646d000 r-xp 00000000 08:01 25035809   /lib/i386-linux-gnu/libnsl-2.19.so
b646d000-b646e000 r--p 00015000 08:01 25035809   /lib/i386-linux-gnu/libnsl-2.19.so
b646e000-b646f000 rw-p 00016000 08:01 25035809   /lib/i386-linux-gnu/libnsl-2.19.so
b646f000-b6471000 rw-p 00000000 00:00 0 
b6471000-b6478000 r-xp 00000000 08:01 25035811   /lib/i386-linux-gnu/libnss_compat-2.19.so
b6478000-b6479000 r--p 00006000 08:01 25035811   /lib/i386-linux-gnu/libnss_compat-2.19.so
b6479000-b647a000 rw-p 00007000 08:01 25035811   /lib/i386-linux-gnu/libnss_compat-2.19.so
b647a000-b647b000 r--s 00002000 08:01 3412674    /usr/lib/jvm/java-7-openjdk-i386/jre/lib/ext/dnsns.jar
b647b000-b647d000 r--s 00012000 08:01 3412678    /usr/lib/jvm/java-7-openjdk-i386/jre/lib/ext/zipfs.jar
b647d000-b6481000 r--s 00034000 08:01 3412675    /usr/lib/jvm/java-7-openjdk-i386/jre/lib/ext/sunjce_provider.jar
b6481000-b6485000 r--s 00085000 08:01 3412673    /usr/lib/jvm/java-7-openjdk-i386/jre/lib/ext/localedata.jar
b6485000-b6489000 r--s 0003c000 08:01 3412676    /usr/lib/jvm/java-7-openjdk-i386/jre/lib/ext/sunpkcs11.jar
b6489000-b648a000 r--p 00855000 08:01 3022988    /usr/lib/locale/locale-archive
b648a000-b6492000 r-xp 00000000 08:01 3283403    /usr/lib/jvm/java-7-openjdk-i386/jre/lib/i386/libzip.so
b6492000-b6493000 r--p 00007000 08:01 3283403    /usr/lib/jvm/java-7-openjdk-i386/jre/lib/i386/libzip.so
b6493000-b6494000 rw-p 00008000 08:01 3283403    /usr/lib/jvm/java-7-openjdk-i386/jre/lib/i386/libzip.so
b6494000-b64bb000 r-xp 00000000 08:01 3283435    /usr/lib/jvm/java-7-openjdk-i386/jre/lib/i386/libjava.so
b64bb000-b64bc000 r--p 00026000 08:01 3283435    /usr/lib/jvm/java-7-openjdk-i386/jre/lib/i386/libjava.so
b64bc000-b64bd000 rw-p 00027000 08:01 3283435    /usr/lib/jvm/java-7-openjdk-i386/jre/lib/i386/libjava.so
b64bd000-b64c4000 r-xp 00000000 08:01 25035868   /lib/i386-linux-gnu/librt-2.19.so
b64c4000-b64c5000 r--p 00006000 08:01 25035868   /lib/i386-linux-gnu/librt-2.19.so
b64c5000-b64c6000 rw-p 00007000 08:01 25035868   /lib/i386-linux-gnu/librt-2.19.so
b64c6000-b64c9000 ---p 00000000 00:00 0 
b64c9000-b6517000 rw-p 00000000 00:00 0          [stack:12723]
b6517000-b6533000 r-xp 00000000 08:01 25035767   /lib/i386-linux-gnu/libgcc_s.so.1
b6533000-b6534000 rw-p 0001b000 08:01 25035767   /lib/i386-linux-gnu/libgcc_s.so.1
b6534000-b6578000 r-xp 00000000 08:01 25035790   /lib/i386-linux-gnu/libm-2.19.so
b6578000-b6579000 r--p 00043000 08:01 25035790   /lib/i386-linux-gnu/libm-2.19.so
b6579000-b657a000 rw-p 00044000 08:01 25035790   /lib/i386-linux-gnu/libm-2.19.so
b657a000-b6656000 r-xp 00000000 08:01 3018897    /usr/lib/i386-linux-gnu/libstdc++.so.6.0.19
b6656000-b665a000 r--p 000dc000 08:01 3018897    /usr/lib/i386-linux-gnu/libstdc++.so.6.0.19
b665a000-b665b000 rw-p 000e0000 08:01 3018897    /usr/lib/i386-linux-gnu/libstdc++.so.6.0.19
b665b000-b6662000 rw-p 00000000 00:00 0 
b6662000-b7051000 r-xp 00000000 08:01 3412663    /usr/lib/jvm/java-7-openjdk-i386/jre/lib/i386/server/libjvm.so
b7051000-b70a3000 r--p 009ee000 08:01 3412663    /usr/lib/jvm/java-7-openjdk-i386/jre/lib/i386/server/libjvm.so
b70a3000-b70b7000 rw-p 00a40000 08:01 3412663    /usr/lib/jvm/java-7-openjdk-i386/jre/lib/i386/server/libjvm.so
b70b7000-b74d5000 rw-p 00000000 00:00 0 
b74d5000-b74ed000 r-xp 00000000 08:01 25035903   /lib/i386-linux-gnu/libz.so.1.2.8
b74ed000-b74ee000 r--p 00017000 08:01 25035903   /lib/i386-linux-gnu/libz.so.1.2.8
b74ee000-b74ef000 rw-p 00018000 08:01 25035903   /lib/i386-linux-gnu/libz.so.1.2.8
b74ef000-b7507000 r-xp 00000000 08:01 25035860   /lib/i386-linux-gnu/libpthread-2.19.so
b7507000-b7508000 r--p 00017000 08:01 25035860   /lib/i386-linux-gnu/libpthread-2.19.so
b7508000-b7509000 rw-p 00018000 08:01 25035860   /lib/i386-linux-gnu/libpthread-2.19.so
b7509000-b750b000 rw-p 00000000 00:00 0 
b750b000-b750e000 r-xp 00000000 08:01 25035757   /lib/i386-linux-gnu/libdl-2.19.so
b750e000-b750f000 r--p 00002000 08:01 25035757   /lib/i386-linux-gnu/libdl-2.19.so
b750f000-b7510000 rw-p 00003000 08:01 25035757   /lib/i386-linux-gnu/libdl-2.19.so
b7510000-b76b9000 r-xp 00000000 08:01 25035740   /lib/i386-linux-gnu/libc-2.19.so
b76b9000-b76bb000 r--p 001a9000 08:01 25035740   /lib/i386-linux-gnu/libc-2.19.so
b76bb000-b76bc000 rw-p 001ab000 08:01 25035740   /lib/i386-linux-gnu/libc-2.19.so
b76bc000-b76bf000 rw-p 00000000 00:00 0 
b76bf000-b76c7000 rw-s 00000000 08:01 16646438   /tmp/hsperfdata_rafiqul/12713
b76c7000-b76c8000 rw-p 00000000 00:00 0 
b76c8000-b76c9000 r--p 00000000 00:00 0 
b76c9000-b76d7000 r-xp 00000000 08:01 3283418    /usr/lib/jvm/java-7-openjdk-i386/jre/lib/i386/libverify.so
b76d7000-b76d8000 r--p 0000d000 08:01 3283418    /usr/lib/jvm/java-7-openjdk-i386/jre/lib/i386/libverify.so
b76d8000-b76d9000 rw-p 0000e000 08:01 3283418    /usr/lib/jvm/java-7-openjdk-i386/jre/lib/i386/libverify.so
b76d9000-b76e5000 r-xp 00000000 08:01 3283406    /usr/lib/jvm/java-7-openjdk-i386/jre/lib/i386/jli/libjli.so
b76e5000-b76e6000 r--p 0000c000 08:01 3283406    /usr/lib/jvm/java-7-openjdk-i386/jre/lib/i386/jli/libjli.so
b76e6000-b76e7000 rw-p 0000d000 08:01 3283406    /usr/lib/jvm/java-7-openjdk-i386/jre/lib/i386/jli/libjli.so
b76e7000-b76ea000 rw-p 00000000 00:00 0 
b76ea000-b76eb000 r-xp 00000000 00:00 0          [vdso]
b76eb000-b770b000 r-xp 00000000 08:01 25035716   /lib/i386-linux-gnu/ld-2.19.so
b770b000-b770c000 r--p 0001f000 08:01 25035716   /lib/i386-linux-gnu/ld-2.19.so
b770c000-b770d000 rw-p 00020000 08:01 25035716   /lib/i386-linux-gnu/ld-2.19.so
bfd6b000-bfd6c000 rwxp 00000000 00:00 0 
bfd9e000-bfdbf000 rw-p 00000000 00:00 0          [stack]

VM Arguments:
jvm_args: -Xmx1024M -Dfile.encoding=UTF-8 -Duser.country=US -Duser.language=en -Duser.variant 
java_command: com.android.dx.command.Main --dex --num-threads=4 --output /home/rafiqul/Documents/Software Engineering Project/spring2016_s1_cse404/AssetTrackingSystem__Android_Platform/app/build/intermediates/pre-dexed/debug/org.jbundle.util.osgi.wrapped.org.apache.http.client-4.1.2-1315d138d26fdc949150c66cbf27b7b2c42b54fa.jar /home/rafiqul/.gradle/caches/modules-2/files-2.1/org.jbundle.util.osgi.wrapped/org.jbundle.util.osgi.wrapped.org.apache.http.client/4.1.2/98c86e42679fe7ac066f6c242e0d14f0bce0bb7c/org.jbundle.util.osgi.wrapped.org.apache.http.client-4.1.2.jar
Launcher Type: SUN_STANDARD

Environment Variables:
JAVA_HOME=/usr/lib/jvm/java-8-oracle
PATH=/usr/local/sbin:/usr/local/bin:/usr/sbin:/usr/bin:/sbin:/bin:/usr/games:/usr/local/games:/usr/lib/jvm/java-8-oracle/bin:/usr/lib/jvm/java-8-oracle/db/bin:/usr/lib/jvm/java-8-oracle/jre/bin
LD_LIBRARY_PATH=/home/rafiqul/android-studio/bin:
SHELL=/bin/bash
DISPLAY=:0

Signal Handlers:
SIGSEGV: [libjvm.so+0x80cb90], sa_mask[0]=0x7ffbfeff, sa_flags=0x10000004
SIGBUS: [libjvm.so+0x80cb90], sa_mask[0]=0x7ffbfeff, sa_flags=0x10000004
SIGFPE: [libjvm.so+0x684e30], sa_mask[0]=0x7ffbfeff, sa_flags=0x10000004
SIGPIPE: [libjvm.so+0x684e30], sa_mask[0]=0x7ffbfeff, sa_flags=0x10000004
SIGXFSZ: [libjvm.so+0x684e30], sa_mask[0]=0x7ffbfeff, sa_flags=0x10000004
SIGILL: [libjvm.so+0x684e30], sa_mask[0]=0x7ffbfeff, sa_flags=0x10000004
SIGUSR1: SIG_DFL, sa_mask[0]=0x00000000, sa_flags=0x00000000
SIGUSR2: [libjvm.so+0x684cc0], sa_mask[0]=0x00000004, sa_flags=0x10000004
SIGHUP: [libjvm.so+0x684ef0], sa_mask[0]=0x7ffbfeff, sa_flags=0x10000004
SIGINT: [libjvm.so+0x684ef0], sa_mask[0]=0x7ffbfeff, sa_flags=0x10000004
SIGTERM: [libjvm.so+0x684ef0], sa_mask[0]=0x7ffbfeff, sa_flags=0x10000004
SIGQUIT: [libjvm.so+0x684ef0], sa_mask[0]=0x7ffbfeff, sa_flags=0x10000004
SIGTRAP: SIG_DFL, sa_mask[0]=0x00000000, sa_flags=0x00000000


---------------  S Y S T E M  ---------------

OS:Ubuntu 14.04 (trusty)
uname:Linux 3.13.0-24-generic #46-Ubuntu SMP Thu Apr 10 19:08:14 UTC 2014 i686
libc:glibc 2.19 NPTL 2.19 
rlimit: STACK 8192k, CORE 0k, NPROC 31106, NOFILE 4096, AS infinity
load average:15.77 8.96 4.49

/proc/meminfo:
MemTotal:        4000684 kB
MemFree:          544700 kB
Buffers:            1908 kB
Cached:           449840 kB
SwapCached:            0 kB
Active:          2895692 kB
Inactive:         439880 kB
Active(anon):    2891968 kB
Inactive(anon):   376336 kB
Active(file):       3724 kB
Inactive(file):    63544 kB
Unevictable:          48 kB
Mlocked:              48 kB
HighTotal:       3155716 kB
HighFree:         347176 kB
LowTotal:         844968 kB
LowFree:          197524 kB
SwapTotal:             0 kB
SwapFree:              0 kB
Dirty:               316 kB
Writeback:             0 kB
AnonPages:       2884252 kB
Mapped:           158992 kB
Shmem:            383964 kB
Slab:              47800 kB
SReclaimable:      20568 kB
SUnreclaim:        27232 kB
KernelStack:        5776 kB
PageTables:        18808 kB
NFS_Unstable:          0 kB
Bounce:              412 kB
WritebackTmp:          0 kB
CommitLimit:     2000340 kB
Committed_AS:    8586048 kB
VmallocTotal:     122880 kB
VmallocUsed:       16996 kB
VmallocChunk:      97920 kB
HardwareCorrupted:     0 kB
AnonHugePages:   1318912 kB
HugePages_Total:       0
HugePages_Free:        0
HugePages_Rsvd:        0
HugePages_Surp:        0
Hugepagesize:       2048 kB
DirectMap4k:       71672 kB
DirectMap2M:      839680 kB


CPU:total 4 (2 cores per cpu, 2 threads per core) family 6 model 58 stepping 9, cmov, cx8, fxsr, mmx, sse, sse2, sse3, ssse3, sse4.1, sse4.2, popcnt, avx, erms, ht, tsc, tscinvbit, tscinv

/proc/cpuinfo:
processor	: 0
vendor_id	: GenuineIntel
cpu family	: 6
model		: 58
model name	: Intel(R) Core(TM) i3-3217U CPU @ 1.80GHz
stepping	: 9
microcode	: 0x15
cpu MHz		: 1801.000
cache size	: 3072 KB
physical id	: 0
siblings	: 4
core id		: 0
cpu cores	: 2
apicid		: 0
initial apicid	: 0
fdiv_bug	: no
f00f_bug	: no
coma_bug	: no
fpu		: yes
fpu_exception	: yes
cpuid level	: 13
wp		: yes
flags		: fpu vme de pse tsc msr pae mce cx8 apic sep mtrr pge mca cmov pat pse36 clflush dts acpi mmx fxsr sse sse2 ss ht tm pbe nx rdtscp lm constant_tsc arch_perfmon pebs bts xtopology nonstop_tsc aperfmperf eagerfpu pni pclmulqdq dtes64 monitor ds_cpl vmx est tm2 ssse3 cx16 xtpr pdcm pcid sse4_1 sse4_2 x2apic popcnt tsc_deadline_timer xsave avx f16c lahf_lm ida arat epb xsaveopt pln pts dtherm tpr_shadow vnmi flexpriority ept vpid fsgsbase smep erms
bogomips	: 3591.98
clflush size	: 64
cache_alignment	: 64
address sizes	: 36 bits physical, 48 bits virtual
power management:

processor	: 1
vendor_id	: GenuineIntel
cpu family	: 6
model		: 58
model name	: Intel(R) Core(TM) i3-3217U CPU @ 1.80GHz
stepping	: 9
microcode	: 0x15
cpu MHz		: 1801.000
cache size	: 3072 KB
physical id	: 0
siblings	: 4
core id		: 0
cpu cores	: 2
apicid		: 1
initial apicid	: 1
fdiv_bug	: no
f00f_bug	: no
coma_bug	: no
fpu		: yes
fpu_exception	: yes
cpuid level	: 13
wp		: yes
flags		: fpu vme de pse tsc msr pae mce cx8 apic sep mtrr pge mca cmov pat pse36 clflush dts acpi mmx fxsr sse sse2 ss ht tm pbe nx rdtscp lm constant_tsc arch_perfmon pebs bts xtopology nonstop_tsc aperfmperf eagerfpu pni pclmulqdq dtes64 monitor ds_cpl vmx est tm2 ssse3 cx16 xtpr pdcm pcid sse4_1 sse4_2 x2apic popcnt tsc_deadline_timer xsave avx f16c lahf_lm ida arat epb xsaveopt pln pts dtherm tpr_shadow vnmi flexpriority ept vpid fsgsbase smep erms
bogomips	: 3591.98
clflush size	: 64
cache_alignment	: 64
address sizes	: 36 bits physical, 48 bits virtual
power management:

processor	: 2
vendor_id	: GenuineIntel
cpu family	: 6
model		: 58
model name	: Intel(R) Core(TM) i3-3217U CPU @ 1.80GHz
stepping	: 9
microcode	: 0x15
cpu MHz		: 1801.000
cache size	: 3072 KB
physical id	: 0
siblings	: 4
core id		: 1
cpu cores	: 2
apicid		: 2
initial apicid	: 2
fdiv_bug	: no
f00f_bug	: no
coma_bug	: no
fpu		: yes
fpu_exception	: yes
cpuid level	: 13
wp		: yes
flags		: fpu vme de pse tsc msr pae mce cx8 apic sep mtrr pge mca cmov pat pse36 clflush dts acpi mmx fxsr sse sse2 ss ht tm pbe nx rdtscp lm constant_tsc arch_perfmon pebs bts xtopology nonstop_tsc aperfmperf eagerfpu pni pclmulqdq dtes64 monitor ds_cpl vmx est tm2 ssse3 cx16 xtpr pdcm pcid sse4_1 sse4_2 x2apic popcnt tsc_deadline_timer xsave avx f16c lahf_lm ida arat epb xsaveopt pln pts dtherm tpr_shadow vnmi flexpriority ept vpid fsgsbase smep erms
bogomips	: 3591.98
clflush size	: 64
cache_alignment	: 64
address sizes	: 36 bits physical, 48 bits virtual
power management:

processor	: 3
vendor_id	: GenuineIntel
cpu family	: 6
model		: 58
model name	: Intel(R) Core(TM) i3-3217U CPU @ 1.80GHz
stepping	: 9
microcode	: 0x15
cpu MHz		: 1801.000
cache size	: 3072 KB
physical id	: 0
siblings	: 4
core id		: 1
cpu cores	: 2
apicid		: 3
initial apicid	: 3
fdiv_bug	: no
f00f_bug	: no
coma_bug	: no
fpu		: yes
fpu_exception	: yes
cpuid level	: 13
wp		: yes
flags		: fpu vme de pse tsc msr pae mce cx8 apic sep mtrr pge mca cmov pat pse36 clflush dts acpi mmx fxsr sse sse2 ss ht tm pbe nx rdtscp lm constant_tsc arch_perfmon pebs bts xtopology nonstop_tsc aperfmperf eagerfpu pni pclmulqdq dtes64 monitor ds_cpl vmx est tm2 ssse3 cx16 xtpr pdcm pcid sse4_1 sse4_2 x2apic popcnt tsc_deadline_timer xsave avx f16c lahf_lm ida arat epb xsaveopt pln pts dtherm tpr_shadow vnmi flexpriority ept vpid fsgsbase smep erms
bogomips	: 3591.98
clflush size	: 64
cache_alignment	: 64
address sizes	: 36 bits physical, 48 bits virtual
power management:



Memory: 4k page, physical 4000684k(544700k free), swap 0k(0k free)

vm_info: OpenJDK Server VM (24.79-b02) for linux-x86 JRE (1.7.0_79-b14), built on Jul 24 2015 08:25:15 by "buildd" with gcc 4.8.2

time: Mon Apr 18 00:39:38 2016
elapsed time: 37 seconds

