#
# There is insufficient memory for the Java Runtime Environment to continue.
# Native memory allocation (malloc) failed to allocate 604392 bytes for Chunk::new
# Possible reasons:
#   The system is out of physical RAM or swap space
#   In 32 bit mode, the process size limit was hit
# Possible solutions:
#   Reduce memory load on the system
#   Increase physical memory or swap space
#   Check if swap backing store is full
#   Use 64 bit Java on a 64 bit OS
#   Decrease Java heap size (-Xmx/-Xms)
#   Decrease number of Java threads
#   Decrease Java thread stack sizes (-Xss)
#   Set larger code cache with -XX:ReservedCodeCacheSize=
# This output file may be truncated or incomplete.
#
#  Out of Memory Error (allocation.cpp:326), pid=12704, tid=1735248704
#
# JRE version: OpenJDK Runtime Environment (7.0_79-b14) (build 1.7.0_79-b14)
# Java VM: OpenJDK Server VM (24.79-b02 mixed mode linux-x86 )
# Derivative: IcedTea 2.5.6
# Distribution: Ubuntu 14.04 LTS, package 7u79-2.5.6-0ubuntu1.14.04.1
# Failed to write core dump. Core dumps have been disabled. To enable core dumping, try "ulimit -c unlimited" before starting Java again
#

---------------  T H R E A D  ---------------

Current thread (0x67c9a400):  JavaThread "C2 CompilerThread1" daemon [_thread_in_native, id=12770, stack(0x6765c000,0x676dd000)]

Stack: [0x6765c000,0x676dd000]

Current CompileTask:
C2:  33321  370   !         com.android.dx.cf.cst.ConstantPoolParser::parse0 (731 bytes)


---------------  P R O C E S S  ---------------

Java Threads: ( => current thread )
  0x6746bc00 JavaThread "pool-1-thread-4" [_thread_blocked, id=12789, stack(0x66f7d000,0x66fce000)]
  0x67468000 JavaThread "pool-1-thread-3" [_thread_blocked, id=12786, stack(0x66fce000,0x6701f000)]
  0x67466400 JavaThread "pool-1-thread-2" [_thread_blocked, id=12784, stack(0x6701f000,0x67070000)]
  0x67464c00 JavaThread "pool-2-thread-1" [_thread_blocked, id=12783, stack(0x67070000,0x670c1000)]
  0x67463800 JavaThread "pool-1-thread-1" [_thread_blocked, id=12779, stack(0x670c1000,0x67112000)]
  0x67c9c000 JavaThread "Service Thread" daemon [_thread_blocked, id=12771, stack(0x6760b000,0x6765c000)]
=>0x67c9a400 JavaThread "C2 CompilerThread1" daemon [_thread_in_native, id=12770, stack(0x6765c000,0x676dd000)]
  0x67c98400 JavaThread "C2 CompilerThread0" daemon [_thread_blocked, id=12767, stack(0x676dd000,0x6775e000)]
  0x67c96800 JavaThread "Signal Dispatcher" daemon [_thread_blocked, id=12764, stack(0x6775e000,0x677af000)]
  0x67c84800 JavaThread "Finalizer" daemon [_thread_blocked, id=12752, stack(0x679af000,0x67a00000)]
  0x67c83000 JavaThread "Reference Handler" daemon [_thread_blocked, id=12751, stack(0x6a92e000,0x6a97f000)]
  0xb6407c00 JavaThread "main" [_thread_blocked, id=12721, stack(0xb659d000,0xb65ee000)]

Other Threads:
  0x67c80400 VMThread [stack: 0x67d4e000,0x67dcf000] [id=12744]
  0x67c9e000 WatcherThread [stack: 0x6758a000,0x6760b000] [id=12772]

VM state:at safepoint (normal execution)

VM Mutex/Monitor currently owned by a thread:  ([mutex/lock_event])
[0xb6405350] Threads_lock - owner thread: 0x67c80400
[0xb6405760] Heap_lock - owner thread: 0x67466400

Heap
 PSYoungGen      total 135936K, used 135930K [0x9ddc0000, 0xa7bc0000, 0xb3340000)
  eden space 121600K, 100% used [0x9ddc0000,0xa5480000,0xa5480000)
  from space 14336K, 99% used [0xa6640000,0xa743e858,0xa7440000)
  to   space 18176K, 99% used [0xa5480000,0xa663fea0,0xa6640000)
 ParOldGen       total 41728K, used 41504K [0x73340000, 0x75c00000, 0x9ddc0000)
  object space 41728K, 99% used [0x73340000,0x75bc8348,0x75c00000)
 PSPermGen       total 16384K, used 4224K [0x6b340000, 0x6c340000, 0x73340000)
  object space 16384K, 25% used [0x6b340000,0x6b760090,0x6c340000)

Card table byte_map: [0x6b0ff000,0x6b340000] byte_map_base: 0x6ada5600

Polling page: 0xb779f000

Code Cache  [0xb3400000, 0xb3640000, 0xb6400000)
 total_blobs=535 nmethods=412 adapters=76 free_code_cache=47616Kb largest_free_block=48735808

Compilation events (10 events):
Event: 31.997 Thread 0x67c98400 nmethod 416 0xb357cec8 code [0xb357d340, 0xb357f318]
Event: 31.997 Thread 0x67c98400  417             com.android.dx.ssa.SsaRenamer$BlockRenamer::<init> (72 bytes)
Event: 32.040 Thread 0x67c98400 nmethod 417 0xb34f2688 code [0xb34f27c0, 0xb34f2b70]
Event: 32.041 Thread 0x67c98400  418             java.lang.Long::numberOfTrailingZeros (116 bytes)
Event: 32.042 Thread 0x67c98400 nmethod 418 0xb34f2f48 code [0xb34f3020, 0xb34f30d0]
Event: 32.042 Thread 0x67c98400  419             com.android.dx.ssa.SsaRenamer$BlockRenamer$RenamingMapper::<init> (10 bytes)
Event: 32.043 Thread 0x67c98400 nmethod 419 0xb34f2dc8 code [0xb34f2ea0, 0xb34f2ef0]
Event: 32.043 Thread 0x67c98400  420             com.android.dx.ssa.SsaConverter::needsNewSuccessor (53 bytes)
Event: 32.059 Thread 0x67c98400 nmethod 420 0xb34f2048 code [0xb34f2160, 0xb34f2350]
Event: 32.059 Thread 0x67c98400  421             com.android.dx.ssa.SsaConverter::edgeSplitPredecessors (44 bytes)

GC Heap History (10 events):
Event: 8.338 GC heap before
{Heap before GC invocations=4 (full 0):
 PSYoungGen      total 18432K, used 18421K [0x9ddc0000, 0xa01c0000, 0xb3340000)
  eden space 15872K, 100% used [0x9ddc0000,0x9ed40000,0x9ed40000)
  from space 2560K, 99% used [0x9ed40000,0x9efbd6b0,0x9efc0000)
  to   space 2560K, 0% used [0x9ff40000,0x9ff40000,0xa01c0000)
 ParOldGen       total 41728K, used 7544K [0x73340000, 0x75c00000, 0x9ddc0000)
  object space 41728K, 18% used [0x73340000,0x73a9e238,0x75c00000)
 PSPermGen       total 16384K, used 4108K [0x6b340000, 0x6c340000, 0x73340000)
  object space 16384K, 25% used [0x6b340000,0x6b7433c0,0x6c340000)
Event: 8.400 GC heap after
Heap after GC invocations=4 (full 0):
 PSYoungGen      total 34304K, used 2557K [0x9ddc0000, 0xa01c0000, 0xb3340000)
  eden space 31744K, 0% used [0x9ddc0000,0x9ddc0000,0x9fcc0000)
  from space 2560K, 99% used [0x9ff40000,0xa01bf6a0,0xa01c0000)
  to   space 2560K, 0% used [0x9fcc0000,0x9fcc0000,0x9ff40000)
 ParOldGen       total 41728K, used 10722K [0x73340000, 0x75c00000, 0x9ddc0000)
  object space 41728K, 25% used [0x73340000,0x73db89c0,0x75c00000)
 PSPermGen       total 16384K, used 4108K [0x6b340000, 0x6c340000, 0x73340000)
  object space 16384K, 25% used [0x6b340000,0x6b7433c0,0x6c340000)
}
Event: 12.089 GC heap before
{Heap before GC invocations=5 (full 0):
 PSYoungGen      total 34304K, used 34301K [0x9ddc0000, 0xa01c0000, 0xb3340000)
  eden space 31744K, 100% used [0x9ddc0000,0x9fcc0000,0x9fcc0000)
  from space 2560K, 99% used [0x9ff40000,0xa01bf6a0,0xa01c0000)
  to   space 2560K, 0% used [0x9fcc0000,0x9fcc0000,0x9ff40000)
 ParOldGen       total 41728K, used 10722K [0x73340000, 0x75c00000, 0x9ddc0000)
  object space 41728K, 25% used [0x73340000,0x73db89c0,0x75c00000)
 PSPermGen       total 16384K, used 4126K [0x6b340000, 0x6c340000, 0x73340000)
  object space 16384K, 25% used [0x6b340000,0x6b747890,0x6c340000)
Event: 12.287 GC heap after
Heap after GC invocations=5 (full 0):
 PSYoungGen      total 34304K, used 2548K [0x9ddc0000, 0xa2c40000, 0xb3340000)
  eden space 31744K, 0% used [0x9ddc0000,0x9ddc0000,0x9fcc0000)
  from space 2560K, 99% used [0x9fcc0000,0x9ff3d330,0x9ff40000)
  to   space 8448K, 0% used [0xa2400000,0xa2400000,0xa2c40000)
 ParOldGen       total 41728K, used 16518K [0x73340000, 0x75c00000, 0x9ddc0000)
  object space 41728K, 39% used [0x73340000,0x74361930,0x75c00000)
 PSPermGen       total 16384K, used 4126K [0x6b340000, 0x6c340000, 0x73340000)
  object space 16384K, 25% used [0x6b340000,0x6b747890,0x6c340000)
}
Event: 15.357 GC heap before
{Heap before GC invocations=6 (full 0):
 PSYoungGen      total 34304K, used 34292K [0x9ddc0000, 0xa2c40000, 0xb3340000)
  eden space 31744K, 100% used [0x9ddc0000,0x9fcc0000,0x9fcc0000)
  from space 2560K, 99% used [0x9fcc0000,0x9ff3d330,0x9ff40000)
  to   space 8448K, 0% used [0xa2400000,0xa2400000,0xa2c40000)
 ParOldGen       total 41728K, used 16518K [0x73340000, 0x75c00000, 0x9ddc0000)
  object space 41728K, 39% used [0x73340000,0x74361930,0x75c00000)
 PSPermGen       total 16384K, used 4142K [0x6b340000, 0x6c340000, 0x73340000)
  object space 16384K, 25% used [0x6b340000,0x6b74bae0,0x6c340000)
Event: 15.503 GC heap after
Heap after GC invocations=6 (full 0):
 PSYoungGen      total 71168K, used 8017K [0x9ddc0000, 0xa2dc0000, 0xb3340000)
  eden space 62720K, 0% used [0x9ddc0000,0x9ddc0000,0xa1b00000)
  from space 8448K, 94% used [0xa2400000,0xa2bd4780,0xa2c40000)
  to   space 9216K, 0% used [0xa1b00000,0xa1b00000,0xa2400000)
 ParOldGen       total 41728K, used 16518K [0x73340000, 0x75c00000, 0x9ddc0000)
  object space 41728K, 39% used [0x73340000,0x74361930,0x75c00000)
 PSPermGen       total 16384K, used 4142K [0x6b340000, 0x6c340000, 0x73340000)
  object space 16384K, 25% used [0x6b340000,0x6b74bae0,0x6c340000)
}
Event: 21.128 GC heap before
{Heap before GC invocations=7 (full 0):
 PSYoungGen      total 71168K, used 70737K [0x9ddc0000, 0xa2dc0000, 0xb3340000)
  eden space 62720K, 100% used [0x9ddc0000,0xa1b00000,0xa1b00000)
  from space 8448K, 94% used [0xa2400000,0xa2bd4780,0xa2c40000)
  to   space 9216K, 0% used [0xa1b00000,0xa1b00000,0xa2400000)
 ParOldGen       total 41728K, used 16518K [0x73340000, 0x75c00000, 0x9ddc0000)
  object space 41728K, 39% used [0x73340000,0x74361930,0x75c00000)
 PSPermGen       total 16384K, used 4164K [0x6b340000, 0x6c340000, 0x73340000)
  object space 16384K, 25% used [0x6b340000,0x6b7513f8,0x6c340000)
Event: 25.205 GC heap after
Heap after GC invocations=7 (full 0):
 PSYoungGen      total 71936K, used 9212K [0x9ddc0000, 0xa7440000, 0xb3340000)
  eden space 62720K, 0% used [0x9ddc0000,0x9ddc0000,0xa1b00000)
  from space 9216K, 99% used [0xa1b00000,0xa23ff1b8,0xa2400000)
  to   space 14336K, 0% used [0xa6640000,0xa6640000,0xa7440000)
 ParOldGen       total 41728K, used 24386K [0x73340000, 0x75c00000, 0x9ddc0000)
  object space 41728K, 58% used [0x73340000,0x74b10950,0x75c00000)
 PSPermGen       total 16384K, used 4164K [0x6b340000, 0x6c340000, 0x73340000)
  object space 16384K, 25% used [0x6b340000,0x6b7513f8,0x6c340000)
}
Event: 27.195 GC heap before
{Heap before GC invocations=8 (full 0):
 PSYoungGen      total 71936K, used 71932K [0x9ddc0000, 0xa7440000, 0xb3340000)
  eden space 62720K, 100% used [0x9ddc0000,0xa1b00000,0xa1b00000)
  from space 9216K, 99% used [0xa1b00000,0xa23ff1b8,0xa2400000)
  to   space 14336K, 0% used [0xa6640000,0xa6640000,0xa7440000)
 ParOldGen       total 41728K, used 24386K [0x73340000, 0x75c00000, 0x9ddc0000)
  object space 41728K, 58% used [0x73340000,0x74b10950,0x75c00000)
 PSPermGen       total 16384K, used 4182K [0x6b340000, 0x6c340000, 0x73340000)
  object space 16384K, 25% used [0x6b340000,0x6b755988,0x6c340000)
Event: 27.274 GC heap after
Heap after GC invocations=8 (full 0):
 PSYoungGen      total 135936K, used 14330K [0x9ddc0000, 0xa7bc0000, 0xb3340000)
  eden space 121600K, 0% used [0x9ddc0000,0x9ddc0000,0xa5480000)
  from space 14336K, 99% used [0xa6640000,0xa743e858,0xa7440000)
  to   space 18176K, 0% used [0xa5480000,0xa5480000,0xa6640000)
 ParOldGen       total 41728K, used 28413K [0x73340000, 0x75c00000, 0x9ddc0000)
  object space 41728K, 68% used [0x73340000,0x74eff5a0,0x75c00000)
 PSPermGen       total 16384K, used 4182K [0x6b340000, 0x6c340000, 0x73340000)
  object space 16384K, 25% used [0x6b340000,0x6b755988,0x6c340000)
}

Deoptimization events (10 events):
Event: 11.271 Thread 0x67463800 Uncommon trap: reason=unreached action=reinterpret pc=0xb34c31b8 method=com.android.dx.rop.code.LocalVariableExtractor.processBlock(I)V @ 195
Event: 12.667 Thread 0x67466400 Uncommon trap: reason=null_check action=make_not_entrant pc=0xb346c850 method=com.android.dx.rop.type.Type.equals(Ljava/lang/Object;)Z @ 8
Event: 12.928 Thread 0x67468000 Uncommon trap: reason=unreached action=reinterpret pc=0xb34c9824 method=com.android.dx.ssa.SCCP.simulateBranch(Lcom/android/dx/ssa/SsaInsn;)V @ 132
Event: 12.931 Thread 0x67468000 Uncommon trap: reason=unreached action=reinterpret pc=0xb34b2f7c method=com.android.dx.ssa.SsaMethod.updateOneDefinition(Lcom/android/dx/ssa/SsaInsn;Lcom/android/dx/rop/code/RegisterSpec;)V @ 4
Event: 20.328 Thread 0x6746bc00 Uncommon trap: reason=null_check action=make_not_entrant pc=0xb34f217c method=com.android.dx.cf.code.Ropper$CatchInfo.getSetup(Lcom/android/dx/rop/type/Type;)Lcom/android/dx/cf/code/Ropper$ExceptionHandlerSetup; @ 10
Event: 30.348 Thread 0x6746bc00 Uncommon trap: reason=bimorphic action=maybe_recompile pc=0xb354f400 method=com.android.dx.cf.code.BytecodeArray.parseInstruction(ILcom/android/dx/cf/code/BytecodeArray$Visitor;)I @ 971
Event: 30.355 Thread 0x6746bc00 Uncommon trap: reason=bimorphic action=maybe_recompile pc=0xb354ded4 method=com.android.dx.cf.code.BytecodeArray.parseInstruction(ILcom/android/dx/cf/code/BytecodeArray$Visitor;)I @ 987
Event: 30.356 Thread 0x6746bc00 Uncommon trap: reason=bimorphic action=maybe_recompile pc=0xb354e0d8 method=com.android.dx.cf.code.BytecodeArray.parseInstruction(ILcom/android/dx/cf/code/BytecodeArray$Visitor;)I @ 1051
Event: 30.356 Thread 0x6746bc00 Uncommon trap: reason=bimorphic action=maybe_recompile pc=0xb354e0d8 method=com.android.dx.cf.code.BytecodeArray.parseInstruction(ILcom/android/dx/cf/code/BytecodeArray$Visitor;)I @ 1051
Event: 32.195 Thread 0xb6407c00 Uncommon trap: reason=class_check action=maybe_recompile pc=0xb351aad4 method=com.android.dx.ssa.SCCP.replaceConstants()V @ 127

Internal exceptions (10 events):
Event: 2.100 Thread 0x6746bc00 Threw 0x9e8bf678 at /build/openjdk-7-OXg_HK/openjdk-7-7u79-2.5.6/build/openjdk/hotspot/src/share/vm/prims/jvm.cpp:1284
Event: 2.633 Thread 0x67468000 Threw 0x9ed1ecc0 at /build/openjdk-7-OXg_HK/openjdk-7-7u79-2.5.6/build/openjdk/hotspot/src/share/vm/prims/jvm.cpp:1284
Event: 2.822 Thread 0x67463800 Threw 0x9def5ce0 at /build/openjdk-7-OXg_HK/openjdk-7-7u79-2.5.6/build/openjdk/hotspot/src/share/vm/prims/jvm.cpp:1284
Event: 3.173 Thread 0xb6407c00 Implicit null exception at 0xb34699a2 to 0xb3469f91
Event: 7.890 Thread 0x67466400 Implicit null exception at 0xb34a2965 to 0xb34a3c25
Event: 9.203 Thread 0x67466400 Threw 0x9e4b20d0 at /build/openjdk-7-OXg_HK/openjdk-7-7u79-2.5.6/build/openjdk/hotspot/src/share/vm/prims/jvm.cpp:1284
Event: 12.667 Thread 0x67466400 Implicit null exception at 0xb346c76b to 0xb346c842
Event: 12.930 Thread 0x67468000 Threw 0x9e541778 at /build/openjdk-7-OXg_HK/openjdk-7-7u79-2.5.6/build/openjdk/hotspot/src/share/vm/prims/jvm.cpp:1284
Event: 16.742 Thread 0xb6407c00 Threw 0x9ea18948 at /build/openjdk-7-OXg_HK/openjdk-7-7u79-2.5.6/build/openjdk/hotspot/src/share/vm/prims/jvm.cpp:1284
Event: 20.170 Thread 0x6746bc00 Implicit null exception at 0xb34eed70 to 0xb34f2141

Events (10 events):
Event: 30.356 Thread 0x6746bc00 DEOPT PACKING pc=0xb354e0d8 sp=0x66fccaa0
Event: 30.356 Thread 0x6746bc00 DEOPT UNPACKING pc=0xb342cbc8 sp=0x66fccaa4 mode 2
Event: 30.611 Thread 0x67c98400 flushing nmethod 0xb346c648
Event: 30.683 Thread 0x67c98400 flushing nmethod 0xb34b2e48
Event: 30.685 Thread 0x67c98400 flushing nmethod 0xb34c7288
Event: 30.689 Thread 0x67c98400 flushing nmethod 0xb34ec688
Event: 32.144 Thread 0xb6407c00 Uncommon trap: trap_request=0xffffffde fr.pc=0xb351aad4
Event: 32.195 Thread 0xb6407c00 DEOPT PACKING pc=0xb351aad4 sp=0xb65ec860
Event: 32.248 Executing VM operation: ParallelGCFailedAllocation
Event: 32.279 Thread 0xb6407c00 DEOPT UNPACKING pc=0xb342cbc8 sp=0xb65ec81c mode 2


Dynamic libraries:
08048000-08049000 r-xp 00000000 08:01 3412725    /usr/lib/jvm/java-7-openjdk-i386/jre/bin/java
08049000-0804a000 r--p 00000000 08:01 3412725    /usr/lib/jvm/java-7-openjdk-i386/jre/bin/java
0804a000-0804b000 rw-p 00001000 08:01 3412725    /usr/lib/jvm/java-7-openjdk-i386/jre/bin/java
08d46000-08e12000 rw-p 00000000 00:00 0          [heap]
65600000-656fc000 rw-p 00000000 00:00 0 
656fc000-65700000 ---p 00000000 00:00 0 
65700000-657cc000 rw-p 00000000 00:00 0 
657cc000-65800000 ---p 00000000 00:00 0 
65800000-658e9000 rw-p 00000000 00:00 0 
658e9000-65900000 ---p 00000000 00:00 0 
65900000-659fa000 rw-p 00000000 00:00 0 
659fa000-65a00000 ---p 00000000 00:00 0 
65a00000-65af6000 rw-p 00000000 00:00 0 
65af6000-65b00000 ---p 00000000 00:00 0 
65c00000-65cf9000 rw-p 00000000 00:00 0 
65cf9000-65d00000 ---p 00000000 00:00 0 
65d00000-65dfc000 rw-p 00000000 00:00 0 
65dfc000-65e00000 ---p 00000000 00:00 0 
65e00000-65efa000 rw-p 00000000 00:00 0 
65efa000-65f00000 ---p 00000000 00:00 0 
65f00000-65ffd000 rw-p 00000000 00:00 0 
65ffd000-66000000 ---p 00000000 00:00 0 
66000000-660e3000 rw-p 00000000 00:00 0 
660e3000-66100000 ---p 00000000 00:00 0 
66100000-661ea000 rw-p 00000000 00:00 0 
661ea000-66200000 ---p 00000000 00:00 0 
66200000-663fc000 rw-p 00000000 00:00 0 
663fc000-66400000 ---p 00000000 00:00 0 
66400000-66500000 rw-p 00000000 00:00 0 
66600000-666b0000 rw-p 00000000 00:00 0 
666b0000-66700000 ---p 00000000 00:00 0 
66700000-667f5000 rw-p 00000000 00:00 0 
667f5000-66800000 ---p 00000000 00:00 0 
66800000-668ff000 rw-p 00000000 00:00 0 
668ff000-66900000 ---p 00000000 00:00 0 
66a00000-66af7000 rw-p 00000000 00:00 0 
66af7000-66b00000 ---p 00000000 00:00 0 
66b00000-66c00000 rw-p 00000000 00:00 0 
66c00000-66cf6000 rw-p 00000000 00:00 0 
66cf6000-66d00000 ---p 00000000 00:00 0 
66d00000-66de8000 rw-p 00000000 00:00 0 
66de8000-66e00000 ---p 00000000 00:00 0 
66e00000-66efa000 rw-p 00000000 00:00 0 
66efa000-66f00000 ---p 00000000 00:00 0 
66f7d000-66f80000 ---p 00000000 00:00 0 
66f80000-66fce000 rw-p 00000000 00:00 0          [stack:12789]
66fce000-66fd1000 ---p 00000000 00:00 0 
66fd1000-6701f000 rw-p 00000000 00:00 0          [stack:12786]
6701f000-67022000 ---p 00000000 00:00 0 
67022000-67070000 rw-p 00000000 00:00 0          [stack:12784]
67070000-67073000 ---p 00000000 00:00 0 
67073000-670c1000 rw-p 00000000 00:00 0          [stack:12783]
670c1000-670c4000 ---p 00000000 00:00 0 
670c4000-67112000 rw-p 00000000 00:00 0          [stack:12779]
67112000-6714e000 r-xp 00000000 08:01 25035843   /lib/i386-linux-gnu/libpcre.so.3.13.1
6714e000-6714f000 r--p 0003b000 08:01 25035843   /lib/i386-linux-gnu/libpcre.so.3.13.1
6714f000-67150000 rw-p 0003c000 08:01 25035843   /lib/i386-linux-gnu/libpcre.so.3.13.1
67150000-67170000 r-xp 00000000 08:01 25035870   /lib/i386-linux-gnu/libselinux.so.1
67170000-67171000 r--p 0001f000 08:01 25035870   /lib/i386-linux-gnu/libselinux.so.1
67171000-67172000 rw-p 00020000 08:01 25035870   /lib/i386-linux-gnu/libselinux.so.1
67172000-67173000 rw-p 00000000 00:00 0 
67173000-6727d000 r-xp 00000000 08:01 25035771   /lib/i386-linux-gnu/libglib-2.0.so.0.4000.0
6727d000-6727e000 r--p 00109000 08:01 25035771   /lib/i386-linux-gnu/libglib-2.0.so.0.4000.0
6727e000-6727f000 rw-p 0010a000 08:01 25035771   /lib/i386-linux-gnu/libglib-2.0.so.0.4000.0
6727f000-673fc000 r-xp 00000000 08:01 3020350    /usr/lib/i386-linux-gnu/libgio-2.0.so.0.4000.0
673fc000-673fe000 r--p 0017c000 08:01 3020350    /usr/lib/i386-linux-gnu/libgio-2.0.so.0.4000.0
673fe000-673ff000 rw-p 0017e000 08:01 3020350    /usr/lib/i386-linux-gnu/libgio-2.0.so.0.4000.0
673ff000-67400000 rw-p 00000000 00:00 0 
67400000-6747c000 rw-p 00000000 00:00 0 
6747c000-67500000 ---p 00000000 00:00 0 
67506000-67519000 r-xp 00000000 08:01 25035866   /lib/i386-linux-gnu/libresolv-2.19.so
67519000-6751a000 ---p 00013000 08:01 25035866   /lib/i386-linux-gnu/libresolv-2.19.so
6751a000-6751b000 r--p 00013000 08:01 25035866   /lib/i386-linux-gnu/libresolv-2.19.so
6751b000-6751c000 rw-p 00014000 08:01 25035866   /lib/i386-linux-gnu/libresolv-2.19.so
6751c000-6751e000 rw-p 00000000 00:00 0 
6751e000-6756e000 r-xp 00000000 08:01 3020380    /usr/lib/i386-linux-gnu/libgobject-2.0.so.0.4000.0
6756e000-6756f000 r--p 0004f000 08:01 3020380    /usr/lib/i386-linux-gnu/libgobject-2.0.so.0.4000.0
6756f000-67570000 rw-p 00050000 08:01 3020380    /usr/lib/i386-linux-gnu/libgobject-2.0.so.0.4000.0
6758a000-6758b000 ---p 00000000 00:00 0 
6758b000-6760b000 rw-p 00000000 00:00 0          [stack:12772]
6760b000-6760e000 ---p 00000000 00:00 0 
6760e000-6765c000 rw-p 00000000 00:00 0          [stack:12771]
6765c000-6765f000 ---p 00000000 00:00 0 
6765f000-676dd000 rw-p 00000000 00:00 0          [stack:12770]
676dd000-676e0000 ---p 00000000 00:00 0 
676e0000-6775e000 rw-p 00000000 00:00 0          [stack:12767]
6775e000-67761000 ---p 00000000 00:00 0 
67761000-677af000 rw-p 00000000 00:00 0          [stack:12764]
677af000-679af000 r--p 00000000 08:01 3022988    /usr/lib/locale/locale-archive
679af000-679b2000 ---p 00000000 00:00 0 
679b2000-67a00000 rw-p 00000000 00:00 0          [stack:12752]
67a00000-67af9000 rw-p 00000000 00:00 0 
67af9000-67b00000 ---p 00000000 00:00 0 
67b00000-67b24000 rw-p 00000000 00:00 0 
67b24000-67c00000 ---p 00000000 00:00 0 
67c00000-67d00000 rw-p 00000000 00:00 0 
67d0c000-67d4e000 r--p 00858000 08:01 3022988    /usr/lib/locale/locale-archive
67d4e000-67d4f000 ---p 00000000 00:00 0 
67d4f000-67dcf000 rw-p 00000000 00:00 0          [stack:12744]
67dcf000-67f80000 r--s 01d29000 08:01 3283391    /usr/lib/jvm/java-7-openjdk-i386/jre/lib/rt.jar
67f80000-6a800000 rw-p 00000000 00:00 0 
6a800000-6a8ed000 rw-p 00000000 00:00 0 
6a8ed000-6a900000 ---p 00000000 00:00 0 
6a902000-6a919000 r-xp 00000000 08:01 3283427    /usr/lib/jvm/java-7-openjdk-i386/jre/lib/i386/libnet.so
6a919000-6a91a000 r--p 00017000 08:01 3283427    /usr/lib/jvm/java-7-openjdk-i386/jre/lib/i386/libnet.so
6a91a000-6a91b000 rw-p 00018000 08:01 3283427    /usr/lib/jvm/java-7-openjdk-i386/jre/lib/i386/libnet.so
6a91b000-6a92c000 r-xp 00000000 08:01 3283432    /usr/lib/jvm/java-7-openjdk-i386/jre/lib/i386/libnio.so
6a92c000-6a92d000 r--p 00010000 08:01 3283432    /usr/lib/jvm/java-7-openjdk-i386/jre/lib/i386/libnio.so
6a92d000-6a92e000 rw-p 00011000 08:01 3283432    /usr/lib/jvm/java-7-openjdk-i386/jre/lib/i386/libnio.so
6a92e000-6a931000 ---p 00000000 00:00 0 
6a931000-6a97f000 rw-p 00000000 00:00 0          [stack:12751]
6a97f000-6a980000 ---p 00000000 00:00 0 
6a980000-6aa00000 rw-p 00000000 00:00 0          [stack:12740]
6aa00000-6aa21000 rw-p 00000000 00:00 0 
6aa21000-6ab00000 ---p 00000000 00:00 0 
6ab00000-6ab21000 rw-p 00000000 00:00 0 
6ab21000-6ac00000 ---p 00000000 00:00 0 
6ac04000-6ac09000 r-xp 00000000 08:01 3020247    /usr/lib/i386-linux-gnu/libffi.so.6.0.1
6ac09000-6ac0a000 r--p 00005000 08:01 3020247    /usr/lib/i386-linux-gnu/libffi.so.6.0.1
6ac0a000-6ac0b000 rw-p 00006000 08:01 3020247    /usr/lib/i386-linux-gnu/libffi.so.6.0.1
6ac0b000-6ac0e000 r-xp 00000000 08:01 3020364    /usr/lib/i386-linux-gnu/libgmodule-2.0.so.0.4000.0
6ac0e000-6ac0f000 r--p 00002000 08:01 3020364    /usr/lib/i386-linux-gnu/libgmodule-2.0.so.0.4000.0
6ac0f000-6ac10000 rw-p 00003000 08:01 3020364    /usr/lib/i386-linux-gnu/libgmodule-2.0.so.0.4000.0
6ac10000-6ac24000 r--s 000d6000 08:01 27533204   /home/rafiqul/Documents/Software Engineering Project/spring2016_s1_cse404/AssetTrackingSystem__Android_Platform/app/build/intermediates/exploded-aar/com.android.support/support-v4/23.0.0/jars/classes.jar
6ac24000-6ac7f000 rw-p 00000000 00:00 0 
6ac7f000-6ac80000 ---p 00000000 00:00 0 
6ac80000-6ad00000 rw-p 00000000 00:00 0          [stack:12739]
6ad00000-6ad34000 rw-p 00000000 00:00 0 
6ad34000-6ae00000 ---p 00000000 00:00 0 
6ae03000-6ae67000 rw-p 00000000 00:00 0 
6ae67000-6ae68000 ---p 00000000 00:00 0 
6ae68000-6aee8000 rw-p 00000000 00:00 0          [stack:12738]
6aee8000-6aee9000 ---p 00000000 00:00 0 
6aee9000-6af71000 rw-p 00000000 00:00 0          [stack:12737]
6af71000-6afa9000 rw-p 00000000 00:00 0 
6afa9000-6afbe000 rw-p 00000000 00:00 0 
6afbe000-6b0ff000 rw-p 00000000 00:00 0 
6b0ff000-6b107000 rw-p 00000000 00:00 0 
6b107000-6b13f000 rw-p 00000000 00:00 0 
6b13f000-6b154000 rw-p 00000000 00:00 0 
6b154000-6b294000 rw-p 00000000 00:00 0 
6b294000-6b2e4000 rw-p 00000000 00:00 0 
6b2e4000-6b33f000 rw-p 00000000 00:00 0 
6b33f000-6c340000 rw-p 00000000 00:00 0 
6c340000-73340000 rw-p 00000000 00:00 0 
73340000-75cc0000 rw-p 00000000 00:00 0 
75cc0000-9ddc0000 rw-p 00000000 00:00 0 
9ddc0000-a7bc0000 rw-p 00000000 00:00 0 
a7bc0000-b3340000 rw-p 00000000 00:00 0 
b3340000-b3349000 rw-p 00000000 00:00 0 
b3349000-b3400000 rw-p 00000000 00:00 0 
b3400000-b3640000 rwxp 00000000 00:00 0 
b3640000-b6500000 rw-p 00000000 00:00 0 
b6502000-b6511000 r--s 000df000 08:01 9175179    /home/rafiqul/Android/Sdk/build-tools/23.0.1/lib/dx.jar
b6511000-b6513000 r--s 00006000 08:01 3412779    /usr/share/java/java-atk-wrapper.jar
b6513000-b6516000 r--s 0000f000 08:01 3412677    /usr/lib/jvm/java-7-openjdk-i386/jre/lib/ext/icedtea-sound.jar
b6516000-b6521000 r-xp 00000000 08:01 25035815   /lib/i386-linux-gnu/libnss_files-2.19.so
b6521000-b6522000 r--p 0000a000 08:01 25035815   /lib/i386-linux-gnu/libnss_files-2.19.so
b6522000-b6523000 rw-p 0000b000 08:01 25035815   /lib/i386-linux-gnu/libnss_files-2.19.so
b6523000-b652d000 r-xp 00000000 08:01 25035825   /lib/i386-linux-gnu/libnss_nis-2.19.so
b652d000-b652e000 r--p 00009000 08:01 25035825   /lib/i386-linux-gnu/libnss_nis-2.19.so
b652e000-b652f000 rw-p 0000a000 08:01 25035825   /lib/i386-linux-gnu/libnss_nis-2.19.so
b652f000-b6544000 r-xp 00000000 08:01 25035809   /lib/i386-linux-gnu/libnsl-2.19.so
b6544000-b6545000 r--p 00015000 08:01 25035809   /lib/i386-linux-gnu/libnsl-2.19.so
b6545000-b6546000 rw-p 00016000 08:01 25035809   /lib/i386-linux-gnu/libnsl-2.19.so
b6546000-b6548000 rw-p 00000000 00:00 0 
b6548000-b654f000 r-xp 00000000 08:01 25035811   /lib/i386-linux-gnu/libnss_compat-2.19.so
b654f000-b6550000 r--p 00006000 08:01 25035811   /lib/i386-linux-gnu/libnss_compat-2.19.so
b6550000-b6551000 rw-p 00007000 08:01 25035811   /lib/i386-linux-gnu/libnss_compat-2.19.so
b6551000-b6552000 r--s 00002000 08:01 3412674    /usr/lib/jvm/java-7-openjdk-i386/jre/lib/ext/dnsns.jar
b6552000-b6554000 r--s 00012000 08:01 3412678    /usr/lib/jvm/java-7-openjdk-i386/jre/lib/ext/zipfs.jar
b6554000-b6558000 r--s 00034000 08:01 3412675    /usr/lib/jvm/java-7-openjdk-i386/jre/lib/ext/sunjce_provider.jar
b6558000-b655c000 r--s 00085000 08:01 3412673    /usr/lib/jvm/java-7-openjdk-i386/jre/lib/ext/localedata.jar
b655c000-b6560000 r--s 0003c000 08:01 3412676    /usr/lib/jvm/java-7-openjdk-i386/jre/lib/ext/sunpkcs11.jar
b6560000-b6561000 r--p 00855000 08:01 3022988    /usr/lib/locale/locale-archive
b6561000-b6569000 r-xp 00000000 08:01 3283403    /usr/lib/jvm/java-7-openjdk-i386/jre/lib/i386/libzip.so
b6569000-b656a000 r--p 00007000 08:01 3283403    /usr/lib/jvm/java-7-openjdk-i386/jre/lib/i386/libzip.so
b656a000-b656b000 rw-p 00008000 08:01 3283403    /usr/lib/jvm/java-7-openjdk-i386/jre/lib/i386/libzip.so
b656b000-b6592000 r-xp 00000000 08:01 3283435    /usr/lib/jvm/java-7-openjdk-i386/jre/lib/i386/libjava.so
b6592000-b6593000 r--p 00026000 08:01 3283435    /usr/lib/jvm/java-7-openjdk-i386/jre/lib/i386/libjava.so
b6593000-b6594000 rw-p 00027000 08:01 3283435    /usr/lib/jvm/java-7-openjdk-i386/jre/lib/i386/libjava.so
b6594000-b659b000 r-xp 00000000 08:01 25035868   /lib/i386-linux-gnu/librt-2.19.so
b659b000-b659c000 r--p 00006000 08:01 25035868   /lib/i386-linux-gnu/librt-2.19.so
b659c000-b659d000 rw-p 00007000 08:01 25035868   /lib/i386-linux-gnu/librt-2.19.so
b659d000-b65a0000 ---p 00000000 00:00 0 
b65a0000-b65ee000 rw-p 00000000 00:00 0          [stack:12721]
b65ee000-b660a000 r-xp 00000000 08:01 25035767   /lib/i386-linux-gnu/libgcc_s.so.1
b660a000-b660b000 rw-p 0001b000 08:01 25035767   /lib/i386-linux-gnu/libgcc_s.so.1
b660b000-b664f000 r-xp 00000000 08:01 25035790   /lib/i386-linux-gnu/libm-2.19.so
b664f000-b6650000 r--p 00043000 08:01 25035790   /lib/i386-linux-gnu/libm-2.19.so
b6650000-b6651000 rw-p 00044000 08:01 25035790   /lib/i386-linux-gnu/libm-2.19.so
b6651000-b672d000 r-xp 00000000 08:01 3018897    /usr/lib/i386-linux-gnu/libstdc++.so.6.0.19
b672d000-b6731000 r--p 000dc000 08:01 3018897    /usr/lib/i386-linux-gnu/libstdc++.so.6.0.19
b6731000-b6732000 rw-p 000e0000 08:01 3018897    /usr/lib/i386-linux-gnu/libstdc++.so.6.0.19
b6732000-b6739000 rw-p 00000000 00:00 0 
b6739000-b7128000 r-xp 00000000 08:01 3412663    /usr/lib/jvm/java-7-openjdk-i386/jre/lib/i386/server/libjvm.so
b7128000-b717a000 r--p 009ee000 08:01 3412663    /usr/lib/jvm/java-7-openjdk-i386/jre/lib/i386/server/libjvm.so
b717a000-b718e000 rw-p 00a40000 08:01 3412663    /usr/lib/jvm/java-7-openjdk-i386/jre/lib/i386/server/libjvm.so
b718e000-b75ac000 rw-p 00000000 00:00 0 
b75ac000-b75c4000 r-xp 00000000 08:01 25035903   /lib/i386-linux-gnu/libz.so.1.2.8
b75c4000-b75c5000 r--p 00017000 08:01 25035903   /lib/i386-linux-gnu/libz.so.1.2.8
b75c5000-b75c6000 rw-p 00018000 08:01 25035903   /lib/i386-linux-gnu/libz.so.1.2.8
b75c6000-b75de000 r-xp 00000000 08:01 25035860   /lib/i386-linux-gnu/libpthread-2.19.so
b75de000-b75df000 r--p 00017000 08:01 25035860   /lib/i386-linux-gnu/libpthread-2.19.so
b75df000-b75e0000 rw-p 00018000 08:01 25035860   /lib/i386-linux-gnu/libpthread-2.19.so
b75e0000-b75e2000 rw-p 00000000 00:00 0 
b75e2000-b75e5000 r-xp 00000000 08:01 25035757   /lib/i386-linux-gnu/libdl-2.19.so
b75e5000-b75e6000 r--p 00002000 08:01 25035757   /lib/i386-linux-gnu/libdl-2.19.so
b75e6000-b75e7000 rw-p 00003000 08:01 25035757   /lib/i386-linux-gnu/libdl-2.19.so
b75e7000-b7790000 r-xp 00000000 08:01 25035740   /lib/i386-linux-gnu/libc-2.19.so
b7790000-b7792000 r--p 001a9000 08:01 25035740   /lib/i386-linux-gnu/libc-2.19.so
b7792000-b7793000 rw-p 001ab000 08:01 25035740   /lib/i386-linux-gnu/libc-2.19.so
b7793000-b7796000 rw-p 00000000 00:00 0 
b7796000-b779e000 rw-s 00000000 08:01 16646437   /tmp/hsperfdata_rafiqul/12704
b779e000-b779f000 rw-p 00000000 00:00 0 
b779f000-b77a0000 ---p 00000000 00:00 0 
b77a0000-b77ae000 r-xp 00000000 08:01 3283418    /usr/lib/jvm/java-7-openjdk-i386/jre/lib/i386/libverify.so
b77ae000-b77af000 r--p 0000d000 08:01 3283418    /usr/lib/jvm/java-7-openjdk-i386/jre/lib/i386/libverify.so
b77af000-b77b0000 rw-p 0000e000 08:01 3283418    /usr/lib/jvm/java-7-openjdk-i386/jre/lib/i386/libverify.so
b77b0000-b77bc000 r-xp 00000000 08:01 3283406    /usr/lib/jvm/java-7-openjdk-i386/jre/lib/i386/jli/libjli.so
b77bc000-b77bd000 r--p 0000c000 08:01 3283406    /usr/lib/jvm/java-7-openjdk-i386/jre/lib/i386/jli/libjli.so
b77bd000-b77be000 rw-p 0000d000 08:01 3283406    /usr/lib/jvm/java-7-openjdk-i386/jre/lib/i386/jli/libjli.so
b77be000-b77c1000 rw-p 00000000 00:00 0 
b77c1000-b77c2000 r-xp 00000000 00:00 0          [vdso]
b77c2000-b77e2000 r-xp 00000000 08:01 25035716   /lib/i386-linux-gnu/ld-2.19.so
b77e2000-b77e3000 r--p 0001f000 08:01 25035716   /lib/i386-linux-gnu/ld-2.19.so
b77e3000-b77e4000 rw-p 00020000 08:01 25035716   /lib/i386-linux-gnu/ld-2.19.so
bf8ad000-bf8ae000 rwxp 00000000 00:00 0 
bf8e0000-bf901000 rw-p 00000000 00:00 0          [stack]

VM Arguments:
jvm_args: -Xmx1024M -Dfile.encoding=UTF-8 -Duser.country=US -Duser.language=en -Duser.variant 
java_command: com.android.dx.command.Main --dex --num-threads=4 --output /home/rafiqul/Documents/Software Engineering Project/spring2016_s1_cse404/AssetTrackingSystem__Android_Platform/app/build/intermediates/pre-dexed/debug/classes-4f0c7eb904846bd1a6235e70f11da521d97d6b6d.jar /home/rafiqul/Documents/Software Engineering Project/spring2016_s1_cse404/AssetTrackingSystem__Android_Platform/app/build/intermediates/exploded-aar/com.android.support/support-v4/23.0.0/jars/classes.jar
Launcher Type: SUN_STANDARD

Environment Variables:
JAVA_HOME=/usr/lib/jvm/java-8-oracle
PATH=/usr/local/sbin:/usr/local/bin:/usr/sbin:/usr/bin:/sbin:/bin:/usr/games:/usr/local/games:/usr/lib/jvm/java-8-oracle/bin:/usr/lib/jvm/java-8-oracle/db/bin:/usr/lib/jvm/java-8-oracle/jre/bin
LD_LIBRARY_PATH=/home/rafiqul/android-studio/bin:
SHELL=/bin/bash
DISPLAY=:0

Signal Handlers:
SIGSEGV: [libjvm.so+0x80cb90], sa_mask[0]=0x7ffbfeff, sa_flags=0x10000004
SIGBUS: [libjvm.so+0x80cb90], sa_mask[0]=0x7ffbfeff, sa_flags=0x10000004
SIGFPE: [libjvm.so+0x684e30], sa_mask[0]=0x7ffbfeff, sa_flags=0x10000004
SIGPIPE: [libjvm.so+0x684e30], sa_mask[0]=0x7ffbfeff, sa_flags=0x10000004
SIGXFSZ: [libjvm.so+0x684e30], sa_mask[0]=0x7ffbfeff, sa_flags=0x10000004
SIGILL: [libjvm.so+0x684e30], sa_mask[0]=0x7ffbfeff, sa_flags=0x10000004
SIGUSR1: SIG_DFL, sa_mask[0]=0x00000000, sa_flags=0x00000000
SIGUSR2: [libjvm.so+0x684cc0], sa_mask[0]=0x00000004, sa_flags=0x10000004
SIGHUP: [libjvm.so+0x684ef0], sa_mask[0]=0x7ffbfeff, sa_flags=0x10000004
SIGINT: [libjvm.so+0x684ef0], sa_mask[0]=0x7ffbfeff, sa_flags=0x10000004
SIGTERM: [libjvm.so+0x684ef0], sa_mask[0]=0x7ffbfeff, sa_flags=0x10000004
SIGQUIT: [libjvm.so+0x684ef0], sa_mask[0]=0x7ffbfeff, sa_flags=0x10000004
SIGTRAP: SIG_DFL, sa_mask[0]=0x00000000, sa_flags=0x00000000


---------------  S Y S T E M  ---------------

OS:Ubuntu 14.04 (trusty)
uname:Linux 3.13.0-24-generic #46-Ubuntu SMP Thu Apr 10 19:08:14 UTC 2014 i686
libc:glibc 2.19 NPTL 2.19 
rlimit: STACK 8192k, CORE 0k, NPROC 31106, NOFILE 4096, AS infinity
load average:15.77 8.96 4.49

/proc/meminfo:
MemTotal:        4000684 kB
MemFree:          544532 kB
Buffers:            2040 kB
Cached:           449856 kB
SwapCached:            0 kB
Active:          2895692 kB
Inactive:         439980 kB
Active(anon):    2891968 kB
Inactive(anon):   376336 kB
Active(file):       3724 kB
Inactive(file):    63644 kB
Unevictable:          48 kB
Mlocked:              48 kB
HighTotal:       3155716 kB
HighFree:         347176 kB
LowTotal:         844968 kB
LowFree:          197356 kB
SwapTotal:             0 kB
SwapFree:              0 kB
Dirty:               316 kB
Writeback:             0 kB
AnonPages:       2884252 kB
Mapped:           158992 kB
Shmem:            383964 kB
Slab:              47800 kB
SReclaimable:      20568 kB
SUnreclaim:        27232 kB
KernelStack:        5776 kB
PageTables:        18808 kB
NFS_Unstable:          0 kB
Bounce:              412 kB
WritebackTmp:          0 kB
CommitLimit:     2000340 kB
Committed_AS:    8586048 kB
VmallocTotal:     122880 kB
VmallocUsed:       16996 kB
VmallocChunk:      97920 kB
HardwareCorrupted:     0 kB
AnonHugePages:   1318912 kB
HugePages_Total:       0
HugePages_Free:        0
HugePages_Rsvd:        0
HugePages_Surp:        0
Hugepagesize:       2048 kB
DirectMap4k:       71672 kB
DirectMap2M:      839680 kB


CPU:total 4 (2 cores per cpu, 2 threads per core) family 6 model 58 stepping 9, cmov, cx8, fxsr, mmx, sse, sse2, sse3, ssse3, sse4.1, sse4.2, popcnt, avx, erms, ht, tsc, tscinvbit, tscinv

/proc/cpuinfo:
processor	: 0
vendor_id	: GenuineIntel
cpu family	: 6
model		: 58
model name	: Intel(R) Core(TM) i3-3217U CPU @ 1.80GHz
stepping	: 9
microcode	: 0x15
cpu MHz		: 1200.000
cache size	: 3072 KB
physical id	: 0
siblings	: 4
core id		: 0
cpu cores	: 2
apicid		: 0
initial apicid	: 0
fdiv_bug	: no
f00f_bug	: no
coma_bug	: no
fpu		: yes
fpu_exception	: yes
cpuid level	: 13
wp		: yes
flags		: fpu vme de pse tsc msr pae mce cx8 apic sep mtrr pge mca cmov pat pse36 clflush dts acpi mmx fxsr sse sse2 ss ht tm pbe nx rdtscp lm constant_tsc arch_perfmon pebs bts xtopology nonstop_tsc aperfmperf eagerfpu pni pclmulqdq dtes64 monitor ds_cpl vmx est tm2 ssse3 cx16 xtpr pdcm pcid sse4_1 sse4_2 x2apic popcnt tsc_deadline_timer xsave avx f16c lahf_lm ida arat epb xsaveopt pln pts dtherm tpr_shadow vnmi flexpriority ept vpid fsgsbase smep erms
bogomips	: 3591.98
clflush size	: 64
cache_alignment	: 64
address sizes	: 36 bits physical, 48 bits virtual
power management:

processor	: 1
vendor_id	: GenuineIntel
cpu family	: 6
model		: 58
model name	: Intel(R) Core(TM) i3-3217U CPU @ 1.80GHz
stepping	: 9
microcode	: 0x15
cpu MHz		: 1801.000
cache size	: 3072 KB
physical id	: 0
siblings	: 4
core id		: 0
cpu cores	: 2
apicid		: 1
initial apicid	: 1
fdiv_bug	: no
f00f_bug	: no
coma_bug	: no
fpu		: yes
fpu_exception	: yes
cpuid level	: 13
wp		: yes
flags		: fpu vme de pse tsc msr pae mce cx8 apic sep mtrr pge mca cmov pat pse36 clflush dts acpi mmx fxsr sse sse2 ss ht tm pbe nx rdtscp lm constant_tsc arch_perfmon pebs bts xtopology nonstop_tsc aperfmperf eagerfpu pni pclmulqdq dtes64 monitor ds_cpl vmx est tm2 ssse3 cx16 xtpr pdcm pcid sse4_1 sse4_2 x2apic popcnt tsc_deadline_timer xsave avx f16c lahf_lm ida arat epb xsaveopt pln pts dtherm tpr_shadow vnmi flexpriority ept vpid fsgsbase smep erms
bogomips	: 3591.98
clflush size	: 64
cache_alignment	: 64
address sizes	: 36 bits physical, 48 bits virtual
power management:

processor	: 2
vendor_id	: GenuineIntel
cpu family	: 6
model		: 58
model name	: Intel(R) Core(TM) i3-3217U CPU @ 1.80GHz
stepping	: 9
microcode	: 0x15
cpu MHz		: 1801.000
cache size	: 3072 KB
physical id	: 0
siblings	: 4
core id		: 1
cpu cores	: 2
apicid		: 2
initial apicid	: 2
fdiv_bug	: no
f00f_bug	: no
coma_bug	: no
fpu		: yes
fpu_exception	: yes
cpuid level	: 13
wp		: yes
flags		: fpu vme de pse tsc msr pae mce cx8 apic sep mtrr pge mca cmov pat pse36 clflush dts acpi mmx fxsr sse sse2 ss ht tm pbe nx rdtscp lm constant_tsc arch_perfmon pebs bts xtopology nonstop_tsc aperfmperf eagerfpu pni pclmulqdq dtes64 monitor ds_cpl vmx est tm2 ssse3 cx16 xtpr pdcm pcid sse4_1 sse4_2 x2apic popcnt tsc_deadline_timer xsave avx f16c lahf_lm ida arat epb xsaveopt pln pts dtherm tpr_shadow vnmi flexpriority ept vpid fsgsbase smep erms
bogomips	: 3591.98
clflush size	: 64
cache_alignment	: 64
address sizes	: 36 bits physical, 48 bits virtual
power management:

processor	: 3
vendor_id	: GenuineIntel
cpu family	: 6
model		: 58
model name	: Intel(R) Core(TM) i3-3217U CPU @ 1.80GHz
stepping	: 9
microcode	: 0x15
cpu MHz		: 1801.000
cache size	: 3072 KB
physical id	: 0
siblings	: 4
core id		: 1
cpu cores	: 2
apicid		: 3
initial apicid	: 3
fdiv_bug	: no
f00f_bug	: no
coma_bug	: no
fpu		: yes
fpu_exception	: yes
cpuid level	: 13
wp		: yes
flags		: fpu vme de pse tsc msr pae mce cx8 apic sep mtrr pge mca cmov pat pse36 clflush dts acpi mmx fxsr sse sse2 ss ht tm pbe nx rdtscp lm constant_tsc arch_perfmon pebs bts xtopology nonstop_tsc aperfmperf eagerfpu pni pclmulqdq dtes64 monitor ds_cpl vmx est tm2 ssse3 cx16 xtpr pdcm pcid sse4_1 sse4_2 x2apic popcnt tsc_deadline_timer xsave avx f16c lahf_lm ida arat epb xsaveopt pln pts dtherm tpr_shadow vnmi flexpriority ept vpid fsgsbase smep erms
bogomips	: 3591.98
clflush size	: 64
cache_alignment	: 64
address sizes	: 36 bits physical, 48 bits virtual
power management:



Memory: 4k page, physical 4000684k(544532k free), swap 0k(0k free)

vm_info: OpenJDK Server VM (24.79-b02) for linux-x86 JRE (1.7.0_79-b14), built on Jul 24 2015 08:25:15 by "buildd" with gcc 4.8.2

time: Mon Apr 18 00:39:38 2016
elapsed time: 37 seconds

