#
# There is insufficient memory for the Java Runtime Environment to continue.
# Native memory allocation (malloc) failed to allocate 2097152 bytes for committing reserved memory.
# Possible reasons:
#   The system is out of physical RAM or swap space
#   In 32 bit mode, the process size limit was hit
# Possible solutions:
#   Reduce memory load on the system
#   Increase physical memory or swap space
#   Check if swap backing store is full
#   Use 64 bit Java on a 64 bit OS
#   Decrease Java heap size (-Xmx/-Xms)
#   Decrease number of Java threads
#   Decrease Java thread stack sizes (-Xss)
#   Set larger code cache with -XX:ReservedCodeCacheSize=
# This output file may be truncated or incomplete.
#
#  Out of Memory Error (os_linux.cpp:2809), pid=5515, tid=1741482816
#
# JRE version: OpenJDK Runtime Environment (7.0_79-b14) (build 1.7.0_79-b14)
# Java VM: OpenJDK Server VM (24.79-b02 mixed mode linux-x86 )
# Derivative: IcedTea 2.5.6
# Distribution: Ubuntu 14.04 LTS, package 7u79-2.5.6-0ubuntu1.14.04.1
# Failed to write core dump. Core dumps have been disabled. To enable core dumping, try "ulimit -c unlimited" before starting Java again
#

---------------  T H R E A D  ---------------

Current thread (0x67b80400):  VMThread [stack: 0x67c4e000,0x67ccf000] [id=5554]

Stack: [0x67c4e000,0x67ccf000]
VM_Operation (0x66f91a98): ParallelGCFailedAllocation, mode: safepoint, requested by thread 0x6735d000


---------------  P R O C E S S  ---------------

Java Threads: ( => current thread )
  0x67360000 JavaThread "pool-1-thread-4" [_thread_blocked, id=5601, stack(0x66ea0000,0x66ef1000)]
  0x6735e000 JavaThread "pool-1-thread-3" [_thread_blocked, id=5600, stack(0x66ef1000,0x66f42000)]
  0x6735d000 JavaThread "pool-1-thread-2" [_thread_blocked, id=5598, stack(0x66f42000,0x66f93000)]
  0x6735b800 JavaThread "pool-2-thread-1" [_thread_blocked, id=5597, stack(0x66f93000,0x66fe4000)]
  0x6735ac00 JavaThread "pool-1-thread-1" [_thread_blocked, id=5596, stack(0x66fe4000,0x67035000)]
  0x67b9c000 JavaThread "Service Thread" daemon [_thread_blocked, id=5576, stack(0x6750b000,0x6755c000)]
  0x67b9a400 JavaThread "C2 CompilerThread1" daemon [_thread_blocked, id=5574, stack(0x6755c000,0x675dd000)]
  0x67b98400 JavaThread "C2 CompilerThread0" daemon [_thread_blocked, id=5572, stack(0x675dd000,0x6765e000)]
  0x67b96c00 JavaThread "Signal Dispatcher" daemon [_thread_blocked, id=5566, stack(0x6765e000,0x676af000)]
  0x67b84800 JavaThread "Finalizer" daemon [_thread_blocked, id=5562, stack(0x678af000,0x67900000)]
  0x67b83000 JavaThread "Reference Handler" daemon [_thread_blocked, id=5560, stack(0x6a82e000,0x6a87f000)]
  0xb6307c00 JavaThread "main" [_thread_blocked, id=5532, stack(0xb64f9000,0xb654a000)]

Other Threads:
=>0x67b80400 VMThread [stack: 0x67c4e000,0x67ccf000] [id=5554]
  0x67b9e000 WatcherThread [stack: 0x6748a000,0x6750b000] [id=5577]

VM state:at safepoint (normal execution)

VM Mutex/Monitor currently owned by a thread:  ([mutex/lock_event])
[0xb6305360] Threads_lock - owner thread: 0x67b80400
[0xb6305770] Heap_lock - owner thread: 0x6735d000

Heap
 PSYoungGen      total 39424K, used 7617K [0x9dcc0000, 0xa29c0000, 0xb3240000)
  eden space 31744K, 0% used [0x9dcc0000,0x9dcc0000,0x9fbc0000)
  from space 7680K, 99% used [0xa2240000,0xa29b0470,0xa29c0000)
  to   space 2560K, 0% used [0x9fbc0000,0x9fbc0000,0x9fe40000)
 ParOldGen       total 41728K, used 14003K [0x73240000, 0x75b00000, 0x9dcc0000)
  object space 41728K, 33% used [0x73240000,0x73fecc08,0x75b00000)
 PSPermGen       total 16384K, used 4139K [0x6b240000, 0x6c240000, 0x73240000)
  object space 16384K, 25% used [0x6b240000,0x6b64ad80,0x6c240000)

Card table byte_map: [0x6afff000,0x6b240000] byte_map_base: 0x6aca5e00

Polling page: 0xb76fa000

Code Cache  [0xb3300000, 0xb3540000, 0xb6300000)
 total_blobs=356 nmethods=231 adapters=76 free_code_cache=48359Kb largest_free_block=49500992

Compilation events (10 events):
Event: 11.674 Thread 0x67b9a400 nmethod 226 0xb33b1c48 code [0xb33b1d80, 0xb33b22d0]
Event: 11.674 Thread 0x67b9a400  227             com.android.dx.util.IntList::indexOf (16 bytes)
Event: 11.732 Thread 0x67b9a400 nmethod 227 0xb33b2608 code [0xb33b2700, 0xb33b2870]
Event: 11.732 Thread 0x67b9a400  228             java.util.HashMap::<init> (9 bytes)
Event: 11.748 Thread 0x67b9a400 nmethod 228 0xb33b4bc8 code [0xb33b4cc0, 0xb33b4d70]
Event: 11.748 Thread 0x67b9a400  229             com.android.dx.rop.type.Prototype::makeParameterArray (131 bytes)
Event: 11.885 Thread 0x67b9a400 nmethod 229 0xb33b1488 code [0xb33b15a0, 0xb33b19d0]
Event: 11.885 Thread 0x67b9a400  230             java.lang.Object::equals (11 bytes)
Event: 11.886 Thread 0x67b9a400 nmethod 230 0xb33b4a48 code [0xb33b4b20, 0xb33b4b70]
Event: 11.886 Thread 0x67b9a400  231             com.android.dx.rop.code.LocalVariableExtractor::processBlock (327 bytes)

GC Heap History (10 events):
Event: 2.821 GC heap after
Heap after GC invocations=1 (full 0):
 PSYoungGen      total 18432K, used 2558K [0x9dcc0000, 0x9f140000, 0xb3240000)
  eden space 15872K, 0% used [0x9dcc0000,0x9dcc0000,0x9ec40000)
  from space 2560K, 99% used [0x9ec40000,0x9eebf958,0x9eec0000)
  to   space 2560K, 0% used [0x9eec0000,0x9eec0000,0x9f140000)
 ParOldGen       total 41728K, used 1251K [0x73240000, 0x75b00000, 0x9dcc0000)
  object space 41728K, 2% used [0x73240000,0x73378dd0,0x75b00000)
 PSPermGen       total 16384K, used 3976K [0x6b240000, 0x6c240000, 0x73240000)
  object space 16384K, 24% used [0x6b240000,0x6b622368,0x6c240000)
}
Event: 4.763 GC heap before
{Heap before GC invocations=2 (full 0):
 PSYoungGen      total 18432K, used 18430K [0x9dcc0000, 0x9f140000, 0xb3240000)
  eden space 15872K, 100% used [0x9dcc0000,0x9ec40000,0x9ec40000)
  from space 2560K, 99% used [0x9ec40000,0x9eebf958,0x9eec0000)
  to   space 2560K, 0% used [0x9eec0000,0x9eec0000,0x9f140000)
 ParOldGen       total 41728K, used 1251K [0x73240000, 0x75b00000, 0x9dcc0000)
  object space 41728K, 2% used [0x73240000,0x73378dd0,0x75b00000)
 PSPermGen       total 16384K, used 4067K [0x6b240000, 0x6c240000, 0x73240000)
  object space 16384K, 24% used [0x6b240000,0x6b638de0,0x6c240000)
Event: 4.823 GC heap after
Heap after GC invocations=2 (full 0):
 PSYoungGen      total 18432K, used 2550K [0x9dcc0000, 0xa00c0000, 0xb3240000)
  eden space 15872K, 0% used [0x9dcc0000,0x9dcc0000,0x9ec40000)
  from space 2560K, 99% used [0x9eec0000,0x9f13db38,0x9f140000)
  to   space 2560K, 0% used [0x9ec40000,0x9ec40000,0x9eec0000)
 ParOldGen       total 41728K, used 3724K [0x73240000, 0x75b00000, 0x9dcc0000)
  object space 41728K, 8% used [0x73240000,0x735e3288,0x75b00000)
 PSPermGen       total 16384K, used 4067K [0x6b240000, 0x6c240000, 0x73240000)
  object space 16384K, 24% used [0x6b240000,0x6b638de0,0x6c240000)
}
Event: 7.179 GC heap before
{Heap before GC invocations=3 (full 0):
 PSYoungGen      total 18432K, used 18422K [0x9dcc0000, 0xa00c0000, 0xb3240000)
  eden space 15872K, 100% used [0x9dcc0000,0x9ec40000,0x9ec40000)
  from space 2560K, 99% used [0x9eec0000,0x9f13db38,0x9f140000)
  to   space 2560K, 0% used [0x9ec40000,0x9ec40000,0x9eec0000)
 ParOldGen       total 41728K, used 3724K [0x73240000, 0x75b00000, 0x9dcc0000)
  object space 41728K, 8% used [0x73240000,0x735e3288,0x75b00000)
 PSPermGen       total 16384K, used 4091K [0x6b240000, 0x6c240000, 0x73240000)
  object space 16384K, 24% used [0x6b240000,0x6b63ef38,0x6c240000)
Event: 7.219 GC heap after
Heap after GC invocations=3 (full 0):
 PSYoungGen      total 18432K, used 2546K [0x9dcc0000, 0xa00c0000, 0xb3240000)
  eden space 15872K, 0% used [0x9dcc0000,0x9dcc0000,0x9ec40000)
  from space 2560K, 99% used [0x9ec40000,0x9eebca80,0x9eec0000)
  to   space 2560K, 0% used [0x9fe40000,0x9fe40000,0xa00c0000)
 ParOldGen       total 41728K, used 6088K [0x73240000, 0x75b00000, 0x9dcc0000)
  object space 41728K, 14% used [0x73240000,0x73832190,0x75b00000)
 PSPermGen       total 16384K, used 4091K [0x6b240000, 0x6c240000, 0x73240000)
  object space 16384K, 24% used [0x6b240000,0x6b63ef38,0x6c240000)
}
Event: 9.027 GC heap before
{Heap before GC invocations=4 (full 0):
 PSYoungGen      total 18432K, used 18418K [0x9dcc0000, 0xa00c0000, 0xb3240000)
  eden space 15872K, 100% used [0x9dcc0000,0x9ec40000,0x9ec40000)
  from space 2560K, 99% used [0x9ec40000,0x9eebca80,0x9eec0000)
  to   space 2560K, 0% used [0x9fe40000,0x9fe40000,0xa00c0000)
 ParOldGen       total 41728K, used 6088K [0x73240000, 0x75b00000, 0x9dcc0000)
  object space 41728K, 14% used [0x73240000,0x73832190,0x75b00000)
 PSPermGen       total 16384K, used 4110K [0x6b240000, 0x6c240000, 0x73240000)
  object space 16384K, 25% used [0x6b240000,0x6b643980,0x6c240000)
Event: 9.107 GC heap after
Heap after GC invocations=4 (full 0):
 PSYoungGen      total 34304K, used 2553K [0x9dcc0000, 0xa00c0000, 0xb3240000)
  eden space 31744K, 0% used [0x9dcc0000,0x9dcc0000,0x9fbc0000)
  from space 2560K, 99% used [0x9fe40000,0xa00be680,0xa00c0000)
  to   space 2560K, 0% used [0x9fbc0000,0x9fbc0000,0x9fe40000)
 ParOldGen       total 41728K, used 9078K [0x73240000, 0x75b00000, 0x9dcc0000)
  object space 41728K, 21% used [0x73240000,0x73b1da10,0x75b00000)
 PSPermGen       total 16384K, used 4110K [0x6b240000, 0x6c240000, 0x73240000)
  object space 16384K, 25% used [0x6b240000,0x6b643980,0x6c240000)
}
Event: 12.731 GC heap before
{Heap before GC invocations=5 (full 0):
 PSYoungGen      total 34304K, used 34297K [0x9dcc0000, 0xa00c0000, 0xb3240000)
  eden space 31744K, 100% used [0x9dcc0000,0x9fbc0000,0x9fbc0000)
  from space 2560K, 99% used [0x9fe40000,0xa00be680,0xa00c0000)
  to   space 2560K, 0% used [0x9fbc0000,0x9fbc0000,0x9fe40000)
 ParOldGen       total 41728K, used 9078K [0x73240000, 0x75b00000, 0x9dcc0000)
  object space 41728K, 21% used [0x73240000,0x73b1da10,0x75b00000)
 PSPermGen       total 16384K, used 4126K [0x6b240000, 0x6c240000, 0x73240000)
  object space 16384K, 25% used [0x6b240000,0x6b647838,0x6c240000)
Event: 13.362 GC heap after
Heap after GC invocations=5 (full 0):
 PSYoungGen      total 34304K, used 2553K [0x9dcc0000, 0xa29c0000, 0xb3240000)
  eden space 31744K, 0% used [0x9dcc0000,0x9dcc0000,0x9fbc0000)
  from space 2560K, 99% used [0x9fbc0000,0x9fe3e510,0x9fe40000)
  to   space 7680K, 0% used [0xa2240000,0xa2240000,0xa29c0000)
 ParOldGen       total 41728K, used 14003K [0x73240000, 0x75b00000, 0x9dcc0000)
  object space 41728K, 33% used [0x73240000,0x73fecc08,0x75b00000)
 PSPermGen       total 16384K, used 4126K [0x6b240000, 0x6c240000, 0x73240000)
  object space 16384K, 25% used [0x6b240000,0x6b647838,0x6c240000)
}
Event: 28.013 GC heap before
{Heap before GC invocations=6 (full 0):
 PSYoungGen      total 34304K, used 34297K [0x9dcc0000, 0xa29c0000, 0xb3240000)
  eden space 31744K, 100% used [0x9dcc0000,0x9fbc0000,0x9fbc0000)
  from space 2560K, 99% used [0x9fbc0000,0x9fe3e510,0x9fe40000)
  to   space 7680K, 0% used [0xa2240000,0xa2240000,0xa29c0000)
 ParOldGen       total 41728K, used 14003K [0x73240000, 0x75b00000, 0x9dcc0000)
  object space 41728K, 33% used [0x73240000,0x73fecc08,0x75b00000)
 PSPermGen       total 16384K, used 4139K [0x6b240000, 0x6c240000, 0x73240000)
  object space 16384K, 25% used [0x6b240000,0x6b64ad80,0x6c240000)

Deoptimization events (3 events):
Event: 2.048 Thread 0x67360000 Uncommon trap: reason=null_check action=make_not_entrant pc=0xb33586dc method=com.android.dx.rop.code.LocalItem.equals(Ljava/lang/Object;)Z @ 1
Event: 4.048 Thread 0xb6307c00 Uncommon trap: reason=null_check action=make_not_entrant pc=0xb337a2c4 method=com.android.dx.rop.type.Type.putIntern(Lcom/android/dx/rop/type/Type;)Lcom/android/dx/rop/type/Type; @ 18
Event: 7.358 Thread 0x67360000 Uncommon trap: reason=null_check action=make_not_entrant pc=0xb33a22d4 method=com.android.dx.ssa.SsaRenamer.getLocalForNewReg(I)Lcom/android/dx/rop/code/LocalItem; @ 19

Internal exceptions (10 events):
Event: 2.047 Thread 0x67360000 Implicit null exception at 0xb33584ec to 0xb33586bd
Event: 2.159 Thread 0x67360000 Threw 0x9e86ee68 at /build/openjdk-7-OXg_HK/openjdk-7-7u79-2.5.6/build/openjdk/hotspot/src/share/vm/prims/jvm.cpp:1284
Event: 2.388 Thread 0xb6307c00 Threw 0x9e927ca8 at /build/openjdk-7-OXg_HK/openjdk-7-7u79-2.5.6/build/openjdk/hotspot/src/share/vm/prims/jvm.cpp:1284
Event: 2.702 Thread 0xb6307c00 Threw 0x9eba8358 at /build/openjdk-7-OXg_HK/openjdk-7-7u79-2.5.6/build/openjdk/hotspot/src/share/vm/prims/jvm.cpp:1284
Event: 2.703 Thread 0xb6307c00 Threw 0x9ebaadd0 at /build/openjdk-7-OXg_HK/openjdk-7-7u79-2.5.6/build/openjdk/hotspot/src/share/vm/prims/jvm.cpp:1284
Event: 2.791 Thread 0xb6307c00 Threw 0x9ebcd770 at /build/openjdk-7-OXg_HK/openjdk-7-7u79-2.5.6/build/openjdk/hotspot/src/share/vm/prims/jvm.cpp:1284
Event: 4.048 Thread 0xb6307c00 Implicit null exception at 0xb3379c96 to 0xb337a2b5
Event: 7.358 Thread 0x67360000 Implicit null exception at 0xb33a1005 to 0xb33a22c5
Event: 7.559 Thread 0xb6307c00 Threw 0x9dfd28f8 at /build/openjdk-7-OXg_HK/openjdk-7-7u79-2.5.6/build/openjdk/hotspot/src/share/vm/prims/jvm.cpp:1284
Event: 10.244 Thread 0xb6307c00 Threw 0x9e764e50 at /build/openjdk-7-OXg_HK/openjdk-7-7u79-2.5.6/build/openjdk/hotspot/src/share/vm/prims/jvm.cpp:1284

Events (10 events):
Event: 27.707 Executing VM operation: RevokeBias done
Event: 27.707 Executing VM operation: RevokeBias
Event: 27.707 Executing VM operation: RevokeBias done
Event: 27.707 Executing VM operation: RevokeBias
Event: 27.707 Executing VM operation: RevokeBias done
Event: 27.707 Executing VM operation: RevokeBias
Event: 27.707 Executing VM operation: RevokeBias done
Event: 27.707 Executing VM operation: BulkRevokeBias
Event: 27.740 Executing VM operation: BulkRevokeBias done
Event: 28.013 Executing VM operation: ParallelGCFailedAllocation


Dynamic libraries:
08048000-08049000 r-xp 00000000 08:01 3412725    /usr/lib/jvm/java-7-openjdk-i386/jre/bin/java
08049000-0804a000 r--p 00000000 08:01 3412725    /usr/lib/jvm/java-7-openjdk-i386/jre/bin/java
0804a000-0804b000 rw-p 00001000 08:01 3412725    /usr/lib/jvm/java-7-openjdk-i386/jre/bin/java
0851a000-08601000 rw-p 00000000 00:00 0          [heap]
65700000-657fd000 rw-p 00000000 00:00 0 
657fd000-65800000 ---p 00000000 00:00 0 
65800000-6582c000 rw-p 00000000 00:00 0 
6582c000-65900000 ---p 00000000 00:00 0 
65900000-659e9000 rw-p 00000000 00:00 0 
659e9000-65a00000 ---p 00000000 00:00 0 
65a00000-65af3000 rw-p 00000000 00:00 0 
65af3000-65b00000 ---p 00000000 00:00 0 
65b00000-65c00000 rw-p 00000000 00:00 0 
65d00000-65d9d000 rw-p 00000000 00:00 0 
65d9d000-65e00000 ---p 00000000 00:00 0 
65e00000-65f00000 rw-p 00000000 00:00 0 
65f00000-65fbf000 rw-p 00000000 00:00 0 
65fbf000-66000000 ---p 00000000 00:00 0 
66100000-661e7000 rw-p 00000000 00:00 0 
661e7000-66200000 ---p 00000000 00:00 0 
66300000-663e8000 rw-p 00000000 00:00 0 
663e8000-66400000 ---p 00000000 00:00 0 
66400000-664ea000 rw-p 00000000 00:00 0 
664ea000-66500000 ---p 00000000 00:00 0 
66500000-665fe000 rw-p 00000000 00:00 0 
665fe000-66600000 ---p 00000000 00:00 0 
66700000-668e0000 rw-p 00000000 00:00 0 
668e0000-66900000 ---p 00000000 00:00 0 
66900000-669ff000 rw-p 00000000 00:00 0 
669ff000-66a00000 ---p 00000000 00:00 0 
66a00000-66ae9000 rw-p 00000000 00:00 0 
66ae9000-66b00000 ---p 00000000 00:00 0 
66b00000-66bfb000 rw-p 00000000 00:00 0 
66bfb000-66c00000 ---p 00000000 00:00 0 
66c00000-66cff000 rw-p 00000000 00:00 0 
66cff000-66d00000 ---p 00000000 00:00 0 
66d00000-66df9000 rw-p 00000000 00:00 0 
66df9000-66e00000 ---p 00000000 00:00 0 
66ea0000-66ea3000 ---p 00000000 00:00 0 
66ea3000-66ef1000 rw-p 00000000 00:00 0          [stack:5601]
66ef1000-66ef4000 ---p 00000000 00:00 0 
66ef4000-66f42000 rw-p 00000000 00:00 0          [stack:5600]
66f42000-66f45000 ---p 00000000 00:00 0 
66f45000-66f93000 rw-p 00000000 00:00 0          [stack:5598]
66f93000-66f96000 ---p 00000000 00:00 0 
66f96000-66fe4000 rw-p 00000000 00:00 0          [stack:5597]
66fe4000-66fe7000 ---p 00000000 00:00 0 
66fe7000-67035000 rw-p 00000000 00:00 0          [stack:5596]
67035000-67071000 r-xp 00000000 08:01 25035843   /lib/i386-linux-gnu/libpcre.so.3.13.1
67071000-67072000 r--p 0003b000 08:01 25035843   /lib/i386-linux-gnu/libpcre.so.3.13.1
67072000-67073000 rw-p 0003c000 08:01 25035843   /lib/i386-linux-gnu/libpcre.so.3.13.1
67073000-6717d000 r-xp 00000000 08:01 25035771   /lib/i386-linux-gnu/libglib-2.0.so.0.4000.0
6717d000-6717e000 r--p 00109000 08:01 25035771   /lib/i386-linux-gnu/libglib-2.0.so.0.4000.0
6717e000-6717f000 rw-p 0010a000 08:01 25035771   /lib/i386-linux-gnu/libglib-2.0.so.0.4000.0
6717f000-672fc000 r-xp 00000000 08:01 3020350    /usr/lib/i386-linux-gnu/libgio-2.0.so.0.4000.0
672fc000-672fe000 r--p 0017c000 08:01 3020350    /usr/lib/i386-linux-gnu/libgio-2.0.so.0.4000.0
672fe000-672ff000 rw-p 0017e000 08:01 3020350    /usr/lib/i386-linux-gnu/libgio-2.0.so.0.4000.0
672ff000-67300000 rw-p 00000000 00:00 0 
67300000-673a1000 rw-p 00000000 00:00 0 
673a1000-67400000 ---p 00000000 00:00 0 
67438000-67488000 r-xp 00000000 08:01 3020380    /usr/lib/i386-linux-gnu/libgobject-2.0.so.0.4000.0
67488000-67489000 r--p 0004f000 08:01 3020380    /usr/lib/i386-linux-gnu/libgobject-2.0.so.0.4000.0
67489000-6748a000 rw-p 00050000 08:01 3020380    /usr/lib/i386-linux-gnu/libgobject-2.0.so.0.4000.0
6748a000-6748b000 ---p 00000000 00:00 0 
6748b000-6750b000 rw-p 00000000 00:00 0          [stack:5577]
6750b000-6750e000 ---p 00000000 00:00 0 
6750e000-6755c000 rw-p 00000000 00:00 0          [stack:5576]
6755c000-6755f000 ---p 00000000 00:00 0 
6755f000-675dd000 rw-p 00000000 00:00 0          [stack:5574]
675dd000-675e0000 ---p 00000000 00:00 0 
675e0000-6765e000 rw-p 00000000 00:00 0          [stack:5572]
6765e000-67661000 ---p 00000000 00:00 0 
67661000-676af000 rw-p 00000000 00:00 0          [stack:5566]
676af000-678af000 r--p 00000000 08:01 3022988    /usr/lib/locale/locale-archive
678af000-678b2000 ---p 00000000 00:00 0 
678b2000-67900000 rw-p 00000000 00:00 0          [stack:5562]
67900000-679fc000 rw-p 00000000 00:00 0 
679fc000-67a00000 ---p 00000000 00:00 0 
67a00000-67a21000 rw-p 00000000 00:00 0 
67a21000-67b00000 ---p 00000000 00:00 0 
67b00000-67c00000 rw-p 00000000 00:00 0 
67c0c000-67c4e000 r--p 00858000 08:01 3022988    /usr/lib/locale/locale-archive
67c4e000-67c4f000 ---p 00000000 00:00 0 
67c4f000-67ccf000 rw-p 00000000 00:00 0          [stack:5554]
67ccf000-67e80000 r--s 01d29000 08:01 3283391    /usr/lib/jvm/java-7-openjdk-i386/jre/lib/rt.jar
67e80000-6a700000 rw-p 00000000 00:00 0 
6a700000-6a7f6000 rw-p 00000000 00:00 0 
6a7f6000-6a800000 ---p 00000000 00:00 0 
6a80b000-6a82b000 r-xp 00000000 08:01 25035870   /lib/i386-linux-gnu/libselinux.so.1
6a82b000-6a82c000 r--p 0001f000 08:01 25035870   /lib/i386-linux-gnu/libselinux.so.1
6a82c000-6a82d000 rw-p 00020000 08:01 25035870   /lib/i386-linux-gnu/libselinux.so.1
6a82d000-6a82e000 rw-p 00000000 00:00 0 
6a82e000-6a831000 ---p 00000000 00:00 0 
6a831000-6a87f000 rw-p 00000000 00:00 0          [stack:5560]
6a87f000-6a880000 ---p 00000000 00:00 0 
6a880000-6a900000 rw-p 00000000 00:00 0          [stack:5549]
6a900000-6a921000 rw-p 00000000 00:00 0 
6a921000-6aa00000 ---p 00000000 00:00 0 
6aa05000-6aa18000 r-xp 00000000 08:01 25035866   /lib/i386-linux-gnu/libresolv-2.19.so
6aa18000-6aa19000 ---p 00013000 08:01 25035866   /lib/i386-linux-gnu/libresolv-2.19.so
6aa19000-6aa1a000 r--p 00013000 08:01 25035866   /lib/i386-linux-gnu/libresolv-2.19.so
6aa1a000-6aa1b000 rw-p 00014000 08:01 25035866   /lib/i386-linux-gnu/libresolv-2.19.so
6aa1b000-6aa1d000 rw-p 00000000 00:00 0 
6aa36000-6aa7f000 rw-p 00000000 00:00 0 
6aa7f000-6aa80000 ---p 00000000 00:00 0 
6aa80000-6ab00000 rw-p 00000000 00:00 0          [stack:5547]
6ab00000-6ab21000 rw-p 00000000 00:00 0 
6ab21000-6ac00000 ---p 00000000 00:00 0 
6ac0b000-6ac22000 r-xp 00000000 08:01 3283427    /usr/lib/jvm/java-7-openjdk-i386/jre/lib/i386/libnet.so
6ac22000-6ac23000 r--p 00017000 08:01 3283427    /usr/lib/jvm/java-7-openjdk-i386/jre/lib/i386/libnet.so
6ac23000-6ac24000 rw-p 00018000 08:01 3283427    /usr/lib/jvm/java-7-openjdk-i386/jre/lib/i386/libnet.so
6ac24000-6ac7f000 rw-p 00000000 00:00 0 
6ac7f000-6ac80000 ---p 00000000 00:00 0 
6ac80000-6ad00000 rw-p 00000000 00:00 0          [stack:5545]
6ad00000-6ad26000 rw-p 00000000 00:00 0 
6ad26000-6ae00000 ---p 00000000 00:00 0 
6ae00000-6ae05000 r-xp 00000000 08:01 3020247    /usr/lib/i386-linux-gnu/libffi.so.6.0.1
6ae05000-6ae06000 r--p 00005000 08:01 3020247    /usr/lib/i386-linux-gnu/libffi.so.6.0.1
6ae06000-6ae07000 rw-p 00006000 08:01 3020247    /usr/lib/i386-linux-gnu/libffi.so.6.0.1
6ae07000-6ae0a000 r-xp 00000000 08:01 3020364    /usr/lib/i386-linux-gnu/libgmodule-2.0.so.0.4000.0
6ae0a000-6ae0b000 r--p 00002000 08:01 3020364    /usr/lib/i386-linux-gnu/libgmodule-2.0.so.0.4000.0
6ae0b000-6ae0c000 rw-p 00003000 08:01 3020364    /usr/lib/i386-linux-gnu/libgmodule-2.0.so.0.4000.0
6ae0c000-6ae1d000 r-xp 00000000 08:01 3283432    /usr/lib/jvm/java-7-openjdk-i386/jre/lib/i386/libnio.so
6ae1d000-6ae1e000 r--p 00010000 08:01 3283432    /usr/lib/jvm/java-7-openjdk-i386/jre/lib/i386/libnio.so
6ae1e000-6ae1f000 rw-p 00011000 08:01 3283432    /usr/lib/jvm/java-7-openjdk-i386/jre/lib/i386/libnio.so
6ae1f000-6ae28000 r--s 00083000 08:01 26870344   /home/rafiqul/Documents/Software Engineering Project/spring2016_s1_cse404/AssetTrackingSystem__Android_Platform/app/build/intermediates/exploded-aar/com.android.support/appcompat-v7/23.0.0/jars/classes.jar
6ae28000-6ae29000 ---p 00000000 00:00 0 
6ae29000-6aebe000 rw-p 00000000 00:00 0          [stack:5536]
6aebe000-6afff000 rw-p 00000000 00:00 0 
6afff000-6b007000 rw-p 00000000 00:00 0 
6b007000-6b03f000 rw-p 00000000 00:00 0 
6b03f000-6b054000 rw-p 00000000 00:00 0 
6b054000-6b194000 rw-p 00000000 00:00 0 
6b194000-6b1bb000 rw-p 00000000 00:00 0 
6b1bb000-6b23f000 rw-p 00000000 00:00 0 
6b23f000-6c240000 rw-p 00000000 00:00 0 
6c240000-73240000 rw-p 00000000 00:00 0 
73240000-75b00000 rw-p 00000000 00:00 0 
75b00000-9dcc0000 rw-p 00000000 00:00 0 
9dcc0000-a29c0000 rw-p 00000000 00:00 0 
a2bc0000-b3240000 rw-p 00000000 00:00 0 
b3240000-b3249000 rw-p 00000000 00:00 0 
b3249000-b3300000 rw-p 00000000 00:00 0 
b3300000-b3540000 rwxp 00000000 00:00 0 
b3540000-b6400000 rw-p 00000000 00:00 0 
b6402000-b6411000 r--s 000df000 08:01 9175179    /home/rafiqul/Android/Sdk/build-tools/23.0.1/lib/dx.jar
b6411000-b6412000 r--s 00002000 08:01 3412674    /usr/lib/jvm/java-7-openjdk-i386/jre/lib/ext/dnsns.jar
b6412000-b6414000 r--s 00006000 08:01 3412779    /usr/share/java/java-atk-wrapper.jar
b6414000-b6418000 r--s 00034000 08:01 3412675    /usr/lib/jvm/java-7-openjdk-i386/jre/lib/ext/sunjce_provider.jar
b6418000-b643b000 rw-p 00000000 00:00 0 
b643b000-b6473000 rw-p 00000000 00:00 0 
b6473000-b647e000 r-xp 00000000 08:01 25035815   /lib/i386-linux-gnu/libnss_files-2.19.so
b647e000-b647f000 r--p 0000a000 08:01 25035815   /lib/i386-linux-gnu/libnss_files-2.19.so
b647f000-b6480000 rw-p 0000b000 08:01 25035815   /lib/i386-linux-gnu/libnss_files-2.19.so
b6480000-b648a000 r-xp 00000000 08:01 25035825   /lib/i386-linux-gnu/libnss_nis-2.19.so
b648a000-b648b000 r--p 00009000 08:01 25035825   /lib/i386-linux-gnu/libnss_nis-2.19.so
b648b000-b648c000 rw-p 0000a000 08:01 25035825   /lib/i386-linux-gnu/libnss_nis-2.19.so
b648c000-b64a1000 r-xp 00000000 08:01 25035809   /lib/i386-linux-gnu/libnsl-2.19.so
b64a1000-b64a2000 r--p 00015000 08:01 25035809   /lib/i386-linux-gnu/libnsl-2.19.so
b64a2000-b64a3000 rw-p 00016000 08:01 25035809   /lib/i386-linux-gnu/libnsl-2.19.so
b64a3000-b64a5000 rw-p 00000000 00:00 0 
b64a5000-b64ac000 r-xp 00000000 08:01 25035811   /lib/i386-linux-gnu/libnss_compat-2.19.so
b64ac000-b64ad000 r--p 00006000 08:01 25035811   /lib/i386-linux-gnu/libnss_compat-2.19.so
b64ad000-b64ae000 rw-p 00007000 08:01 25035811   /lib/i386-linux-gnu/libnss_compat-2.19.so
b64ae000-b64b1000 r--s 0000f000 08:01 3412677    /usr/lib/jvm/java-7-openjdk-i386/jre/lib/ext/icedtea-sound.jar
b64b1000-b64b5000 r--s 00085000 08:01 3412673    /usr/lib/jvm/java-7-openjdk-i386/jre/lib/ext/localedata.jar
b64b5000-b64bd000 r-xp 00000000 08:01 3283403    /usr/lib/jvm/java-7-openjdk-i386/jre/lib/i386/libzip.so
b64bd000-b64be000 r--p 00007000 08:01 3283403    /usr/lib/jvm/java-7-openjdk-i386/jre/lib/i386/libzip.so
b64be000-b64bf000 rw-p 00008000 08:01 3283403    /usr/lib/jvm/java-7-openjdk-i386/jre/lib/i386/libzip.so
b64bf000-b64c7000 rw-s 00000000 08:01 16777240   /tmp/hsperfdata_rafiqul/5515
b64c7000-b64ee000 r-xp 00000000 08:01 3283435    /usr/lib/jvm/java-7-openjdk-i386/jre/lib/i386/libjava.so
b64ee000-b64ef000 r--p 00026000 08:01 3283435    /usr/lib/jvm/java-7-openjdk-i386/jre/lib/i386/libjava.so
b64ef000-b64f0000 rw-p 00027000 08:01 3283435    /usr/lib/jvm/java-7-openjdk-i386/jre/lib/i386/libjava.so
b64f0000-b64f7000 r-xp 00000000 08:01 25035868   /lib/i386-linux-gnu/librt-2.19.so
b64f7000-b64f8000 r--p 00006000 08:01 25035868   /lib/i386-linux-gnu/librt-2.19.so
b64f8000-b64f9000 rw-p 00007000 08:01 25035868   /lib/i386-linux-gnu/librt-2.19.so
b64f9000-b64fc000 ---p 00000000 00:00 0 
b64fc000-b654a000 rw-p 00000000 00:00 0          [stack:5532]
b654a000-b6566000 r-xp 00000000 08:01 25035767   /lib/i386-linux-gnu/libgcc_s.so.1
b6566000-b6567000 rw-p 0001b000 08:01 25035767   /lib/i386-linux-gnu/libgcc_s.so.1
b6567000-b65ab000 r-xp 00000000 08:01 25035790   /lib/i386-linux-gnu/libm-2.19.so
b65ab000-b65ac000 r--p 00043000 08:01 25035790   /lib/i386-linux-gnu/libm-2.19.so
b65ac000-b65ad000 rw-p 00044000 08:01 25035790   /lib/i386-linux-gnu/libm-2.19.so
b65ad000-b6689000 r-xp 00000000 08:01 3018897    /usr/lib/i386-linux-gnu/libstdc++.so.6.0.19
b6689000-b668d000 r--p 000dc000 08:01 3018897    /usr/lib/i386-linux-gnu/libstdc++.so.6.0.19
b668d000-b668e000 rw-p 000e0000 08:01 3018897    /usr/lib/i386-linux-gnu/libstdc++.so.6.0.19
b668e000-b6695000 rw-p 00000000 00:00 0 
b6695000-b7084000 r-xp 00000000 08:01 3412663    /usr/lib/jvm/java-7-openjdk-i386/jre/lib/i386/server/libjvm.so
b7084000-b70d6000 r--p 009ee000 08:01 3412663    /usr/lib/jvm/java-7-openjdk-i386/jre/lib/i386/server/libjvm.so
b70d6000-b70ea000 rw-p 00a40000 08:01 3412663    /usr/lib/jvm/java-7-openjdk-i386/jre/lib/i386/server/libjvm.so
b70ea000-b7508000 rw-p 00000000 00:00 0 
b7508000-b7520000 r-xp 00000000 08:01 25035903   /lib/i386-linux-gnu/libz.so.1.2.8
b7520000-b7521000 r--p 00017000 08:01 25035903   /lib/i386-linux-gnu/libz.so.1.2.8
b7521000-b7522000 rw-p 00018000 08:01 25035903   /lib/i386-linux-gnu/libz.so.1.2.8
b7522000-b753a000 r-xp 00000000 08:01 25035860   /lib/i386-linux-gnu/libpthread-2.19.so
b753a000-b753b000 r--p 00017000 08:01 25035860   /lib/i386-linux-gnu/libpthread-2.19.so
b753b000-b753c000 rw-p 00018000 08:01 25035860   /lib/i386-linux-gnu/libpthread-2.19.so
b753c000-b753e000 rw-p 00000000 00:00 0 
b753e000-b7541000 r-xp 00000000 08:01 25035757   /lib/i386-linux-gnu/libdl-2.19.so
b7541000-b7542000 r--p 00002000 08:01 25035757   /lib/i386-linux-gnu/libdl-2.19.so
b7542000-b7543000 rw-p 00003000 08:01 25035757   /lib/i386-linux-gnu/libdl-2.19.so
b7543000-b76ec000 r-xp 00000000 08:01 25035740   /lib/i386-linux-gnu/libc-2.19.so
b76ec000-b76ee000 r--p 001a9000 08:01 25035740   /lib/i386-linux-gnu/libc-2.19.so
b76ee000-b76ef000 rw-p 001ab000 08:01 25035740   /lib/i386-linux-gnu/libc-2.19.so
b76ef000-b76f2000 rw-p 00000000 00:00 0 
b76f2000-b76f4000 r--s 00012000 08:01 3412678    /usr/lib/jvm/java-7-openjdk-i386/jre/lib/ext/zipfs.jar
b76f4000-b76f8000 r--s 0003c000 08:01 3412676    /usr/lib/jvm/java-7-openjdk-i386/jre/lib/ext/sunpkcs11.jar
b76f8000-b76f9000 r--p 00855000 08:01 3022988    /usr/lib/locale/locale-archive
b76f9000-b76fa000 rw-p 00000000 00:00 0 
b76fa000-b76fb000 ---p 00000000 00:00 0 
b76fb000-b7709000 r-xp 00000000 08:01 3283418    /usr/lib/jvm/java-7-openjdk-i386/jre/lib/i386/libverify.so
b7709000-b770a000 r--p 0000d000 08:01 3283418    /usr/lib/jvm/java-7-openjdk-i386/jre/lib/i386/libverify.so
b770a000-b770b000 rw-p 0000e000 08:01 3283418    /usr/lib/jvm/java-7-openjdk-i386/jre/lib/i386/libverify.so
b770b000-b7717000 r-xp 00000000 08:01 3283406    /usr/lib/jvm/java-7-openjdk-i386/jre/lib/i386/jli/libjli.so
b7717000-b7718000 r--p 0000c000 08:01 3283406    /usr/lib/jvm/java-7-openjdk-i386/jre/lib/i386/jli/libjli.so
b7718000-b7719000 rw-p 0000d000 08:01 3283406    /usr/lib/jvm/java-7-openjdk-i386/jre/lib/i386/jli/libjli.so
b7719000-b771c000 rw-p 00000000 00:00 0 
b771c000-b771d000 r-xp 00000000 00:00 0          [vdso]
b771d000-b773d000 r-xp 00000000 08:01 25035716   /lib/i386-linux-gnu/ld-2.19.so
b773d000-b773e000 r--p 0001f000 08:01 25035716   /lib/i386-linux-gnu/ld-2.19.so
b773e000-b773f000 rw-p 00020000 08:01 25035716   /lib/i386-linux-gnu/ld-2.19.so
bfc6e000-bfc6f000 rwxp 00000000 00:00 0 
bfca1000-bfcc2000 rw-p 00000000 00:00 0          [stack]

VM Arguments:
jvm_args: -Xmx1024M -Dfile.encoding=UTF-8 -Duser.country=US -Duser.language=en -Duser.variant 
java_command: com.android.dx.command.Main --dex --num-threads=4 --output /home/rafiqul/Documents/Software Engineering Project/spring2016_s1_cse404/AssetTrackingSystem__Android_Platform/app/build/intermediates/pre-dexed/debug/classes-0d0159894010126437216df70887e76fc319c96b.jar /home/rafiqul/Documents/Software Engineering Project/spring2016_s1_cse404/AssetTrackingSystem__Android_Platform/app/build/intermediates/exploded-aar/com.android.support/appcompat-v7/23.0.0/jars/classes.jar
Launcher Type: SUN_STANDARD

Environment Variables:
JAVA_HOME=/usr/lib/jvm/java-8-oracle
PATH=/usr/local/sbin:/usr/local/bin:/usr/sbin:/usr/bin:/sbin:/bin:/usr/games:/usr/local/games:/usr/lib/jvm/java-8-oracle/bin:/usr/lib/jvm/java-8-oracle/db/bin:/usr/lib/jvm/java-8-oracle/jre/bin
LD_LIBRARY_PATH=/home/rafiqul/android-studio/bin:
SHELL=/bin/bash
DISPLAY=:0

Signal Handlers:
SIGSEGV: [libjvm.so+0x80cb90], sa_mask[0]=0x7ffbfeff, sa_flags=0x10000004
SIGBUS: [libjvm.so+0x80cb90], sa_mask[0]=0x7ffbfeff, sa_flags=0x10000004
SIGFPE: [libjvm.so+0x684e30], sa_mask[0]=0x7ffbfeff, sa_flags=0x10000004
SIGPIPE: [libjvm.so+0x684e30], sa_mask[0]=0x7ffbfeff, sa_flags=0x10000004
SIGXFSZ: [libjvm.so+0x684e30], sa_mask[0]=0x7ffbfeff, sa_flags=0x10000004
SIGILL: [libjvm.so+0x684e30], sa_mask[0]=0x7ffbfeff, sa_flags=0x10000004
SIGUSR1: SIG_DFL, sa_mask[0]=0x00000000, sa_flags=0x00000000
SIGUSR2: [libjvm.so+0x684cc0], sa_mask[0]=0x00000004, sa_flags=0x10000004
SIGHUP: [libjvm.so+0x684ef0], sa_mask[0]=0x7ffbfeff, sa_flags=0x10000004
SIGINT: [libjvm.so+0x684ef0], sa_mask[0]=0x7ffbfeff, sa_flags=0x10000004
SIGTERM: [libjvm.so+0x684ef0], sa_mask[0]=0x7ffbfeff, sa_flags=0x10000004
SIGQUIT: [libjvm.so+0x684ef0], sa_mask[0]=0x7ffbfeff, sa_flags=0x10000004
SIGTRAP: SIG_DFL, sa_mask[0]=0x00000000, sa_flags=0x00000000


---------------  S Y S T E M  ---------------

OS:Ubuntu 14.04 (trusty)
uname:Linux 3.13.0-24-generic #46-Ubuntu SMP Thu Apr 10 19:08:14 UTC 2014 i686
libc:glibc 2.19 NPTL 2.19 
rlimit: STACK 8192k, CORE 0k, NPROC 31106, NOFILE 4096, AS infinity
load average:24.67 13.35 9.04

/proc/meminfo:
MemTotal:        4000684 kB
MemFree:          341748 kB
Buffers:            3380 kB
Cached:           443680 kB
SwapCached:            0 kB
Active:          3108400 kB
Inactive:         438752 kB
Active(anon):    3106640 kB
Inactive(anon):   358052 kB
Active(file):       1760 kB
Inactive(file):    80700 kB
Unevictable:          48 kB
Mlocked:              48 kB
HighTotal:       3155716 kB
HighFree:          85784 kB
LowTotal:         844968 kB
LowFree:          255964 kB
SwapTotal:             0 kB
SwapFree:              0 kB
Dirty:               152 kB
Writeback:             0 kB
AnonPages:       3100860 kB
Mapped:           135736 kB
Shmem:            363880 kB
Slab:              50868 kB
SReclaimable:      25288 kB
SUnreclaim:        25580 kB
KernelStack:        5584 kB
PageTables:        19144 kB
NFS_Unstable:          0 kB
Bounce:               28 kB
WritebackTmp:          0 kB
CommitLimit:     2000340 kB
Committed_AS:    8764176 kB
VmallocTotal:     122880 kB
VmallocUsed:       17028 kB
VmallocChunk:      98472 kB
HardwareCorrupted:     0 kB
AnonHugePages:   1316864 kB
HugePages_Total:       0
HugePages_Free:        0
HugePages_Rsvd:        0
HugePages_Surp:        0
Hugepagesize:       2048 kB
DirectMap4k:       36856 kB
DirectMap2M:      874496 kB


CPU:total 4 (2 cores per cpu, 2 threads per core) family 6 model 58 stepping 9, cmov, cx8, fxsr, mmx, sse, sse2, sse3, ssse3, sse4.1, sse4.2, popcnt, avx, erms, ht, tsc, tscinvbit, tscinv

/proc/cpuinfo:
processor	: 0
vendor_id	: GenuineIntel
cpu family	: 6
model		: 58
model name	: Intel(R) Core(TM) i3-3217U CPU @ 1.80GHz
stepping	: 9
microcode	: 0x15
cpu MHz		: 1801.000
cache size	: 3072 KB
physical id	: 0
siblings	: 4
core id		: 0
cpu cores	: 2
apicid		: 0
initial apicid	: 0
fdiv_bug	: no
f00f_bug	: no
coma_bug	: no
fpu		: yes
fpu_exception	: yes
cpuid level	: 13
wp		: yes
flags		: fpu vme de pse tsc msr pae mce cx8 apic sep mtrr pge mca cmov pat pse36 clflush dts acpi mmx fxsr sse sse2 ss ht tm pbe nx rdtscp lm constant_tsc arch_perfmon pebs bts xtopology nonstop_tsc aperfmperf eagerfpu pni pclmulqdq dtes64 monitor ds_cpl vmx est tm2 ssse3 cx16 xtpr pdcm pcid sse4_1 sse4_2 x2apic popcnt tsc_deadline_timer xsave avx f16c lahf_lm ida arat epb xsaveopt pln pts dtherm tpr_shadow vnmi flexpriority ept vpid fsgsbase smep erms
bogomips	: 3591.74
clflush size	: 64
cache_alignment	: 64
address sizes	: 36 bits physical, 48 bits virtual
power management:

processor	: 1
vendor_id	: GenuineIntel
cpu family	: 6
model		: 58
model name	: Intel(R) Core(TM) i3-3217U CPU @ 1.80GHz
stepping	: 9
microcode	: 0x15
cpu MHz		: 1801.000
cache size	: 3072 KB
physical id	: 0
siblings	: 4
core id		: 0
cpu cores	: 2
apicid		: 1
initial apicid	: 1
fdiv_bug	: no
f00f_bug	: no
coma_bug	: no
fpu		: yes
fpu_exception	: yes
cpuid level	: 13
wp		: yes
flags		: fpu vme de pse tsc msr pae mce cx8 apic sep mtrr pge mca cmov pat pse36 clflush dts acpi mmx fxsr sse sse2 ss ht tm pbe nx rdtscp lm constant_tsc arch_perfmon pebs bts xtopology nonstop_tsc aperfmperf eagerfpu pni pclmulqdq dtes64 monitor ds_cpl vmx est tm2 ssse3 cx16 xtpr pdcm pcid sse4_1 sse4_2 x2apic popcnt tsc_deadline_timer xsave avx f16c lahf_lm ida arat epb xsaveopt pln pts dtherm tpr_shadow vnmi flexpriority ept vpid fsgsbase smep erms
bogomips	: 3591.74
clflush size	: 64
cache_alignment	: 64
address sizes	: 36 bits physical, 48 bits virtual
power management:

processor	: 2
vendor_id	: GenuineIntel
cpu family	: 6
model		: 58
model name	: Intel(R) Core(TM) i3-3217U CPU @ 1.80GHz
stepping	: 9
microcode	: 0x15
cpu MHz		: 1801.000
cache size	: 3072 KB
physical id	: 0
siblings	: 4
core id		: 1
cpu cores	: 2
apicid		: 2
initial apicid	: 2
fdiv_bug	: no
f00f_bug	: no
coma_bug	: no
fpu		: yes
fpu_exception	: yes
cpuid level	: 13
wp		: yes
flags		: fpu vme de pse tsc msr pae mce cx8 apic sep mtrr pge mca cmov pat pse36 clflush dts acpi mmx fxsr sse sse2 ss ht tm pbe nx rdtscp lm constant_tsc arch_perfmon pebs bts xtopology nonstop_tsc aperfmperf eagerfpu pni pclmulqdq dtes64 monitor ds_cpl vmx est tm2 ssse3 cx16 xtpr pdcm pcid sse4_1 sse4_2 x2apic popcnt tsc_deadline_timer xsave avx f16c lahf_lm ida arat epb xsaveopt pln pts dtherm tpr_shadow vnmi flexpriority ept vpid fsgsbase smep erms
bogomips	: 3591.74
clflush size	: 64
cache_alignment	: 64
address sizes	: 36 bits physical, 48 bits virtual
power management:

processor	: 3
vendor_id	: GenuineIntel
cpu family	: 6
model		: 58
model name	: Intel(R) Core(TM) i3-3217U CPU @ 1.80GHz
stepping	: 9
microcode	: 0x15
cpu MHz		: 1801.000
cache size	: 3072 KB
physical id	: 0
siblings	: 4
core id		: 1
cpu cores	: 2
apicid		: 3
initial apicid	: 3
fdiv_bug	: no
f00f_bug	: no
coma_bug	: no
fpu		: yes
fpu_exception	: yes
cpuid level	: 13
wp		: yes
flags		: fpu vme de pse tsc msr pae mce cx8 apic sep mtrr pge mca cmov pat pse36 clflush dts acpi mmx fxsr sse sse2 ss ht tm pbe nx rdtscp lm constant_tsc arch_perfmon pebs bts xtopology nonstop_tsc aperfmperf eagerfpu pni pclmulqdq dtes64 monitor ds_cpl vmx est tm2 ssse3 cx16 xtpr pdcm pcid sse4_1 sse4_2 x2apic popcnt tsc_deadline_timer xsave avx f16c lahf_lm ida arat epb xsaveopt pln pts dtherm tpr_shadow vnmi flexpriority ept vpid fsgsbase smep erms
bogomips	: 3591.74
clflush size	: 64
cache_alignment	: 64
address sizes	: 36 bits physical, 48 bits virtual
power management:



Memory: 4k page, physical 4000684k(341748k free), swap 0k(0k free)

vm_info: OpenJDK Server VM (24.79-b02) for linux-x86 JRE (1.7.0_79-b14), built on Jul 24 2015 08:25:15 by "buildd" with gcc 4.8.2

time: Sat Apr 16 09:54:06 2016
elapsed time: 44 seconds

