#
# There is insufficient memory for the Java Runtime Environment to continue.
# Native memory allocation (malloc) failed to allocate 73924608 bytes for committing reserved memory.
# Possible reasons:
#   The system is out of physical RAM or swap space
#   In 32 bit mode, the process size limit was hit
# Possible solutions:
#   Reduce memory load on the system
#   Increase physical memory or swap space
#   Check if swap backing store is full
#   Use 64 bit Java on a 64 bit OS
#   Decrease Java heap size (-Xmx/-Xms)
#   Decrease number of Java threads
#   Decrease Java thread stack sizes (-Xss)
#   Set larger code cache with -XX:ReservedCodeCacheSize=
# This output file may be truncated or incomplete.
#
#  Out of Memory Error (os_linux.cpp:2809), pid=12133, tid=1742531392
#
# JRE version: OpenJDK Runtime Environment (7.0_79-b14) (build 1.7.0_79-b14)
# Java VM: OpenJDK Server VM (24.79-b02 mixed mode linux-x86 )
# Derivative: IcedTea 2.5.6
# Distribution: Ubuntu 14.04 LTS, package 7u79-2.5.6-0ubuntu1.14.04.1
# Failed to write core dump. Core dumps have been disabled. To enable core dumping, try "ulimit -c unlimited" before starting Java again
#

---------------  T H R E A D  ---------------

Current thread (0x67c80400):  VMThread [stack: 0x67d4e000,0x67dcf000] [id=12166]

Stack: [0x67d4e000,0x67dcf000]
VM_Operation (0x67004b24): ParallelGCFailedAllocation, mode: safepoint, requested by thread 0x67467800


---------------  P R O C E S S  ---------------

Java Threads: ( => current thread )
  0x6746c000 JavaThread "pool-1-thread-4" [_thread_blocked, id=12213, stack(0x66f13000,0x66f64000)]
  0x67469000 JavaThread "pool-1-thread-3" [_thread_blocked, id=12210, stack(0x66f64000,0x66fb5000)]
  0x67467800 JavaThread "pool-1-thread-2" [_thread_blocked, id=12206, stack(0x66fb5000,0x67006000)]
  0x67465c00 JavaThread "pool-2-thread-1" [_thread_blocked, id=12203, stack(0x67006000,0x67057000)]
  0x67464800 JavaThread "pool-1-thread-1" [_thread_blocked, id=12198, stack(0x67057000,0x670a8000)]
  0x67c9d000 JavaThread "Service Thread" daemon [_thread_blocked, id=12188, stack(0x675ad000,0x675fe000)]
  0x67c9b400 JavaThread "C2 CompilerThread1" daemon [_thread_blocked, id=12184, stack(0x675fe000,0x6767f000)]
  0x67c99400 JavaThread "C2 CompilerThread0" daemon [_thread_blocked, id=12179, stack(0x6767f000,0x67700000)]
  0x67c97c00 JavaThread "Signal Dispatcher" daemon [_thread_blocked, id=12176, stack(0x67b0d000,0x67b5e000)]
  0x67c84800 JavaThread "Finalizer" daemon [_thread_blocked, id=12175, stack(0x67b5e000,0x67baf000)]
  0x67c83000 JavaThread "Reference Handler" daemon [_thread_blocked, id=12174, stack(0x67baf000,0x67c00000)]
  0xb6407c00 JavaThread "main" [_thread_blocked, id=12147, stack(0xb654a000,0xb659b000)]

Other Threads:
=>0x67c80400 VMThread [stack: 0x67d4e000,0x67dcf000] [id=12166]
  0x67c9ec00 WatcherThread [stack: 0x6752c000,0x675ad000] [id=12192]

VM state:at safepoint (normal execution)

VM Mutex/Monitor currently owned by a thread:  ([mutex/lock_event])
[0xb6405350] Threads_lock - owner thread: 0x67c80400
[0xb6405760] Heap_lock - owner thread: 0x67467800

Heap
 PSYoungGen      total 71680K, used 8952K [0x9dd80000, 0xa2d00000, 0xb3300000)
  eden space 62720K, 0% used [0x9dd80000,0x9dd80000,0xa1ac0000)
  from space 8960K, 99% used [0xa1ac0000,0xa237e190,0xa2380000)
  to   space 8192K, 0% used [0xa2380000,0xa2380000,0xa2b80000)
 ParOldGen       total 41728K, used 24383K [0x73300000, 0x75bc0000, 0x9dd80000)
  object space 41728K, 58% used [0x73300000,0x74acfe40,0x75bc0000)
 PSPermGen       total 16384K, used 4162K [0x6b300000, 0x6c300000, 0x73300000)
  object space 16384K, 25% used [0x6b300000,0x6b710a48,0x6c300000)

Card table byte_map: [0x6b0bf000,0x6b300000] byte_map_base: 0x6ad65800

Polling page: 0xb774c000

Code Cache  [0xb33c0000, 0xb3600000, 0xb63c0000)
 total_blobs=388 nmethods=264 adapters=76 free_code_cache=48153Kb largest_free_block=49282112

Compilation events (10 events):
Event: 19.152 Thread 0x67c9b400 nmethod 260 0xb347afc8 code [0xb347b0c0, 0xb347b130]
Event: 19.152 Thread 0x67c9b400  261             java.util.Collections$UnmodifiableCollection$1::next (10 bytes)
Event: 19.175 Thread 0x67c9b400 nmethod 261 0xb34a8f48 code [0xb34a9060, 0xb34a9250]
Event: 19.175 Thread 0x67c9b400  262             com.android.dx.ssa.SCCP::simulateStmt (481 bytes)
Event: 19.737 Thread 0x67c9b400 nmethod 262 0xb34bb9c8 code [0xb34bbd40, 0xb34bd24c]
Event: 19.737 Thread 0x67c9b400  263             java.lang.Object::equals (11 bytes)
Event: 19.739 Thread 0x67c9b400 nmethod 263 0xb34a9fc8 code [0xb34aa0a0, 0xb34aa0f0]
Event: 19.739 Thread 0x67c9b400  264             com.android.dx.ssa.SsaInsn::<init> (29 bytes)
Event: 19.740 Thread 0x67c9b400 nmethod 264 0xb34778c8 code [0xb34779c0, 0xb3477a30]
Event: 19.740 Thread 0x67c9b400  265   !         com.android.dx.cf.code.BytecodeArray::parseInstruction (2764 bytes)

GC Heap History (10 events):
Event: 4.446 GC heap after
Heap after GC invocations=2 (full 0):
 PSYoungGen      total 18432K, used 2551K [0x9dd80000, 0xa0180000, 0xb3300000)
  eden space 15872K, 0% used [0x9dd80000,0x9dd80000,0x9ed00000)
  from space 2560K, 99% used [0x9ef80000,0x9f1fdd00,0x9f200000)
  to   space 2560K, 0% used [0x9ed00000,0x9ed00000,0x9ef80000)
 ParOldGen       total 41728K, used 4626K [0x73300000, 0x75bc0000, 0x9dd80000)
  object space 41728K, 11% used [0x73300000,0x737849e8,0x75bc0000)
 PSPermGen       total 16384K, used 4069K [0x6b300000, 0x6c300000, 0x73300000)
  object space 16384K, 24% used [0x6b300000,0x6b6f9630,0x6c300000)
}
Event: 6.119 GC heap before
{Heap before GC invocations=3 (full 0):
 PSYoungGen      total 18432K, used 18423K [0x9dd80000, 0xa0180000, 0xb3300000)
  eden space 15872K, 100% used [0x9dd80000,0x9ed00000,0x9ed00000)
  from space 2560K, 99% used [0x9ef80000,0x9f1fdd00,0x9f200000)
  to   space 2560K, 0% used [0x9ed00000,0x9ed00000,0x9ef80000)
 ParOldGen       total 41728K, used 4626K [0x73300000, 0x75bc0000, 0x9dd80000)
  object space 41728K, 11% used [0x73300000,0x737849e8,0x75bc0000)
 PSPermGen       total 16384K, used 4096K [0x6b300000, 0x6c300000, 0x73300000)
  object space 16384K, 25% used [0x6b300000,0x6b700328,0x6c300000)
Event: 6.159 GC heap after
Heap after GC invocations=3 (full 0):
 PSYoungGen      total 18432K, used 2552K [0x9dd80000, 0xa0180000, 0xb3300000)
  eden space 15872K, 0% used [0x9dd80000,0x9dd80000,0x9ed00000)
  from space 2560K, 99% used [0x9ed00000,0x9ef7e160,0x9ef80000)
  to   space 2560K, 0% used [0x9ff00000,0x9ff00000,0xa0180000)
 ParOldGen       total 41728K, used 7672K [0x73300000, 0x75bc0000, 0x9dd80000)
  object space 41728K, 18% used [0x73300000,0x73a7e330,0x75bc0000)
 PSPermGen       total 16384K, used 4096K [0x6b300000, 0x6c300000, 0x73300000)
  object space 16384K, 25% used [0x6b300000,0x6b700328,0x6c300000)
}
Event: 8.068 GC heap before
{Heap before GC invocations=4 (full 0):
 PSYoungGen      total 18432K, used 18424K [0x9dd80000, 0xa0180000, 0xb3300000)
  eden space 15872K, 100% used [0x9dd80000,0x9ed00000,0x9ed00000)
  from space 2560K, 99% used [0x9ed00000,0x9ef7e160,0x9ef80000)
  to   space 2560K, 0% used [0x9ff00000,0x9ff00000,0xa0180000)
 ParOldGen       total 41728K, used 7672K [0x73300000, 0x75bc0000, 0x9dd80000)
  object space 41728K, 18% used [0x73300000,0x73a7e330,0x75bc0000)
 PSPermGen       total 16384K, used 4106K [0x6b300000, 0x6c300000, 0x73300000)
  object space 16384K, 25% used [0x6b300000,0x6b702bf0,0x6c300000)
Event: 8.130 GC heap after
Heap after GC invocations=4 (full 0):
 PSYoungGen      total 34304K, used 2556K [0x9dd80000, 0xa0180000, 0xb3300000)
  eden space 31744K, 0% used [0x9dd80000,0x9dd80000,0x9fc80000)
  from space 2560K, 99% used [0x9ff00000,0xa017f310,0xa0180000)
  to   space 2560K, 0% used [0x9fc80000,0x9fc80000,0x9ff00000)
 ParOldGen       total 41728K, used 10791K [0x73300000, 0x75bc0000, 0x9dd80000)
  object space 41728K, 25% used [0x73300000,0x73d89d68,0x75bc0000)
 PSPermGen       total 16384K, used 4106K [0x6b300000, 0x6c300000, 0x73300000)
  object space 16384K, 25% used [0x6b300000,0x6b702bf0,0x6c300000)
}
Event: 11.771 GC heap before
{Heap before GC invocations=5 (full 0):
 PSYoungGen      total 34304K, used 34300K [0x9dd80000, 0xa0180000, 0xb3300000)
  eden space 31744K, 100% used [0x9dd80000,0x9fc80000,0x9fc80000)
  from space 2560K, 99% used [0x9ff00000,0xa017f310,0xa0180000)
  to   space 2560K, 0% used [0x9fc80000,0x9fc80000,0x9ff00000)
 ParOldGen       total 41728K, used 10791K [0x73300000, 0x75bc0000, 0x9dd80000)
  object space 41728K, 25% used [0x73300000,0x73d89d68,0x75bc0000)
 PSPermGen       total 16384K, used 4123K [0x6b300000, 0x6c300000, 0x73300000)
  object space 16384K, 25% used [0x6b300000,0x6b706c08,0x6c300000)
Event: 11.851 GC heap after
Heap after GC invocations=5 (full 0):
 PSYoungGen      total 34304K, used 2547K [0x9dd80000, 0xa2b80000, 0xb3300000)
  eden space 31744K, 0% used [0x9dd80000,0x9dd80000,0x9fc80000)
  from space 2560K, 99% used [0x9fc80000,0x9fefcf50,0x9ff00000)
  to   space 8192K, 0% used [0xa2380000,0xa2380000,0xa2b80000)
 ParOldGen       total 41728K, used 16253K [0x73300000, 0x75bc0000, 0x9dd80000)
  object space 41728K, 38% used [0x73300000,0x742df620,0x75bc0000)
 PSPermGen       total 16384K, used 4123K [0x6b300000, 0x6c300000, 0x73300000)
  object space 16384K, 25% used [0x6b300000,0x6b706c08,0x6c300000)
}
Event: 15.523 GC heap before
{Heap before GC invocations=6 (full 0):
 PSYoungGen      total 34304K, used 34291K [0x9dd80000, 0xa2b80000, 0xb3300000)
  eden space 31744K, 100% used [0x9dd80000,0x9fc80000,0x9fc80000)
  from space 2560K, 99% used [0x9fc80000,0x9fefcf50,0x9ff00000)
  to   space 8192K, 0% used [0xa2380000,0xa2380000,0xa2b80000)
 ParOldGen       total 41728K, used 16253K [0x73300000, 0x75bc0000, 0x9dd80000)
  object space 41728K, 38% used [0x73300000,0x742df620,0x75bc0000)
 PSPermGen       total 16384K, used 4140K [0x6b300000, 0x6c300000, 0x73300000)
  object space 16384K, 25% used [0x6b300000,0x6b70b2e0,0x6c300000)
Event: 15.624 GC heap after
Heap after GC invocations=6 (full 0):
 PSYoungGen      total 70912K, used 7822K [0x9dd80000, 0xa2d00000, 0xb3300000)
  eden space 62720K, 0% used [0x9dd80000,0x9dd80000,0xa1ac0000)
  from space 8192K, 95% used [0xa2380000,0xa2b23a00,0xa2b80000)
  to   space 8960K, 0% used [0xa1ac0000,0xa1ac0000,0xa2380000)
 ParOldGen       total 41728K, used 16253K [0x73300000, 0x75bc0000, 0x9dd80000)
  object space 41728K, 38% used [0x73300000,0x742df620,0x75bc0000)
 PSPermGen       total 16384K, used 4140K [0x6b300000, 0x6c300000, 0x73300000)
  object space 16384K, 25% used [0x6b300000,0x6b70b2e0,0x6c300000)
}
Event: 23.402 GC heap before
{Heap before GC invocations=7 (full 0):
 PSYoungGen      total 70912K, used 70542K [0x9dd80000, 0xa2d00000, 0xb3300000)
  eden space 62720K, 100% used [0x9dd80000,0xa1ac0000,0xa1ac0000)
  from space 8192K, 95% used [0xa2380000,0xa2b23a00,0xa2b80000)
  to   space 8960K, 0% used [0xa1ac0000,0xa1ac0000,0xa2380000)
 ParOldGen       total 41728K, used 16253K [0x73300000, 0x75bc0000, 0x9dd80000)
  object space 41728K, 38% used [0x73300000,0x742df620,0x75bc0000)
 PSPermGen       total 16384K, used 4162K [0x6b300000, 0x6c300000, 0x73300000)
  object space 16384K, 25% used [0x6b300000,0x6b710a48,0x6c300000)

Deoptimization events (10 events):
Event: 5.892 Thread 0xb6407c00 Uncommon trap: reason=class_check action=maybe_recompile pc=0xb343f6b8 method=java.util.HashMap.put(Ljava/lang/Object;Ljava/lang/Object;)Ljava/lang/Object; @ 83
Event: 5.892 Thread 0xb6407c00 Uncommon trap: reason=class_check action=maybe_recompile pc=0xb343f6b8 method=java.util.HashMap.put(Ljava/lang/Object;Ljava/lang/Object;)Ljava/lang/Object; @ 83
Event: 5.892 Thread 0xb6407c00 Uncommon trap: reason=class_check action=maybe_recompile pc=0xb343f6b8 method=java.util.HashMap.put(Ljava/lang/Object;Ljava/lang/Object;)Ljava/lang/Object; @ 83
Event: 7.629 Thread 0x67469000 Uncommon trap: reason=null_check action=make_not_entrant pc=0xb345e548 method=com.android.dx.ssa.SsaRenamer.getLocalForNewReg(I)Lcom/android/dx/rop/code/LocalItem; @ 19
Event: 11.952 Thread 0xb6407c00 Uncommon trap: reason=unreached action=reinterpret pc=0xb34801ac method=com.android.dx.ssa.SCCP.simulateBranch(Lcom/android/dx/ssa/SsaInsn;)V @ 132
Event: 11.992 Thread 0xb6407c00 Uncommon trap: reason=unreached action=reinterpret pc=0xb3476e7c method=com.android.dx.ssa.SsaMethod.updateOneDefinition(Lcom/android/dx/ssa/SsaInsn;Lcom/android/dx/rop/code/RegisterSpec;)V @ 4
Event: 12.248 Thread 0x67467800 Uncommon trap: reason=null_check action=make_not_entrant pc=0xb3439f90 method=com.android.dx.rop.type.Type.equals(Ljava/lang/Object;)Z @ 8
Event: 12.754 Thread 0x67467800 Uncommon trap: reason=unreached action=reinterpret pc=0xb348bf78 method=com.android.dx.rop.code.LocalVariableExtractor.processBlock(I)V @ 195
Event: 20.089 Thread 0xb6407c00 Uncommon trap: reason=unloaded action=reinterpret pc=0xb34865a4 method=com.android.dx.cf.cst.ConstantPoolParser.parse0(ILjava/util/BitSet;)Lcom/android/dx/rop/cst/Constant; @ 220
Event: 20.641 Thread 0x67469000 Uncommon trap: reason=null_check action=make_not_entrant pc=0xb34b2854 method=com.android.dx.cf.code.Ropper$CatchInfo.getSetup(Lcom/android/dx/rop/type/Type;)Lcom/android/dx/cf/code/Ropper$ExceptionHandlerSetup; @ 10

Internal exceptions (10 events):
Event: 2.654 Thread 0xb6407c00 Threw 0x9e908b38 at /build/openjdk-7-OXg_HK/openjdk-7-7u79-2.5.6/build/openjdk/hotspot/src/share/vm/prims/jvm.cpp:1284
Event: 2.714 Thread 0xb6407c00 Threw 0x9e923f78 at /build/openjdk-7-OXg_HK/openjdk-7-7u79-2.5.6/build/openjdk/hotspot/src/share/vm/prims/jvm.cpp:1284
Event: 3.130 Thread 0x67467800 Threw 0x9eba01e8 at /build/openjdk-7-OXg_HK/openjdk-7-7u79-2.5.6/build/openjdk/hotspot/src/share/vm/prims/jvm.cpp:1284
Event: 3.275 Thread 0x67464800 Threw 0x9de0bc38 at /build/openjdk-7-OXg_HK/openjdk-7-7u79-2.5.6/build/openjdk/hotspot/src/share/vm/prims/jvm.cpp:1284
Event: 7.629 Thread 0x67469000 Implicit null exception at 0xb345d22b to 0xb345e539
Event: 8.899 Thread 0xb6407c00 Threw 0x9e3ca668 at /build/openjdk-7-OXg_HK/openjdk-7-7u79-2.5.6/build/openjdk/hotspot/src/share/vm/prims/jvm.cpp:1284
Event: 11.991 Thread 0xb6407c00 Threw 0x9de8af10 at /build/openjdk-7-OXg_HK/openjdk-7-7u79-2.5.6/build/openjdk/hotspot/src/share/vm/prims/jvm.cpp:1284
Event: 12.248 Thread 0x67467800 Implicit null exception at 0xb3439eab to 0xb3439f82
Event: 20.340 Thread 0xb6407c00 Threw 0x9f960910 at /build/openjdk-7-OXg_HK/openjdk-7-7u79-2.5.6/build/openjdk/hotspot/src/share/vm/prims/jvm.cpp:1284
Event: 20.641 Thread 0x67469000 Implicit null exception at 0xb34af75c to 0xb34b2829

Events (10 events):
Event: 15.635 Executing VM operation: BulkRevokeBias done
Event: 20.089 Thread 0xb6407c00 Uncommon trap: trap_request=0x000000d2 fr.pc=0xb34865a4
Event: 20.089 Thread 0xb6407c00 DEOPT PACKING pc=0xb34865a4 sp=0xb6599ab0
Event: 20.089 Thread 0xb6407c00 DEOPT UNPACKING pc=0xb33ecbc8 sp=0xb6599ab4 mode 2
Event: 20.340 loading class 0x67cf7d38
Event: 20.340 loading class 0x67cf7d38 done
Event: 20.641 Thread 0x67469000 Uncommon trap: trap_request=0xfffffff4 fr.pc=0xb34b2854
Event: 20.641 Thread 0x67469000 DEOPT PACKING pc=0xb34b2854 sp=0x66fb3c10
Event: 20.641 Thread 0x67469000 DEOPT UNPACKING pc=0xb33ecbc8 sp=0x66fb3bdc mode 2
Event: 23.285 Executing VM operation: ParallelGCFailedAllocation


Dynamic libraries:
08048000-08049000 r-xp 00000000 08:01 3412725    /usr/lib/jvm/java-7-openjdk-i386/jre/bin/java
08049000-0804a000 r--p 00000000 08:01 3412725    /usr/lib/jvm/java-7-openjdk-i386/jre/bin/java
0804a000-0804b000 rw-p 00001000 08:01 3412725    /usr/lib/jvm/java-7-openjdk-i386/jre/bin/java
08b6b000-08bad000 rw-p 00000000 00:00 0          [heap]
64e00000-64ee8000 rw-p 00000000 00:00 0 
64ee8000-64f00000 ---p 00000000 00:00 0 
64f00000-64f60000 rw-p 00000000 00:00 0 
64f60000-65000000 ---p 00000000 00:00 0 
65000000-650fa000 rw-p 00000000 00:00 0 
650fa000-65100000 ---p 00000000 00:00 0 
65100000-65200000 rw-p 00000000 00:00 0 
65200000-65300000 rw-p 00000000 00:00 0 
65400000-654e5000 rw-p 00000000 00:00 0 
654e5000-65500000 ---p 00000000 00:00 0 
65600000-656fe000 rw-p 00000000 00:00 0 
656fe000-65700000 ---p 00000000 00:00 0 
65800000-658f3000 rw-p 00000000 00:00 0 
658f3000-65900000 ---p 00000000 00:00 0 
65900000-659fc000 rw-p 00000000 00:00 0 
659fc000-65a00000 ---p 00000000 00:00 0 
65a00000-65afc000 rw-p 00000000 00:00 0 
65afc000-65b00000 ---p 00000000 00:00 0 
65b00000-65bff000 rw-p 00000000 00:00 0 
65bff000-65c00000 ---p 00000000 00:00 0 
65c00000-65cea000 rw-p 00000000 00:00 0 
65cea000-65d00000 ---p 00000000 00:00 0 
65e00000-65efb000 rw-p 00000000 00:00 0 
65efb000-65f00000 ---p 00000000 00:00 0 
65f00000-65ff3000 rw-p 00000000 00:00 0 
65ff3000-66000000 ---p 00000000 00:00 0 
66000000-660fd000 rw-p 00000000 00:00 0 
660fd000-66100000 ---p 00000000 00:00 0 
66200000-663eb000 rw-p 00000000 00:00 0 
663eb000-66400000 ---p 00000000 00:00 0 
66400000-664f8000 rw-p 00000000 00:00 0 
664f8000-66500000 ---p 00000000 00:00 0 
66500000-665fe000 rw-p 00000000 00:00 0 
665fe000-66600000 ---p 00000000 00:00 0 
66600000-666e6000 rw-p 00000000 00:00 0 
666e6000-66700000 ---p 00000000 00:00 0 
66800000-668f7000 rw-p 00000000 00:00 0 
668f7000-66900000 ---p 00000000 00:00 0 
66934000-66a00000 rw-p 00000000 00:00 0 
66a00000-66ae1000 rw-p 00000000 00:00 0 
66ae1000-66b00000 ---p 00000000 00:00 0 
66b00000-66bfc000 rw-p 00000000 00:00 0 
66bfc000-66c00000 ---p 00000000 00:00 0 
66c00000-66cec000 rw-p 00000000 00:00 0 
66cec000-66d00000 ---p 00000000 00:00 0 
66d00000-66dfd000 rw-p 00000000 00:00 0 
66dfd000-66e00000 ---p 00000000 00:00 0 
66e00000-66efd000 rw-p 00000000 00:00 0 
66efd000-66f00000 ---p 00000000 00:00 0 
66f13000-66f16000 ---p 00000000 00:00 0 
66f16000-66f64000 rw-p 00000000 00:00 0          [stack:12213]
66f64000-66f67000 ---p 00000000 00:00 0 
66f67000-66fb5000 rw-p 00000000 00:00 0          [stack:12210]
66fb5000-66fb8000 ---p 00000000 00:00 0 
66fb8000-67006000 rw-p 00000000 00:00 0          [stack:12206]
67006000-67009000 ---p 00000000 00:00 0 
67009000-67057000 rw-p 00000000 00:00 0          [stack:12203]
67057000-6705a000 ---p 00000000 00:00 0 
6705a000-670a8000 rw-p 00000000 00:00 0          [stack:12198]
670a8000-670e4000 r-xp 00000000 08:01 25035843   /lib/i386-linux-gnu/libpcre.so.3.13.1
670e4000-670e5000 r--p 0003b000 08:01 25035843   /lib/i386-linux-gnu/libpcre.so.3.13.1
670e5000-670e6000 rw-p 0003c000 08:01 25035843   /lib/i386-linux-gnu/libpcre.so.3.13.1
670e6000-670f9000 r-xp 00000000 08:01 25035866   /lib/i386-linux-gnu/libresolv-2.19.so
670f9000-670fa000 ---p 00013000 08:01 25035866   /lib/i386-linux-gnu/libresolv-2.19.so
670fa000-670fb000 r--p 00013000 08:01 25035866   /lib/i386-linux-gnu/libresolv-2.19.so
670fb000-670fc000 rw-p 00014000 08:01 25035866   /lib/i386-linux-gnu/libresolv-2.19.so
670fc000-670fe000 rw-p 00000000 00:00 0 
670fe000-6711e000 r-xp 00000000 08:01 25035870   /lib/i386-linux-gnu/libselinux.so.1
6711e000-6711f000 r--p 0001f000 08:01 25035870   /lib/i386-linux-gnu/libselinux.so.1
6711f000-67120000 rw-p 00020000 08:01 25035870   /lib/i386-linux-gnu/libselinux.so.1
67120000-67121000 rw-p 00000000 00:00 0 
67121000-6722b000 r-xp 00000000 08:01 25035771   /lib/i386-linux-gnu/libglib-2.0.so.0.4000.0
6722b000-6722c000 r--p 00109000 08:01 25035771   /lib/i386-linux-gnu/libglib-2.0.so.0.4000.0
6722c000-6722d000 rw-p 0010a000 08:01 25035771   /lib/i386-linux-gnu/libglib-2.0.so.0.4000.0
6722d000-6727d000 r-xp 00000000 08:01 3020380    /usr/lib/i386-linux-gnu/libgobject-2.0.so.0.4000.0
6727d000-6727e000 r--p 0004f000 08:01 3020380    /usr/lib/i386-linux-gnu/libgobject-2.0.so.0.4000.0
6727e000-6727f000 rw-p 00050000 08:01 3020380    /usr/lib/i386-linux-gnu/libgobject-2.0.so.0.4000.0
6727f000-673fc000 r-xp 00000000 08:01 3020350    /usr/lib/i386-linux-gnu/libgio-2.0.so.0.4000.0
673fc000-673fe000 r--p 0017c000 08:01 3020350    /usr/lib/i386-linux-gnu/libgio-2.0.so.0.4000.0
673fe000-673ff000 rw-p 0017e000 08:01 3020350    /usr/lib/i386-linux-gnu/libgio-2.0.so.0.4000.0
673ff000-67400000 rw-p 00000000 00:00 0 
67400000-67489000 rw-p 00000000 00:00 0 
67489000-67500000 ---p 00000000 00:00 0 
6752c000-6752d000 ---p 00000000 00:00 0 
6752d000-675ad000 rw-p 00000000 00:00 0          [stack:12192]
675ad000-675b0000 ---p 00000000 00:00 0 
675b0000-675fe000 rw-p 00000000 00:00 0          [stack:12188]
675fe000-67601000 ---p 00000000 00:00 0 
67601000-6767f000 rw-p 00000000 00:00 0          [stack:12184]
6767f000-67682000 ---p 00000000 00:00 0 
67682000-67700000 rw-p 00000000 00:00 0          [stack:12179]
67700000-67900000 r--p 00000000 08:01 3022988    /usr/lib/locale/locale-archive
67900000-67930000 rw-p 00000000 00:00 0 
67930000-67a00000 ---p 00000000 00:00 0 
67a00000-67aee000 rw-p 00000000 00:00 0 
67aee000-67b00000 ---p 00000000 00:00 0 
67b0d000-67b10000 ---p 00000000 00:00 0 
67b10000-67b5e000 rw-p 00000000 00:00 0          [stack:12176]
67b5e000-67b61000 ---p 00000000 00:00 0 
67b61000-67baf000 rw-p 00000000 00:00 0          [stack:12175]
67baf000-67bb2000 ---p 00000000 00:00 0 
67bb2000-67c00000 rw-p 00000000 00:00 0          [stack:12174]
67c00000-67d00000 rw-p 00000000 00:00 0 
67d0c000-67d4e000 r--p 00858000 08:01 3022988    /usr/lib/locale/locale-archive
67d4e000-67d4f000 ---p 00000000 00:00 0 
67d4f000-67dcf000 rw-p 00000000 00:00 0          [stack:12166]
67dcf000-67f80000 r--s 01d29000 08:01 3283391    /usr/lib/jvm/java-7-openjdk-i386/jre/lib/rt.jar
67f80000-6a800000 rw-p 00000000 00:00 0 
6a800000-6a900000 rw-p 00000000 00:00 0 
6a903000-6a908000 r-xp 00000000 08:01 3020247    /usr/lib/i386-linux-gnu/libffi.so.6.0.1
6a908000-6a909000 r--p 00005000 08:01 3020247    /usr/lib/i386-linux-gnu/libffi.so.6.0.1
6a909000-6a90a000 rw-p 00006000 08:01 3020247    /usr/lib/i386-linux-gnu/libffi.so.6.0.1
6a90a000-6a921000 r-xp 00000000 08:01 3283427    /usr/lib/jvm/java-7-openjdk-i386/jre/lib/i386/libnet.so
6a921000-6a922000 r--p 00017000 08:01 3283427    /usr/lib/jvm/java-7-openjdk-i386/jre/lib/i386/libnet.so
6a922000-6a923000 rw-p 00018000 08:01 3283427    /usr/lib/jvm/java-7-openjdk-i386/jre/lib/i386/libnet.so
6a923000-6a934000 r-xp 00000000 08:01 3283432    /usr/lib/jvm/java-7-openjdk-i386/jre/lib/i386/libnio.so
6a934000-6a935000 r--p 00010000 08:01 3283432    /usr/lib/jvm/java-7-openjdk-i386/jre/lib/i386/libnio.so
6a935000-6a936000 rw-p 00011000 08:01 3283432    /usr/lib/jvm/java-7-openjdk-i386/jre/lib/i386/libnio.so
6a936000-6a97f000 rw-p 00000000 00:00 0 
6a97f000-6a980000 ---p 00000000 00:00 0 
6a980000-6aa00000 rw-p 00000000 00:00 0          [stack:12156]
6aa00000-6aa21000 rw-p 00000000 00:00 0 
6aa21000-6ab00000 ---p 00000000 00:00 0 
6ab00000-6ab21000 rw-p 00000000 00:00 0 
6ab21000-6ac00000 ---p 00000000 00:00 0 
6ac01000-6ac15000 r--s 000d6000 08:01 27533101   /home/rafiqul/Documents/Software Engineering Project/spring2016_s1_cse404/AssetTrackingSystem__Android_Platform/app/build/intermediates/exploded-aar/com.android.support/support-v4/23.0.0/jars/classes.jar
6ac15000-6ac24000 r--s 000df000 08:01 9175179    /home/rafiqul/Android/Sdk/build-tools/23.0.1/lib/dx.jar
6ac24000-6ac7f000 rw-p 00000000 00:00 0 
6ac7f000-6ac80000 ---p 00000000 00:00 0 
6ac80000-6ad00000 rw-p 00000000 00:00 0          [stack:12155]
6ad00000-6ad21000 rw-p 00000000 00:00 0 
6ad21000-6ae00000 ---p 00000000 00:00 0 
6ae05000-6ae08000 r-xp 00000000 08:01 3020364    /usr/lib/i386-linux-gnu/libgmodule-2.0.so.0.4000.0
6ae08000-6ae09000 r--p 00002000 08:01 3020364    /usr/lib/i386-linux-gnu/libgmodule-2.0.so.0.4000.0
6ae09000-6ae0a000 rw-p 00003000 08:01 3020364    /usr/lib/i386-linux-gnu/libgmodule-2.0.so.0.4000.0
6ae0a000-6ae0c000 r--s 00006000 08:01 3412779    /usr/share/java/java-atk-wrapper.jar
6ae0c000-6ae27000 rw-p 00000000 00:00 0 
6ae27000-6ae28000 ---p 00000000 00:00 0 
6ae28000-6aea8000 rw-p 00000000 00:00 0          [stack:12154]
6aea8000-6aea9000 ---p 00000000 00:00 0 
6aea9000-6af31000 rw-p 00000000 00:00 0          [stack:12153]
6af31000-6af69000 rw-p 00000000 00:00 0 
6af69000-6af7e000 rw-p 00000000 00:00 0 
6af7e000-6b0bf000 rw-p 00000000 00:00 0 
6b0bf000-6b0c7000 rw-p 00000000 00:00 0 
6b0c7000-6b0ff000 rw-p 00000000 00:00 0 
6b0ff000-6b114000 rw-p 00000000 00:00 0 
6b114000-6b254000 rw-p 00000000 00:00 0 
6b254000-6b27c000 rw-p 00000000 00:00 0 
6b27c000-6b2ff000 rw-p 00000000 00:00 0 
6b2ff000-6c300000 rw-p 00000000 00:00 0 
6c300000-73300000 rw-p 00000000 00:00 0 
73300000-75bc0000 rw-p 00000000 00:00 0 
75bc0000-9dd80000 rw-p 00000000 00:00 0 
9dd80000-a2d00000 rw-p 00000000 00:00 0 
a7380000-b3300000 rw-p 00000000 00:00 0 
b3300000-b3309000 rw-p 00000000 00:00 0 
b3309000-b33c0000 rw-p 00000000 00:00 0 
b33c0000-b3600000 rwxp 00000000 00:00 0 
b3600000-b63c0000 rw-p 00000000 00:00 0 
b63c0000-b63cb000 r-xp 00000000 08:01 25035815   /lib/i386-linux-gnu/libnss_files-2.19.so
b63cb000-b63cc000 r--p 0000a000 08:01 25035815   /lib/i386-linux-gnu/libnss_files-2.19.so
b63cc000-b63cd000 rw-p 0000b000 08:01 25035815   /lib/i386-linux-gnu/libnss_files-2.19.so
b63cd000-b63e2000 r-xp 00000000 08:01 25035809   /lib/i386-linux-gnu/libnsl-2.19.so
b63e2000-b63e3000 r--p 00015000 08:01 25035809   /lib/i386-linux-gnu/libnsl-2.19.so
b63e3000-b63e4000 rw-p 00016000 08:01 25035809   /lib/i386-linux-gnu/libnsl-2.19.so
b63e4000-b63e6000 rw-p 00000000 00:00 0 
b63e6000-b63e7000 r--s 00002000 08:01 3412674    /usr/lib/jvm/java-7-openjdk-i386/jre/lib/ext/dnsns.jar
b63e7000-b63ea000 r--s 0000f000 08:01 3412677    /usr/lib/jvm/java-7-openjdk-i386/jre/lib/ext/icedtea-sound.jar
b63ea000-b63ee000 r--s 00034000 08:01 3412675    /usr/lib/jvm/java-7-openjdk-i386/jre/lib/ext/sunjce_provider.jar
b63ee000-b63f2000 r--s 00085000 08:01 3412673    /usr/lib/jvm/java-7-openjdk-i386/jre/lib/ext/localedata.jar
b63f2000-b63f6000 r--s 0003c000 08:01 3412676    /usr/lib/jvm/java-7-openjdk-i386/jre/lib/ext/sunpkcs11.jar
b63f6000-b63fe000 r-xp 00000000 08:01 3283403    /usr/lib/jvm/java-7-openjdk-i386/jre/lib/i386/libzip.so
b63fe000-b63ff000 r--p 00007000 08:01 3283403    /usr/lib/jvm/java-7-openjdk-i386/jre/lib/i386/libzip.so
b63ff000-b6400000 rw-p 00008000 08:01 3283403    /usr/lib/jvm/java-7-openjdk-i386/jre/lib/i386/libzip.so
b6400000-b6500000 rw-p 00000000 00:00 0 
b6500000-b6502000 r--s 00012000 08:01 3412678    /usr/lib/jvm/java-7-openjdk-i386/jre/lib/ext/zipfs.jar
b6502000-b6503000 r--p 00855000 08:01 3022988    /usr/lib/locale/locale-archive
b6503000-b650d000 r-xp 00000000 08:01 25035825   /lib/i386-linux-gnu/libnss_nis-2.19.so
b650d000-b650e000 r--p 00009000 08:01 25035825   /lib/i386-linux-gnu/libnss_nis-2.19.so
b650e000-b650f000 rw-p 0000a000 08:01 25035825   /lib/i386-linux-gnu/libnss_nis-2.19.so
b650f000-b6516000 r-xp 00000000 08:01 25035811   /lib/i386-linux-gnu/libnss_compat-2.19.so
b6516000-b6517000 r--p 00006000 08:01 25035811   /lib/i386-linux-gnu/libnss_compat-2.19.so
b6517000-b6518000 rw-p 00007000 08:01 25035811   /lib/i386-linux-gnu/libnss_compat-2.19.so
b6518000-b653f000 r-xp 00000000 08:01 3283435    /usr/lib/jvm/java-7-openjdk-i386/jre/lib/i386/libjava.so
b653f000-b6540000 r--p 00026000 08:01 3283435    /usr/lib/jvm/java-7-openjdk-i386/jre/lib/i386/libjava.so
b6540000-b6541000 rw-p 00027000 08:01 3283435    /usr/lib/jvm/java-7-openjdk-i386/jre/lib/i386/libjava.so
b6541000-b6548000 r-xp 00000000 08:01 25035868   /lib/i386-linux-gnu/librt-2.19.so
b6548000-b6549000 r--p 00006000 08:01 25035868   /lib/i386-linux-gnu/librt-2.19.so
b6549000-b654a000 rw-p 00007000 08:01 25035868   /lib/i386-linux-gnu/librt-2.19.so
b654a000-b654d000 ---p 00000000 00:00 0 
b654d000-b659b000 rw-p 00000000 00:00 0          [stack:12147]
b659b000-b65b7000 r-xp 00000000 08:01 25035767   /lib/i386-linux-gnu/libgcc_s.so.1
b65b7000-b65b8000 rw-p 0001b000 08:01 25035767   /lib/i386-linux-gnu/libgcc_s.so.1
b65b8000-b65fc000 r-xp 00000000 08:01 25035790   /lib/i386-linux-gnu/libm-2.19.so
b65fc000-b65fd000 r--p 00043000 08:01 25035790   /lib/i386-linux-gnu/libm-2.19.so
b65fd000-b65fe000 rw-p 00044000 08:01 25035790   /lib/i386-linux-gnu/libm-2.19.so
b65fe000-b66da000 r-xp 00000000 08:01 3018897    /usr/lib/i386-linux-gnu/libstdc++.so.6.0.19
b66da000-b66de000 r--p 000dc000 08:01 3018897    /usr/lib/i386-linux-gnu/libstdc++.so.6.0.19
b66de000-b66df000 rw-p 000e0000 08:01 3018897    /usr/lib/i386-linux-gnu/libstdc++.so.6.0.19
b66df000-b66e6000 rw-p 00000000 00:00 0 
b66e6000-b70d5000 r-xp 00000000 08:01 3412663    /usr/lib/jvm/java-7-openjdk-i386/jre/lib/i386/server/libjvm.so
b70d5000-b7127000 r--p 009ee000 08:01 3412663    /usr/lib/jvm/java-7-openjdk-i386/jre/lib/i386/server/libjvm.so
b7127000-b713b000 rw-p 00a40000 08:01 3412663    /usr/lib/jvm/java-7-openjdk-i386/jre/lib/i386/server/libjvm.so
b713b000-b7559000 rw-p 00000000 00:00 0 
b7559000-b7571000 r-xp 00000000 08:01 25035903   /lib/i386-linux-gnu/libz.so.1.2.8
b7571000-b7572000 r--p 00017000 08:01 25035903   /lib/i386-linux-gnu/libz.so.1.2.8
b7572000-b7573000 rw-p 00018000 08:01 25035903   /lib/i386-linux-gnu/libz.so.1.2.8
b7573000-b758b000 r-xp 00000000 08:01 25035860   /lib/i386-linux-gnu/libpthread-2.19.so
b758b000-b758c000 r--p 00017000 08:01 25035860   /lib/i386-linux-gnu/libpthread-2.19.so
b758c000-b758d000 rw-p 00018000 08:01 25035860   /lib/i386-linux-gnu/libpthread-2.19.so
b758d000-b758f000 rw-p 00000000 00:00 0 
b758f000-b7592000 r-xp 00000000 08:01 25035757   /lib/i386-linux-gnu/libdl-2.19.so
b7592000-b7593000 r--p 00002000 08:01 25035757   /lib/i386-linux-gnu/libdl-2.19.so
b7593000-b7594000 rw-p 00003000 08:01 25035757   /lib/i386-linux-gnu/libdl-2.19.so
b7594000-b773d000 r-xp 00000000 08:01 25035740   /lib/i386-linux-gnu/libc-2.19.so
b773d000-b773f000 r--p 001a9000 08:01 25035740   /lib/i386-linux-gnu/libc-2.19.so
b773f000-b7740000 rw-p 001ab000 08:01 25035740   /lib/i386-linux-gnu/libc-2.19.so
b7740000-b7743000 rw-p 00000000 00:00 0 
b7743000-b774b000 rw-s 00000000 08:01 16646437   /tmp/hsperfdata_rafiqul/12133
b774b000-b774c000 rw-p 00000000 00:00 0 
b774c000-b774d000 ---p 00000000 00:00 0 
b774d000-b775b000 r-xp 00000000 08:01 3283418    /usr/lib/jvm/java-7-openjdk-i386/jre/lib/i386/libverify.so
b775b000-b775c000 r--p 0000d000 08:01 3283418    /usr/lib/jvm/java-7-openjdk-i386/jre/lib/i386/libverify.so
b775c000-b775d000 rw-p 0000e000 08:01 3283418    /usr/lib/jvm/java-7-openjdk-i386/jre/lib/i386/libverify.so
b775d000-b7769000 r-xp 00000000 08:01 3283406    /usr/lib/jvm/java-7-openjdk-i386/jre/lib/i386/jli/libjli.so
b7769000-b776a000 r--p 0000c000 08:01 3283406    /usr/lib/jvm/java-7-openjdk-i386/jre/lib/i386/jli/libjli.so
b776a000-b776b000 rw-p 0000d000 08:01 3283406    /usr/lib/jvm/java-7-openjdk-i386/jre/lib/i386/jli/libjli.so
b776b000-b776e000 rw-p 00000000 00:00 0 
b776e000-b776f000 r-xp 00000000 00:00 0          [vdso]
b776f000-b778f000 r-xp 00000000 08:01 25035716   /lib/i386-linux-gnu/ld-2.19.so
b778f000-b7790000 r--p 0001f000 08:01 25035716   /lib/i386-linux-gnu/ld-2.19.so
b7790000-b7791000 rw-p 00020000 08:01 25035716   /lib/i386-linux-gnu/ld-2.19.so
bfce8000-bfce9000 rwxp 00000000 00:00 0 
bfd1b000-bfd3c000 rw-p 00000000 00:00 0          [stack]

VM Arguments:
jvm_args: -Xmx1024M -Dfile.encoding=UTF-8 -Duser.country=US -Duser.language=en -Duser.variant 
java_command: com.android.dx.command.Main --dex --num-threads=4 --output /home/rafiqul/Documents/Software Engineering Project/spring2016_s1_cse404/AssetTrackingSystem__Android_Platform/app/build/intermediates/pre-dexed/debug/classes-4f0c7eb904846bd1a6235e70f11da521d97d6b6d.jar /home/rafiqul/Documents/Software Engineering Project/spring2016_s1_cse404/AssetTrackingSystem__Android_Platform/app/build/intermediates/exploded-aar/com.android.support/support-v4/23.0.0/jars/classes.jar
Launcher Type: SUN_STANDARD

Environment Variables:
JAVA_HOME=/usr/lib/jvm/java-8-oracle
PATH=/usr/local/sbin:/usr/local/bin:/usr/sbin:/usr/bin:/sbin:/bin:/usr/games:/usr/local/games:/usr/lib/jvm/java-8-oracle/bin:/usr/lib/jvm/java-8-oracle/db/bin:/usr/lib/jvm/java-8-oracle/jre/bin
LD_LIBRARY_PATH=/home/rafiqul/android-studio/bin:
SHELL=/bin/bash
DISPLAY=:0

Signal Handlers:
SIGSEGV: [libjvm.so+0x80cb90], sa_mask[0]=0x7ffbfeff, sa_flags=0x10000004
SIGBUS: [libjvm.so+0x80cb90], sa_mask[0]=0x7ffbfeff, sa_flags=0x10000004
SIGFPE: [libjvm.so+0x684e30], sa_mask[0]=0x7ffbfeff, sa_flags=0x10000004
SIGPIPE: [libjvm.so+0x684e30], sa_mask[0]=0x7ffbfeff, sa_flags=0x10000004
SIGXFSZ: [libjvm.so+0x684e30], sa_mask[0]=0x7ffbfeff, sa_flags=0x10000004
SIGILL: [libjvm.so+0x684e30], sa_mask[0]=0x7ffbfeff, sa_flags=0x10000004
SIGUSR1: SIG_DFL, sa_mask[0]=0x00000000, sa_flags=0x00000000
SIGUSR2: [libjvm.so+0x684cc0], sa_mask[0]=0x00000004, sa_flags=0x10000004
SIGHUP: [libjvm.so+0x684ef0], sa_mask[0]=0x7ffbfeff, sa_flags=0x10000004
SIGINT: [libjvm.so+0x684ef0], sa_mask[0]=0x7ffbfeff, sa_flags=0x10000004
SIGTERM: [libjvm.so+0x684ef0], sa_mask[0]=0x7ffbfeff, sa_flags=0x10000004
SIGQUIT: [libjvm.so+0x684ef0], sa_mask[0]=0x7ffbfeff, sa_flags=0x10000004
SIGTRAP: SIG_DFL, sa_mask[0]=0x00000000, sa_flags=0x00000000


---------------  S Y S T E M  ---------------

OS:Ubuntu 14.04 (trusty)
uname:Linux 3.13.0-24-generic #46-Ubuntu SMP Thu Apr 10 19:08:14 UTC 2014 i686
libc:glibc 2.19 NPTL 2.19 
rlimit: STACK 8192k, CORE 0k, NPROC 31106, NOFILE 4096, AS infinity
load average:10.28 3.19 1.72

/proc/meminfo:
MemTotal:        4000684 kB
MemFree:          224480 kB
Buffers:             856 kB
Cached:           452988 kB
SwapCached:            0 kB
Active:          3236504 kB
Inactive:         415204 kB
Active(anon):    3205416 kB
Inactive(anon):   388284 kB
Active(file):      31088 kB
Inactive(file):    26920 kB
Unevictable:          48 kB
Mlocked:              48 kB
HighTotal:       3155716 kB
HighFree:          39488 kB
LowTotal:         844968 kB
LowFree:          184992 kB
SwapTotal:             0 kB
SwapFree:              0 kB
Dirty:               728 kB
Writeback:             0 kB
AnonPages:       3198092 kB
Mapped:           195800 kB
Shmem:            395672 kB
Slab:              48776 kB
SReclaimable:      21476 kB
SUnreclaim:        27300 kB
KernelStack:        6152 kB
PageTables:        20720 kB
NFS_Unstable:          0 kB
Bounce:                0 kB
WritebackTmp:          0 kB
CommitLimit:     2000340 kB
Committed_AS:    9409064 kB
VmallocTotal:     122880 kB
VmallocUsed:       16996 kB
VmallocChunk:      97920 kB
HardwareCorrupted:     0 kB
AnonHugePages:   1306624 kB
HugePages_Total:       0
HugePages_Free:        0
HugePages_Rsvd:        0
HugePages_Surp:        0
Hugepagesize:       2048 kB
DirectMap4k:       71672 kB
DirectMap2M:      839680 kB


CPU:total 4 (2 cores per cpu, 2 threads per core) family 6 model 58 stepping 9, cmov, cx8, fxsr, mmx, sse, sse2, sse3, ssse3, sse4.1, sse4.2, popcnt, avx, erms, ht, tsc, tscinvbit, tscinv

/proc/cpuinfo:
processor	: 0
vendor_id	: GenuineIntel
cpu family	: 6
model		: 58
model name	: Intel(R) Core(TM) i3-3217U CPU @ 1.80GHz
stepping	: 9
microcode	: 0x15
cpu MHz		: 774.000
cache size	: 3072 KB
physical id	: 0
siblings	: 4
core id		: 0
cpu cores	: 2
apicid		: 0
initial apicid	: 0
fdiv_bug	: no
f00f_bug	: no
coma_bug	: no
fpu		: yes
fpu_exception	: yes
cpuid level	: 13
wp		: yes
flags		: fpu vme de pse tsc msr pae mce cx8 apic sep mtrr pge mca cmov pat pse36 clflush dts acpi mmx fxsr sse sse2 ss ht tm pbe nx rdtscp lm constant_tsc arch_perfmon pebs bts xtopology nonstop_tsc aperfmperf eagerfpu pni pclmulqdq dtes64 monitor ds_cpl vmx est tm2 ssse3 cx16 xtpr pdcm pcid sse4_1 sse4_2 x2apic popcnt tsc_deadline_timer xsave avx f16c lahf_lm ida arat epb xsaveopt pln pts dtherm tpr_shadow vnmi flexpriority ept vpid fsgsbase smep erms
bogomips	: 3591.98
clflush size	: 64
cache_alignment	: 64
address sizes	: 36 bits physical, 48 bits virtual
power management:

processor	: 1
vendor_id	: GenuineIntel
cpu family	: 6
model		: 58
model name	: Intel(R) Core(TM) i3-3217U CPU @ 1.80GHz
stepping	: 9
microcode	: 0x15
cpu MHz		: 1801.000
cache size	: 3072 KB
physical id	: 0
siblings	: 4
core id		: 0
cpu cores	: 2
apicid		: 1
initial apicid	: 1
fdiv_bug	: no
f00f_bug	: no
coma_bug	: no
fpu		: yes
fpu_exception	: yes
cpuid level	: 13
wp		: yes
flags		: fpu vme de pse tsc msr pae mce cx8 apic sep mtrr pge mca cmov pat pse36 clflush dts acpi mmx fxsr sse sse2 ss ht tm pbe nx rdtscp lm constant_tsc arch_perfmon pebs bts xtopology nonstop_tsc aperfmperf eagerfpu pni pclmulqdq dtes64 monitor ds_cpl vmx est tm2 ssse3 cx16 xtpr pdcm pcid sse4_1 sse4_2 x2apic popcnt tsc_deadline_timer xsave avx f16c lahf_lm ida arat epb xsaveopt pln pts dtherm tpr_shadow vnmi flexpriority ept vpid fsgsbase smep erms
bogomips	: 3591.98
clflush size	: 64
cache_alignment	: 64
address sizes	: 36 bits physical, 48 bits virtual
power management:

processor	: 2
vendor_id	: GenuineIntel
cpu family	: 6
model		: 58
model name	: Intel(R) Core(TM) i3-3217U CPU @ 1.80GHz
stepping	: 9
microcode	: 0x15
cpu MHz		: 1801.000
cache size	: 3072 KB
physical id	: 0
siblings	: 4
core id		: 1
cpu cores	: 2
apicid		: 2
initial apicid	: 2
fdiv_bug	: no
f00f_bug	: no
coma_bug	: no
fpu		: yes
fpu_exception	: yes
cpuid level	: 13
wp		: yes
flags		: fpu vme de pse tsc msr pae mce cx8 apic sep mtrr pge mca cmov pat pse36 clflush dts acpi mmx fxsr sse sse2 ss ht tm pbe nx rdtscp lm constant_tsc arch_perfmon pebs bts xtopology nonstop_tsc aperfmperf eagerfpu pni pclmulqdq dtes64 monitor ds_cpl vmx est tm2 ssse3 cx16 xtpr pdcm pcid sse4_1 sse4_2 x2apic popcnt tsc_deadline_timer xsave avx f16c lahf_lm ida arat epb xsaveopt pln pts dtherm tpr_shadow vnmi flexpriority ept vpid fsgsbase smep erms
bogomips	: 3591.98
clflush size	: 64
cache_alignment	: 64
address sizes	: 36 bits physical, 48 bits virtual
power management:

processor	: 3
vendor_id	: GenuineIntel
cpu family	: 6
model		: 58
model name	: Intel(R) Core(TM) i3-3217U CPU @ 1.80GHz
stepping	: 9
microcode	: 0x15
cpu MHz		: 1801.000
cache size	: 3072 KB
physical id	: 0
siblings	: 4
core id		: 1
cpu cores	: 2
apicid		: 3
initial apicid	: 3
fdiv_bug	: no
f00f_bug	: no
coma_bug	: no
fpu		: yes
fpu_exception	: yes
cpuid level	: 13
wp		: yes
flags		: fpu vme de pse tsc msr pae mce cx8 apic sep mtrr pge mca cmov pat pse36 clflush dts acpi mmx fxsr sse sse2 ss ht tm pbe nx rdtscp lm constant_tsc arch_perfmon pebs bts xtopology nonstop_tsc aperfmperf eagerfpu pni pclmulqdq dtes64 monitor ds_cpl vmx est tm2 ssse3 cx16 xtpr pdcm pcid sse4_1 sse4_2 x2apic popcnt tsc_deadline_timer xsave avx f16c lahf_lm ida arat epb xsaveopt pln pts dtherm tpr_shadow vnmi flexpriority ept vpid fsgsbase smep erms
bogomips	: 3591.98
clflush size	: 64
cache_alignment	: 64
address sizes	: 36 bits physical, 48 bits virtual
power management:



Memory: 4k page, physical 4000684k(224480k free), swap 0k(0k free)

vm_info: OpenJDK Server VM (24.79-b02) for linux-x86 JRE (1.7.0_79-b14), built on Jul 24 2015 08:25:15 by "buildd" with gcc 4.8.2

time: Mon Apr 18 00:34:49 2016
elapsed time: 33 seconds

