#
# There is insufficient memory for the Java Runtime Environment to continue.
# Native memory allocation (malloc) failed to allocate 1095128 bytes for Chunk::new
# Possible reasons:
#   The system is out of physical RAM or swap space
#   In 32 bit mode, the process size limit was hit
# Possible solutions:
#   Reduce memory load on the system
#   Increase physical memory or swap space
#   Check if swap backing store is full
#   Use 64 bit Java on a 64 bit OS
#   Decrease Java heap size (-Xmx/-Xms)
#   Decrease number of Java threads
#   Decrease Java thread stack sizes (-Xss)
#   Set larger code cache with -XX:ReservedCodeCacheSize=
# This output file may be truncated or incomplete.
#
#  Out of Memory Error (allocation.cpp:326), pid=5810, tid=1734863680
#
# JRE version: OpenJDK Runtime Environment (7.0_79-b14) (build 1.7.0_79-b14)
# Java VM: OpenJDK Server VM (24.79-b02 mixed mode linux-x86 )
# Derivative: IcedTea 2.5.6
# Distribution: Ubuntu 14.04 LTS, package 7u79-2.5.6-0ubuntu1.14.04.1
# Failed to write core dump. Core dumps have been disabled. To enable core dumping, try "ulimit -c unlimited" before starting Java again
#

---------------  T H R E A D  ---------------

Current thread (0x67c9b400):  JavaThread "C2 CompilerThread1" daemon [_thread_in_native, id=5864, stack(0x675fe000,0x6767f000)]

Stack: [0x675fe000,0x6767f000]

Current CompileTask:
C2:  27231  234             com.android.dx.ssa.SCCP::run (298 bytes)


---------------  P R O C E S S  ---------------

Java Threads: ( => current thread )
  0x67473800 JavaThread "pool-1-thread-4" [_thread_blocked, id=5886, stack(0x66f36000,0x66f87000)]
  0x67470c00 JavaThread "pool-1-thread-3" [_thread_blocked, id=5885, stack(0x66f87000,0x66fd8000)]
  0x6746f400 JavaThread "pool-1-thread-2" [_thread_blocked, id=5884, stack(0x66fd8000,0x67029000)]
  0x6746dc00 JavaThread "pool-2-thread-1" [_thread_blocked, id=5883, stack(0x67029000,0x6707a000)]
  0x6746c800 JavaThread "pool-1-thread-1" [_thread_blocked, id=5882, stack(0x6707a000,0x670cb000)]
  0x67c9d000 JavaThread "Service Thread" daemon [_thread_blocked, id=5865, stack(0x675ad000,0x675fe000)]
=>0x67c9b400 JavaThread "C2 CompilerThread1" daemon [_thread_in_native, id=5864, stack(0x675fe000,0x6767f000)]
  0x67c99400 JavaThread "C2 CompilerThread0" daemon [_thread_blocked, id=5863, stack(0x6767f000,0x67700000)]
  0x67c97c00 JavaThread "Signal Dispatcher" daemon [_thread_blocked, id=5862, stack(0x67b0d000,0x67b5e000)]
  0x67c84800 JavaThread "Finalizer" daemon [_thread_blocked, id=5846, stack(0x67b5e000,0x67baf000)]
  0x67c83000 JavaThread "Reference Handler" daemon [_thread_blocked, id=5845, stack(0x67baf000,0x67c00000)]
  0xb6407c00 JavaThread "main" [_thread_blocked, id=5815, stack(0xb6573000,0xb65c4000)]

Other Threads:
  0x67c80400 VMThread [stack: 0x67d4e000,0x67dcf000] [id=5844]
  0x67c9ec00 WatcherThread [stack: 0x6752c000,0x675ad000] [id=5866]

VM state:at safepoint (normal execution)

VM Mutex/Monitor currently owned by a thread:  ([mutex/lock_event])
[0xb6405350] Threads_lock - owner thread: 0x67c80400
[0xb6405760] Heap_lock - owner thread: 0x67470c00

Heap
 PSYoungGen      total 66048K, used 66037K [0x9dd80000, 0xa2080000, 0xb3300000)
  eden space 63488K, 100% used [0x9dd80000,0xa1b80000,0xa1b80000)
  from space 2560K, 99% used [0xa1e00000,0xa207d520,0xa2080000)
  to   space 2560K, 0% used [0xa1b80000,0xa1b80000,0xa1e00000)
 ParOldGen       total 41728K, used 15597K [0x73300000, 0x75bc0000, 0x9dd80000)
  object space 41728K, 37% used [0x73300000,0x7423b568,0x75bc0000)
 PSPermGen       total 16384K, used 4155K [0x6b300000, 0x6c300000, 0x73300000)
  object space 16384K, 25% used [0x6b300000,0x6b70eff0,0x6c300000)

Card table byte_map: [0x6b0bf000,0x6b300000] byte_map_base: 0x6ad65800

Polling page: 0xb7774000

Code Cache  [0xb33e7000, 0xb3627000, 0xb63e7000)
 total_blobs=363 nmethods=239 adapters=76 free_code_cache=48364Kb largest_free_block=49495808

Compilation events (10 events):
Event: 26.070 Thread 0x67c9b400 nmethod 233 0xb34981c8 code [0xb34982c0, 0xb3498370]
Event: 26.070 Thread 0x67c9b400  234             com.android.dx.ssa.SCCP::run (298 bytes)
Event: 26.080 Thread 0x67c99400 nmethod 231 0xb3496948 code [0xb3496a60, 0xb3496cd0]
Event: 26.080 Thread 0x67c99400  235             com.android.dx.rop.code.Rop::isCallLike (5 bytes)
Event: 26.081 Thread 0x67c99400 nmethod 235 0xb34967c8 code [0xb34968a0, 0xb34968f0]
Event: 26.081 Thread 0x67c99400  236             com.android.dx.rop.code.BasicBlockList::forEachInsn (39 bytes)
Event: 26.085 Thread 0x67c99400 nmethod 236 0xb34aa288 code [0xb34aa3a0, 0xb34aa5b0]
Event: 26.085 Thread 0x67c99400  237             com.android.dx.ssa.SsaBasicBlock::newFromRop (183 bytes)
Event: 26.696 Thread 0x67c99400 nmethod 237 0xb34af2c8 code [0xb34af5a0, 0xb34b0e58]
Event: 26.696 Thread 0x67c99400  238             com.android.dx.rop.code.LocalVariableExtractor::processBlock (327 bytes)

GC Heap History (8 events):
Event: 2.215 GC heap before
{Heap before GC invocations=1 (full 0):
 PSYoungGen      total 18432K, used 15872K [0x9dd80000, 0x9f200000, 0xb3300000)
  eden space 15872K, 100% used [0x9dd80000,0x9ed00000,0x9ed00000)
  from space 2560K, 0% used [0x9ef80000,0x9ef80000,0x9f200000)
  to   space 2560K, 0% used [0x9ed00000,0x9ed00000,0x9ef80000)
 ParOldGen       total 41728K, used 0K [0x73300000, 0x75bc0000, 0x9dd80000)
  object space 41728K, 0% used [0x73300000,0x73300000,0x75bc0000)
 PSPermGen       total 16384K, used 3973K [0x6b300000, 0x6c300000, 0x73300000)
  object space 16384K, 24% used [0x6b300000,0x6b6e14f8,0x6c300000)
Event: 2.261 GC heap after
Heap after GC invocations=1 (full 0):
 PSYoungGen      total 18432K, used 2550K [0x9dd80000, 0xa0180000, 0xb3300000)
  eden space 15872K, 0% used [0x9dd80000,0x9dd80000,0x9ed00000)
  from space 2560K, 99% used [0x9ed00000,0x9ef7db08,0x9ef80000)
  to   space 2560K, 0% used [0x9ff00000,0x9ff00000,0xa0180000)
 ParOldGen       total 41728K, used 1737K [0x73300000, 0x75bc0000, 0x9dd80000)
  object space 41728K, 4% used [0x73300000,0x734b25d0,0x75bc0000)
 PSPermGen       total 16384K, used 3973K [0x6b300000, 0x6c300000, 0x73300000)
  object space 16384K, 24% used [0x6b300000,0x6b6e14f8,0x6c300000)
}
Event: 4.426 GC heap before
{Heap before GC invocations=2 (full 0):
 PSYoungGen      total 18432K, used 18422K [0x9dd80000, 0xa0180000, 0xb3300000)
  eden space 15872K, 100% used [0x9dd80000,0x9ed00000,0x9ed00000)
  from space 2560K, 99% used [0x9ed00000,0x9ef7db08,0x9ef80000)
  to   space 2560K, 0% used [0x9ff00000,0x9ff00000,0xa0180000)
 ParOldGen       total 41728K, used 1737K [0x73300000, 0x75bc0000, 0x9dd80000)
  object space 41728K, 4% used [0x73300000,0x734b25d0,0x75bc0000)
 PSPermGen       total 16384K, used 4065K [0x6b300000, 0x6c300000, 0x73300000)
  object space 16384K, 24% used [0x6b300000,0x6b6f87f0,0x6c300000)
Event: 4.485 GC heap after
Heap after GC invocations=2 (full 0):
 PSYoungGen      total 34304K, used 2548K [0x9dd80000, 0xa0180000, 0xb3300000)
  eden space 31744K, 0% used [0x9dd80000,0x9dd80000,0x9fc80000)
  from space 2560K, 99% used [0x9ff00000,0xa017d378,0xa0180000)
  to   space 2560K, 0% used [0x9fc80000,0x9fc80000,0x9ff00000)
 ParOldGen       total 41728K, used 4518K [0x73300000, 0x75bc0000, 0x9dd80000)
  object space 41728K, 10% used [0x73300000,0x73769860,0x75bc0000)
 PSPermGen       total 16384K, used 4065K [0x6b300000, 0x6c300000, 0x73300000)
  object space 16384K, 24% used [0x6b300000,0x6b6f87f0,0x6c300000)
}
Event: 8.489 GC heap before
{Heap before GC invocations=3 (full 0):
 PSYoungGen      total 34304K, used 34292K [0x9dd80000, 0xa0180000, 0xb3300000)
  eden space 31744K, 100% used [0x9dd80000,0x9fc80000,0x9fc80000)
  from space 2560K, 99% used [0x9ff00000,0xa017d378,0xa0180000)
  to   space 2560K, 0% used [0x9fc80000,0x9fc80000,0x9ff00000)
 ParOldGen       total 41728K, used 4518K [0x73300000, 0x75bc0000, 0x9dd80000)
  object space 41728K, 10% used [0x73300000,0x73769860,0x75bc0000)
 PSPermGen       total 16384K, used 4108K [0x6b300000, 0x6c300000, 0x73300000)
  object space 16384K, 25% used [0x6b300000,0x6b703178,0x6c300000)
Event: 8.573 GC heap after
Heap after GC invocations=3 (full 0):
 PSYoungGen      total 34304K, used 2553K [0x9dd80000, 0xa2080000, 0xb3300000)
  eden space 31744K, 0% used [0x9dd80000,0x9dd80000,0x9fc80000)
  from space 2560K, 99% used [0x9fc80000,0x9fefe478,0x9ff00000)
  to   space 2560K, 0% used [0xa1e00000,0xa1e00000,0xa2080000)
 ParOldGen       total 41728K, used 10380K [0x73300000, 0x75bc0000, 0x9dd80000)
  object space 41728K, 24% used [0x73300000,0x73d230c8,0x75bc0000)
 PSPermGen       total 16384K, used 4108K [0x6b300000, 0x6c300000, 0x73300000)
  object space 16384K, 25% used [0x6b300000,0x6b703178,0x6c300000)
}
Event: 18.567 GC heap before
{Heap before GC invocations=4 (full 0):
 PSYoungGen      total 34304K, used 34297K [0x9dd80000, 0xa2080000, 0xb3300000)
  eden space 31744K, 100% used [0x9dd80000,0x9fc80000,0x9fc80000)
  from space 2560K, 99% used [0x9fc80000,0x9fefe478,0x9ff00000)
  to   space 2560K, 0% used [0xa1e00000,0xa1e00000,0xa2080000)
 ParOldGen       total 41728K, used 10380K [0x73300000, 0x75bc0000, 0x9dd80000)
  object space 41728K, 24% used [0x73300000,0x73d230c8,0x75bc0000)
 PSPermGen       total 16384K, used 4122K [0x6b300000, 0x6c300000, 0x73300000)
  object space 16384K, 25% used [0x6b300000,0x6b706900,0x6c300000)
Event: 18.729 GC heap after
Heap after GC invocations=4 (full 0):
 PSYoungGen      total 66048K, used 2549K [0x9dd80000, 0xa2080000, 0xb3300000)
  eden space 63488K, 0% used [0x9dd80000,0x9dd80000,0xa1b80000)
  from space 2560K, 99% used [0xa1e00000,0xa207d520,0xa2080000)
  to   space 2560K, 0% used [0xa1b80000,0xa1b80000,0xa1e00000)
 ParOldGen       total 41728K, used 15597K [0x73300000, 0x75bc0000, 0x9dd80000)
  object space 41728K, 37% used [0x73300000,0x7423b568,0x75bc0000)
 PSPermGen       total 16384K, used 4122K [0x6b300000, 0x6c300000, 0x73300000)
  object space 16384K, 25% used [0x6b300000,0x6b706900,0x6c300000)
}

Deoptimization events (9 events):
Event: 3.226 Thread 0x6746c800 Uncommon trap: reason=unreached action=reinterpret pc=0xb3448714 method=com.android.dx.rop.cst.Constant.compareTo(Lcom/android/dx/rop/cst/Constant;)I @ 12
Event: 8.068 Thread 0x67473800 Uncommon trap: reason=null_check action=make_not_entrant pc=0xb3488250 method=com.android.dx.ssa.SsaRenamer.getLocalForNewReg(I)Lcom/android/dx/rop/code/LocalItem; @ 19
Event: 8.321 Thread 0x6746f400 Uncommon trap: reason=class_check action=maybe_recompile pc=0xb346c978 method=java.util.HashMap.put(Ljava/lang/Object;Ljava/lang/Object;)Ljava/lang/Object; @ 83
Event: 8.590 Thread 0x67470c00 Uncommon trap: reason=class_check action=maybe_recompile pc=0xb346c978 method=java.util.HashMap.put(Ljava/lang/Object;Ljava/lang/Object;)Ljava/lang/Object; @ 83
Event: 8.590 Thread 0x67470c00 Uncommon trap: reason=class_check action=maybe_recompile pc=0xb346c978 method=java.util.HashMap.put(Ljava/lang/Object;Ljava/lang/Object;)Ljava/lang/Object; @ 83
Event: 8.590 Thread 0x67470c00 Uncommon trap: reason=class_check action=maybe_recompile pc=0xb346c978 method=java.util.HashMap.put(Ljava/lang/Object;Ljava/lang/Object;)Ljava/lang/Object; @ 83
Event: 12.370 Thread 0x6746c800 Uncommon trap: reason=null_check action=make_not_entrant pc=0xb3461d10 method=com.android.dx.rop.type.Type.equals(Ljava/lang/Object;)Z @ 8
Event: 21.829 Thread 0x67473800 Uncommon trap: reason=unreached action=reinterpret pc=0xb34a2dec method=com.android.dx.ssa.SCCP.simulateBranch(Lcom/android/dx/ssa/SsaInsn;)V @ 132
Event: 25.226 Thread 0x67473800 Uncommon trap: reason=unreached action=reinterpret pc=0xb349813c method=com.android.dx.ssa.SsaMethod.updateOneDefinition(Lcom/android/dx/ssa/SsaInsn;Lcom/android/dx/rop/code/RegisterSpec;)V @ 4

Internal exceptions (10 events):
Event: 1.276 Thread 0xb6407c00 Threw 0x9e838d08 at /build/openjdk-7-OXg_HK/openjdk-7-7u79-2.5.6/build/openjdk/hotspot/src/share/vm/prims/jvm.cpp:1284
Event: 1.276 Thread 0xb6407c00 Threw 0x9e83b9b8 at /build/openjdk-7-OXg_HK/openjdk-7-7u79-2.5.6/build/openjdk/hotspot/src/share/vm/prims/jvm.cpp:1284
Event: 1.295 Thread 0xb6407c00 Threw 0x9e8541a8 at /build/openjdk-7-OXg_HK/openjdk-7-7u79-2.5.6/build/openjdk/hotspot/src/share/vm/prims/jvm.cpp:1284
Event: 1.382 Thread 0xb6407c00 Threw 0x9e86f5e8 at /build/openjdk-7-OXg_HK/openjdk-7-7u79-2.5.6/build/openjdk/hotspot/src/share/vm/prims/jvm.cpp:1284
Event: 2.046 Thread 0x67473800 Threw 0x9ec08498 at /build/openjdk-7-OXg_HK/openjdk-7-7u79-2.5.6/build/openjdk/hotspot/src/share/vm/prims/jvm.cpp:1284
Event: 2.268 Thread 0x6746c800 Threw 0x9ddb6700 at /build/openjdk-7-OXg_HK/openjdk-7-7u79-2.5.6/build/openjdk/hotspot/src/share/vm/prims/jvm.cpp:1284
Event: 8.068 Thread 0x67473800 Implicit null exception at 0xb3486f33 to 0xb3488241
Event: 9.187 Thread 0x6746c800 Threw 0x9e3b32b0 at /build/openjdk-7-OXg_HK/openjdk-7-7u79-2.5.6/build/openjdk/hotspot/src/share/vm/prims/jvm.cpp:1284
Event: 12.041 Thread 0x6746c800 Implicit null exception at 0xb3461c2b to 0xb3461d02
Event: 22.458 Thread 0x67473800 Threw 0x9e8f9518 at /build/openjdk-7-OXg_HK/openjdk-7-7u79-2.5.6/build/openjdk/hotspot/src/share/vm/prims/jvm.cpp:1284

Events (10 events):
Event: 18.750 Executing VM operation: ParallelGCFailedAllocation done
Event: 21.829 Thread 0x67473800 Uncommon trap: trap_request=0xffffffad fr.pc=0xb34a2dec
Event: 21.829 Thread 0x67473800 DEOPT PACKING pc=0xb34a2dec sp=0x66f85b40
Event: 21.829 Thread 0x67473800 DEOPT UNPACKING pc=0xb3413bc8 sp=0x66f85b2c mode 2
Event: 22.149 loading class 0x093fb5d8
Event: 22.149 loading class 0x093fb5d8 done
Event: 24.280 Thread 0x67473800 Uncommon trap: trap_request=0xffffffad fr.pc=0xb349813c
Event: 25.232 Thread 0x67473800 DEOPT PACKING pc=0xb349813c sp=0x66f85a60
Event: 25.232 Thread 0x67473800 DEOPT UNPACKING pc=0xb3413bc8 sp=0x66f85a3c mode 2
Event: 27.206 Executing VM operation: ParallelGCFailedAllocation


Dynamic libraries:
08048000-08049000 r-xp 00000000 08:01 3412725    /usr/lib/jvm/java-7-openjdk-i386/jre/bin/java
08049000-0804a000 r--p 00000000 08:01 3412725    /usr/lib/jvm/java-7-openjdk-i386/jre/bin/java
0804a000-0804b000 rw-p 00001000 08:01 3412725    /usr/lib/jvm/java-7-openjdk-i386/jre/bin/java
093e4000-0945d000 rw-p 00000000 00:00 0          [heap]
65e00000-65eec000 rw-p 00000000 00:00 0 
65eec000-65f00000 ---p 00000000 00:00 0 
65f00000-65f89000 rw-p 00000000 00:00 0 
65f89000-66000000 ---p 00000000 00:00 0 
66000000-660ae000 rw-p 00000000 00:00 0 
660ae000-66100000 ---p 00000000 00:00 0 
66200000-663fb000 rw-p 00000000 00:00 0 
663fb000-66400000 ---p 00000000 00:00 0 
66400000-665fb000 rw-p 00000000 00:00 0 
665fb000-66600000 ---p 00000000 00:00 0 
66600000-66700000 rw-p 00000000 00:00 0 
66700000-667fc000 rw-p 00000000 00:00 0 
667fc000-66800000 ---p 00000000 00:00 0 
66800000-668fe000 rw-p 00000000 00:00 0 
668fe000-66900000 ---p 00000000 00:00 0 
66a00000-66af5000 rw-p 00000000 00:00 0 
66af5000-66b00000 ---p 00000000 00:00 0 
66b00000-66bfa000 rw-p 00000000 00:00 0 
66bfa000-66c00000 ---p 00000000 00:00 0 
66c00000-66ce2000 rw-p 00000000 00:00 0 
66ce2000-66d00000 ---p 00000000 00:00 0 
66d00000-66df9000 rw-p 00000000 00:00 0 
66df9000-66e00000 ---p 00000000 00:00 0 
66e00000-66ef3000 rw-p 00000000 00:00 0 
66ef3000-66f00000 ---p 00000000 00:00 0 
66f36000-66f39000 ---p 00000000 00:00 0 
66f39000-66f87000 rw-p 00000000 00:00 0          [stack:5886]
66f87000-66f8a000 ---p 00000000 00:00 0 
66f8a000-66fd8000 rw-p 00000000 00:00 0          [stack:5885]
66fd8000-66fdb000 ---p 00000000 00:00 0 
66fdb000-67029000 rw-p 00000000 00:00 0          [stack:5884]
67029000-6702c000 ---p 00000000 00:00 0 
6702c000-6707a000 rw-p 00000000 00:00 0          [stack:5883]
6707a000-6707d000 ---p 00000000 00:00 0 
6707d000-670cb000 rw-p 00000000 00:00 0          [stack:5882]
670cb000-67107000 r-xp 00000000 08:01 25035843   /lib/i386-linux-gnu/libpcre.so.3.13.1
67107000-67108000 r--p 0003b000 08:01 25035843   /lib/i386-linux-gnu/libpcre.so.3.13.1
67108000-67109000 rw-p 0003c000 08:01 25035843   /lib/i386-linux-gnu/libpcre.so.3.13.1
67109000-6711c000 r-xp 00000000 08:01 25035866   /lib/i386-linux-gnu/libresolv-2.19.so
6711c000-6711d000 ---p 00013000 08:01 25035866   /lib/i386-linux-gnu/libresolv-2.19.so
6711d000-6711e000 r--p 00013000 08:01 25035866   /lib/i386-linux-gnu/libresolv-2.19.so
6711e000-6711f000 rw-p 00014000 08:01 25035866   /lib/i386-linux-gnu/libresolv-2.19.so
6711f000-67121000 rw-p 00000000 00:00 0 
67121000-6722b000 r-xp 00000000 08:01 25035771   /lib/i386-linux-gnu/libglib-2.0.so.0.4000.0
6722b000-6722c000 r--p 00109000 08:01 25035771   /lib/i386-linux-gnu/libglib-2.0.so.0.4000.0
6722c000-6722d000 rw-p 0010a000 08:01 25035771   /lib/i386-linux-gnu/libglib-2.0.so.0.4000.0
6722d000-6727d000 r-xp 00000000 08:01 3020380    /usr/lib/i386-linux-gnu/libgobject-2.0.so.0.4000.0
6727d000-6727e000 r--p 0004f000 08:01 3020380    /usr/lib/i386-linux-gnu/libgobject-2.0.so.0.4000.0
6727e000-6727f000 rw-p 00050000 08:01 3020380    /usr/lib/i386-linux-gnu/libgobject-2.0.so.0.4000.0
6727f000-673fc000 r-xp 00000000 08:01 3020350    /usr/lib/i386-linux-gnu/libgio-2.0.so.0.4000.0
673fc000-673fe000 r--p 0017c000 08:01 3020350    /usr/lib/i386-linux-gnu/libgio-2.0.so.0.4000.0
673fe000-673ff000 rw-p 0017e000 08:01 3020350    /usr/lib/i386-linux-gnu/libgio-2.0.so.0.4000.0
673ff000-67400000 rw-p 00000000 00:00 0 
67400000-6748d000 rw-p 00000000 00:00 0 
6748d000-67500000 ---p 00000000 00:00 0 
67509000-67529000 r-xp 00000000 08:01 25035870   /lib/i386-linux-gnu/libselinux.so.1
67529000-6752a000 r--p 0001f000 08:01 25035870   /lib/i386-linux-gnu/libselinux.so.1
6752a000-6752b000 rw-p 00020000 08:01 25035870   /lib/i386-linux-gnu/libselinux.so.1
6752b000-6752c000 rw-p 00000000 00:00 0 
6752c000-6752d000 ---p 00000000 00:00 0 
6752d000-675ad000 rw-p 00000000 00:00 0          [stack:5866]
675ad000-675b0000 ---p 00000000 00:00 0 
675b0000-675fe000 rw-p 00000000 00:00 0          [stack:5865]
675fe000-67601000 ---p 00000000 00:00 0 
67601000-6767f000 rw-p 00000000 00:00 0          [stack:5864]
6767f000-67682000 ---p 00000000 00:00 0 
67682000-67700000 rw-p 00000000 00:00 0          [stack:5863]
67700000-67900000 r--p 00000000 08:01 3022988    /usr/lib/locale/locale-archive
67900000-67921000 rw-p 00000000 00:00 0 
67921000-67a00000 ---p 00000000 00:00 0 
67a00000-67afb000 rw-p 00000000 00:00 0 
67afb000-67b00000 ---p 00000000 00:00 0 
67b0d000-67b10000 ---p 00000000 00:00 0 
67b10000-67b5e000 rw-p 00000000 00:00 0          [stack:5862]
67b5e000-67b61000 ---p 00000000 00:00 0 
67b61000-67baf000 rw-p 00000000 00:00 0          [stack:5846]
67baf000-67bb2000 ---p 00000000 00:00 0 
67bb2000-67c00000 rw-p 00000000 00:00 0          [stack:5845]
67c00000-67d00000 rw-p 00000000 00:00 0 
67d0c000-67d4e000 r--p 00858000 08:01 3022988    /usr/lib/locale/locale-archive
67d4e000-67d4f000 ---p 00000000 00:00 0 
67d4f000-67dcf000 rw-p 00000000 00:00 0          [stack:5844]
67dcf000-67f80000 r--s 01d29000 08:01 3283391    /usr/lib/jvm/java-7-openjdk-i386/jre/lib/rt.jar
67f80000-6a800000 rw-p 00000000 00:00 0 
6a800000-6a900000 rw-p 00000000 00:00 0 
6a91d000-6a934000 r-xp 00000000 08:01 3283427    /usr/lib/jvm/java-7-openjdk-i386/jre/lib/i386/libnet.so
6a934000-6a935000 r--p 00017000 08:01 3283427    /usr/lib/jvm/java-7-openjdk-i386/jre/lib/i386/libnet.so
6a935000-6a936000 rw-p 00018000 08:01 3283427    /usr/lib/jvm/java-7-openjdk-i386/jre/lib/i386/libnet.so
6a936000-6a97f000 rw-p 00000000 00:00 0 
6a97f000-6a980000 ---p 00000000 00:00 0 
6a980000-6aa00000 rw-p 00000000 00:00 0          [stack:5834]
6aa00000-6aa21000 rw-p 00000000 00:00 0 
6aa21000-6ab00000 ---p 00000000 00:00 0 
6ab00000-6ab21000 rw-p 00000000 00:00 0 
6ab21000-6ac00000 ---p 00000000 00:00 0 
6ac0a000-6ac0f000 r-xp 00000000 08:01 3020247    /usr/lib/i386-linux-gnu/libffi.so.6.0.1
6ac0f000-6ac10000 r--p 00005000 08:01 3020247    /usr/lib/i386-linux-gnu/libffi.so.6.0.1
6ac10000-6ac11000 rw-p 00006000 08:01 3020247    /usr/lib/i386-linux-gnu/libffi.so.6.0.1
6ac11000-6ac22000 r-xp 00000000 08:01 3283432    /usr/lib/jvm/java-7-openjdk-i386/jre/lib/i386/libnio.so
6ac22000-6ac23000 r--p 00010000 08:01 3283432    /usr/lib/jvm/java-7-openjdk-i386/jre/lib/i386/libnio.so
6ac23000-6ac24000 rw-p 00011000 08:01 3283432    /usr/lib/jvm/java-7-openjdk-i386/jre/lib/i386/libnio.so
6ac24000-6ac7f000 rw-p 00000000 00:00 0 
6ac7f000-6ac80000 ---p 00000000 00:00 0 
6ac80000-6ad00000 rw-p 00000000 00:00 0          [stack:5833]
6ad00000-6ad45000 rw-p 00000000 00:00 0 
6ad45000-6ae00000 ---p 00000000 00:00 0 
6ae04000-6ae18000 r--s 000d6000 08:01 27665682   /home/rafiqul/Documents/Software Engineering Project/spring2016_s1_cse404/AssetTrackingSystem__Android_Platform/app/build/intermediates/exploded-aar/com.android.support/support-v4/23.0.0/jars/classes.jar
6ae18000-6ae27000 r--s 000df000 08:01 9175179    /home/rafiqul/Android/Sdk/build-tools/23.0.1/lib/dx.jar
6ae27000-6ae28000 ---p 00000000 00:00 0 
6ae28000-6aea8000 rw-p 00000000 00:00 0          [stack:5830]
6aea8000-6aea9000 ---p 00000000 00:00 0 
6aea9000-6af31000 rw-p 00000000 00:00 0          [stack:5819]
6af31000-6af69000 rw-p 00000000 00:00 0 
6af69000-6af7e000 rw-p 00000000 00:00 0 
6af7e000-6b0bf000 rw-p 00000000 00:00 0 
6b0bf000-6b0c7000 rw-p 00000000 00:00 0 
6b0c7000-6b0ff000 rw-p 00000000 00:00 0 
6b0ff000-6b114000 rw-p 00000000 00:00 0 
6b114000-6b254000 rw-p 00000000 00:00 0 
6b254000-6b276000 rw-p 00000000 00:00 0 
6b276000-6b2ff000 rw-p 00000000 00:00 0 
6b2ff000-6c300000 rw-p 00000000 00:00 0 
6c300000-73300000 rw-p 00000000 00:00 0 
73300000-75bc0000 rw-p 00000000 00:00 0 
75bc0000-9dd80000 rw-p 00000000 00:00 0 
9dd80000-a2080000 rw-p 00000000 00:00 0 
a2080000-b3300000 rw-p 00000000 00:00 0 
b3306000-b3309000 r-xp 00000000 08:01 3020364    /usr/lib/i386-linux-gnu/libgmodule-2.0.so.0.4000.0
b3309000-b330a000 r--p 00002000 08:01 3020364    /usr/lib/i386-linux-gnu/libgmodule-2.0.so.0.4000.0
b330a000-b330b000 rw-p 00003000 08:01 3020364    /usr/lib/i386-linux-gnu/libgmodule-2.0.so.0.4000.0
b330b000-b330c000 r--s 00002000 08:01 3412674    /usr/lib/jvm/java-7-openjdk-i386/jre/lib/ext/dnsns.jar
b330c000-b3330000 rw-p 00000000 00:00 0 
b3330000-b33e7000 rw-p 00000000 00:00 0 
b33e7000-b3627000 rwxp 00000000 00:00 0 
b3627000-b63e7000 rw-p 00000000 00:00 0 
b63e7000-b63f2000 r-xp 00000000 08:01 25035815   /lib/i386-linux-gnu/libnss_files-2.19.so
b63f2000-b63f3000 r--p 0000a000 08:01 25035815   /lib/i386-linux-gnu/libnss_files-2.19.so
b63f3000-b63f4000 rw-p 0000b000 08:01 25035815   /lib/i386-linux-gnu/libnss_files-2.19.so
b63f4000-b63fe000 r-xp 00000000 08:01 25035825   /lib/i386-linux-gnu/libnss_nis-2.19.so
b63fe000-b63ff000 r--p 00009000 08:01 25035825   /lib/i386-linux-gnu/libnss_nis-2.19.so
b63ff000-b6400000 rw-p 0000a000 08:01 25035825   /lib/i386-linux-gnu/libnss_nis-2.19.so
b6400000-b6500000 rw-p 00000000 00:00 0 
b6500000-b6502000 r--s 00006000 08:01 3412779    /usr/share/java/java-atk-wrapper.jar
b6502000-b6506000 r--s 00034000 08:01 3412675    /usr/lib/jvm/java-7-openjdk-i386/jre/lib/ext/sunjce_provider.jar
b6506000-b651b000 r-xp 00000000 08:01 25035809   /lib/i386-linux-gnu/libnsl-2.19.so
b651b000-b651c000 r--p 00015000 08:01 25035809   /lib/i386-linux-gnu/libnsl-2.19.so
b651c000-b651d000 rw-p 00016000 08:01 25035809   /lib/i386-linux-gnu/libnsl-2.19.so
b651d000-b651f000 rw-p 00000000 00:00 0 
b651f000-b6526000 r-xp 00000000 08:01 25035811   /lib/i386-linux-gnu/libnss_compat-2.19.so
b6526000-b6527000 r--p 00006000 08:01 25035811   /lib/i386-linux-gnu/libnss_compat-2.19.so
b6527000-b6528000 rw-p 00007000 08:01 25035811   /lib/i386-linux-gnu/libnss_compat-2.19.so
b6528000-b652b000 r--s 0000f000 08:01 3412677    /usr/lib/jvm/java-7-openjdk-i386/jre/lib/ext/icedtea-sound.jar
b652b000-b652f000 r--s 00085000 08:01 3412673    /usr/lib/jvm/java-7-openjdk-i386/jre/lib/ext/localedata.jar
b652f000-b6537000 r-xp 00000000 08:01 3283403    /usr/lib/jvm/java-7-openjdk-i386/jre/lib/i386/libzip.so
b6537000-b6538000 r--p 00007000 08:01 3283403    /usr/lib/jvm/java-7-openjdk-i386/jre/lib/i386/libzip.so
b6538000-b6539000 rw-p 00008000 08:01 3283403    /usr/lib/jvm/java-7-openjdk-i386/jre/lib/i386/libzip.so
b6539000-b6541000 rw-s 00000000 08:01 16777239   /tmp/hsperfdata_rafiqul/5810
b6541000-b6568000 r-xp 00000000 08:01 3283435    /usr/lib/jvm/java-7-openjdk-i386/jre/lib/i386/libjava.so
b6568000-b6569000 r--p 00026000 08:01 3283435    /usr/lib/jvm/java-7-openjdk-i386/jre/lib/i386/libjava.so
b6569000-b656a000 rw-p 00027000 08:01 3283435    /usr/lib/jvm/java-7-openjdk-i386/jre/lib/i386/libjava.so
b656a000-b6571000 r-xp 00000000 08:01 25035868   /lib/i386-linux-gnu/librt-2.19.so
b6571000-b6572000 r--p 00006000 08:01 25035868   /lib/i386-linux-gnu/librt-2.19.so
b6572000-b6573000 rw-p 00007000 08:01 25035868   /lib/i386-linux-gnu/librt-2.19.so
b6573000-b6576000 ---p 00000000 00:00 0 
b6576000-b65c4000 rw-p 00000000 00:00 0          [stack:5815]
b65c4000-b65e0000 r-xp 00000000 08:01 25035767   /lib/i386-linux-gnu/libgcc_s.so.1
b65e0000-b65e1000 rw-p 0001b000 08:01 25035767   /lib/i386-linux-gnu/libgcc_s.so.1
b65e1000-b6625000 r-xp 00000000 08:01 25035790   /lib/i386-linux-gnu/libm-2.19.so
b6625000-b6626000 r--p 00043000 08:01 25035790   /lib/i386-linux-gnu/libm-2.19.so
b6626000-b6627000 rw-p 00044000 08:01 25035790   /lib/i386-linux-gnu/libm-2.19.so
b6627000-b6703000 r-xp 00000000 08:01 3018897    /usr/lib/i386-linux-gnu/libstdc++.so.6.0.19
b6703000-b6707000 r--p 000dc000 08:01 3018897    /usr/lib/i386-linux-gnu/libstdc++.so.6.0.19
b6707000-b6708000 rw-p 000e0000 08:01 3018897    /usr/lib/i386-linux-gnu/libstdc++.so.6.0.19
b6708000-b670f000 rw-p 00000000 00:00 0 
b670f000-b70fe000 r-xp 00000000 08:01 3412663    /usr/lib/jvm/java-7-openjdk-i386/jre/lib/i386/server/libjvm.so
b70fe000-b7150000 r--p 009ee000 08:01 3412663    /usr/lib/jvm/java-7-openjdk-i386/jre/lib/i386/server/libjvm.so
b7150000-b7164000 rw-p 00a40000 08:01 3412663    /usr/lib/jvm/java-7-openjdk-i386/jre/lib/i386/server/libjvm.so
b7164000-b7582000 rw-p 00000000 00:00 0 
b7582000-b759a000 r-xp 00000000 08:01 25035903   /lib/i386-linux-gnu/libz.so.1.2.8
b759a000-b759b000 r--p 00017000 08:01 25035903   /lib/i386-linux-gnu/libz.so.1.2.8
b759b000-b759c000 rw-p 00018000 08:01 25035903   /lib/i386-linux-gnu/libz.so.1.2.8
b759c000-b75b4000 r-xp 00000000 08:01 25035860   /lib/i386-linux-gnu/libpthread-2.19.so
b75b4000-b75b5000 r--p 00017000 08:01 25035860   /lib/i386-linux-gnu/libpthread-2.19.so
b75b5000-b75b6000 rw-p 00018000 08:01 25035860   /lib/i386-linux-gnu/libpthread-2.19.so
b75b6000-b75b8000 rw-p 00000000 00:00 0 
b75b8000-b75bb000 r-xp 00000000 08:01 25035757   /lib/i386-linux-gnu/libdl-2.19.so
b75bb000-b75bc000 r--p 00002000 08:01 25035757   /lib/i386-linux-gnu/libdl-2.19.so
b75bc000-b75bd000 rw-p 00003000 08:01 25035757   /lib/i386-linux-gnu/libdl-2.19.so
b75bd000-b7766000 r-xp 00000000 08:01 25035740   /lib/i386-linux-gnu/libc-2.19.so
b7766000-b7768000 r--p 001a9000 08:01 25035740   /lib/i386-linux-gnu/libc-2.19.so
b7768000-b7769000 rw-p 001ab000 08:01 25035740   /lib/i386-linux-gnu/libc-2.19.so
b7769000-b776c000 rw-p 00000000 00:00 0 
b776c000-b776e000 r--s 00012000 08:01 3412678    /usr/lib/jvm/java-7-openjdk-i386/jre/lib/ext/zipfs.jar
b776e000-b7772000 r--s 0003c000 08:01 3412676    /usr/lib/jvm/java-7-openjdk-i386/jre/lib/ext/sunpkcs11.jar
b7772000-b7773000 r--p 00855000 08:01 3022988    /usr/lib/locale/locale-archive
b7773000-b7774000 rw-p 00000000 00:00 0 
b7774000-b7775000 ---p 00000000 00:00 0 
b7775000-b7783000 r-xp 00000000 08:01 3283418    /usr/lib/jvm/java-7-openjdk-i386/jre/lib/i386/libverify.so
b7783000-b7784000 r--p 0000d000 08:01 3283418    /usr/lib/jvm/java-7-openjdk-i386/jre/lib/i386/libverify.so
b7784000-b7785000 rw-p 0000e000 08:01 3283418    /usr/lib/jvm/java-7-openjdk-i386/jre/lib/i386/libverify.so
b7785000-b7791000 r-xp 00000000 08:01 3283406    /usr/lib/jvm/java-7-openjdk-i386/jre/lib/i386/jli/libjli.so
b7791000-b7792000 r--p 0000c000 08:01 3283406    /usr/lib/jvm/java-7-openjdk-i386/jre/lib/i386/jli/libjli.so
b7792000-b7793000 rw-p 0000d000 08:01 3283406    /usr/lib/jvm/java-7-openjdk-i386/jre/lib/i386/jli/libjli.so
b7793000-b7796000 rw-p 00000000 00:00 0 
b7796000-b7797000 r-xp 00000000 00:00 0          [vdso]
b7797000-b77b7000 r-xp 00000000 08:01 25035716   /lib/i386-linux-gnu/ld-2.19.so
b77b7000-b77b8000 r--p 0001f000 08:01 25035716   /lib/i386-linux-gnu/ld-2.19.so
b77b8000-b77b9000 rw-p 00020000 08:01 25035716   /lib/i386-linux-gnu/ld-2.19.so
bf8a7000-bf8a8000 rwxp 00000000 00:00 0 
bf8da000-bf8fb000 rw-p 00000000 00:00 0          [stack]

VM Arguments:
jvm_args: -Xmx1024M -Dfile.encoding=UTF-8 -Duser.country=US -Duser.language=en -Duser.variant 
java_command: com.android.dx.command.Main --dex --num-threads=4 --output /home/rafiqul/Documents/Software Engineering Project/spring2016_s1_cse404/AssetTrackingSystem__Android_Platform/app/build/intermediates/pre-dexed/debug/classes-4f0c7eb904846bd1a6235e70f11da521d97d6b6d.jar /home/rafiqul/Documents/Software Engineering Project/spring2016_s1_cse404/AssetTrackingSystem__Android_Platform/app/build/intermediates/exploded-aar/com.android.support/support-v4/23.0.0/jars/classes.jar
Launcher Type: SUN_STANDARD

Environment Variables:
JAVA_HOME=/usr/lib/jvm/java-8-oracle
PATH=/usr/local/sbin:/usr/local/bin:/usr/sbin:/usr/bin:/sbin:/bin:/usr/games:/usr/local/games:/usr/lib/jvm/java-8-oracle/bin:/usr/lib/jvm/java-8-oracle/db/bin:/usr/lib/jvm/java-8-oracle/jre/bin
LD_LIBRARY_PATH=/home/rafiqul/android-studio/bin:
SHELL=/bin/bash
DISPLAY=:0

Signal Handlers:
SIGSEGV: [libjvm.so+0x80cb90], sa_mask[0]=0x7ffbfeff, sa_flags=0x10000004
SIGBUS: [libjvm.so+0x80cb90], sa_mask[0]=0x7ffbfeff, sa_flags=0x10000004
SIGFPE: [libjvm.so+0x684e30], sa_mask[0]=0x7ffbfeff, sa_flags=0x10000004
SIGPIPE: [libjvm.so+0x684e30], sa_mask[0]=0x7ffbfeff, sa_flags=0x10000004
SIGXFSZ: [libjvm.so+0x684e30], sa_mask[0]=0x7ffbfeff, sa_flags=0x10000004
SIGILL: [libjvm.so+0x684e30], sa_mask[0]=0x7ffbfeff, sa_flags=0x10000004
SIGUSR1: SIG_DFL, sa_mask[0]=0x00000000, sa_flags=0x00000000
SIGUSR2: [libjvm.so+0x684cc0], sa_mask[0]=0x00000004, sa_flags=0x10000004
SIGHUP: [libjvm.so+0x684ef0], sa_mask[0]=0x7ffbfeff, sa_flags=0x10000004
SIGINT: [libjvm.so+0x684ef0], sa_mask[0]=0x7ffbfeff, sa_flags=0x10000004
SIGTERM: [libjvm.so+0x684ef0], sa_mask[0]=0x7ffbfeff, sa_flags=0x10000004
SIGQUIT: [libjvm.so+0x684ef0], sa_mask[0]=0x7ffbfeff, sa_flags=0x10000004
SIGTRAP: SIG_DFL, sa_mask[0]=0x00000000, sa_flags=0x00000000


---------------  S Y S T E M  ---------------

OS:Ubuntu 14.04 (trusty)
uname:Linux 3.13.0-24-generic #46-Ubuntu SMP Thu Apr 10 19:08:14 UTC 2014 i686
libc:glibc 2.19 NPTL 2.19 
rlimit: STACK 8192k, CORE 0k, NPROC 31106, NOFILE 4096, AS infinity
load average:12.71 10.76 8.73

/proc/meminfo:
MemTotal:        4000684 kB
MemFree:          207952 kB
Buffers:             200 kB
Cached:           376104 kB
SwapCached:            0 kB
Active:          3311348 kB
Inactive:         366704 kB
Active(anon):    3308460 kB
Inactive(anon):   363488 kB
Active(file):       2888 kB
Inactive(file):     3216 kB
Unevictable:          48 kB
Mlocked:              48 kB
HighTotal:       3155716 kB
HighFree:          32500 kB
LowTotal:         844968 kB
LowFree:          175452 kB
SwapTotal:             0 kB
SwapFree:              0 kB
Dirty:                48 kB
Writeback:             0 kB
AnonPages:       3302088 kB
Mapped:           121184 kB
Shmem:            369908 kB
Slab:              51460 kB
SReclaimable:      25356 kB
SUnreclaim:        26104 kB
KernelStack:        5984 kB
PageTables:        19844 kB
NFS_Unstable:          0 kB
Bounce:                0 kB
WritebackTmp:          0 kB
CommitLimit:     2000340 kB
Committed_AS:    9096584 kB
VmallocTotal:     122880 kB
VmallocUsed:       17028 kB
VmallocChunk:      98472 kB
HardwareCorrupted:     0 kB
AnonHugePages:   1325056 kB
HugePages_Total:       0
HugePages_Free:        0
HugePages_Rsvd:        0
HugePages_Surp:        0
Hugepagesize:       2048 kB
DirectMap4k:       36856 kB
DirectMap2M:      874496 kB


CPU:total 4 (2 cores per cpu, 2 threads per core) family 6 model 58 stepping 9, cmov, cx8, fxsr, mmx, sse, sse2, sse3, ssse3, sse4.1, sse4.2, popcnt, avx, erms, ht, tsc, tscinvbit, tscinv

/proc/cpuinfo:
processor	: 0
vendor_id	: GenuineIntel
cpu family	: 6
model		: 58
model name	: Intel(R) Core(TM) i3-3217U CPU @ 1.80GHz
stepping	: 9
microcode	: 0x15
cpu MHz		: 1801.000
cache size	: 3072 KB
physical id	: 0
siblings	: 4
core id		: 0
cpu cores	: 2
apicid		: 0
initial apicid	: 0
fdiv_bug	: no
f00f_bug	: no
coma_bug	: no
fpu		: yes
fpu_exception	: yes
cpuid level	: 13
wp		: yes
flags		: fpu vme de pse tsc msr pae mce cx8 apic sep mtrr pge mca cmov pat pse36 clflush dts acpi mmx fxsr sse sse2 ss ht tm pbe nx rdtscp lm constant_tsc arch_perfmon pebs bts xtopology nonstop_tsc aperfmperf eagerfpu pni pclmulqdq dtes64 monitor ds_cpl vmx est tm2 ssse3 cx16 xtpr pdcm pcid sse4_1 sse4_2 x2apic popcnt tsc_deadline_timer xsave avx f16c lahf_lm ida arat epb xsaveopt pln pts dtherm tpr_shadow vnmi flexpriority ept vpid fsgsbase smep erms
bogomips	: 3591.74
clflush size	: 64
cache_alignment	: 64
address sizes	: 36 bits physical, 48 bits virtual
power management:

processor	: 1
vendor_id	: GenuineIntel
cpu family	: 6
model		: 58
model name	: Intel(R) Core(TM) i3-3217U CPU @ 1.80GHz
stepping	: 9
microcode	: 0x15
cpu MHz		: 1801.000
cache size	: 3072 KB
physical id	: 0
siblings	: 4
core id		: 0
cpu cores	: 2
apicid		: 1
initial apicid	: 1
fdiv_bug	: no
f00f_bug	: no
coma_bug	: no
fpu		: yes
fpu_exception	: yes
cpuid level	: 13
wp		: yes
flags		: fpu vme de pse tsc msr pae mce cx8 apic sep mtrr pge mca cmov pat pse36 clflush dts acpi mmx fxsr sse sse2 ss ht tm pbe nx rdtscp lm constant_tsc arch_perfmon pebs bts xtopology nonstop_tsc aperfmperf eagerfpu pni pclmulqdq dtes64 monitor ds_cpl vmx est tm2 ssse3 cx16 xtpr pdcm pcid sse4_1 sse4_2 x2apic popcnt tsc_deadline_timer xsave avx f16c lahf_lm ida arat epb xsaveopt pln pts dtherm tpr_shadow vnmi flexpriority ept vpid fsgsbase smep erms
bogomips	: 3591.74
clflush size	: 64
cache_alignment	: 64
address sizes	: 36 bits physical, 48 bits virtual
power management:

processor	: 2
vendor_id	: GenuineIntel
cpu family	: 6
model		: 58
model name	: Intel(R) Core(TM) i3-3217U CPU @ 1.80GHz
stepping	: 9
microcode	: 0x15
cpu MHz		: 1801.000
cache size	: 3072 KB
physical id	: 0
siblings	: 4
core id		: 1
cpu cores	: 2
apicid		: 2
initial apicid	: 2
fdiv_bug	: no
f00f_bug	: no
coma_bug	: no
fpu		: yes
fpu_exception	: yes
cpuid level	: 13
wp		: yes
flags		: fpu vme de pse tsc msr pae mce cx8 apic sep mtrr pge mca cmov pat pse36 clflush dts acpi mmx fxsr sse sse2 ss ht tm pbe nx rdtscp lm constant_tsc arch_perfmon pebs bts xtopology nonstop_tsc aperfmperf eagerfpu pni pclmulqdq dtes64 monitor ds_cpl vmx est tm2 ssse3 cx16 xtpr pdcm pcid sse4_1 sse4_2 x2apic popcnt tsc_deadline_timer xsave avx f16c lahf_lm ida arat epb xsaveopt pln pts dtherm tpr_shadow vnmi flexpriority ept vpid fsgsbase smep erms
bogomips	: 3591.74
clflush size	: 64
cache_alignment	: 64
address sizes	: 36 bits physical, 48 bits virtual
power management:

processor	: 3
vendor_id	: GenuineIntel
cpu family	: 6
model		: 58
model name	: Intel(R) Core(TM) i3-3217U CPU @ 1.80GHz
stepping	: 9
microcode	: 0x15
cpu MHz		: 1801.000
cache size	: 3072 KB
physical id	: 0
siblings	: 4
core id		: 1
cpu cores	: 2
apicid		: 3
initial apicid	: 3
fdiv_bug	: no
f00f_bug	: no
coma_bug	: no
fpu		: yes
fpu_exception	: yes
cpuid level	: 13
wp		: yes
flags		: fpu vme de pse tsc msr pae mce cx8 apic sep mtrr pge mca cmov pat pse36 clflush dts acpi mmx fxsr sse sse2 ss ht tm pbe nx rdtscp lm constant_tsc arch_perfmon pebs bts xtopology nonstop_tsc aperfmperf eagerfpu pni pclmulqdq dtes64 monitor ds_cpl vmx est tm2 ssse3 cx16 xtpr pdcm pcid sse4_1 sse4_2 x2apic popcnt tsc_deadline_timer xsave avx f16c lahf_lm ida arat epb xsaveopt pln pts dtherm tpr_shadow vnmi flexpriority ept vpid fsgsbase smep erms
bogomips	: 3591.74
clflush size	: 64
cache_alignment	: 64
address sizes	: 36 bits physical, 48 bits virtual
power management:



Memory: 4k page, physical 4000684k(207828k free), swap 0k(0k free)

vm_info: OpenJDK Server VM (24.79-b02) for linux-x86 JRE (1.7.0_79-b14), built on Jul 24 2015 08:25:15 by "buildd" with gcc 4.8.2

time: Sat Apr 16 09:57:21 2016
elapsed time: 33 seconds

